2019-08-08 17:21:50 - GET CUSTOMER REQUEST :FORMID:GETCUSTOMER:MOBILENUMBER:256700146817:SHORTCODE:250:COUNTRY:UGANDATEST:DEVICEID:256700146817250:UNIQUEID:2ec42fee-768c-b5ae-0932-d04633874a84:
2019-08-08 17:21:50 - GET CUSTOMER RESPONSE : 
STATUS:000:CUSTOMERID:1485941693:COUNTRY:UGANDATEST:FIRSTNAME:Shafique:LASTNAME:Kabali:BANKNAME:PRIDE:WELCOMEMESSAGE:Welcome to Pride Mobile Banking. Enter your PIN:LANGUAGE:EN
2019-08-08 17:21:50 - GET CUSTOMER000
2019-08-08 17:21:50 - GET CUSTOMER TIME : 2.361798286438E-8
2019-08-08 17:21:59 - MENU : menu
2019-08-08 17:21:59 - MENU INPUT : 1234
2019-08-08 17:21:59 - LOGIN REQUEST : FORMID:LOGIN:CUSTOMERID:1485941693:MOBILENUMBER:256700146817:BANKID:0017:BANKNAME:PML:SHORTCODE:250:COUNTRY:UGANDATEST:DEVICEID:256700146817250:LOGINMPIN:1234:UNIQUEID:d905a053-b0dd-f56f-54c2-406e374d0da5:
2019-08-08 17:21:59 - LOGIN RESPONSE :
STATUS:000:ACCOUNTS:218210027132501,223205003324501,223206003324501:
2019-08-08 17:21:59 - LOGIN ACCOUNTS :218210027132501,223205003324501,223206003324501
2019-08-08 17:22:04 - MENU : home
2019-08-08 17:22:04 - MENU INPUT : 1
2019-08-08 17:22:04 - UP : home
2019-08-08 17:22:04 - MENU RESPONSES : home -> 
2019-08-08 17:22:04 - DOWN : pinReset
2019-08-08 17:22:04 - DOWN MENU : O:8:"stdClass":5:{s:2:"id";s:4:"home";s:8:"response";s:144:"Reply with
1. Account Balance
2. Mini Statement
3.Funds Transfer
4. Airtime Purchase
5. Mobile Money
6. Utility Payment 
7. Change Pin
8. Logout";s:3:"map";a:7:{i:0;O:8:"stdClass":2:{s:3:"key";s:1:"1";s:4:"menu";s:15:"BalanceAccounts";}i:1;O:8:"stdClass":2:{s:3:"key";s:1:"2";s:4:"menu";s:17:"StatementAccounts";}i:2;O:8:"stdClass":2:{s:3:"key";s:1:"3";s:4:"menu";s:10:"FTAccounts";}i:3;O:8:"stdClass":2:{s:3:"key";s:1:"4";s:4:"menu";s:14:"MOBILEPROVIDER";}i:4;O:8:"stdClass":2:{s:3:"key";s:1:"5";s:4:"menu";s:5:"NewFT";}i:5;O:8:"stdClass":2:{s:3:"key";s:1:"6";s:4:"menu";s:7:"utility";}i:6;O:8:"stdClass":2:{s:3:"key";s:1:"7";s:4:"menu";s:9:"changePin";}}s:4:"type";s:7:"dynamic";s:6:"action";s:3:"con";}
2019-08-08 17:22:04 - ERROR : BalanceAccounts
2019-08-08 17:22:04 - MMMMMMM : BalanceAccounts
2019-08-08 17:22:09 - MENU : BalanceAccounts
2019-08-08 17:22:09 - MENU INPUT : 1
2019-08-08 17:22:09 - UP : BalanceAccounts
2019-08-08 17:22:09 - MENU RESPONSES : BalanceAccounts -> 
2019-08-08 17:22:09 - DOWN : pinReset
2019-08-08 17:22:09 - ERROR : BalanceAccounts
2019-08-08 17:22:09 - MMMMMMM : BalanceAccounts
2019-08-08 17:22:09 - DOWN MENU : O:8:"stdClass":5:{s:2:"id";s:15:"BalanceAccounts";s:6:"action";s:3:"con";s:8:"response";s:88:"Select bank:
1. Pride/218210027132501
2. Pride/223205003324501
3. Pride/223206003324501
";s:3:"map";a:1:{i:0;O:8:"stdClass":1:{s:4:"menu";s:14:"AccountBalance";}}s:4:"type";s:4:"form";}
2019-08-08 17:22:09 - ERROR : AccountBalance
2019-08-08 17:22:09 - MMMMMMM : AccountBalance
2019-08-08 17:22:09 - BALANCE REQUEST : FORMID:B-:MERCHANTID:BALANCE:BANKACCOUNTID:218210027132501:SHORTCODE:250:CUSTOMERID:1485941693:MOBILENUMBER:256700146817:BANKID:0017:COUNTRY:UGANDATEST:UNIQUEID:e0bcab30-33a3-d893-0ba2-e2864eaace28:
2019-08-08 17:22:15 - BALANCE RESPONSE : 
STATUS:091:DATA: shown
2019-08-08 17:22:37 - GET CUSTOMER REQUEST :FORMID:GETCUSTOMER:MOBILENUMBER:256700146817:SHORTCODE:250:COUNTRY:UGANDATEST:DEVICEID:256700146817250:UNIQUEID:628f755d-ca4b-7994-9d27-5012afb0f7db:
2019-08-08 17:22:37 - GET CUSTOMER RESPONSE : 
STATUS:000:CUSTOMERID:1485941693:COUNTRY:UGANDATEST:FIRSTNAME:Shafique:LASTNAME:Kabali:BANKNAME:PRIDE:WELCOMEMESSAGE:Welcome to Pride Mobile Banking. Enter your PIN:LANGUAGE:EN
2019-08-08 17:22:37 - GET CUSTOMER000
2019-08-08 17:22:37 - GET CUSTOMER TIME : 3.0473947525024E-8
2019-08-08 17:22:51 - MENU : menu
2019-08-08 17:22:51 - MENU INPUT : 1234
2019-08-08 17:22:51 - LOGIN REQUEST : FORMID:LOGIN:CUSTOMERID:1485941693:MOBILENUMBER:256700146817:BANKID:0017:BANKNAME:PML:SHORTCODE:250:COUNTRY:UGANDATEST:DEVICEID:256700146817250:LOGINMPIN:1234:UNIQUEID:98e119c5-6d92-f34e-832b-447c22ba0950:
2019-08-08 17:22:51 - LOGIN RESPONSE :
STATUS:000:ACCOUNTS:218210027132501,223205003324501,223206003324501:
2019-08-08 17:22:51 - LOGIN ACCOUNTS :218210027132501,223205003324501,223206003324501
2019-08-08 17:22:57 - MENU : home
2019-08-08 17:22:57 - MENU INPUT : 1
2019-08-08 17:22:57 - UP : home
2019-08-08 17:22:57 - MENU RESPONSES : home -> 
2019-08-08 17:22:57 - DOWN : pinReset
2019-08-08 17:22:57 - DOWN MENU : O:8:"stdClass":5:{s:2:"id";s:4:"home";s:8:"response";s:144:"Reply with
1. Account Balance
2. Mini Statement
3.Funds Transfer
4. Airtime Purchase
5. Mobile Money
6. Utility Payment 
7. Change Pin
8. Logout";s:3:"map";a:7:{i:0;O:8:"stdClass":2:{s:3:"key";s:1:"1";s:4:"menu";s:15:"BalanceAccounts";}i:1;O:8:"stdClass":2:{s:3:"key";s:1:"2";s:4:"menu";s:17:"StatementAccounts";}i:2;O:8:"stdClass":2:{s:3:"key";s:1:"3";s:4:"menu";s:10:"FTAccounts";}i:3;O:8:"stdClass":2:{s:3:"key";s:1:"4";s:4:"menu";s:14:"MOBILEPROVIDER";}i:4;O:8:"stdClass":2:{s:3:"key";s:1:"5";s:4:"menu";s:5:"NewFT";}i:5;O:8:"stdClass":2:{s:3:"key";s:1:"6";s:4:"menu";s:7:"utility";}i:6;O:8:"stdClass":2:{s:3:"key";s:1:"7";s:4:"menu";s:9:"changePin";}}s:4:"type";s:7:"dynamic";s:6:"action";s:3:"con";}
2019-08-08 17:22:57 - ERROR : BalanceAccounts
2019-08-08 17:22:57 - MMMMMMM : BalanceAccounts
2019-08-08 17:23:01 - MENU : BalanceAccounts
2019-08-08 17:23:01 - MENU INPUT : 1
2019-08-08 17:23:01 - UP : BalanceAccounts
2019-08-08 17:23:01 - MENU RESPONSES : BalanceAccounts -> 
2019-08-08 17:23:01 - DOWN : pinReset
2019-08-08 17:23:01 - ERROR : BalanceAccounts
2019-08-08 17:23:01 - MMMMMMM : BalanceAccounts
2019-08-08 17:23:01 - DOWN MENU : O:8:"stdClass":5:{s:2:"id";s:15:"BalanceAccounts";s:6:"action";s:3:"con";s:8:"response";s:88:"Select bank:
1. Pride/218210027132501
2. Pride/223205003324501
3. Pride/223206003324501
";s:3:"map";a:1:{i:0;O:8:"stdClass":1:{s:4:"menu";s:14:"AccountBalance";}}s:4:"type";s:4:"form";}
2019-08-08 17:23:01 - ERROR : AccountBalance
2019-08-08 17:23:01 - MMMMMMM : AccountBalance
2019-08-08 17:23:01 - BALANCE REQUEST : FORMID:B-:MERCHANTID:BALANCE:BANKACCOUNTID:218210027132501:SHORTCODE:250:CUSTOMERID:1485941693:MOBILENUMBER:256700146817:BANKID:0017:COUNTRY:UGANDATEST:UNIQUEID:565de8e4-9a2c-ef67-24fc-43497acf4007:
2019-08-08 17:23:02 - BALANCE RESPONSE : 
STATUS:091:DATA: shown
2019-08-08 17:27:24 - GET CUSTOMER REQUEST :FORMID:GETCUSTOMER:MOBILENUMBER:256700146817:SHORTCODE:250:COUNTRY:UGANDATEST:DEVICEID:256700146817250:UNIQUEID:2abff96a-a552-fd7a-8fa1-862cdedf7ff9:
2019-08-08 17:27:24 - GET CUSTOMER RESPONSE : 
STATUS:000:CUSTOMERID:1485941693:COUNTRY:UGANDATEST:FIRSTNAME:Shafique:LASTNAME:Kabali:BANKNAME:PRIDE:WELCOMEMESSAGE:Welcome to Pride Mobile Banking. Enter your PIN:LANGUAGE:EN
2019-08-08 17:27:24 - GET CUSTOMER000
2019-08-08 17:27:24 - GET CUSTOMER TIME : 2.5660991668701E-8
2019-08-08 17:27:29 - MENU : menu
2019-08-08 17:27:29 - MENU INPUT : 1234
2019-08-08 17:27:29 - LOGIN REQUEST : FORMID:LOGIN:CUSTOMERID:1485941693:MOBILENUMBER:256700146817:BANKID:0017:BANKNAME:PML:SHORTCODE:250:COUNTRY:UGANDATEST:DEVICEID:256700146817250:LOGINMPIN:1234:UNIQUEID:620aeb74-0a23-cc37-30af-fcf899f6ccaa:
2019-08-08 17:27:29 - LOGIN RESPONSE :
STATUS:000:ACCOUNTS:218210027132501,223205003324501,223206003324501:
2019-08-08 17:27:29 - LOGIN ACCOUNTS :218210027132501,223205003324501,223206003324501
2019-08-08 17:27:33 - MENU : home
2019-08-08 17:27:33 - MENU INPUT : 1
2019-08-08 17:27:33 - UP : home
2019-08-08 17:27:33 - MENU RESPONSES : home -> 
2019-08-08 17:27:33 - DOWN : pinReset
2019-08-08 17:27:33 - DOWN MENU : O:8:"stdClass":5:{s:2:"id";s:4:"home";s:8:"response";s:144:"Reply with
1. Account Balance
2. Mini Statement
3.Funds Transfer
4. Airtime Purchase
5. Mobile Money
6. Utility Payment 
7. Change Pin
8. Logout";s:3:"map";a:7:{i:0;O:8:"stdClass":2:{s:3:"key";s:1:"1";s:4:"menu";s:15:"BalanceAccounts";}i:1;O:8:"stdClass":2:{s:3:"key";s:1:"2";s:4:"menu";s:17:"StatementAccounts";}i:2;O:8:"stdClass":2:{s:3:"key";s:1:"3";s:4:"menu";s:10:"FTAccounts";}i:3;O:8:"stdClass":2:{s:3:"key";s:1:"4";s:4:"menu";s:14:"MOBILEPROVIDER";}i:4;O:8:"stdClass":2:{s:3:"key";s:1:"5";s:4:"menu";s:5:"NewFT";}i:5;O:8:"stdClass":2:{s:3:"key";s:1:"6";s:4:"menu";s:7:"utility";}i:6;O:8:"stdClass":2:{s:3:"key";s:1:"7";s:4:"menu";s:9:"changePin";}}s:4:"type";s:7:"dynamic";s:6:"action";s:3:"con";}
2019-08-08 17:27:33 - ERROR : BalanceAccounts
2019-08-08 17:27:33 - MMMMMMM : BalanceAccounts
2019-08-08 17:27:37 - MENU : BalanceAccounts
2019-08-08 17:27:37 - MENU INPUT : 1
2019-08-08 17:27:37 - UP : BalanceAccounts
2019-08-08 17:27:37 - MENU RESPONSES : BalanceAccounts -> 
2019-08-08 17:27:37 - DOWN : pinReset
2019-08-08 17:27:37 - ERROR : BalanceAccounts
2019-08-08 17:27:37 - MMMMMMM : BalanceAccounts
2019-08-08 17:27:37 - DOWN MENU : O:8:"stdClass":5:{s:2:"id";s:15:"BalanceAccounts";s:6:"action";s:3:"con";s:8:"response";s:88:"Select bank:
1. Pride/218210027132501
2. Pride/223205003324501
3. Pride/223206003324501
";s:3:"map";a:1:{i:0;O:8:"stdClass":1:{s:4:"menu";s:14:"AccountBalance";}}s:4:"type";s:4:"form";}
2019-08-08 17:27:37 - ERROR : AccountBalance
2019-08-08 17:27:37 - MMMMMMM : AccountBalance
2019-08-08 17:27:37 - BALANCE REQUEST : FORMID:B-:MERCHANTID:BALANCE:BANKACCOUNTID:218210027132501:SHORTCODE:250:CUSTOMERID:1485941693:MOBILENUMBER:256700146817:BANKID:0017:COUNTRY:UGANDATEST:UNIQUEID:2bcc07b5-5eff-df00-b1a8-4058d0448208:
2019-08-08 17:27:39 - BALANCE RESPONSE : 
STATUS:091:DATA: shown
