2019-08-08 16:14:41 - GET CUSTOMER REQUEST :FORMID:GETCUSTOMER:MOBILENUMBER:256706239860:SHORTCODE:250:COUNTRY:UGANDATEST:DEVICEID:256706239860250:UNIQUEID:46e72487-cfd6-44db-1ed5-ce21dcf4c02a:
2019-08-08 16:14:41 - GET CUSTOMER RESPONSE : 
STATUS:000:CUSTOMERID:1656019588:COUNTRY:UGANDATEST:FIRSTNAME:Filly:LASTNAME:Lawrence:BANKNAME:PRIDE:WELCOMEMESSAGE:Welcome to Pride Mobile Banking. Enter your PIN:LANGUAGE:EN
2019-08-08 16:14:41 - GET CUSTOMER000
2019-08-08 16:14:41 - GET CUSTOMER TIME : 3.341817855835E-8
2019-08-08 16:14:51 - MENU : menu
2019-08-08 16:14:51 - MENU INPUT : 1816
2019-08-08 16:14:51 - LOGIN REQUEST : FORMID:LOGIN:CUSTOMERID:1656019588:MOBILENUMBER:256706239860:BANKID:0017:BANKNAME:PML:SHORTCODE:250:COUNTRY:UGANDATEST:DEVICEID:256706239860250:LOGINMPIN:1816:UNIQUEID:ab0c585c-a08b-7ce9-1889-52a7d9d3830f:
2019-08-08 16:14:51 - LOGIN RESPONSE :
STATUS:101:ACCOUNTS:223206004827101:
2019-08-08 16:14:51 - LOGIN ACCOUNTS :223206004827101
2019-08-08 16:15:00 - MENU : newPin11
2019-08-08 16:15:00 - MENU INPUT : 1234
2019-08-08 16:15:00 - UP : newPin11
2019-08-08 16:15:00 - MENU RESPONSES : newPin11 -> 
2019-08-08 16:15:00 - DOWN : pinReset
2019-08-08 16:15:00 - DOWN MENU : O:8:"stdClass":6:{s:2:"id";s:8:"newPin11";s:8:"response";s:16:"Enter a new pin:";s:3:"map";a:1:{i:0;O:8:"stdClass":2:{s:3:"key";s:4:"next";s:4:"menu";s:8:"newPin22";}}s:4:"type";s:4:"form";s:4:"name";s:7:"newPin1";s:6:"action";s:3:"con";}
2019-08-08 16:15:07 - MENU : newPin22
2019-08-08 16:15:07 - MENU INPUT : 1234
2019-08-08 16:15:07 - UP : newPin22
2019-08-08 16:15:07 - MENU RESPONSES : newPin22 -> 
2019-08-08 16:15:07 - DOWN : pinReset
2019-08-08 16:15:07 - DOWN MENU : O:8:"stdClass":6:{s:2:"id";s:8:"newPin22";s:8:"response";s:20:"Renter your new pin:";s:3:"map";a:1:{i:0;O:8:"stdClass":2:{s:3:"key";s:4:"next";s:4:"menu";s:22:"forcedPinChangeConfirm";}}s:4:"type";s:4:"form";s:4:"name";s:7:"newPin2";s:6:"action";s:3:"con";}
2019-08-08 16:15:07 - ERROR : forcedPinChangeConfirm
2019-08-08 16:15:07 - MMMMMMM : forcedPinChangeConfirm
2019-08-08 16:15:07 - PIN CHANGE REQUEST : FORMID:PINCHANGE:BANKID:0017:OLDPIN:1816:NEWPIN:1234:PINTYPE:CHANGEPIN:SHORTCODE:250:CUSTOMERID:1656019588:MOBILENUMBER:256706239860:COUNTRY:UGANDATEST:UNIQUEID:c0e75bf0-6b70-3645-2b8d-69b61eb2bc78:TRXSOURCE:USSD:
2019-08-08 16:15:07 - PIN CHANGE RESPONSE : 
STATUS:000:DATA:Your PIN has been changed successfully.Please exit and login again with the new PIN.
2019-08-08 16:15:46 - GET CUSTOMER REQUEST :FORMID:GETCUSTOMER:MOBILENUMBER:256706239860:SHORTCODE:250:COUNTRY:UGANDATEST:DEVICEID:256706239860250:UNIQUEID:3d453b49-d650-9fda-a928-cc7997240cce:
2019-08-08 16:15:46 - GET CUSTOMER RESPONSE : 
STATUS:000:CUSTOMERID:1656019588:COUNTRY:UGANDATEST:FIRSTNAME:Filly:LASTNAME:Lawrence:BANKNAME:PRIDE:WELCOMEMESSAGE:Welcome to Pride Mobile Banking. Enter your PIN:LANGUAGE:EN
2019-08-08 16:15:46 - GET CUSTOMER000
2019-08-08 16:15:46 - GET CUSTOMER TIME : 2.1385192871094E-8
2019-08-08 16:15:53 - MENU : menu
2019-08-08 16:15:53 - MENU INPUT : 1234
2019-08-08 16:15:53 - LOGIN REQUEST : FORMID:LOGIN:CUSTOMERID:1656019588:MOBILENUMBER:256706239860:BANKID:0017:BANKNAME:PML:SHORTCODE:250:COUNTRY:UGANDATEST:DEVICEID:256706239860250:LOGINMPIN:1234:UNIQUEID:ca360d4b-5383-bbf6-f065-bcf8f032fe19:
2019-08-08 16:15:53 - LOGIN RESPONSE :
STATUS:000:ACCOUNTS:223206004827101:
2019-08-08 16:15:53 - LOGIN ACCOUNTS :223206004827101
2019-08-08 16:16:08 - MENU : home
2019-08-08 16:16:08 - MENU INPUT : 2
2019-08-08 16:16:08 - UP : home
2019-08-08 16:16:08 - MENU RESPONSES : home -> 
2019-08-08 16:16:08 - DOWN : pinReset
2019-08-08 16:16:08 - DOWN MENU : O:8:"stdClass":5:{s:2:"id";s:4:"home";s:8:"response";s:144:"Reply with
1. Account Balance
2. Mini Statement
3.Funds Transfer
4. Airtime Purchase
5. Mobile Money
6. Utility Payment 
7. Change Pin
8. Logout";s:3:"map";a:7:{i:0;O:8:"stdClass":2:{s:3:"key";s:1:"1";s:4:"menu";s:15:"BalanceAccounts";}i:1;O:8:"stdClass":2:{s:3:"key";s:1:"2";s:4:"menu";s:17:"StatementAccounts";}i:2;O:8:"stdClass":2:{s:3:"key";s:1:"3";s:4:"menu";s:10:"FTAccounts";}i:3;O:8:"stdClass":2:{s:3:"key";s:1:"4";s:4:"menu";s:14:"MOBILEPROVIDER";}i:4;O:8:"stdClass":2:{s:3:"key";s:1:"5";s:4:"menu";s:5:"NewFT";}i:5;O:8:"stdClass":2:{s:3:"key";s:1:"6";s:4:"menu";s:7:"utility";}i:6;O:8:"stdClass":2:{s:3:"key";s:1:"7";s:4:"menu";s:9:"changePin";}}s:4:"type";s:7:"dynamic";s:6:"action";s:3:"con";}
2019-08-08 16:16:08 - ERROR : StatementAccounts
2019-08-08 16:16:08 - MMMMMMM : StatementAccounts
2019-08-08 16:16:12 - MENU : StatementAccounts
2019-08-08 16:16:12 - MENU INPUT : 1
2019-08-08 16:16:12 - UP : StatementAccounts
2019-08-08 16:16:12 - MENU RESPONSES : StatementAccounts -> 
2019-08-08 16:16:12 - DOWN : pinReset
2019-08-08 16:16:12 - ERROR : StatementAccounts
2019-08-08 16:16:12 - MMMMMMM : StatementAccounts
2019-08-08 16:16:12 - DOWN MENU : O:8:"stdClass":5:{s:2:"id";s:17:"StatementAccounts";s:6:"action";s:3:"con";s:8:"response";s:38:"Select Bank:
1. Pride/223206004827101
";s:3:"map";a:1:{i:0;O:8:"stdClass":1:{s:4:"menu";s:16:"AccountStatement";}}s:4:"type";s:4:"form";}
2019-08-08 16:16:12 - ERROR : AccountStatement
2019-08-08 16:16:12 - MMMMMMM : AccountStatement
2019-08-08 16:16:12 - MINISTATEMENT REQUEST : FORMID:B-:MERCHANTID:STATEMENT:BANKACCOUNTID:223206004827101:SHORTCODE:250:CUSTOMERID:1656019588:MOBILENUMBER:256706239860:BANKID:0017:COUNTRY:UGANDATEST:UNIQUEID:22fdd76f-bee5-5399-3a54-77945d1b4cbe:
2019-08-08 16:16:34 - MINISTATEMENT RESPONSE : 
STATUS:091:DATA:
2019-08-08 16:17:48 - GET CUSTOMER REQUEST :FORMID:GETCUSTOMER:MOBILENUMBER:256706239860:SHORTCODE:250:COUNTRY:UGANDATEST:DEVICEID:256706239860250:UNIQUEID:9dd09074-3baf-f1cf-719e-4a554875e5cf:
2019-08-08 16:17:48 - GET CUSTOMER RESPONSE : 
STATUS:000:CUSTOMERID:1656019588:COUNTRY:UGANDATEST:FIRSTNAME:Filly:LASTNAME:Lawrence:BANKNAME:PRIDE:WELCOMEMESSAGE:Welcome to Pride Mobile Banking. Enter your PIN:LANGUAGE:EN
2019-08-08 16:17:48 - GET CUSTOMER000
2019-08-08 16:17:48 - GET CUSTOMER TIME : 2.2140979766846E-8
2019-08-08 16:17:54 - MENU : menu
2019-08-08 16:17:54 - MENU INPUT : 1234
2019-08-08 16:17:54 - LOGIN REQUEST : FORMID:LOGIN:CUSTOMERID:1656019588:MOBILENUMBER:256706239860:BANKID:0017:BANKNAME:PML:SHORTCODE:250:COUNTRY:UGANDATEST:DEVICEID:256706239860250:LOGINMPIN:1234:UNIQUEID:9e6a1206-ccf5-e33c-d1df-557069d0c81a:
2019-08-08 16:17:54 - LOGIN RESPONSE :
STATUS:000:ACCOUNTS:223206004827101:
2019-08-08 16:17:54 - LOGIN ACCOUNTS :223206004827101
2019-08-08 16:18:03 - MENU : home
2019-08-08 16:18:03 - MENU INPUT : 2
2019-08-08 16:18:03 - UP : home
2019-08-08 16:18:03 - MENU RESPONSES : home -> 
2019-08-08 16:18:03 - DOWN : pinReset
2019-08-08 16:18:03 - DOWN MENU : O:8:"stdClass":5:{s:2:"id";s:4:"home";s:8:"response";s:144:"Reply with
1. Account Balance
2. Mini Statement
3.Funds Transfer
4. Airtime Purchase
5. Mobile Money
6. Utility Payment 
7. Change Pin
8. Logout";s:3:"map";a:7:{i:0;O:8:"stdClass":2:{s:3:"key";s:1:"1";s:4:"menu";s:15:"BalanceAccounts";}i:1;O:8:"stdClass":2:{s:3:"key";s:1:"2";s:4:"menu";s:17:"StatementAccounts";}i:2;O:8:"stdClass":2:{s:3:"key";s:1:"3";s:4:"menu";s:10:"FTAccounts";}i:3;O:8:"stdClass":2:{s:3:"key";s:1:"4";s:4:"menu";s:14:"MOBILEPROVIDER";}i:4;O:8:"stdClass":2:{s:3:"key";s:1:"5";s:4:"menu";s:5:"NewFT";}i:5;O:8:"stdClass":2:{s:3:"key";s:1:"6";s:4:"menu";s:7:"utility";}i:6;O:8:"stdClass":2:{s:3:"key";s:1:"7";s:4:"menu";s:9:"changePin";}}s:4:"type";s:7:"dynamic";s:6:"action";s:3:"con";}
2019-08-08 16:18:03 - ERROR : StatementAccounts
2019-08-08 16:18:03 - MMMMMMM : StatementAccounts
2019-08-08 16:18:10 - MENU : StatementAccounts
2019-08-08 16:18:10 - MENU INPUT : 1
2019-08-08 16:18:10 - UP : StatementAccounts
2019-08-08 16:18:10 - MENU RESPONSES : StatementAccounts -> 
2019-08-08 16:18:10 - DOWN : pinReset
2019-08-08 16:18:10 - ERROR : StatementAccounts
2019-08-08 16:18:10 - MMMMMMM : StatementAccounts
2019-08-08 16:18:10 - DOWN MENU : O:8:"stdClass":5:{s:2:"id";s:17:"StatementAccounts";s:6:"action";s:3:"con";s:8:"response";s:38:"Select Bank:
1. Pride/223206004827101
";s:3:"map";a:1:{i:0;O:8:"stdClass":1:{s:4:"menu";s:16:"AccountStatement";}}s:4:"type";s:4:"form";}
2019-08-08 16:18:10 - ERROR : AccountStatement
2019-08-08 16:18:10 - MMMMMMM : AccountStatement
2019-08-08 16:18:10 - MINISTATEMENT REQUEST : FORMID:B-:MERCHANTID:STATEMENT:BANKACCOUNTID:223206004827101:SHORTCODE:250:CUSTOMERID:1656019588:MOBILENUMBER:256706239860:BANKID:0017:COUNTRY:UGANDATEST:UNIQUEID:ea6055ee-9fdc-8ef0-32f8-d9433afd6714:
2019-08-08 16:18:31 - MINISTATEMENT RESPONSE : 
STATUS:091:DATA:
2019-08-08 16:23:44 - GET CUSTOMER REQUEST :FORMID:GETCUSTOMER:MOBILENUMBER:256706239860:SHORTCODE:250:COUNTRY:UGANDATEST:DEVICEID:256706239860250:UNIQUEID:b57f7483-7b25-488d-998a-fe5917637b5a:
2019-08-08 16:23:44 - GET CUSTOMER RESPONSE : 
STATUS:000:CUSTOMERID:1656019588:COUNTRY:UGANDATEST:FIRSTNAME:Filly:LASTNAME:Lawrence:BANKNAME:PRIDE:WELCOMEMESSAGE:Welcome to Pride Mobile Banking. Enter your PIN:LANGUAGE:EN
2019-08-08 16:23:44 - GET CUSTOMER000
2019-08-08 16:23:44 - GET CUSTOMER TIME : 3.2159090042114E-8
2019-08-08 16:23:50 - MENU : menu
2019-08-08 16:23:50 - MENU INPUT : 1234
2019-08-08 16:23:50 - LOGIN REQUEST : FORMID:LOGIN:CUSTOMERID:1656019588:MOBILENUMBER:256706239860:BANKID:0017:BANKNAME:PML:SHORTCODE:250:COUNTRY:UGANDATEST:DEVICEID:256706239860250:LOGINMPIN:1234:UNIQUEID:3dcd5d4d-f6c8-28f0-3b99-654934ff24f7:
2019-08-08 16:23:50 - LOGIN RESPONSE :
STATUS:000:ACCOUNTS:223206004827101:
2019-08-08 16:23:50 - LOGIN ACCOUNTS :223206004827101
2019-08-08 16:23:55 - MENU : home
2019-08-08 16:23:55 - MENU INPUT : 1
2019-08-08 16:23:55 - UP : home
2019-08-08 16:23:55 - MENU RESPONSES : home -> 
2019-08-08 16:23:55 - DOWN : pinReset
2019-08-08 16:23:55 - DOWN MENU : O:8:"stdClass":5:{s:2:"id";s:4:"home";s:8:"response";s:144:"Reply with
1. Account Balance
2. Mini Statement
3.Funds Transfer
4. Airtime Purchase
5. Mobile Money
6. Utility Payment 
7. Change Pin
8. Logout";s:3:"map";a:7:{i:0;O:8:"stdClass":2:{s:3:"key";s:1:"1";s:4:"menu";s:15:"BalanceAccounts";}i:1;O:8:"stdClass":2:{s:3:"key";s:1:"2";s:4:"menu";s:17:"StatementAccounts";}i:2;O:8:"stdClass":2:{s:3:"key";s:1:"3";s:4:"menu";s:10:"FTAccounts";}i:3;O:8:"stdClass":2:{s:3:"key";s:1:"4";s:4:"menu";s:14:"MOBILEPROVIDER";}i:4;O:8:"stdClass":2:{s:3:"key";s:1:"5";s:4:"menu";s:5:"NewFT";}i:5;O:8:"stdClass":2:{s:3:"key";s:1:"6";s:4:"menu";s:7:"utility";}i:6;O:8:"stdClass":2:{s:3:"key";s:1:"7";s:4:"menu";s:9:"changePin";}}s:4:"type";s:7:"dynamic";s:6:"action";s:3:"con";}
2019-08-08 16:23:55 - ERROR : BalanceAccounts
2019-08-08 16:23:55 - MMMMMMM : BalanceAccounts
2019-08-08 16:24:01 - MENU : BalanceAccounts
2019-08-08 16:24:01 - MENU INPUT : 1
2019-08-08 16:24:01 - UP : BalanceAccounts
2019-08-08 16:24:01 - MENU RESPONSES : BalanceAccounts -> 
2019-08-08 16:24:01 - DOWN : pinReset
2019-08-08 16:24:01 - ERROR : BalanceAccounts
2019-08-08 16:24:01 - MMMMMMM : BalanceAccounts
2019-08-08 16:24:01 - DOWN MENU : O:8:"stdClass":5:{s:2:"id";s:15:"BalanceAccounts";s:6:"action";s:3:"con";s:8:"response";s:38:"Select bank:
1. Pride/223206004827101
";s:3:"map";a:1:{i:0;O:8:"stdClass":1:{s:4:"menu";s:14:"AccountBalance";}}s:4:"type";s:4:"form";}
2019-08-08 16:24:01 - ERROR : AccountBalance
2019-08-08 16:24:01 - MMMMMMM : AccountBalance
2019-08-08 16:24:01 - BALANCE REQUEST : FORMID:B-:MERCHANTID:BALANCE:BANKACCOUNTID:223206004827101:SHORTCODE:250:CUSTOMERID:1656019588:MOBILENUMBER:256706239860:BANKID:0017:COUNTRY:UGANDATEST:UNIQUEID:35e76613-c8fd-b501-2300-f8c73bb34975:
2019-08-08 16:25:08 - GET CUSTOMER REQUEST :FORMID:GETCUSTOMER:MOBILENUMBER:256706239860:SHORTCODE:250:COUNTRY:UGANDATEST:DEVICEID:256706239860250:UNIQUEID:5923d978-d0ab-3003-988a-c2ed043d2ec7:
2019-08-08 16:25:08 - GET CUSTOMER RESPONSE : 
STATUS:000:CUSTOMERID:1656019588:COUNTRY:UGANDATEST:FIRSTNAME:Filly:LASTNAME:Lawrence:BANKNAME:PRIDE:WELCOMEMESSAGE:Welcome to Pride Mobile Banking. Enter your PIN:LANGUAGE:EN
2019-08-08 16:25:08 - GET CUSTOMER000
2019-08-08 16:25:08 - GET CUSTOMER TIME : 1.9247055053711E-8
2019-08-08 16:25:14 - MENU : menu
2019-08-08 16:25:14 - MENU INPUT : 1234
2019-08-08 16:25:14 - LOGIN REQUEST : FORMID:LOGIN:CUSTOMERID:1656019588:MOBILENUMBER:256706239860:BANKID:0017:BANKNAME:PML:SHORTCODE:250:COUNTRY:UGANDATEST:DEVICEID:256706239860250:LOGINMPIN:1234:UNIQUEID:85c2e537-1776-e99a-fbc0-8e7037abc0e0:
2019-08-08 16:25:14 - LOGIN RESPONSE :
STATUS:000:ACCOUNTS:223206004827101:
2019-08-08 16:25:14 - LOGIN ACCOUNTS :223206004827101
2019-08-08 16:25:20 - MENU : home
2019-08-08 16:25:20 - MENU INPUT : 1
2019-08-08 16:25:20 - UP : home
2019-08-08 16:25:20 - MENU RESPONSES : home -> 
2019-08-08 16:25:20 - DOWN : pinReset
2019-08-08 16:25:20 - DOWN MENU : O:8:"stdClass":5:{s:2:"id";s:4:"home";s:8:"response";s:144:"Reply with
1. Account Balance
2. Mini Statement
3.Funds Transfer
4. Airtime Purchase
5. Mobile Money
6. Utility Payment 
7. Change Pin
8. Logout";s:3:"map";a:7:{i:0;O:8:"stdClass":2:{s:3:"key";s:1:"1";s:4:"menu";s:15:"BalanceAccounts";}i:1;O:8:"stdClass":2:{s:3:"key";s:1:"2";s:4:"menu";s:17:"StatementAccounts";}i:2;O:8:"stdClass":2:{s:3:"key";s:1:"3";s:4:"menu";s:10:"FTAccounts";}i:3;O:8:"stdClass":2:{s:3:"key";s:1:"4";s:4:"menu";s:14:"MOBILEPROVIDER";}i:4;O:8:"stdClass":2:{s:3:"key";s:1:"5";s:4:"menu";s:5:"NewFT";}i:5;O:8:"stdClass":2:{s:3:"key";s:1:"6";s:4:"menu";s:7:"utility";}i:6;O:8:"stdClass":2:{s:3:"key";s:1:"7";s:4:"menu";s:9:"changePin";}}s:4:"type";s:7:"dynamic";s:6:"action";s:3:"con";}
2019-08-08 16:25:20 - ERROR : BalanceAccounts
2019-08-08 16:25:20 - MMMMMMM : BalanceAccounts
2019-08-08 16:25:33 - MENU : BalanceAccounts
2019-08-08 16:25:33 - MENU INPUT : 2
2019-08-08 16:25:33 - UP : BalanceAccounts
2019-08-08 16:25:33 - MENU RESPONSES : BalanceAccounts -> 
2019-08-08 16:25:33 - DOWN : pinReset
2019-08-08 16:25:33 - ERROR : BalanceAccounts
2019-08-08 16:25:33 - MMMMMMM : BalanceAccounts
2019-08-08 16:25:33 - DOWN MENU : O:8:"stdClass":5:{s:2:"id";s:15:"BalanceAccounts";s:6:"action";s:3:"con";s:8:"response";s:38:"Select bank:
1. Pride/223206004827101
";s:3:"map";a:1:{i:0;O:8:"stdClass":1:{s:4:"menu";s:14:"AccountBalance";}}s:4:"type";s:4:"form";}
2019-08-08 16:25:33 - ERROR : AccountBalance
2019-08-08 16:25:33 - MMMMMMM : AccountBalance
2019-08-08 16:32:28 - GET CUSTOMER REQUEST :FORMID:GETCUSTOMER:MOBILENUMBER:256706239860:SHORTCODE:250:COUNTRY:UGANDATEST:DEVICEID:256706239860250:UNIQUEID:580ea60b-1be9-fff1-ad6a-da407d64cf1a:
2019-08-08 16:32:28 - GET CUSTOMER RESPONSE : 
STATUS:000:CUSTOMERID:1656019588:COUNTRY:UGANDATEST:FIRSTNAME:Filly:LASTNAME:Lawrence:BANKNAME:PRIDE:WELCOMEMESSAGE:Welcome to Pride Mobile Banking. Enter your PIN:LANGUAGE:EN
2019-08-08 16:32:28 - GET CUSTOMER000
2019-08-08 16:32:28 - GET CUSTOMER TIME : 2.820611000061E-8
2019-08-08 16:32:33 - MENU : menu
2019-08-08 16:32:33 - MENU INPUT : 1234
2019-08-08 16:32:33 - LOGIN REQUEST : FORMID:LOGIN:CUSTOMERID:1656019588:MOBILENUMBER:256706239860:BANKID:0017:BANKNAME:PML:SHORTCODE:250:COUNTRY:UGANDATEST:DEVICEID:256706239860250:LOGINMPIN:1234:UNIQUEID:22a634f7-9a9b-c266-863e-f96d1a4ad058:
2019-08-08 16:32:33 - LOGIN RESPONSE :
STATUS:000:ACCOUNTS:223206004827101:
2019-08-08 16:32:33 - LOGIN ACCOUNTS :223206004827101
2019-08-08 16:32:38 - MENU : home
2019-08-08 16:32:38 - MENU INPUT : 1
2019-08-08 16:32:38 - UP : home
2019-08-08 16:32:38 - MENU RESPONSES : home -> 
2019-08-08 16:32:38 - DOWN : pinReset
2019-08-08 16:32:38 - DOWN MENU : O:8:"stdClass":5:{s:2:"id";s:4:"home";s:8:"response";s:144:"Reply with
1. Account Balance
2. Mini Statement
3.Funds Transfer
4. Airtime Purchase
5. Mobile Money
6. Utility Payment 
7. Change Pin
8. Logout";s:3:"map";a:7:{i:0;O:8:"stdClass":2:{s:3:"key";s:1:"1";s:4:"menu";s:15:"BalanceAccounts";}i:1;O:8:"stdClass":2:{s:3:"key";s:1:"2";s:4:"menu";s:17:"StatementAccounts";}i:2;O:8:"stdClass":2:{s:3:"key";s:1:"3";s:4:"menu";s:10:"FTAccounts";}i:3;O:8:"stdClass":2:{s:3:"key";s:1:"4";s:4:"menu";s:14:"MOBILEPROVIDER";}i:4;O:8:"stdClass":2:{s:3:"key";s:1:"5";s:4:"menu";s:5:"NewFT";}i:5;O:8:"stdClass":2:{s:3:"key";s:1:"6";s:4:"menu";s:7:"utility";}i:6;O:8:"stdClass":2:{s:3:"key";s:1:"7";s:4:"menu";s:9:"changePin";}}s:4:"type";s:7:"dynamic";s:6:"action";s:3:"con";}
2019-08-08 16:32:38 - ERROR : BalanceAccounts
2019-08-08 16:32:38 - MMMMMMM : BalanceAccounts
2019-08-08 16:32:42 - MENU : BalanceAccounts
2019-08-08 16:32:42 - MENU INPUT : 1
2019-08-08 16:32:42 - UP : BalanceAccounts
2019-08-08 16:32:42 - MENU RESPONSES : BalanceAccounts -> 
2019-08-08 16:32:42 - DOWN : pinReset
2019-08-08 16:32:42 - ERROR : BalanceAccounts
2019-08-08 16:32:42 - MMMMMMM : BalanceAccounts
2019-08-08 16:32:42 - DOWN MENU : O:8:"stdClass":5:{s:2:"id";s:15:"BalanceAccounts";s:6:"action";s:3:"con";s:8:"response";s:38:"Select bank:
1. Pride/223206004827101
";s:3:"map";a:1:{i:0;O:8:"stdClass":1:{s:4:"menu";s:14:"AccountBalance";}}s:4:"type";s:4:"form";}
2019-08-08 16:32:42 - ERROR : AccountBalance
2019-08-08 16:32:42 - MMMMMMM : AccountBalance
2019-08-08 16:32:42 - BALANCE REQUEST : FORMID:B-:MERCHANTID:BALANCE:BANKACCOUNTID:223206004827101:SHORTCODE:250:CUSTOMERID:1656019588:MOBILENUMBER:256706239860:BANKID:0017:COUNTRY:UGANDATEST:UNIQUEID:1e8f5f57-bd79-9222-c953-e32e15c3c784:
2019-08-08 16:33:14 - GET CUSTOMER REQUEST :FORMID:GETCUSTOMER:MOBILENUMBER:256706239860:SHORTCODE:250:COUNTRY:UGANDATEST:DEVICEID:256706239860250:UNIQUEID:54504dfa-fb7f-c829-1f3d-4b2a53e47353:
2019-08-08 16:33:14 - GET CUSTOMER RESPONSE : 
STATUS:000:CUSTOMERID:1656019588:COUNTRY:UGANDATEST:FIRSTNAME:Filly:LASTNAME:Lawrence:BANKNAME:PRIDE:WELCOMEMESSAGE:Welcome to Pride Mobile Banking. Enter your PIN:LANGUAGE:EN
2019-08-08 16:33:14 - GET CUSTOMER000
2019-08-08 16:33:14 - GET CUSTOMER TIME : 2.7208805084229E-8
2019-08-08 16:51:49 - GET CUSTOMER REQUEST :FORMID:GETCUSTOMER:MOBILENUMBER:256706239860:SHORTCODE:250:COUNTRY:UGANDATEST:DEVICEID:256706239860250:UNIQUEID:e3a39273-48c6-b000-bda9-0cdca0a867b4:
2019-08-08 16:51:49 - GET CUSTOMER RESPONSE : 
STATUS:000:CUSTOMERID:1656019588:COUNTRY:UGANDATEST:FIRSTNAME:Filly:LASTNAME:Lawrence:BANKNAME:PRIDE:WELCOMEMESSAGE:Welcome to Pride Mobile Banking. Enter your PIN:LANGUAGE:EN
2019-08-08 16:51:49 - GET CUSTOMER000
2019-08-08 16:51:49 - GET CUSTOMER TIME : 2.3035049438477E-8
2019-08-08 16:54:02 - GET CUSTOMER REQUEST :FORMID:GETCUSTOMER:MOBILENUMBER:256706239860:SHORTCODE:250:COUNTRY:UGANDATEST:DEVICEID:256706239860250:UNIQUEID:4b779907-eba9-1da2-0408-a5da336256f2:
2019-08-08 16:54:02 - GET CUSTOMER RESPONSE : 
STATUS:000:CUSTOMERID:1656019588:COUNTRY:UGANDATEST:FIRSTNAME:Filly:LASTNAME:Lawrence:BANKNAME:PRIDE:WELCOMEMESSAGE:Welcome to Pride Mobile Banking. Enter your PIN:LANGUAGE:EN
2019-08-08 16:54:02 - GET CUSTOMER000
2019-08-08 16:54:02 - GET CUSTOMER TIME : 3.7414789199829E-8
2019-08-08 16:54:08 - MENU : menu
2019-08-08 16:54:08 - MENU INPUT : 1234
2019-08-08 16:54:08 - LOGIN REQUEST : FORMID:LOGIN:CUSTOMERID:1656019588:MOBILENUMBER:256706239860:BANKID:0017:BANKNAME:PML:SHORTCODE:250:COUNTRY:UGANDATEST:DEVICEID:256706239860250:LOGINMPIN:1234:UNIQUEID:0a5ae43f-948d-e5eb-2d07-28624d6ebef0:
2019-08-08 16:54:08 - LOGIN RESPONSE :
STATUS:000:ACCOUNTS:223206004827101:
2019-08-08 16:54:08 - LOGIN ACCOUNTS :223206004827101
2019-08-08 16:54:14 - MENU : home
2019-08-08 16:54:14 - MENU INPUT : 1
2019-08-08 16:54:14 - UP : home
2019-08-08 16:54:14 - MENU RESPONSES : home -> 
2019-08-08 16:54:14 - DOWN : pinReset
2019-08-08 16:54:14 - DOWN MENU : O:8:"stdClass":5:{s:2:"id";s:4:"home";s:8:"response";s:144:"Reply with
1. Account Balance
2. Mini Statement
3.Funds Transfer
4. Airtime Purchase
5. Mobile Money
6. Utility Payment 
7. Change Pin
8. Logout";s:3:"map";a:7:{i:0;O:8:"stdClass":2:{s:3:"key";s:1:"1";s:4:"menu";s:15:"BalanceAccounts";}i:1;O:8:"stdClass":2:{s:3:"key";s:1:"2";s:4:"menu";s:17:"StatementAccounts";}i:2;O:8:"stdClass":2:{s:3:"key";s:1:"3";s:4:"menu";s:10:"FTAccounts";}i:3;O:8:"stdClass":2:{s:3:"key";s:1:"4";s:4:"menu";s:14:"MOBILEPROVIDER";}i:4;O:8:"stdClass":2:{s:3:"key";s:1:"5";s:4:"menu";s:5:"NewFT";}i:5;O:8:"stdClass":2:{s:3:"key";s:1:"6";s:4:"menu";s:7:"utility";}i:6;O:8:"stdClass":2:{s:3:"key";s:1:"7";s:4:"menu";s:9:"changePin";}}s:4:"type";s:7:"dynamic";s:6:"action";s:3:"con";}
2019-08-08 16:54:14 - ERROR : BalanceAccounts
2019-08-08 16:54:14 - MMMMMMM : BalanceAccounts
2019-08-08 16:54:23 - MENU : BalanceAccounts
2019-08-08 16:54:23 - MENU INPUT : 1
2019-08-08 16:54:23 - UP : BalanceAccounts
2019-08-08 16:54:23 - MENU RESPONSES : BalanceAccounts -> 
2019-08-08 16:54:23 - DOWN : pinReset
2019-08-08 16:54:23 - ERROR : BalanceAccounts
2019-08-08 16:54:23 - MMMMMMM : BalanceAccounts
2019-08-08 16:54:23 - DOWN MENU : O:8:"stdClass":5:{s:2:"id";s:15:"BalanceAccounts";s:6:"action";s:3:"con";s:8:"response";s:38:"Select bank:
1. Pride/223206004827101
";s:3:"map";a:1:{i:0;O:8:"stdClass":1:{s:4:"menu";s:14:"AccountBalance";}}s:4:"type";s:4:"form";}
2019-08-08 16:54:23 - ERROR : AccountBalance
2019-08-08 16:54:23 - MMMMMMM : AccountBalance
2019-08-08 16:54:23 - BALANCE REQUEST : FORMID:B-:MERCHANTID:BALANCE:BANKACCOUNTID:223206004827101:SHORTCODE:250:CUSTOMERID:1656019588:MOBILENUMBER:256706239860:BANKID:0017:COUNTRY:UGANDATEST:UNIQUEID:1e8d088e-948f-266c-10a2-b54ff497f53a:
2019-08-08 16:54:26 - BALANCE RESPONSE : 
STATUS:091:DATA: shown
2019-08-08 17:20:31 - GET CUSTOMER REQUEST :FORMID:GETCUSTOMER:MOBILENUMBER:256706239860:SHORTCODE:250:COUNTRY:UGANDATEST:DEVICEID:256706239860250:UNIQUEID:f4754a78-3939-25f7-a8b4-62b009b857e3:
2019-08-08 17:20:31 - GET CUSTOMER RESPONSE : 
STATUS:000:CUSTOMERID:1656019588:COUNTRY:UGANDATEST:FIRSTNAME:Filly:LASTNAME:Lawrence:BANKNAME:PRIDE:WELCOMEMESSAGE:Welcome to Pride Mobile Banking. Enter your PIN:LANGUAGE:EN
2019-08-08 17:20:31 - GET CUSTOMER000
2019-08-08 17:20:31 - GET CUSTOMER TIME : 2.6968955993652E-8
2019-08-08 17:20:37 - MENU : menu
2019-08-08 17:20:37 - MENU INPUT : 1234
2019-08-08 17:20:37 - LOGIN REQUEST : FORMID:LOGIN:CUSTOMERID:1656019588:MOBILENUMBER:256706239860:BANKID:0017:BANKNAME:PML:SHORTCODE:250:COUNTRY:UGANDATEST:DEVICEID:256706239860250:LOGINMPIN:1234:UNIQUEID:89a453f8-f978-8122-da72-f63e1c5f098b:
2019-08-08 17:20:37 - LOGIN RESPONSE :
STATUS:000:ACCOUNTS:223206004827101:
2019-08-08 17:20:37 - LOGIN ACCOUNTS :223206004827101
2019-08-08 17:20:41 - MENU : home
2019-08-08 17:20:41 - MENU INPUT : 1
2019-08-08 17:20:41 - UP : home
2019-08-08 17:20:41 - MENU RESPONSES : home -> 
2019-08-08 17:20:41 - DOWN : pinReset
2019-08-08 17:20:41 - DOWN MENU : O:8:"stdClass":5:{s:2:"id";s:4:"home";s:8:"response";s:144:"Reply with
1. Account Balance
2. Mini Statement
3.Funds Transfer
4. Airtime Purchase
5. Mobile Money
6. Utility Payment 
7. Change Pin
8. Logout";s:3:"map";a:7:{i:0;O:8:"stdClass":2:{s:3:"key";s:1:"1";s:4:"menu";s:15:"BalanceAccounts";}i:1;O:8:"stdClass":2:{s:3:"key";s:1:"2";s:4:"menu";s:17:"StatementAccounts";}i:2;O:8:"stdClass":2:{s:3:"key";s:1:"3";s:4:"menu";s:10:"FTAccounts";}i:3;O:8:"stdClass":2:{s:3:"key";s:1:"4";s:4:"menu";s:14:"MOBILEPROVIDER";}i:4;O:8:"stdClass":2:{s:3:"key";s:1:"5";s:4:"menu";s:5:"NewFT";}i:5;O:8:"stdClass":2:{s:3:"key";s:1:"6";s:4:"menu";s:7:"utility";}i:6;O:8:"stdClass":2:{s:3:"key";s:1:"7";s:4:"menu";s:9:"changePin";}}s:4:"type";s:7:"dynamic";s:6:"action";s:3:"con";}
2019-08-08 17:20:41 - ERROR : BalanceAccounts
2019-08-08 17:20:41 - MMMMMMM : BalanceAccounts
2019-08-08 17:20:46 - MENU : BalanceAccounts
2019-08-08 17:20:46 - MENU INPUT : 1
2019-08-08 17:20:46 - UP : BalanceAccounts
2019-08-08 17:20:46 - MENU RESPONSES : BalanceAccounts -> 
2019-08-08 17:20:46 - DOWN : pinReset
2019-08-08 17:20:46 - ERROR : BalanceAccounts
2019-08-08 17:20:46 - MMMMMMM : BalanceAccounts
2019-08-08 17:20:46 - DOWN MENU : O:8:"stdClass":5:{s:2:"id";s:15:"BalanceAccounts";s:6:"action";s:3:"con";s:8:"response";s:38:"Select bank:
1. Pride/223206004827101
";s:3:"map";a:1:{i:0;O:8:"stdClass":1:{s:4:"menu";s:14:"AccountBalance";}}s:4:"type";s:4:"form";}
2019-08-08 17:20:46 - ERROR : AccountBalance
2019-08-08 17:20:46 - MMMMMMM : AccountBalance
2019-08-08 17:20:46 - BALANCE REQUEST : FORMID:B-:MERCHANTID:BALANCE:BANKACCOUNTID:223206004827101:SHORTCODE:250:CUSTOMERID:1656019588:MOBILENUMBER:256706239860:BANKID:0017:COUNTRY:UGANDATEST:UNIQUEID:b705a6fb-52fe-9e49-46d7-511617d6f0b1:
2019-08-08 17:20:49 - BALANCE RESPONSE : 
STATUS:091:DATA: shown
