2019-06-22 13:55:00 - GET CUSTOMER REQUEST :FORMID:GETCUSTOMER:MOBILENUMBER:256700146817:SHORTCODE:250:COUNTRY:UGANDATEST:DEVICEID:256700146817250:UNIQUEID:9370f8cc-f2cf-d034-9928-1ae071d047cd:
2019-06-22 13:55:00 - GET CUSTOMER RESPONSE : 
STATUS:000:CUSTOMERID:1485941693:COUNTRY:UGANDATEST:FIRSTNAME:Shafique:LASTNAME:Kabali:BANKNAME:PRIDE:WELCOMEMESSAGE:Welcome to Pride Mobile Banking. Enter your PIN:LANGUAGE:EN
2019-06-22 13:55:00 - GET CUSTOMER000
2019-06-22 13:55:00 - GET CUSTOMER TIME : 2.3845791816711E-7
2019-06-22 13:55:10 - MENU : menu
2019-06-22 13:55:10 - MENU INPUT : 1234
2019-06-22 13:55:10 - LOGIN REQUEST : FORMID:LOGIN:CUSTOMERID:1485941693:MOBILENUMBER:256700146817:BANKID:0017:BANKNAME:PML:SHORTCODE:250:COUNTRY:UGANDATEST:DEVICEID:256700146817250:LOGINMPIN:1234:UNIQUEID:530006f6-c0bf-d3e7-6322-35c827674de3:
2019-06-22 13:55:10 - LOGIN RESPONSE :
STATUS:000:ACCOUNTS:218210027132501,223206003324501:
2019-06-22 13:55:10 - LOGIN ACCOUNTS :218210027132501,223206003324501
2019-06-22 13:55:18 - MENU : home
2019-06-22 13:55:18 - MENU INPUT : 1
2019-06-22 13:55:18 - UP : home
2019-06-22 13:55:18 - MENU RESPONSES : home -> 
2019-06-22 13:55:18 - DOWN : pinReset
2019-06-22 13:55:18 - DOWN MENU : O:8:"stdClass":5:{s:2:"id";s:4:"home";s:8:"response";s:144:"Reply with
1. Account Balance
2. Mini Statement
3.Funds Transfer
4. Airtime Purchase
5. Mobile Money
6. Utility Payment 
7. Change Pin
8. Logout";s:3:"map";a:7:{i:0;O:8:"stdClass":2:{s:3:"key";s:1:"1";s:4:"menu";s:15:"BalanceAccounts";}i:1;O:8:"stdClass":2:{s:3:"key";s:1:"2";s:4:"menu";s:17:"StatementAccounts";}i:2;O:8:"stdClass":2:{s:3:"key";s:1:"3";s:4:"menu";s:10:"FTAccounts";}i:3;O:8:"stdClass":2:{s:3:"key";s:1:"4";s:4:"menu";s:14:"MOBILEPROVIDER";}i:4;O:8:"stdClass":2:{s:3:"key";s:1:"5";s:4:"menu";s:5:"NewFT";}i:5;O:8:"stdClass":2:{s:3:"key";s:1:"6";s:4:"menu";s:7:"utility";}i:6;O:8:"stdClass":2:{s:3:"key";s:1:"7";s:4:"menu";s:9:"changePin";}}s:4:"type";s:7:"dynamic";s:6:"action";s:3:"con";}
2019-06-22 13:55:18 - ERROR : BalanceAccounts
2019-06-22 13:55:18 - MMMMMMM : BalanceAccounts
2019-06-22 13:55:20 - MENU : BalanceAccounts
2019-06-22 13:55:20 - MENU INPUT : 1
2019-06-22 13:55:20 - UP : BalanceAccounts
2019-06-22 13:55:20 - MENU RESPONSES : BalanceAccounts -> 
2019-06-22 13:55:20 - DOWN : pinReset
2019-06-22 13:55:20 - ERROR : BalanceAccounts
2019-06-22 13:55:20 - MMMMMMM : BalanceAccounts
2019-06-22 13:55:20 - DOWN MENU : O:8:"stdClass":5:{s:2:"id";s:15:"BalanceAccounts";s:6:"action";s:3:"con";s:8:"response";s:63:"Select bank:
1. Pride/218210027132501
2. Pride/223206003324501
";s:3:"map";a:1:{i:0;O:8:"stdClass":1:{s:4:"menu";s:14:"AccountBalance";}}s:4:"type";s:4:"form";}
2019-06-22 13:55:20 - ERROR : AccountBalance
2019-06-22 13:55:20 - MMMMMMM : AccountBalance
2019-06-22 13:55:20 - BALANCE REQUEST : FORMID:B-:MERCHANTID:BALANCE:BANKACCOUNTID:218210027132501:SHORTCODE:250:CUSTOMERID:1485941693:MOBILENUMBER:256700146817:BANKID:0017:COUNTRY:UGANDATEST:UNIQUEID:95fd92df-75ba-d1eb-ddcf-904471b66cfb:
2019-06-22 13:55:24 - BALANCE RESPONSE : 
STATUS:091:DATA:Error Connecting to your account. Error 091-Your Bank is not available. Please try again. Please try later or contact our help desk at  shown
2019-06-22 13:55:35 - MENU : groupsave
2019-06-22 13:55:35 - MENU INPUT : 1
2019-06-22 13:55:35 - UP : groupsave
2019-06-22 13:55:35 - MENU RESPONSES : groupsave -> 
2019-06-22 13:55:35 - DOWN : pinReset
2019-06-22 13:55:35 - ERROR : groupsave
2019-06-22 13:55:35 - MMMMMMM : groupsave
2019-06-22 13:57:34 - GET CUSTOMER REQUEST :FORMID:GETCUSTOMER:MOBILENUMBER:256700146817:SHORTCODE:250:COUNTRY:UGANDATEST:DEVICEID:256700146817250:UNIQUEID:790cda85-a5cd-bbd1-4db3-68bf7016ea8b:
2019-06-22 13:57:34 - GET CUSTOMER RESPONSE : 
STATUS:000:CUSTOMERID:1485941693:COUNTRY:UGANDATEST:FIRSTNAME:Shafique:LASTNAME:Kabali:BANKNAME:PRIDE:WELCOMEMESSAGE:Welcome to Pride Mobile Banking. Enter your PIN:LANGUAGE:EN
2019-06-22 13:57:34 - GET CUSTOMER000
2019-06-22 13:57:34 - GET CUSTOMER TIME : 2.803111076355E-8
2019-06-22 13:57:37 - MENU : menu
2019-06-22 13:57:37 - MENU INPUT : 1234
2019-06-22 13:57:37 - LOGIN REQUEST : FORMID:LOGIN:CUSTOMERID:1485941693:MOBILENUMBER:256700146817:BANKID:0017:BANKNAME:PML:SHORTCODE:250:COUNTRY:UGANDATEST:DEVICEID:256700146817250:LOGINMPIN:1234:UNIQUEID:a8733be5-a6dc-1208-6839-5581308b7d43:
2019-06-22 13:57:37 - LOGIN RESPONSE :
STATUS:000:ACCOUNTS:218210027132501,223206003324501:
2019-06-22 13:57:37 - LOGIN ACCOUNTS :218210027132501,223206003324501
2019-06-22 13:57:42 - MENU : home
2019-06-22 13:57:42 - MENU INPUT : 2
2019-06-22 13:57:42 - UP : home
2019-06-22 13:57:42 - MENU RESPONSES : home -> 
2019-06-22 13:57:42 - DOWN : pinReset
2019-06-22 13:57:42 - DOWN MENU : O:8:"stdClass":5:{s:2:"id";s:4:"home";s:8:"response";s:144:"Reply with
1. Account Balance
2. Mini Statement
3.Funds Transfer
4. Airtime Purchase
5. Mobile Money
6. Utility Payment 
7. Change Pin
8. Logout";s:3:"map";a:7:{i:0;O:8:"stdClass":2:{s:3:"key";s:1:"1";s:4:"menu";s:15:"BalanceAccounts";}i:1;O:8:"stdClass":2:{s:3:"key";s:1:"2";s:4:"menu";s:17:"StatementAccounts";}i:2;O:8:"stdClass":2:{s:3:"key";s:1:"3";s:4:"menu";s:10:"FTAccounts";}i:3;O:8:"stdClass":2:{s:3:"key";s:1:"4";s:4:"menu";s:14:"MOBILEPROVIDER";}i:4;O:8:"stdClass":2:{s:3:"key";s:1:"5";s:4:"menu";s:5:"NewFT";}i:5;O:8:"stdClass":2:{s:3:"key";s:1:"6";s:4:"menu";s:7:"utility";}i:6;O:8:"stdClass":2:{s:3:"key";s:1:"7";s:4:"menu";s:9:"changePin";}}s:4:"type";s:7:"dynamic";s:6:"action";s:3:"con";}
2019-06-22 13:57:42 - ERROR : StatementAccounts
2019-06-22 13:57:42 - MMMMMMM : StatementAccounts
2019-06-22 13:57:46 - MENU : StatementAccounts
2019-06-22 13:57:46 - MENU INPUT : 1
2019-06-22 13:57:46 - UP : StatementAccounts
2019-06-22 13:57:46 - MENU RESPONSES : StatementAccounts -> 
2019-06-22 13:57:46 - DOWN : pinReset
2019-06-22 13:57:46 - ERROR : StatementAccounts
2019-06-22 13:57:46 - MMMMMMM : StatementAccounts
2019-06-22 13:57:46 - DOWN MENU : O:8:"stdClass":5:{s:2:"id";s:17:"StatementAccounts";s:6:"action";s:3:"con";s:8:"response";s:63:"Select Bank:
1. Pride/218210027132501
2. Pride/223206003324501
";s:3:"map";a:1:{i:0;O:8:"stdClass":1:{s:4:"menu";s:16:"AccountStatement";}}s:4:"type";s:4:"form";}
2019-06-22 13:57:46 - ERROR : AccountStatement
2019-06-22 13:57:46 - MMMMMMM : AccountStatement
2019-06-22 13:57:46 - MINISTATEMENT REQUEST : FORMID:B-:MERCHANTID:STATEMENT:BANKACCOUNTID:218210027132501:SHORTCODE:250:CUSTOMERID:1485941693:MOBILENUMBER:256700146817:BANKID:0017:COUNTRY:UGANDATEST:UNIQUEID:be8fdba5-561a-e9a5-191f-7164a1bac05a:
2019-06-22 13:57:47 - MINISTATEMENT RESPONSE : 
STATUS::DATA:Error : 091-Your Bank is not available. Please try again. Your Bank is not responding to the requests. Please try later. You may contact them at 
2019-06-22 14:01:00 - GET CUSTOMER REQUEST :FORMID:GETCUSTOMER:MOBILENUMBER:256700146817:SHORTCODE:250:COUNTRY:UGANDATEST:DEVICEID:256700146817250:UNIQUEID:cdc1cc84-f2e3-0964-3cf5-1f8c140b43e9:
2019-06-22 14:01:00 - GET CUSTOMER RESPONSE : 
STATUS:000:CUSTOMERID:1485941693:COUNTRY:UGANDATEST:FIRSTNAME:Shafique:LASTNAME:Kabali:BANKNAME:PRIDE:WELCOMEMESSAGE:Welcome to Pride Mobile Banking. Enter your PIN:LANGUAGE:EN
2019-06-22 14:01:00 - GET CUSTOMER000
2019-06-22 14:01:00 - GET CUSTOMER TIME : 4.2244911193848E-8
2019-06-22 14:01:06 - MENU : menu
2019-06-22 14:01:06 - MENU INPUT : 1234
2019-06-22 14:01:06 - LOGIN REQUEST : FORMID:LOGIN:CUSTOMERID:1485941693:MOBILENUMBER:256700146817:BANKID:0017:BANKNAME:PML:SHORTCODE:250:COUNTRY:UGANDATEST:DEVICEID:256700146817250:LOGINMPIN:1234:UNIQUEID:bfcd3c7d-d3a0-da20-4e0d-e85d1aadbb76:
2019-06-22 14:01:06 - LOGIN RESPONSE :
STATUS:000:ACCOUNTS:218210027132501,223206003324501:
2019-06-22 14:01:06 - LOGIN ACCOUNTS :218210027132501,223206003324501
2019-06-22 14:01:12 - MENU : home
2019-06-22 14:01:12 - MENU INPUT : 1
2019-06-22 14:01:12 - UP : home
2019-06-22 14:01:12 - MENU RESPONSES : home -> 
2019-06-22 14:01:12 - DOWN : pinReset
2019-06-22 14:01:12 - DOWN MENU : O:8:"stdClass":5:{s:2:"id";s:4:"home";s:8:"response";s:144:"Reply with
1. Account Balance
2. Mini Statement
3.Funds Transfer
4. Airtime Purchase
5. Mobile Money
6. Utility Payment 
7. Change Pin
8. Logout";s:3:"map";a:7:{i:0;O:8:"stdClass":2:{s:3:"key";s:1:"1";s:4:"menu";s:15:"BalanceAccounts";}i:1;O:8:"stdClass":2:{s:3:"key";s:1:"2";s:4:"menu";s:17:"StatementAccounts";}i:2;O:8:"stdClass":2:{s:3:"key";s:1:"3";s:4:"menu";s:10:"FTAccounts";}i:3;O:8:"stdClass":2:{s:3:"key";s:1:"4";s:4:"menu";s:14:"MOBILEPROVIDER";}i:4;O:8:"stdClass":2:{s:3:"key";s:1:"5";s:4:"menu";s:5:"NewFT";}i:5;O:8:"stdClass":2:{s:3:"key";s:1:"6";s:4:"menu";s:7:"utility";}i:6;O:8:"stdClass":2:{s:3:"key";s:1:"7";s:4:"menu";s:9:"changePin";}}s:4:"type";s:7:"dynamic";s:6:"action";s:3:"con";}
2019-06-22 14:01:12 - ERROR : BalanceAccounts
2019-06-22 14:01:12 - MMMMMMM : BalanceAccounts
2019-06-22 14:01:14 - MENU : BalanceAccounts
2019-06-22 14:01:14 - MENU INPUT : 1
2019-06-22 14:01:14 - UP : BalanceAccounts
2019-06-22 14:01:14 - MENU RESPONSES : BalanceAccounts -> 
2019-06-22 14:01:14 - DOWN : pinReset
2019-06-22 14:01:14 - ERROR : BalanceAccounts
2019-06-22 14:01:14 - MMMMMMM : BalanceAccounts
2019-06-22 14:01:14 - DOWN MENU : O:8:"stdClass":5:{s:2:"id";s:15:"BalanceAccounts";s:6:"action";s:3:"con";s:8:"response";s:63:"Select bank:
1. Pride/218210027132501
2. Pride/223206003324501
";s:3:"map";a:1:{i:0;O:8:"stdClass":1:{s:4:"menu";s:14:"AccountBalance";}}s:4:"type";s:4:"form";}
2019-06-22 14:01:14 - ERROR : AccountBalance
2019-06-22 14:01:14 - MMMMMMM : AccountBalance
2019-06-22 14:01:14 - BALANCE REQUEST : FORMID:B-:MERCHANTID:BALANCE:BANKACCOUNTID:218210027132501:SHORTCODE:250:CUSTOMERID:1485941693:MOBILENUMBER:256700146817:BANKID:0017:COUNTRY:UGANDATEST:UNIQUEID:259f2d7f-9403-7229-ccea-6bc3959812e7:
2019-06-22 14:01:15 - BALANCE RESPONSE : 
STATUS:091:DATA:Error Connecting to your account. Error 091-Your Bank is not available. Please try again. Please try later or contact our help desk at  shown
