2019-07-11 09:33:14 - GET CUSTOMER REQUEST :FORMID:GETCUSTOMER:MOBILENUMBER:256700146817:SHORTCODE:250:COUNTRY:UGANDATEST:DEVICEID:256700146817250:UNIQUEID:a54cb2ea-b3f9-9a1f-709b-d191e1e6ecc4:
2019-07-11 09:33:14 - GET CUSTOMER RESPONSE : 
STATUS:000:CUSTOMERID:1485941693:COUNTRY:UGANDATEST:FIRSTNAME:Shafique:LASTNAME:Kabali:BANKNAME:PRIDE:WELCOMEMESSAGE:Welcome to Pride Mobile Banking. Enter your PIN:LANGUAGE:EN
2019-07-11 09:33:14 - GET CUSTOMER000
2019-07-11 09:33:14 - GET CUSTOMER TIME : 2.7301597595215E-7
2019-07-11 09:33:18 - MENU : menu
2019-07-11 09:33:18 - MENU INPUT : 1234
2019-07-11 09:33:18 - LOGIN REQUEST : FORMID:LOGIN:CUSTOMERID:1485941693:MOBILENUMBER:256700146817:BANKID:0017:BANKNAME:PML:SHORTCODE:250:COUNTRY:UGANDATEST:DEVICEID:256700146817250:LOGINMPIN:1234:UNIQUEID:12fcb3de-7d2d-918b-45f3-02f0c6898b12:
2019-07-11 09:33:18 - LOGIN RESPONSE :
STATUS:000:ACCOUNTS:223205003324501,218210027132501,223206003324501:
2019-07-11 09:33:18 - LOGIN ACCOUNTS :223205003324501,218210027132501,223206003324501
2019-07-11 09:33:22 - MENU : home
2019-07-11 09:33:22 - MENU INPUT : 1
2019-07-11 09:33:22 - UP : home
2019-07-11 09:33:22 - MENU RESPONSES : home -> 
2019-07-11 09:33:22 - DOWN : pinReset
2019-07-11 09:33:22 - DOWN MENU : O:8:"stdClass":5:{s:2:"id";s:4:"home";s:8:"response";s:144:"Reply with
1. Account Balance
2. Mini Statement
3.Funds Transfer
4. Airtime Purchase
5. Mobile Money
6. Utility Payment 
7. Change Pin
8. Logout";s:3:"map";a:7:{i:0;O:8:"stdClass":2:{s:3:"key";s:1:"1";s:4:"menu";s:15:"BalanceAccounts";}i:1;O:8:"stdClass":2:{s:3:"key";s:1:"2";s:4:"menu";s:17:"StatementAccounts";}i:2;O:8:"stdClass":2:{s:3:"key";s:1:"3";s:4:"menu";s:10:"FTAccounts";}i:3;O:8:"stdClass":2:{s:3:"key";s:1:"4";s:4:"menu";s:14:"MOBILEPROVIDER";}i:4;O:8:"stdClass":2:{s:3:"key";s:1:"5";s:4:"menu";s:5:"NewFT";}i:5;O:8:"stdClass":2:{s:3:"key";s:1:"6";s:4:"menu";s:7:"utility";}i:6;O:8:"stdClass":2:{s:3:"key";s:1:"7";s:4:"menu";s:9:"changePin";}}s:4:"type";s:7:"dynamic";s:6:"action";s:3:"con";}
2019-07-11 09:33:22 - ERROR : BalanceAccounts
2019-07-11 09:33:22 - MMMMMMM : BalanceAccounts
2019-07-11 09:33:24 - MENU : BalanceAccounts
2019-07-11 09:33:24 - MENU INPUT : 1
2019-07-11 09:33:24 - UP : BalanceAccounts
2019-07-11 09:33:24 - MENU RESPONSES : BalanceAccounts -> 
2019-07-11 09:33:24 - DOWN : pinReset
2019-07-11 09:33:24 - ERROR : BalanceAccounts
2019-07-11 09:33:24 - MMMMMMM : BalanceAccounts
2019-07-11 09:33:24 - DOWN MENU : O:8:"stdClass":5:{s:2:"id";s:15:"BalanceAccounts";s:6:"action";s:3:"con";s:8:"response";s:88:"Select bank:
1. Pride/223205003324501
2. Pride/218210027132501
3. Pride/223206003324501
";s:3:"map";a:1:{i:0;O:8:"stdClass":1:{s:4:"menu";s:14:"AccountBalance";}}s:4:"type";s:4:"form";}
2019-07-11 09:33:24 - ERROR : AccountBalance
2019-07-11 09:33:24 - MMMMMMM : AccountBalance
2019-07-11 09:33:24 - BALANCE REQUEST : FORMID:B-:MERCHANTID:BALANCE:BANKACCOUNTID:223205003324501:SHORTCODE:250:CUSTOMERID:1485941693:MOBILENUMBER:256700146817:BANKID:0017:COUNTRY:UGANDATEST:UNIQUEID:6b8dda21-162f-0a1c-da03-fd4fd5c6c219:
2019-07-11 09:33:27 - BALANCE RESPONSE : 
STATUS:910:DATA:Error Connecting to your account. Error 910-No response from Bank. Please try later or contact our help desk at  shown
2019-07-11 09:34:54 - GET CUSTOMER REQUEST :FORMID:GETCUSTOMER:MOBILENUMBER:256700146817:SHORTCODE:250:COUNTRY:UGANDATEST:DEVICEID:256700146817250:UNIQUEID:34264fb3-f85f-40b9-564a-0ae707d0ad8f:
2019-07-11 09:34:54 - GET CUSTOMER RESPONSE : 
STATUS:000:CUSTOMERID:1485941693:COUNTRY:UGANDATEST:FIRSTNAME:Shafique:LASTNAME:Kabali:BANKNAME:PRIDE:WELCOMEMESSAGE:Welcome to Pride Mobile Banking. Enter your PIN:LANGUAGE:EN
2019-07-11 09:34:54 - GET CUSTOMER000
2019-07-11 09:34:54 - GET CUSTOMER TIME : 3.1440019607544E-8
2019-07-11 09:34:57 - MENU : menu
2019-07-11 09:34:57 - MENU INPUT : 1234
2019-07-11 09:34:57 - LOGIN REQUEST : FORMID:LOGIN:CUSTOMERID:1485941693:MOBILENUMBER:256700146817:BANKID:0017:BANKNAME:PML:SHORTCODE:250:COUNTRY:UGANDATEST:DEVICEID:256700146817250:LOGINMPIN:1234:UNIQUEID:b8c3d8ce-71f3-82ae-4e61-70e318b038ac:
2019-07-11 09:34:57 - LOGIN RESPONSE :
STATUS:000:ACCOUNTS:223205003324501,218210027132501,223206003324501:
2019-07-11 09:34:57 - LOGIN ACCOUNTS :223205003324501,218210027132501,223206003324501
2019-07-11 09:35:03 - MENU : home
2019-07-11 09:35:03 - MENU INPUT : 2
2019-07-11 09:35:03 - UP : home
2019-07-11 09:35:03 - MENU RESPONSES : home -> 
2019-07-11 09:35:03 - DOWN : pinReset
2019-07-11 09:35:03 - DOWN MENU : O:8:"stdClass":5:{s:2:"id";s:4:"home";s:8:"response";s:144:"Reply with
1. Account Balance
2. Mini Statement
3.Funds Transfer
4. Airtime Purchase
5. Mobile Money
6. Utility Payment 
7. Change Pin
8. Logout";s:3:"map";a:7:{i:0;O:8:"stdClass":2:{s:3:"key";s:1:"1";s:4:"menu";s:15:"BalanceAccounts";}i:1;O:8:"stdClass":2:{s:3:"key";s:1:"2";s:4:"menu";s:17:"StatementAccounts";}i:2;O:8:"stdClass":2:{s:3:"key";s:1:"3";s:4:"menu";s:10:"FTAccounts";}i:3;O:8:"stdClass":2:{s:3:"key";s:1:"4";s:4:"menu";s:14:"MOBILEPROVIDER";}i:4;O:8:"stdClass":2:{s:3:"key";s:1:"5";s:4:"menu";s:5:"NewFT";}i:5;O:8:"stdClass":2:{s:3:"key";s:1:"6";s:4:"menu";s:7:"utility";}i:6;O:8:"stdClass":2:{s:3:"key";s:1:"7";s:4:"menu";s:9:"changePin";}}s:4:"type";s:7:"dynamic";s:6:"action";s:3:"con";}
2019-07-11 09:35:03 - ERROR : StatementAccounts
2019-07-11 09:35:03 - MMMMMMM : StatementAccounts
2019-07-11 09:35:04 - MENU : StatementAccounts
2019-07-11 09:35:04 - MENU INPUT : 2
2019-07-11 09:35:04 - UP : StatementAccounts
2019-07-11 09:35:04 - MENU RESPONSES : StatementAccounts -> 
2019-07-11 09:35:04 - DOWN : pinReset
2019-07-11 09:35:04 - ERROR : StatementAccounts
2019-07-11 09:35:04 - MMMMMMM : StatementAccounts
2019-07-11 09:35:04 - DOWN MENU : O:8:"stdClass":5:{s:2:"id";s:17:"StatementAccounts";s:6:"action";s:3:"con";s:8:"response";s:88:"Select Bank:
1. Pride/223205003324501
2. Pride/218210027132501
3. Pride/223206003324501
";s:3:"map";a:1:{i:0;O:8:"stdClass":1:{s:4:"menu";s:16:"AccountStatement";}}s:4:"type";s:4:"form";}
2019-07-11 09:35:04 - ERROR : AccountStatement
2019-07-11 09:35:04 - MMMMMMM : AccountStatement
2019-07-11 09:35:04 - MINISTATEMENT REQUEST : FORMID:B-:MERCHANTID:STATEMENT:BANKACCOUNTID:218210027132501:SHORTCODE:250:CUSTOMERID:1485941693:MOBILENUMBER:256700146817:BANKID:0017:COUNTRY:UGANDATEST:UNIQUEID:bbb08d16-7a79-ae72-121d-4521eb2e0393:
2019-07-11 09:35:05 - MINISTATEMENT RESPONSE : 
STATUS::DATA:Error : 910-No response from Bank. Your Bank is not responding to the requests. Please try later. You may contact them at 
2019-07-11 09:35:09 - GET CUSTOMER REQUEST :FORMID:GETCUSTOMER:MOBILENUMBER:256700146817:SHORTCODE:250:COUNTRY:UGANDATEST:DEVICEID:256700146817250:UNIQUEID:6e3d293b-5e5d-1a49-defa-c2d2d030d03e:
2019-07-11 09:35:09 - GET CUSTOMER RESPONSE : 
STATUS:000:CUSTOMERID:1485941693:COUNTRY:UGANDATEST:FIRSTNAME:Shafique:LASTNAME:Kabali:BANKNAME:PRIDE:WELCOMEMESSAGE:Welcome to Pride Mobile Banking. Enter your PIN:LANGUAGE:EN
2019-07-11 09:35:09 - GET CUSTOMER000
2019-07-11 09:35:09 - GET CUSTOMER TIME : 2.0402908325195E-8
2019-07-11 09:35:12 - GET CUSTOMER REQUEST :FORMID:GETCUSTOMER:MOBILENUMBER:256700146817:SHORTCODE:250:COUNTRY:UGANDATEST:DEVICEID:256700146817250:UNIQUEID:28182d6c-6d43-649c-d7de-31babe86b1c8:
2019-07-11 09:35:12 - GET CUSTOMER RESPONSE : 
STATUS:000:CUSTOMERID:1485941693:COUNTRY:UGANDATEST:FIRSTNAME:Shafique:LASTNAME:Kabali:BANKNAME:PRIDE:WELCOMEMESSAGE:Welcome to Pride Mobile Banking. Enter your PIN:LANGUAGE:EN
2019-07-11 09:35:12 - GET CUSTOMER000
2019-07-11 09:35:12 - GET CUSTOMER TIME : 2.169394493103E-8
2019-07-11 09:35:15 - MENU : menu
2019-07-11 09:35:15 - MENU INPUT : 1234
2019-07-11 09:35:15 - LOGIN REQUEST : FORMID:LOGIN:CUSTOMERID:1485941693:MOBILENUMBER:256700146817:BANKID:0017:BANKNAME:PML:SHORTCODE:250:COUNTRY:UGANDATEST:DEVICEID:256700146817250:LOGINMPIN:1234:UNIQUEID:27c2de86-56b0-b5e5-2899-69544fa3732a:
2019-07-11 09:35:15 - LOGIN RESPONSE :
STATUS:000:ACCOUNTS:223205003324501,218210027132501,223206003324501:
2019-07-11 09:35:15 - LOGIN ACCOUNTS :223205003324501,218210027132501,223206003324501
2019-07-11 09:35:27 - MENU : home
2019-07-11 09:35:27 - MENU INPUT : 1
2019-07-11 09:35:27 - UP : home
2019-07-11 09:35:27 - MENU RESPONSES : home -> 
2019-07-11 09:35:27 - DOWN : pinReset
2019-07-11 09:35:27 - DOWN MENU : O:8:"stdClass":5:{s:2:"id";s:4:"home";s:8:"response";s:144:"Reply with
1. Account Balance
2. Mini Statement
3.Funds Transfer
4. Airtime Purchase
5. Mobile Money
6. Utility Payment 
7. Change Pin
8. Logout";s:3:"map";a:7:{i:0;O:8:"stdClass":2:{s:3:"key";s:1:"1";s:4:"menu";s:15:"BalanceAccounts";}i:1;O:8:"stdClass":2:{s:3:"key";s:1:"2";s:4:"menu";s:17:"StatementAccounts";}i:2;O:8:"stdClass":2:{s:3:"key";s:1:"3";s:4:"menu";s:10:"FTAccounts";}i:3;O:8:"stdClass":2:{s:3:"key";s:1:"4";s:4:"menu";s:14:"MOBILEPROVIDER";}i:4;O:8:"stdClass":2:{s:3:"key";s:1:"5";s:4:"menu";s:5:"NewFT";}i:5;O:8:"stdClass":2:{s:3:"key";s:1:"6";s:4:"menu";s:7:"utility";}i:6;O:8:"stdClass":2:{s:3:"key";s:1:"7";s:4:"menu";s:9:"changePin";}}s:4:"type";s:7:"dynamic";s:6:"action";s:3:"con";}
2019-07-11 09:35:27 - ERROR : BalanceAccounts
2019-07-11 09:35:27 - MMMMMMM : BalanceAccounts
2019-07-11 09:35:29 - MENU : BalanceAccounts
2019-07-11 09:35:29 - MENU INPUT : 1
2019-07-11 09:35:29 - UP : BalanceAccounts
2019-07-11 09:35:29 - MENU RESPONSES : BalanceAccounts -> 
2019-07-11 09:35:29 - DOWN : pinReset
2019-07-11 09:35:29 - ERROR : BalanceAccounts
2019-07-11 09:35:29 - MMMMMMM : BalanceAccounts
2019-07-11 09:35:29 - DOWN MENU : O:8:"stdClass":5:{s:2:"id";s:15:"BalanceAccounts";s:6:"action";s:3:"con";s:8:"response";s:88:"Select bank:
1. Pride/223205003324501
2. Pride/218210027132501
3. Pride/223206003324501
";s:3:"map";a:1:{i:0;O:8:"stdClass":1:{s:4:"menu";s:14:"AccountBalance";}}s:4:"type";s:4:"form";}
2019-07-11 09:35:29 - ERROR : AccountBalance
2019-07-11 09:35:29 - MMMMMMM : AccountBalance
2019-07-11 09:35:29 - BALANCE REQUEST : FORMID:B-:MERCHANTID:BALANCE:BANKACCOUNTID:223205003324501:SHORTCODE:250:CUSTOMERID:1485941693:MOBILENUMBER:256700146817:BANKID:0017:COUNTRY:UGANDATEST:UNIQUEID:e60dbec5-0808-8cbf-6d40-2e4d19afd1bb:
2019-07-11 09:35:29 - BALANCE RESPONSE : 
STATUS:910:DATA:Error Connecting to your account. Error 910-No response from Bank. Please try later or contact our help desk at  shown
2019-07-11 09:46:03 - GET CUSTOMER REQUEST :FORMID:GETCUSTOMER:MOBILENUMBER:256700146817:SHORTCODE:250:COUNTRY:UGANDATEST:DEVICEID:256700146817250:UNIQUEID:a20a0529-b4eb-8e28-b3d0-b578e8da2aba:
2019-07-11 09:46:03 - GET CUSTOMER RESPONSE : 
STATUS:000:CUSTOMERID:1485941693:COUNTRY:UGANDATEST:FIRSTNAME:Shafique:LASTNAME:Kabali:BANKNAME:PRIDE:WELCOMEMESSAGE:Welcome to Pride Mobile Banking. Enter your PIN:LANGUAGE:EN
2019-07-11 09:46:03 - GET CUSTOMER000
2019-07-11 09:46:03 - GET CUSTOMER TIME : 3.1388998031616E-8
2019-07-11 09:46:07 - MENU : menu
2019-07-11 09:46:07 - MENU INPUT : 1234
2019-07-11 09:46:07 - LOGIN REQUEST : FORMID:LOGIN:CUSTOMERID:1485941693:MOBILENUMBER:256700146817:BANKID:0017:BANKNAME:PML:SHORTCODE:250:COUNTRY:UGANDATEST:DEVICEID:256700146817250:LOGINMPIN:1234:UNIQUEID:43acd130-050e-e9f2-9ce5-8a0324a6c113:
2019-07-11 09:46:07 - LOGIN RESPONSE :
STATUS:000:ACCOUNTS:223205003324501,218210027132501,223206003324501:
2019-07-11 09:46:07 - LOGIN ACCOUNTS :223205003324501,218210027132501,223206003324501
2019-07-11 09:46:11 - MENU : home
2019-07-11 09:46:11 - MENU INPUT : 1
2019-07-11 09:46:11 - UP : home
2019-07-11 09:46:11 - MENU RESPONSES : home -> 
2019-07-11 09:46:11 - DOWN : pinReset
2019-07-11 09:46:11 - DOWN MENU : O:8:"stdClass":5:{s:2:"id";s:4:"home";s:8:"response";s:144:"Reply with
1. Account Balance
2. Mini Statement
3.Funds Transfer
4. Airtime Purchase
5. Mobile Money
6. Utility Payment 
7. Change Pin
8. Logout";s:3:"map";a:7:{i:0;O:8:"stdClass":2:{s:3:"key";s:1:"1";s:4:"menu";s:15:"BalanceAccounts";}i:1;O:8:"stdClass":2:{s:3:"key";s:1:"2";s:4:"menu";s:17:"StatementAccounts";}i:2;O:8:"stdClass":2:{s:3:"key";s:1:"3";s:4:"menu";s:10:"FTAccounts";}i:3;O:8:"stdClass":2:{s:3:"key";s:1:"4";s:4:"menu";s:14:"MOBILEPROVIDER";}i:4;O:8:"stdClass":2:{s:3:"key";s:1:"5";s:4:"menu";s:5:"NewFT";}i:5;O:8:"stdClass":2:{s:3:"key";s:1:"6";s:4:"menu";s:7:"utility";}i:6;O:8:"stdClass":2:{s:3:"key";s:1:"7";s:4:"menu";s:9:"changePin";}}s:4:"type";s:7:"dynamic";s:6:"action";s:3:"con";}
2019-07-11 09:46:11 - ERROR : BalanceAccounts
2019-07-11 09:46:11 - MMMMMMM : BalanceAccounts
2019-07-11 09:46:13 - MENU : BalanceAccounts
2019-07-11 09:46:13 - MENU INPUT : 1
2019-07-11 09:46:13 - UP : BalanceAccounts
2019-07-11 09:46:13 - MENU RESPONSES : BalanceAccounts -> 
2019-07-11 09:46:13 - DOWN : pinReset
2019-07-11 09:46:13 - ERROR : BalanceAccounts
2019-07-11 09:46:13 - MMMMMMM : BalanceAccounts
2019-07-11 09:46:13 - DOWN MENU : O:8:"stdClass":5:{s:2:"id";s:15:"BalanceAccounts";s:6:"action";s:3:"con";s:8:"response";s:88:"Select bank:
1. Pride/223205003324501
2. Pride/218210027132501
3. Pride/223206003324501
";s:3:"map";a:1:{i:0;O:8:"stdClass":1:{s:4:"menu";s:14:"AccountBalance";}}s:4:"type";s:4:"form";}
2019-07-11 09:46:13 - ERROR : AccountBalance
2019-07-11 09:46:13 - MMMMMMM : AccountBalance
2019-07-11 09:46:13 - BALANCE REQUEST : FORMID:B-:MERCHANTID:BALANCE:BANKACCOUNTID:223205003324501:SHORTCODE:250:CUSTOMERID:1485941693:MOBILENUMBER:256700146817:BANKID:0017:COUNTRY:UGANDATEST:UNIQUEID:5f1cfb5c-2dd8-6722-4ac0-80d092216b4c:
2019-07-11 09:46:13 - BALANCE RESPONSE : 
STATUS:910:DATA:Error Connecting to your account. Error 910-No response from Bank. Please try later or contact our help desk at  shown
2019-07-11 10:40:54 - GET CUSTOMER REQUEST :FORMID:GETCUSTOMER:MOBILENUMBER:256700146817:SHORTCODE:250:COUNTRY:UGANDATEST:DEVICEID:256700146817250:UNIQUEID:3cf30988-2fdb-547d-0613-ea8ba58268e2:
2019-07-11 10:40:54 - GET CUSTOMER RESPONSE : 
STATUS:000:CUSTOMERID:1485941693:COUNTRY:UGANDATEST:FIRSTNAME:Shafique:LASTNAME:Kabali:BANKNAME:PRIDE:WELCOMEMESSAGE:Welcome to Pride Mobile Banking. Enter your PIN:LANGUAGE:EN
2019-07-11 10:40:54 - GET CUSTOMER000
2019-07-11 10:40:54 - GET CUSTOMER TIME : 2.9467105865479E-8
2019-07-11 10:40:57 - MENU : menu
2019-07-11 10:40:57 - MENU INPUT : 1234
2019-07-11 10:40:57 - LOGIN REQUEST : FORMID:LOGIN:CUSTOMERID:1485941693:MOBILENUMBER:256700146817:BANKID:0017:BANKNAME:PML:SHORTCODE:250:COUNTRY:UGANDATEST:DEVICEID:256700146817250:LOGINMPIN:1234:UNIQUEID:df30254f-d5f5-c7b8-c88b-5bf5a6cf207c:
2019-07-11 10:40:57 - LOGIN RESPONSE :
STATUS:000:ACCOUNTS:223205003324501,218210027132501,223206003324501:
2019-07-11 10:40:57 - LOGIN ACCOUNTS :223205003324501,218210027132501,223206003324501
2019-07-11 10:41:02 - MENU : home
2019-07-11 10:41:02 - MENU INPUT : 1
2019-07-11 10:41:02 - UP : home
2019-07-11 10:41:02 - MENU RESPONSES : home -> 
2019-07-11 10:41:02 - DOWN : pinReset
2019-07-11 10:41:02 - DOWN MENU : O:8:"stdClass":5:{s:2:"id";s:4:"home";s:8:"response";s:144:"Reply with
1. Account Balance
2. Mini Statement
3.Funds Transfer
4. Airtime Purchase
5. Mobile Money
6. Utility Payment 
7. Change Pin
8. Logout";s:3:"map";a:7:{i:0;O:8:"stdClass":2:{s:3:"key";s:1:"1";s:4:"menu";s:15:"BalanceAccounts";}i:1;O:8:"stdClass":2:{s:3:"key";s:1:"2";s:4:"menu";s:17:"StatementAccounts";}i:2;O:8:"stdClass":2:{s:3:"key";s:1:"3";s:4:"menu";s:10:"FTAccounts";}i:3;O:8:"stdClass":2:{s:3:"key";s:1:"4";s:4:"menu";s:14:"MOBILEPROVIDER";}i:4;O:8:"stdClass":2:{s:3:"key";s:1:"5";s:4:"menu";s:5:"NewFT";}i:5;O:8:"stdClass":2:{s:3:"key";s:1:"6";s:4:"menu";s:7:"utility";}i:6;O:8:"stdClass":2:{s:3:"key";s:1:"7";s:4:"menu";s:9:"changePin";}}s:4:"type";s:7:"dynamic";s:6:"action";s:3:"con";}
2019-07-11 10:41:02 - ERROR : BalanceAccounts
2019-07-11 10:41:02 - MMMMMMM : BalanceAccounts
2019-07-11 10:41:04 - MENU : BalanceAccounts
2019-07-11 10:41:04 - MENU INPUT : 1
2019-07-11 10:41:04 - UP : BalanceAccounts
2019-07-11 10:41:04 - MENU RESPONSES : BalanceAccounts -> 
2019-07-11 10:41:04 - DOWN : pinReset
2019-07-11 10:41:04 - ERROR : BalanceAccounts
2019-07-11 10:41:04 - MMMMMMM : BalanceAccounts
2019-07-11 10:41:04 - DOWN MENU : O:8:"stdClass":5:{s:2:"id";s:15:"BalanceAccounts";s:6:"action";s:3:"con";s:8:"response";s:88:"Select bank:
1. Pride/223205003324501
2. Pride/218210027132501
3. Pride/223206003324501
";s:3:"map";a:1:{i:0;O:8:"stdClass":1:{s:4:"menu";s:14:"AccountBalance";}}s:4:"type";s:4:"form";}
2019-07-11 10:41:04 - ERROR : AccountBalance
2019-07-11 10:41:04 - MMMMMMM : AccountBalance
2019-07-11 10:41:04 - BALANCE REQUEST : FORMID:B-:MERCHANTID:BALANCE:BANKACCOUNTID:223205003324501:SHORTCODE:250:CUSTOMERID:1485941693:MOBILENUMBER:256700146817:BANKID:0017:COUNTRY:UGANDATEST:UNIQUEID:2f2d5787-6aea-dd29-c417-6669795c042b:
2019-07-11 10:41:11 - BALANCE RESPONSE : 
STATUS:910:DATA:Error Connecting to your account. Error 910-No response from Bank. Please try later or contact our help desk at  shown
2019-07-11 12:15:57 - GET CUSTOMER REQUEST :FORMID:GETCUSTOMER:MOBILENUMBER:256700146817:SHORTCODE:250:COUNTRY:UGANDATEST:DEVICEID:256700146817250:UNIQUEID:5be8f21d-d298-1ab9-d1f2-cad5348fcd17:
2019-07-11 12:15:57 - GET CUSTOMER RESPONSE : 
STATUS:000:CUSTOMERID:1485941693:COUNTRY:UGANDATEST:FIRSTNAME:Shafique:LASTNAME:Kabali:BANKNAME:PRIDE:WELCOMEMESSAGE:Welcome to Pride Mobile Banking. Enter your PIN:LANGUAGE:EN
2019-07-11 12:15:57 - GET CUSTOMER000
2019-07-11 12:15:57 - GET CUSTOMER TIME : 3.043794631958E-8
2019-07-11 12:16:00 - MENU : menu
2019-07-11 12:16:00 - MENU INPUT : 1234
2019-07-11 12:16:00 - LOGIN REQUEST : FORMID:LOGIN:CUSTOMERID:1485941693:MOBILENUMBER:256700146817:BANKID:0017:BANKNAME:PML:SHORTCODE:250:COUNTRY:UGANDATEST:DEVICEID:256700146817250:LOGINMPIN:1234:UNIQUEID:dca136d6-0436-331f-8ed5-cf584c014870:
2019-07-11 12:16:00 - LOGIN RESPONSE :
STATUS:000:ACCOUNTS:223205003324501,218210027132501,223206003324501:
2019-07-11 12:16:00 - LOGIN ACCOUNTS :223205003324501,218210027132501,223206003324501
2019-07-11 12:16:04 - MENU : home
2019-07-11 12:16:04 - MENU INPUT : 1
2019-07-11 12:16:04 - UP : home
2019-07-11 12:16:04 - MENU RESPONSES : home -> 
2019-07-11 12:16:04 - DOWN : pinReset
2019-07-11 12:16:04 - DOWN MENU : O:8:"stdClass":5:{s:2:"id";s:4:"home";s:8:"response";s:144:"Reply with
1. Account Balance
2. Mini Statement
3.Funds Transfer
4. Airtime Purchase
5. Mobile Money
6. Utility Payment 
7. Change Pin
8. Logout";s:3:"map";a:7:{i:0;O:8:"stdClass":2:{s:3:"key";s:1:"1";s:4:"menu";s:15:"BalanceAccounts";}i:1;O:8:"stdClass":2:{s:3:"key";s:1:"2";s:4:"menu";s:17:"StatementAccounts";}i:2;O:8:"stdClass":2:{s:3:"key";s:1:"3";s:4:"menu";s:10:"FTAccounts";}i:3;O:8:"stdClass":2:{s:3:"key";s:1:"4";s:4:"menu";s:14:"MOBILEPROVIDER";}i:4;O:8:"stdClass":2:{s:3:"key";s:1:"5";s:4:"menu";s:5:"NewFT";}i:5;O:8:"stdClass":2:{s:3:"key";s:1:"6";s:4:"menu";s:7:"utility";}i:6;O:8:"stdClass":2:{s:3:"key";s:1:"7";s:4:"menu";s:9:"changePin";}}s:4:"type";s:7:"dynamic";s:6:"action";s:3:"con";}
2019-07-11 12:16:04 - ERROR : BalanceAccounts
2019-07-11 12:16:04 - MMMMMMM : BalanceAccounts
2019-07-11 12:16:06 - MENU : BalanceAccounts
2019-07-11 12:16:06 - MENU INPUT : 1
2019-07-11 12:16:06 - UP : BalanceAccounts
2019-07-11 12:16:06 - MENU RESPONSES : BalanceAccounts -> 
2019-07-11 12:16:06 - DOWN : pinReset
2019-07-11 12:16:06 - ERROR : BalanceAccounts
2019-07-11 12:16:06 - MMMMMMM : BalanceAccounts
2019-07-11 12:16:06 - DOWN MENU : O:8:"stdClass":5:{s:2:"id";s:15:"BalanceAccounts";s:6:"action";s:3:"con";s:8:"response";s:88:"Select bank:
1. Pride/223205003324501
2. Pride/218210027132501
3. Pride/223206003324501
";s:3:"map";a:1:{i:0;O:8:"stdClass":1:{s:4:"menu";s:14:"AccountBalance";}}s:4:"type";s:4:"form";}
2019-07-11 12:16:06 - ERROR : AccountBalance
2019-07-11 12:16:06 - MMMMMMM : AccountBalance
2019-07-11 12:16:06 - BALANCE REQUEST : FORMID:B-:MERCHANTID:BALANCE:BANKACCOUNTID:223205003324501:SHORTCODE:250:CUSTOMERID:1485941693:MOBILENUMBER:256700146817:BANKID:0017:COUNTRY:UGANDATEST:UNIQUEID:bc6f6112-96b0-4fc4-1504-cba884a020c4:
2019-07-11 12:16:08 - BALANCE RESPONSE : 
STATUS:OK:DATA:BankPRIDEBalance;UGXActual;204,485.32 CRAvailable;204,485.32 CR shown
2019-07-11 12:16:57 - GET CUSTOMER REQUEST :FORMID:GETCUSTOMER:MOBILENUMBER:256700146817:SHORTCODE:250:COUNTRY:UGANDATEST:DEVICEID:256700146817250:UNIQUEID:3f2c7153-236c-ed40-13b1-b2067e52015e:
2019-07-11 12:16:57 - GET CUSTOMER RESPONSE : 
STATUS:000:CUSTOMERID:1485941693:COUNTRY:UGANDATEST:FIRSTNAME:Shafique:LASTNAME:Kabali:BANKNAME:PRIDE:WELCOMEMESSAGE:Welcome to Pride Mobile Banking. Enter your PIN:LANGUAGE:EN
2019-07-11 12:16:57 - GET CUSTOMER000
2019-07-11 12:16:57 - GET CUSTOMER TIME : 3.5191774368286E-8
2019-07-11 12:17:04 - MENU : menu
2019-07-11 12:17:04 - MENU INPUT : 3
2019-07-11 12:17:07 - GET CUSTOMER REQUEST :FORMID:GETCUSTOMER:MOBILENUMBER:256700146817:SHORTCODE:250:COUNTRY:UGANDATEST:DEVICEID:256700146817250:UNIQUEID:74286150-611e-3a7e-3f80-1b2d3425d899:
2019-07-11 12:17:07 - GET CUSTOMER RESPONSE : 
STATUS:000:CUSTOMERID:1485941693:COUNTRY:UGANDATEST:FIRSTNAME:Shafique:LASTNAME:Kabali:BANKNAME:PRIDE:WELCOMEMESSAGE:Welcome to Pride Mobile Banking. Enter your PIN:LANGUAGE:EN
2019-07-11 12:17:07 - GET CUSTOMER000
2019-07-11 12:17:07 - GET CUSTOMER TIME : 2.5161027908325E-8
2019-07-11 12:17:12 - MENU : menu
2019-07-11 12:17:12 - MENU INPUT : 1234
2019-07-11 12:17:12 - LOGIN REQUEST : FORMID:LOGIN:CUSTOMERID:1485941693:MOBILENUMBER:256700146817:BANKID:0017:BANKNAME:PML:SHORTCODE:250:COUNTRY:UGANDATEST:DEVICEID:256700146817250:LOGINMPIN:1234:UNIQUEID:e2c1fdb8-9947-f330-4762-e44dc8a5b489:
2019-07-11 12:17:12 - LOGIN RESPONSE :
STATUS:000:ACCOUNTS:223205003324501,218210027132501,223206003324501:
2019-07-11 12:17:12 - LOGIN ACCOUNTS :223205003324501,218210027132501,223206003324501
2019-07-11 12:17:17 - MENU : home
2019-07-11 12:17:17 - MENU INPUT : 3
2019-07-11 12:17:17 - UP : home
2019-07-11 12:17:17 - MENU RESPONSES : home -> 
2019-07-11 12:17:17 - DOWN : pinReset
2019-07-11 12:17:17 - DOWN MENU : O:8:"stdClass":5:{s:2:"id";s:4:"home";s:8:"response";s:144:"Reply with
1. Account Balance
2. Mini Statement
3.Funds Transfer
4. Airtime Purchase
5. Mobile Money
6. Utility Payment 
7. Change Pin
8. Logout";s:3:"map";a:7:{i:0;O:8:"stdClass":2:{s:3:"key";s:1:"1";s:4:"menu";s:15:"BalanceAccounts";}i:1;O:8:"stdClass":2:{s:3:"key";s:1:"2";s:4:"menu";s:17:"StatementAccounts";}i:2;O:8:"stdClass":2:{s:3:"key";s:1:"3";s:4:"menu";s:10:"FTAccounts";}i:3;O:8:"stdClass":2:{s:3:"key";s:1:"4";s:4:"menu";s:14:"MOBILEPROVIDER";}i:4;O:8:"stdClass":2:{s:3:"key";s:1:"5";s:4:"menu";s:5:"NewFT";}i:5;O:8:"stdClass":2:{s:3:"key";s:1:"6";s:4:"menu";s:7:"utility";}i:6;O:8:"stdClass":2:{s:3:"key";s:1:"7";s:4:"menu";s:9:"changePin";}}s:4:"type";s:7:"dynamic";s:6:"action";s:3:"con";}
2019-07-11 12:17:17 - ERROR : FTAccounts
2019-07-11 12:17:17 - MMMMMMM : FTAccounts
2019-07-11 12:17:33 - MENU : FTAccounts
2019-07-11 12:17:33 - MENU INPUT : 1
2019-07-11 12:17:33 - UP : FTAccounts
2019-07-11 12:17:33 - MENU RESPONSES : FTAccounts -> 
2019-07-11 12:17:33 - DOWN : pinReset
2019-07-11 12:17:33 - ERROR : FTAccounts
2019-07-11 12:17:33 - MMMMMMM : FTAccounts
2019-07-11 12:17:33 - DOWN MENU : O:8:"stdClass":5:{s:2:"id";s:10:"FTAccounts";s:6:"action";s:3:"con";s:8:"response";s:90:"Select Bank 
1. 223205003324501
2. 218210027132501
3. 223206003324501
00. Home 
 000. Exit";s:3:"map";a:1:{i:0;O:8:"stdClass":1:{s:4:"menu";s:6:"fundst";}}s:4:"type";s:4:"form";}
2019-07-11 12:17:36 - MENU : fundst
2019-07-11 12:17:36 - MENU INPUT : 1
2019-07-11 12:17:36 - UP : fundst
2019-07-11 12:17:36 - MENU RESPONSES : fundst -> 
2019-07-11 12:17:36 - DOWN : pinReset
2019-07-11 12:17:36 - DOWN MENU : O:8:"stdClass":5:{s:2:"id";s:6:"fundst";s:8:"response";s:60:"Reply with:
1. Direct Transfer
2. InterBank Transfer
0. Home";s:3:"map";a:2:{i:0;O:8:"stdClass":2:{s:3:"key";s:1:"1";s:4:"menu";s:14:"iftFormAccount";}i:1;O:8:"stdClass":2:{s:3:"key";s:1:"2";s:4:"menu";s:17:"InterBankTransfer";}}s:4:"type";s:7:"dynamic";s:6:"action";s:3:"con";}
2019-07-11 12:17:40 - MENU : iftFormAccount
2019-07-11 12:17:40 - MENU INPUT : 223206003324501
2019-07-11 12:17:40 - UP : iftFormAccount
2019-07-11 12:17:40 - MENU RESPONSES : iftFormAccount -> 
2019-07-11 12:17:40 - DOWN : pinReset
2019-07-11 12:17:40 - DOWN MENU : O:8:"stdClass":6:{s:2:"id";s:14:"iftFormAccount";s:8:"response";s:29:"Enter Account To Transfer To:";s:3:"map";a:1:{i:0;O:8:"stdClass":2:{s:3:"key";s:4:"next";s:4:"menu";s:17:"validateFTAccount";}}s:4:"type";s:4:"form";s:4:"name";s:13:"DirectAccount";s:6:"action";s:3:"con";}
2019-07-11 12:17:40 - ERROR : validateFTAccount
2019-07-11 12:17:40 - MMMMMMM : validateFTAccount
2019-07-11 12:17:40 - VALIDATE FT ACCOUNT REQUEST : FORMID:M-:MERCHANTID:VALIDATEACCOUNT:ACCOUNTID:223206003324501:CUSTOMERID:1485941693:MOBILENUMBER:256700146817:BANKNAME:PML:SHORTCODE:250:BANKID:0017:COUNTRY:UGANDATEST:ACTION:GETNAME:UNIQUEID:80f63048-4878-9bb3-8c1c-4c17e984e878:TRXSOURCE:USSD:
2019-07-11 12:18:02 - VALIDATE FT ACCOUNT RESPONSE : 
STATUS:091:MESSAGE:Invalid Account. Please reenter.
2019-07-11 12:37:54 - GET CUSTOMER REQUEST :FORMID:GETCUSTOMER:MOBILENUMBER:256700146817:SHORTCODE:250:COUNTRY:UGANDATEST:DEVICEID:256700146817250:UNIQUEID:48a08848-0170-9f9d-e49c-7a04d45476f3:
2019-07-11 12:37:54 - GET CUSTOMER RESPONSE : 
STATUS:000:CUSTOMERID:1485941693:COUNTRY:UGANDATEST:FIRSTNAME:Shafique:LASTNAME:Kabali:BANKNAME:PRIDE:WELCOMEMESSAGE:Welcome to Pride Mobile Banking. Enter your PIN:LANGUAGE:EN
2019-07-11 12:37:54 - GET CUSTOMER000
2019-07-11 12:37:54 - GET CUSTOMER TIME : 5.1116943359375E-8
2019-07-11 12:37:57 - MENU : menu
2019-07-11 12:37:57 - MENU INPUT : 1234
2019-07-11 12:37:57 - LOGIN REQUEST : FORMID:LOGIN:CUSTOMERID:1485941693:MOBILENUMBER:256700146817:BANKID:0017:BANKNAME:PML:SHORTCODE:250:COUNTRY:UGANDATEST:DEVICEID:256700146817250:LOGINMPIN:1234:UNIQUEID:dd54f952-b832-2211-ec95-7e9db54db88f:
2019-07-11 12:37:57 - LOGIN RESPONSE :
STATUS:000:ACCOUNTS:223205003324501,218210027132501,223206003324501:
2019-07-11 12:37:57 - LOGIN ACCOUNTS :223205003324501,218210027132501,223206003324501
2019-07-11 12:38:02 - MENU : home
2019-07-11 12:38:02 - MENU INPUT : 3
2019-07-11 12:38:02 - UP : home
2019-07-11 12:38:02 - MENU RESPONSES : home -> 
2019-07-11 12:38:02 - DOWN : pinReset
2019-07-11 12:38:02 - DOWN MENU : O:8:"stdClass":5:{s:2:"id";s:4:"home";s:8:"response";s:144:"Reply with
1. Account Balance
2. Mini Statement
3.Funds Transfer
4. Airtime Purchase
5. Mobile Money
6. Utility Payment 
7. Change Pin
8. Logout";s:3:"map";a:7:{i:0;O:8:"stdClass":2:{s:3:"key";s:1:"1";s:4:"menu";s:15:"BalanceAccounts";}i:1;O:8:"stdClass":2:{s:3:"key";s:1:"2";s:4:"menu";s:17:"StatementAccounts";}i:2;O:8:"stdClass":2:{s:3:"key";s:1:"3";s:4:"menu";s:10:"FTAccounts";}i:3;O:8:"stdClass":2:{s:3:"key";s:1:"4";s:4:"menu";s:14:"MOBILEPROVIDER";}i:4;O:8:"stdClass":2:{s:3:"key";s:1:"5";s:4:"menu";s:5:"NewFT";}i:5;O:8:"stdClass":2:{s:3:"key";s:1:"6";s:4:"menu";s:7:"utility";}i:6;O:8:"stdClass":2:{s:3:"key";s:1:"7";s:4:"menu";s:9:"changePin";}}s:4:"type";s:7:"dynamic";s:6:"action";s:3:"con";}
2019-07-11 12:38:02 - ERROR : FTAccounts
2019-07-11 12:38:02 - MMMMMMM : FTAccounts
2019-07-11 12:38:12 - MENU : FTAccounts
2019-07-11 12:38:12 - MENU INPUT : 3
2019-07-11 12:38:12 - UP : FTAccounts
2019-07-11 12:38:12 - MENU RESPONSES : FTAccounts -> 
2019-07-11 12:38:12 - DOWN : pinReset
2019-07-11 12:38:12 - ERROR : FTAccounts
2019-07-11 12:38:12 - MMMMMMM : FTAccounts
2019-07-11 12:38:12 - DOWN MENU : O:8:"stdClass":5:{s:2:"id";s:10:"FTAccounts";s:6:"action";s:3:"con";s:8:"response";s:90:"Select Bank 
1. 223205003324501
2. 218210027132501
3. 223206003324501
00. Home 
 000. Exit";s:3:"map";a:1:{i:0;O:8:"stdClass":1:{s:4:"menu";s:6:"fundst";}}s:4:"type";s:4:"form";}
2019-07-11 12:38:16 - MENU : fundst
2019-07-11 12:38:16 - MENU INPUT : 1
2019-07-11 12:38:16 - UP : fundst
2019-07-11 12:38:16 - MENU RESPONSES : fundst -> 
2019-07-11 12:38:16 - DOWN : pinReset
2019-07-11 12:38:16 - DOWN MENU : O:8:"stdClass":5:{s:2:"id";s:6:"fundst";s:8:"response";s:60:"Reply with:
1. Direct Transfer
2. InterBank Transfer
0. Home";s:3:"map";a:2:{i:0;O:8:"stdClass":2:{s:3:"key";s:1:"1";s:4:"menu";s:14:"iftFormAccount";}i:1;O:8:"stdClass":2:{s:3:"key";s:1:"2";s:4:"menu";s:17:"InterBankTransfer";}}s:4:"type";s:7:"dynamic";s:6:"action";s:3:"con";}
2019-07-11 12:38:19 - MENU : iftFormAccount
2019-07-11 12:38:19 - MENU INPUT : 218210027132501
2019-07-11 12:38:19 - UP : iftFormAccount
2019-07-11 12:38:19 - MENU RESPONSES : iftFormAccount -> 
2019-07-11 12:38:19 - DOWN : pinReset
2019-07-11 12:38:19 - DOWN MENU : O:8:"stdClass":6:{s:2:"id";s:14:"iftFormAccount";s:8:"response";s:29:"Enter Account To Transfer To:";s:3:"map";a:1:{i:0;O:8:"stdClass":2:{s:3:"key";s:4:"next";s:4:"menu";s:17:"validateFTAccount";}}s:4:"type";s:4:"form";s:4:"name";s:13:"DirectAccount";s:6:"action";s:3:"con";}
2019-07-11 12:38:19 - ERROR : validateFTAccount
2019-07-11 12:38:19 - MMMMMMM : validateFTAccount
2019-07-11 12:38:19 - VALIDATE FT ACCOUNT REQUEST : FORMID:M-:MERCHANTID:VALIDATEACCOUNT:ACCOUNTID:218210027132501:CUSTOMERID:1485941693:MOBILENUMBER:256700146817:BANKNAME:PML:SHORTCODE:250:BANKID:0017:COUNTRY:UGANDATEST:ACTION:GETNAME:UNIQUEID:e863b828-918a-8038-90ac-b3500615e153:TRXSOURCE:USSD:
2019-07-11 12:38:40 - VALIDATE FT ACCOUNT RESPONSE : 
STATUS:091:MESSAGE:Invalid Account. Please reenter.
