2019-07-08 14:49:09 - GET CUSTOMER REQUEST :FORMID:GETCUSTOMER:MOBILENUMBER:256700146817:SHORTCODE:250:COUNTRY:UGANDATEST:DEVICEID:256700146817250:UNIQUEID:f7dec726-19f2-fbc4-464f-1839590e6a12:
2019-07-08 14:49:10 - GET CUSTOMER RESPONSE : 
STATUS:000:CUSTOMERID:1485941693:COUNTRY:UGANDATEST:FIRSTNAME:Shafique:LASTNAME:Kabali:BANKNAME:PRIDE:WELCOMEMESSAGE:Welcome to Pride Mobile Banking. Enter your PIN:LANGUAGE:EN
2019-07-08 14:49:10 - GET CUSTOMER000
2019-07-08 14:49:10 - GET CUSTOMER TIME : 1.1113111972809E-6
2019-07-08 14:49:19 - MENU : menu
2019-07-08 14:49:19 - MENU INPUT : 1234
2019-07-08 14:49:19 - LOGIN REQUEST : FORMID:LOGIN:CUSTOMERID:1485941693:MOBILENUMBER:256700146817:BANKID:0017:BANKNAME:PML:SHORTCODE:250:COUNTRY:UGANDATEST:DEVICEID:256700146817250:LOGINMPIN:1234:UNIQUEID:4b2fbafa-a369-e25b-48b0-5f0cfa065cac:
2019-07-08 14:49:19 - LOGIN RESPONSE :
STATUS:000:ACCOUNTS:223205003324501,218210027132501,223206003324501:
2019-07-08 14:49:19 - LOGIN ACCOUNTS :223205003324501,218210027132501,223206003324501
2019-07-08 14:49:23 - MENU : home
2019-07-08 14:49:23 - MENU INPUT : 1
2019-07-08 14:49:23 - UP : home
2019-07-08 14:49:23 - MENU RESPONSES : home -> 
2019-07-08 14:49:23 - DOWN : pinReset
2019-07-08 14:49:23 - DOWN MENU : O:8:"stdClass":5:{s:2:"id";s:4:"home";s:8:"response";s:144:"Reply with
1. Account Balance
2. Mini Statement
3.Funds Transfer
4. Airtime Purchase
5. Mobile Money
6. Utility Payment 
7. Change Pin
8. Logout";s:3:"map";a:7:{i:0;O:8:"stdClass":2:{s:3:"key";s:1:"1";s:4:"menu";s:15:"BalanceAccounts";}i:1;O:8:"stdClass":2:{s:3:"key";s:1:"2";s:4:"menu";s:17:"StatementAccounts";}i:2;O:8:"stdClass":2:{s:3:"key";s:1:"3";s:4:"menu";s:10:"FTAccounts";}i:3;O:8:"stdClass":2:{s:3:"key";s:1:"4";s:4:"menu";s:14:"MOBILEPROVIDER";}i:4;O:8:"stdClass":2:{s:3:"key";s:1:"5";s:4:"menu";s:5:"NewFT";}i:5;O:8:"stdClass":2:{s:3:"key";s:1:"6";s:4:"menu";s:7:"utility";}i:6;O:8:"stdClass":2:{s:3:"key";s:1:"7";s:4:"menu";s:9:"changePin";}}s:4:"type";s:7:"dynamic";s:6:"action";s:3:"con";}
2019-07-08 14:49:23 - ERROR : BalanceAccounts
2019-07-08 14:49:23 - MMMMMMM : BalanceAccounts
2019-07-08 14:49:25 - MENU : BalanceAccounts
2019-07-08 14:49:25 - MENU INPUT : 1
2019-07-08 14:49:25 - UP : BalanceAccounts
2019-07-08 14:49:25 - MENU RESPONSES : BalanceAccounts -> 
2019-07-08 14:49:25 - DOWN : pinReset
2019-07-08 14:49:25 - ERROR : BalanceAccounts
2019-07-08 14:49:25 - MMMMMMM : BalanceAccounts
2019-07-08 14:49:25 - DOWN MENU : O:8:"stdClass":5:{s:2:"id";s:15:"BalanceAccounts";s:6:"action";s:3:"con";s:8:"response";s:88:"Select bank:
1. Pride/223205003324501
2. Pride/218210027132501
3. Pride/223206003324501
";s:3:"map";a:1:{i:0;O:8:"stdClass":1:{s:4:"menu";s:14:"AccountBalance";}}s:4:"type";s:4:"form";}
2019-07-08 14:49:25 - ERROR : AccountBalance
2019-07-08 14:49:25 - MMMMMMM : AccountBalance
2019-07-08 14:49:25 - BALANCE REQUEST : FORMID:B-:MERCHANTID:BALANCE:BANKACCOUNTID:223205003324501:SHORTCODE:250:CUSTOMERID:1485941693:MOBILENUMBER:256700146817:BANKID:0017:COUNTRY:UGANDATEST:UNIQUEID:aee58d66-11f1-2e3c-c056-fd6955e5a6aa:
2019-07-08 14:49:47 - BALANCE RESPONSE : 
STATUS:091:DATA: shown
