2019-07-09 15:47:43 - GET CUSTOMER REQUEST :FORMID:GETCUSTOMER:MOBILENUMBER:256700146817:SHORTCODE:250:COUNTRY:UGANDATEST:DEVICEID:256700146817250:UNIQUEID:485a6624-3ce2-f6b6-e527-6ba95c0a00ff:
2019-07-09 15:47:44 - GET CUSTOMER RESPONSE : 
STATUS:000:CUSTOMERID:1485941693:COUNTRY:UGANDATEST:FIRSTNAME:Shafique:LASTNAME:Kabali:BANKNAME:PRIDE:WELCOMEMESSAGE:Welcome to Pride Mobile Banking. Enter your PIN:LANGUAGE:EN
2019-07-09 15:47:44 - GET CUSTOMER000
2019-07-09 15:47:44 - GET CUSTOMER TIME : 4.7972297668457E-7
2019-07-09 15:47:52 - MENU : menu
2019-07-09 15:47:52 - MENU INPUT : 1234
2019-07-09 15:47:52 - LOGIN REQUEST : FORMID:LOGIN:CUSTOMERID:1485941693:MOBILENUMBER:256700146817:BANKID:0017:BANKNAME:PML:SHORTCODE:250:COUNTRY:UGANDATEST:DEVICEID:256700146817250:LOGINMPIN:1234:UNIQUEID:fbb5233e-2aa1-db9a-3be1-3dd7ab1ec736:
2019-07-09 15:47:52 - LOGIN RESPONSE :
STATUS:000:ACCOUNTS:223205003324501,218210027132501,223206003324501:
2019-07-09 15:47:52 - LOGIN ACCOUNTS :223205003324501,218210027132501,223206003324501
2019-07-09 15:47:53 - MENU : home
2019-07-09 15:47:53 - MENU INPUT : 1234
2019-07-09 15:47:53 - UP : home
2019-07-09 15:47:53 - MENU RESPONSES : home -> 
2019-07-09 15:47:53 - DOWN : pinReset
2019-07-09 15:47:53 - DOWN MENU : O:8:"stdClass":5:{s:2:"id";s:4:"home";s:8:"response";s:144:"Reply with
1. Account Balance
2. Mini Statement
3.Funds Transfer
4. Airtime Purchase
5. Mobile Money
6. Utility Payment 
7. Change Pin
8. Logout";s:3:"map";a:7:{i:0;O:8:"stdClass":2:{s:3:"key";s:1:"1";s:4:"menu";s:15:"BalanceAccounts";}i:1;O:8:"stdClass":2:{s:3:"key";s:1:"2";s:4:"menu";s:17:"StatementAccounts";}i:2;O:8:"stdClass":2:{s:3:"key";s:1:"3";s:4:"menu";s:10:"FTAccounts";}i:3;O:8:"stdClass":2:{s:3:"key";s:1:"4";s:4:"menu";s:14:"MOBILEPROVIDER";}i:4;O:8:"stdClass":2:{s:3:"key";s:1:"5";s:4:"menu";s:5:"NewFT";}i:5;O:8:"stdClass":2:{s:3:"key";s:1:"6";s:4:"menu";s:7:"utility";}i:6;O:8:"stdClass":2:{s:3:"key";s:1:"7";s:4:"menu";s:9:"changePin";}}s:4:"type";s:7:"dynamic";s:6:"action";s:3:"con";}
2019-07-09 15:47:53 - ERROR : pinReset
2019-07-09 15:47:53 - MMMMMMM : pinReset
2019-07-09 15:47:57 - GET CUSTOMER REQUEST :FORMID:GETCUSTOMER:MOBILENUMBER:256700146817:SHORTCODE:250:COUNTRY:UGANDATEST:DEVICEID:256700146817250:UNIQUEID:a0ab9669-83e5-2678-eb73-7072d04ad33f:
2019-07-09 15:47:57 - GET CUSTOMER RESPONSE : 
STATUS:000:CUSTOMERID:1485941693:COUNTRY:UGANDATEST:FIRSTNAME:Shafique:LASTNAME:Kabali:BANKNAME:PRIDE:WELCOMEMESSAGE:Welcome to Pride Mobile Banking. Enter your PIN:LANGUAGE:EN
2019-07-09 15:47:57 - GET CUSTOMER000
2019-07-09 15:47:57 - GET CUSTOMER TIME : 2.6455163955688E-8
2019-07-09 15:47:58 - GET CUSTOMER REQUEST :FORMID:GETCUSTOMER:MOBILENUMBER:256700146817:SHORTCODE:250:COUNTRY:UGANDATEST:DEVICEID:256700146817250:UNIQUEID:ad851dae-5fe5-0804-1774-0ccf71c259f9:
2019-07-09 15:47:58 - GET CUSTOMER RESPONSE : 
STATUS:000:CUSTOMERID:1485941693:COUNTRY:UGANDATEST:FIRSTNAME:Shafique:LASTNAME:Kabali:BANKNAME:PRIDE:WELCOMEMESSAGE:Welcome to Pride Mobile Banking. Enter your PIN:LANGUAGE:EN
2019-07-09 15:47:58 - GET CUSTOMER000
2019-07-09 15:47:58 - GET CUSTOMER TIME : 2.4837017059326E-8
2019-07-09 15:48:03 - GET CUSTOMER REQUEST :FORMID:GETCUSTOMER:MOBILENUMBER:256700146817:SHORTCODE:250:COUNTRY:UGANDATEST:DEVICEID:256700146817250:UNIQUEID:3ff82de4-e7c7-ef30-3c00-a5b3e1de7604:
2019-07-09 15:48:03 - GET CUSTOMER RESPONSE : 
STATUS:000:CUSTOMERID:1485941693:COUNTRY:UGANDATEST:FIRSTNAME:Shafique:LASTNAME:Kabali:BANKNAME:PRIDE:WELCOMEMESSAGE:Welcome to Pride Mobile Banking. Enter your PIN:LANGUAGE:EN
2019-07-09 15:48:03 - GET CUSTOMER000
2019-07-09 15:48:03 - GET CUSTOMER TIME : 2.3857831954956E-8
2019-07-09 15:48:06 - MENU : menu
2019-07-09 15:48:06 - MENU INPUT : 1234
2019-07-09 15:48:06 - LOGIN REQUEST : FORMID:LOGIN:CUSTOMERID:1485941693:MOBILENUMBER:256700146817:BANKID:0017:BANKNAME:PML:SHORTCODE:250:COUNTRY:UGANDATEST:DEVICEID:256700146817250:LOGINMPIN:1234:UNIQUEID:c75b9c24-1684-54d9-04de-13450ee971b9:
2019-07-09 15:48:06 - LOGIN RESPONSE :
STATUS:000:ACCOUNTS:223205003324501,218210027132501,223206003324501:
2019-07-09 15:48:06 - LOGIN ACCOUNTS :223205003324501,218210027132501,223206003324501
2019-07-09 15:48:10 - MENU : home
2019-07-09 15:48:10 - MENU INPUT : 1
2019-07-09 15:48:10 - UP : home
2019-07-09 15:48:10 - MENU RESPONSES : home -> 
2019-07-09 15:48:10 - DOWN : pinReset
2019-07-09 15:48:10 - DOWN MENU : O:8:"stdClass":5:{s:2:"id";s:4:"home";s:8:"response";s:144:"Reply with
1. Account Balance
2. Mini Statement
3.Funds Transfer
4. Airtime Purchase
5. Mobile Money
6. Utility Payment 
7. Change Pin
8. Logout";s:3:"map";a:7:{i:0;O:8:"stdClass":2:{s:3:"key";s:1:"1";s:4:"menu";s:15:"BalanceAccounts";}i:1;O:8:"stdClass":2:{s:3:"key";s:1:"2";s:4:"menu";s:17:"StatementAccounts";}i:2;O:8:"stdClass":2:{s:3:"key";s:1:"3";s:4:"menu";s:10:"FTAccounts";}i:3;O:8:"stdClass":2:{s:3:"key";s:1:"4";s:4:"menu";s:14:"MOBILEPROVIDER";}i:4;O:8:"stdClass":2:{s:3:"key";s:1:"5";s:4:"menu";s:5:"NewFT";}i:5;O:8:"stdClass":2:{s:3:"key";s:1:"6";s:4:"menu";s:7:"utility";}i:6;O:8:"stdClass":2:{s:3:"key";s:1:"7";s:4:"menu";s:9:"changePin";}}s:4:"type";s:7:"dynamic";s:6:"action";s:3:"con";}
2019-07-09 15:48:10 - ERROR : BalanceAccounts
2019-07-09 15:48:10 - MMMMMMM : BalanceAccounts
2019-07-09 15:48:12 - MENU : BalanceAccounts
2019-07-09 15:48:12 - MENU INPUT : 1
2019-07-09 15:48:12 - UP : BalanceAccounts
2019-07-09 15:48:12 - MENU RESPONSES : BalanceAccounts -> 
2019-07-09 15:48:12 - DOWN : pinReset
2019-07-09 15:48:12 - ERROR : BalanceAccounts
2019-07-09 15:48:12 - MMMMMMM : BalanceAccounts
2019-07-09 15:48:12 - DOWN MENU : O:8:"stdClass":5:{s:2:"id";s:15:"BalanceAccounts";s:6:"action";s:3:"con";s:8:"response";s:88:"Select bank:
1. Pride/223205003324501
2. Pride/218210027132501
3. Pride/223206003324501
";s:3:"map";a:1:{i:0;O:8:"stdClass":1:{s:4:"menu";s:14:"AccountBalance";}}s:4:"type";s:4:"form";}
2019-07-09 15:48:12 - ERROR : AccountBalance
2019-07-09 15:48:12 - MMMMMMM : AccountBalance
2019-07-09 15:48:12 - BALANCE REQUEST : FORMID:B-:MERCHANTID:BALANCE:BANKACCOUNTID:223205003324501:SHORTCODE:250:CUSTOMERID:1485941693:MOBILENUMBER:256700146817:BANKID:0017:COUNTRY:UGANDATEST:UNIQUEID:439595ca-9191-adda-e1a9-7e3f73b77198:
2019-07-09 15:48:33 - BALANCE RESPONSE : 
STATUS:091:DATA: shown
2019-07-09 15:49:45 - MENU : groupsave
2019-07-09 15:49:45 - MENU INPUT : 1
2019-07-09 15:49:45 - UP : groupsave
2019-07-09 15:49:45 - MENU RESPONSES : groupsave -> 
2019-07-09 15:49:45 - DOWN : pinReset
2019-07-09 15:49:45 - ERROR : groupsave
2019-07-09 15:49:45 - MMMMMMM : groupsave
