2019-06-29 10:28:49 - GET CUSTOMER REQUEST :FORMID:GETCUSTOMER:MOBILENUMBER:256700146817:SHORTCODE:250:COUNTRY:UGANDATEST:DEVICEID:256700146817250:UNIQUEID:7518b4e3-bfab-d46b-4f58-dcc9307326a6:
2019-06-29 10:28:49 - GET CUSTOMER RESPONSE : 
STATUS:000:CUSTOMERID:1485941693:COUNTRY:UGANDATEST:FIRSTNAME:Shafique:LASTNAME:Kabali:BANKNAME:PRIDE:WELCOMEMESSAGE:Welcome to Pride Mobile Banking. Enter your PIN:LANGUAGE:EN
2019-06-29 10:28:49 - GET CUSTOMER000
2019-06-29 10:28:49 - GET CUSTOMER TIME : 8.6647605895996E-7
2019-06-29 10:28:57 - MENU : menu
2019-06-29 10:28:57 - MENU INPUT : 1234
2019-06-29 10:28:57 - LOGIN REQUEST : FORMID:LOGIN:CUSTOMERID:1485941693:MOBILENUMBER:256700146817:BANKID:0017:BANKNAME:PML:SHORTCODE:250:COUNTRY:UGANDATEST:DEVICEID:256700146817250:LOGINMPIN:1234:UNIQUEID:a76eca93-cf6e-8ae0-a35f-49eb689a318e:
2019-06-29 10:28:57 - LOGIN RESPONSE :
STATUS:000:ACCOUNTS:223205003324501:
2019-06-29 10:28:57 - LOGIN ACCOUNTS :223205003324501
2019-06-29 11:01:39 - GET CUSTOMER REQUEST :FORMID:GETCUSTOMER:MOBILENUMBER:256700146817:SHORTCODE:250:COUNTRY:UGANDATEST:DEVICEID:256700146817250:UNIQUEID:eab83609-3da3-4878-314b-4a3adb61d004:
2019-06-29 11:01:39 - GET CUSTOMER RESPONSE : 
STATUS:000:CUSTOMERID:1485941693:COUNTRY:UGANDATEST:FIRSTNAME:Shafique:LASTNAME:Kabali:BANKNAME:PRIDE:WELCOMEMESSAGE:Welcome to Pride Mobile Banking. Enter your PIN:LANGUAGE:EN
2019-06-29 11:01:39 - GET CUSTOMER000
2019-06-29 11:01:39 - GET CUSTOMER TIME : 4.7630071640015E-8
2019-06-29 11:01:42 - MENU : menu
2019-06-29 11:01:42 - MENU INPUT : 1234
2019-06-29 11:01:42 - LOGIN REQUEST : FORMID:LOGIN:CUSTOMERID:1485941693:MOBILENUMBER:256700146817:BANKID:0017:BANKNAME:PML:SHORTCODE:250:COUNTRY:UGANDATEST:DEVICEID:256700146817250:LOGINMPIN:1234:UNIQUEID:6b148fdb-5d18-7b20-e602-73ea5c44fcd2:
2019-06-29 11:01:43 - LOGIN RESPONSE :
STATUS:000:ACCOUNTS:223205003324501:
2019-06-29 11:01:43 - LOGIN ACCOUNTS :223205003324501
2019-06-29 11:01:51 - MENU : home
2019-06-29 11:01:51 - MENU INPUT : 1
2019-06-29 11:01:51 - UP : home
2019-06-29 11:01:51 - MENU RESPONSES : home -> 
2019-06-29 11:01:51 - DOWN : pinReset
2019-06-29 11:01:51 - DOWN MENU : O:8:"stdClass":5:{s:2:"id";s:4:"home";s:8:"response";s:144:"Reply with
1. Account Balance
2. Mini Statement
3.Funds Transfer
4. Airtime Purchase
5. Mobile Money
6. Utility Payment 
7. Change Pin
8. Logout";s:3:"map";a:7:{i:0;O:8:"stdClass":2:{s:3:"key";s:1:"1";s:4:"menu";s:15:"BalanceAccounts";}i:1;O:8:"stdClass":2:{s:3:"key";s:1:"2";s:4:"menu";s:17:"StatementAccounts";}i:2;O:8:"stdClass":2:{s:3:"key";s:1:"3";s:4:"menu";s:10:"FTAccounts";}i:3;O:8:"stdClass":2:{s:3:"key";s:1:"4";s:4:"menu";s:14:"MOBILEPROVIDER";}i:4;O:8:"stdClass":2:{s:3:"key";s:1:"5";s:4:"menu";s:5:"NewFT";}i:5;O:8:"stdClass":2:{s:3:"key";s:1:"6";s:4:"menu";s:7:"utility";}i:6;O:8:"stdClass":2:{s:3:"key";s:1:"7";s:4:"menu";s:9:"changePin";}}s:4:"type";s:7:"dynamic";s:6:"action";s:3:"con";}
2019-06-29 11:01:51 - ERROR : BalanceAccounts
2019-06-29 11:01:51 - MMMMMMM : BalanceAccounts
2019-06-29 11:03:31 - GET CUSTOMER REQUEST :FORMID:GETCUSTOMER:MOBILENUMBER:256700146817:SHORTCODE:250:COUNTRY:UGANDATEST:DEVICEID:256700146817250:UNIQUEID:45228ad7-9e6c-1829-d6bc-85d2daafc602:
2019-06-29 11:03:31 - GET CUSTOMER RESPONSE : 
STATUS:000:CUSTOMERID:1485941693:COUNTRY:UGANDATEST:FIRSTNAME:Shafique:LASTNAME:Kabali:BANKNAME:PRIDE:WELCOMEMESSAGE:Welcome to Pride Mobile Banking. Enter your PIN:LANGUAGE:EN
2019-06-29 11:03:31 - GET CUSTOMER000
2019-06-29 11:03:31 - GET CUSTOMER TIME : 4.2396068572998E-8
2019-06-29 11:03:34 - MENU : menu
2019-06-29 11:03:34 - MENU INPUT : 1234
2019-06-29 11:03:34 - LOGIN REQUEST : FORMID:LOGIN:CUSTOMERID:1485941693:MOBILENUMBER:256700146817:BANKID:0017:BANKNAME:PML:SHORTCODE:250:COUNTRY:UGANDATEST:DEVICEID:256700146817250:LOGINMPIN:1234:UNIQUEID:68a68c3e-8e7e-4b81-c4df-d1652da5a6f4:
2019-06-29 11:03:35 - LOGIN RESPONSE :
STATUS:000:ACCOUNTS:223205003324501:
2019-06-29 11:03:35 - LOGIN ACCOUNTS :223205003324501
2019-06-29 11:03:38 - MENU : home
2019-06-29 11:03:38 - MENU INPUT : 1
2019-06-29 11:03:38 - UP : home
2019-06-29 11:03:38 - MENU RESPONSES : home -> 
2019-06-29 11:03:38 - DOWN : pinReset
2019-06-29 11:03:38 - DOWN MENU : O:8:"stdClass":5:{s:2:"id";s:4:"home";s:8:"response";s:144:"Reply with
1. Account Balance
2. Mini Statement
3.Funds Transfer
4. Airtime Purchase
5. Mobile Money
6. Utility Payment 
7. Change Pin
8. Logout";s:3:"map";a:7:{i:0;O:8:"stdClass":2:{s:3:"key";s:1:"1";s:4:"menu";s:15:"BalanceAccounts";}i:1;O:8:"stdClass":2:{s:3:"key";s:1:"2";s:4:"menu";s:17:"StatementAccounts";}i:2;O:8:"stdClass":2:{s:3:"key";s:1:"3";s:4:"menu";s:10:"FTAccounts";}i:3;O:8:"stdClass":2:{s:3:"key";s:1:"4";s:4:"menu";s:14:"MOBILEPROVIDER";}i:4;O:8:"stdClass":2:{s:3:"key";s:1:"5";s:4:"menu";s:5:"NewFT";}i:5;O:8:"stdClass":2:{s:3:"key";s:1:"6";s:4:"menu";s:7:"utility";}i:6;O:8:"stdClass":2:{s:3:"key";s:1:"7";s:4:"menu";s:9:"changePin";}}s:4:"type";s:7:"dynamic";s:6:"action";s:3:"con";}
2019-06-29 11:03:38 - ERROR : BalanceAccounts
2019-06-29 11:03:38 - MMMMMMM : BalanceAccounts
2019-06-29 11:11:22 - GET CUSTOMER REQUEST :FORMID:GETCUSTOMER:MOBILENUMBER:256700146817:SHORTCODE:250:COUNTRY:UGANDATEST:DEVICEID:256700146817250:UNIQUEID:b528e209-9346-5cd3-add6-9d6d2572a863:
2019-06-29 11:11:22 - GET CUSTOMER RESPONSE : 
STATUS:000:CUSTOMERID:1485941693:COUNTRY:UGANDATEST:FIRSTNAME:Shafique:LASTNAME:Kabali:BANKNAME:PRIDE:WELCOMEMESSAGE:Welcome to Pride Mobile Banking. Enter your PIN:LANGUAGE:EN
2019-06-29 11:11:22 - GET CUSTOMER000
2019-06-29 11:11:22 - GET CUSTOMER TIME : 3.253698348999E-8
2019-06-29 11:11:27 - MENU : menu
2019-06-29 11:11:27 - MENU INPUT : 1234
2019-06-29 11:11:27 - LOGIN REQUEST : FORMID:LOGIN:CUSTOMERID:1485941693:MOBILENUMBER:256700146817:BANKID:0017:BANKNAME:PML:SHORTCODE:250:COUNTRY:UGANDATEST:DEVICEID:256700146817250:LOGINMPIN:1234:UNIQUEID:1f2acd23-bbd7-9e14-9ba5-c17d33bf2a32:
2019-06-29 11:11:27 - LOGIN RESPONSE :
STATUS:000:ACCOUNTS:223205003324501:
2019-06-29 11:11:27 - LOGIN ACCOUNTS :223205003324501
2019-06-29 11:11:30 - MENU : home
2019-06-29 11:11:30 - MENU INPUT : 2
2019-06-29 11:11:30 - UP : home
2019-06-29 11:11:30 - MENU RESPONSES : home -> 
2019-06-29 11:11:30 - DOWN : pinReset
2019-06-29 11:11:30 - DOWN MENU : O:8:"stdClass":5:{s:2:"id";s:4:"home";s:8:"response";s:144:"Reply with
1. Account Balance
2. Mini Statement
3.Funds Transfer
4. Airtime Purchase
5. Mobile Money
6. Utility Payment 
7. Change Pin
8. Logout";s:3:"map";a:7:{i:0;O:8:"stdClass":2:{s:3:"key";s:1:"1";s:4:"menu";s:15:"BalanceAccounts";}i:1;O:8:"stdClass":2:{s:3:"key";s:1:"2";s:4:"menu";s:17:"StatementAccounts";}i:2;O:8:"stdClass":2:{s:3:"key";s:1:"3";s:4:"menu";s:10:"FTAccounts";}i:3;O:8:"stdClass":2:{s:3:"key";s:1:"4";s:4:"menu";s:14:"MOBILEPROVIDER";}i:4;O:8:"stdClass":2:{s:3:"key";s:1:"5";s:4:"menu";s:5:"NewFT";}i:5;O:8:"stdClass":2:{s:3:"key";s:1:"6";s:4:"menu";s:7:"utility";}i:6;O:8:"stdClass":2:{s:3:"key";s:1:"7";s:4:"menu";s:9:"changePin";}}s:4:"type";s:7:"dynamic";s:6:"action";s:3:"con";}
2019-06-29 11:11:30 - ERROR : StatementAccounts
2019-06-29 11:11:30 - MMMMMMM : StatementAccounts
2019-06-29 11:11:34 - MENU : StatementAccounts
2019-06-29 11:11:34 - MENU INPUT : 2
2019-06-29 11:11:34 - UP : StatementAccounts
2019-06-29 11:11:34 - MENU RESPONSES : StatementAccounts -> 
2019-06-29 11:11:34 - DOWN : pinReset
2019-06-29 11:11:34 - ERROR : StatementAccounts
2019-06-29 11:11:34 - MMMMMMM : StatementAccounts
2019-06-29 11:11:34 - DOWN MENU : O:8:"stdClass":5:{s:2:"id";s:17:"StatementAccounts";s:6:"action";s:3:"con";s:8:"response";s:38:"Select Bank:
1. Pride/223205003324501
";s:3:"map";a:1:{i:0;O:8:"stdClass":1:{s:4:"menu";s:16:"AccountStatement";}}s:4:"type";s:4:"form";}
2019-06-29 11:11:34 - ERROR : AccountStatement
2019-06-29 11:11:34 - MMMMMMM : AccountStatement
2019-06-29 11:22:01 - GET CUSTOMER REQUEST :FORMID:GETCUSTOMER:MOBILENUMBER:256700146817:SHORTCODE:250:COUNTRY:UGANDATEST:DEVICEID:256700146817250:UNIQUEID:4a5a777f-7e84-ad6b-24c8-3cf8e9fcb47c:
2019-06-29 11:22:01 - GET CUSTOMER RESPONSE : 
STATUS:000:CUSTOMERID:1485941693:COUNTRY:UGANDATEST:FIRSTNAME:Shafique:LASTNAME:Kabali:BANKNAME:PRIDE:WELCOMEMESSAGE:Welcome to Pride Mobile Banking. Enter your PIN:LANGUAGE:EN
2019-06-29 11:22:01 - GET CUSTOMER000
2019-06-29 11:22:01 - GET CUSTOMER TIME : 9.7133159637451E-8
2019-06-29 11:22:04 - MENU : menu
2019-06-29 11:22:04 - MENU INPUT : 1234
2019-06-29 11:22:04 - LOGIN REQUEST : FORMID:LOGIN:CUSTOMERID:1485941693:MOBILENUMBER:256700146817:BANKID:0017:BANKNAME:PML:SHORTCODE:250:COUNTRY:UGANDATEST:DEVICEID:256700146817250:LOGINMPIN:1234:UNIQUEID:613f4229-dc64-52e6-1a00-60b08804a88f:
2019-06-29 11:22:04 - LOGIN RESPONSE :
STATUS:000:ACCOUNTS:223205003324501:
2019-06-29 11:22:04 - LOGIN ACCOUNTS :223205003324501
2019-06-29 11:22:07 - MENU : home
2019-06-29 11:22:07 - MENU INPUT : 1
2019-06-29 11:22:07 - UP : home
2019-06-29 11:22:07 - MENU RESPONSES : home -> 
2019-06-29 11:22:07 - DOWN : pinReset
2019-06-29 11:22:07 - DOWN MENU : O:8:"stdClass":5:{s:2:"id";s:4:"home";s:8:"response";s:144:"Reply with
1. Account Balance
2. Mini Statement
3.Funds Transfer
4. Airtime Purchase
5. Mobile Money
6. Utility Payment 
7. Change Pin
8. Logout";s:3:"map";a:7:{i:0;O:8:"stdClass":2:{s:3:"key";s:1:"1";s:4:"menu";s:15:"BalanceAccounts";}i:1;O:8:"stdClass":2:{s:3:"key";s:1:"2";s:4:"menu";s:17:"StatementAccounts";}i:2;O:8:"stdClass":2:{s:3:"key";s:1:"3";s:4:"menu";s:10:"FTAccounts";}i:3;O:8:"stdClass":2:{s:3:"key";s:1:"4";s:4:"menu";s:14:"MOBILEPROVIDER";}i:4;O:8:"stdClass":2:{s:3:"key";s:1:"5";s:4:"menu";s:5:"NewFT";}i:5;O:8:"stdClass":2:{s:3:"key";s:1:"6";s:4:"menu";s:7:"utility";}i:6;O:8:"stdClass":2:{s:3:"key";s:1:"7";s:4:"menu";s:9:"changePin";}}s:4:"type";s:7:"dynamic";s:6:"action";s:3:"con";}
2019-06-29 11:22:07 - ERROR : BalanceAccounts
2019-06-29 11:22:07 - MMMMMMM : BalanceAccounts
2019-06-29 11:22:47 - GET CUSTOMER REQUEST :FORMID:GETCUSTOMER:MOBILENUMBER:256700146817:SHORTCODE:250:COUNTRY:UGANDATEST:DEVICEID:256700146817250:UNIQUEID:6d02e759-8b10-e6e2-5a39-711d5204333c:
2019-06-29 11:22:47 - GET CUSTOMER RESPONSE : 
STATUS:000:CUSTOMERID:1485941693:COUNTRY:UGANDATEST:FIRSTNAME:Shafique:LASTNAME:Kabali:BANKNAME:PRIDE:WELCOMEMESSAGE:Welcome to Pride Mobile Banking. Enter your PIN:LANGUAGE:EN
2019-06-29 11:22:47 - GET CUSTOMER000
2019-06-29 11:22:47 - GET CUSTOMER TIME : 7.691216468811E-8
2019-06-29 11:22:50 - MENU : menu
2019-06-29 11:22:50 - MENU INPUT : 1234
2019-06-29 11:22:50 - LOGIN REQUEST : FORMID:LOGIN:CUSTOMERID:1485941693:MOBILENUMBER:256700146817:BANKID:0017:BANKNAME:PML:SHORTCODE:250:COUNTRY:UGANDATEST:DEVICEID:256700146817250:LOGINMPIN:1234:UNIQUEID:04f6860d-d7bb-1e26-d763-613a03ef14e6:
2019-06-29 11:22:50 - LOGIN RESPONSE :
STATUS:000:ACCOUNTS:223205003324501:
2019-06-29 11:22:50 - LOGIN ACCOUNTS :223205003324501
2019-06-29 11:22:54 - MENU : home
2019-06-29 11:22:54 - MENU INPUT : 1
2019-06-29 11:22:54 - UP : home
2019-06-29 11:22:54 - MENU RESPONSES : home -> 
2019-06-29 11:22:54 - DOWN : pinReset
2019-06-29 11:22:54 - DOWN MENU : O:8:"stdClass":5:{s:2:"id";s:4:"home";s:8:"response";s:144:"Reply with
1. Account Balance
2. Mini Statement
3.Funds Transfer
4. Airtime Purchase
5. Mobile Money
6. Utility Payment 
7. Change Pin
8. Logout";s:3:"map";a:7:{i:0;O:8:"stdClass":2:{s:3:"key";s:1:"1";s:4:"menu";s:15:"BalanceAccounts";}i:1;O:8:"stdClass":2:{s:3:"key";s:1:"2";s:4:"menu";s:17:"StatementAccounts";}i:2;O:8:"stdClass":2:{s:3:"key";s:1:"3";s:4:"menu";s:10:"FTAccounts";}i:3;O:8:"stdClass":2:{s:3:"key";s:1:"4";s:4:"menu";s:14:"MOBILEPROVIDER";}i:4;O:8:"stdClass":2:{s:3:"key";s:1:"5";s:4:"menu";s:5:"NewFT";}i:5;O:8:"stdClass":2:{s:3:"key";s:1:"6";s:4:"menu";s:7:"utility";}i:6;O:8:"stdClass":2:{s:3:"key";s:1:"7";s:4:"menu";s:9:"changePin";}}s:4:"type";s:7:"dynamic";s:6:"action";s:3:"con";}
2019-06-29 11:22:54 - ERROR : BalanceAccounts
2019-06-29 11:22:54 - MMMMMMM : BalanceAccounts
2019-06-29 11:23:13 - MENU : BalanceAccounts
2019-06-29 11:23:13 - MENU INPUT : 1
2019-06-29 11:23:13 - UP : BalanceAccounts
2019-06-29 11:23:13 - MENU RESPONSES : BalanceAccounts -> 
2019-06-29 11:23:13 - DOWN : pinReset
2019-06-29 11:23:13 - ERROR : BalanceAccounts
2019-06-29 11:23:13 - MMMMMMM : BalanceAccounts
2019-06-29 11:23:13 - DOWN MENU : O:8:"stdClass":5:{s:2:"id";s:15:"BalanceAccounts";s:6:"action";s:3:"con";s:8:"response";s:38:"Select bank:
1. Pride/223205003324501
";s:3:"map";a:1:{i:0;O:8:"stdClass":1:{s:4:"menu";s:14:"AccountBalance";}}s:4:"type";s:4:"form";}
2019-06-29 11:23:13 - ERROR : AccountBalance
2019-06-29 11:23:13 - MMMMMMM : AccountBalance
2019-06-29 11:23:13 - BALANCE REQUEST : FORMID:B-:MERCHANTID:BALANCE:BANKACCOUNTID:223205003324501:SHORTCODE:250:CUSTOMERID:1485941693:MOBILENUMBER:256700146817:BANKID:0017:COUNTRY:UGANDATEST:UNIQUEID:bf7e0364-ca4d-1174-7b94-6b3df6800244:
2019-06-29 11:23:34 - BALANCE RESPONSE : 
STATUS:091:DATA: shown
