2019-08-27 12:01:48 - GET CUSTOMER REQUEST :FORMID:GETCUSTOMER:MOBILENUMBER:256700146817:SHORTCODE:250:COUNTRY:UGANDATEST:DEVICEID:256700146817250:UNIQUEID:07ff24e1-2117-bbd9-3e56-7e40f01cbda4:
2019-08-27 12:01:48 - GET CUSTOMER RESPONSE : 
STATUS:000:CUSTOMERID:1485941693:COUNTRY:UGANDATEST:FIRSTNAME:Shafique:LASTNAME:Kabali:BANKNAME:PRIDE:WELCOMEMESSAGE:Welcome to Pride Mobile Banking. Enter your PIN:LANGUAGE:EN
2019-08-27 12:01:48 - GET CUSTOMER000
2019-08-27 12:01:48 - GET CUSTOMER TIME : 8.876690864563E-7
2019-08-27 12:01:55 - MENU : menu
2019-08-27 12:01:55 - MENU INPUT : 2
2019-08-27 12:01:55 - LOGIN REQUEST : FORMID:LOGIN:CUSTOMERID:1485941693:MOBILENUMBER:256700146817:BANKID:0017:BANKNAME:PML:SHORTCODE:250:COUNTRY:UGANDATEST:DEVICEID:256700146817250:LOGINMPIN:2:UNIQUEID:4d94c0e6-a1d0-8539-e959-c1c5c0ca8b59:
2019-08-27 12:01:55 - LOGIN RESPONSE :
STATUS:091:DATA:Invalid Login Password
2019-08-27 12:01:57 - MENU : pin
2019-08-27 12:01:57 - MENU INPUT : 1234
2019-08-27 12:01:57 - LOGIN REQUEST : FORMID:LOGIN:CUSTOMERID:1485941693:MOBILENUMBER:256700146817:BANKID:0017:BANKNAME:PML:SHORTCODE:250:COUNTRY:UGANDATEST:DEVICEID:256700146817250:LOGINMPIN:1234:UNIQUEID:39877021-4f62-0d16-6bbb-c20425d4a1e6:
2019-08-27 12:01:57 - LOGIN RESPONSE :
STATUS:000:ACCOUNTS:218210027132501,223205003324501,223206003324501:
2019-08-27 12:01:57 - LOGIN ACCOUNTS :218210027132501,223205003324501,223206003324501
2019-08-27 12:02:05 - MENU : home
2019-08-27 12:02:05 - MENU INPUT : 1234
2019-08-27 12:02:05 - UP : home
2019-08-27 12:02:05 - MENU RESPONSES : home -> 
2019-08-27 12:02:05 - DOWN : pinReset
2019-08-27 12:02:05 - DOWN MENU : O:8:"stdClass":5:{s:2:"id";s:4:"home";s:8:"response";s:144:"Reply with
1. Account Balance
2. Mini Statement
3.Funds Transfer
4. Airtime Purchase
5. Mobile Money
6. Utility Payment 
7. Change Pin
8. Logout";s:3:"map";a:7:{i:0;O:8:"stdClass":2:{s:3:"key";s:1:"1";s:4:"menu";s:15:"BalanceAccounts";}i:1;O:8:"stdClass":2:{s:3:"key";s:1:"2";s:4:"menu";s:17:"StatementAccounts";}i:2;O:8:"stdClass":2:{s:3:"key";s:1:"3";s:4:"menu";s:10:"FTAccounts";}i:3;O:8:"stdClass":2:{s:3:"key";s:1:"4";s:4:"menu";s:14:"MOBILEPROVIDER";}i:4;O:8:"stdClass":2:{s:3:"key";s:1:"5";s:4:"menu";s:5:"NewFT";}i:5;O:8:"stdClass":2:{s:3:"key";s:1:"6";s:4:"menu";s:7:"utility";}i:6;O:8:"stdClass":2:{s:3:"key";s:1:"7";s:4:"menu";s:9:"changePin";}}s:4:"type";s:7:"dynamic";s:6:"action";s:3:"con";}
2019-08-27 12:02:05 - ERROR : pinReset
2019-08-27 12:02:05 - MMMMMMM : pinReset
2019-08-27 12:02:06 - MENU : pinReset
2019-08-27 12:02:06 - MENU INPUT : 1234
2019-08-27 12:02:06 - UP : pinReset
2019-08-27 12:02:06 - MENU RESPONSES : pinReset -> 
2019-08-27 12:02:06 - DOWN : pinReset
2019-08-27 12:02:06 - ERROR : pinReset
2019-08-27 12:02:06 - MMMMMMM : pinReset
2019-08-27 12:02:09 - GET CUSTOMER REQUEST :FORMID:GETCUSTOMER:MOBILENUMBER:256700146817:SHORTCODE:250:COUNTRY:UGANDATEST:DEVICEID:256700146817250:UNIQUEID:ca434800-6e62-ac57-a12f-00d3dd22cc37:
2019-08-27 12:02:09 - GET CUSTOMER RESPONSE : 
STATUS:000:CUSTOMERID:1485941693:COUNTRY:UGANDATEST:FIRSTNAME:Shafique:LASTNAME:Kabali:BANKNAME:PRIDE:WELCOMEMESSAGE:Welcome to Pride Mobile Banking. Enter your PIN:LANGUAGE:EN
2019-08-27 12:02:09 - GET CUSTOMER000
2019-08-27 12:02:09 - GET CUSTOMER TIME : 2.9573917388916E-8
2019-08-27 12:02:13 - MENU : menu
2019-08-27 12:02:13 - MENU INPUT : 1234
2019-08-27 12:02:13 - LOGIN REQUEST : FORMID:LOGIN:CUSTOMERID:1485941693:MOBILENUMBER:256700146817:BANKID:0017:BANKNAME:PML:SHORTCODE:250:COUNTRY:UGANDATEST:DEVICEID:256700146817250:LOGINMPIN:1234:UNIQUEID:9a01bfc3-ad44-402a-bf8f-d692f80571df:
2019-08-27 12:02:13 - LOGIN RESPONSE :
STATUS:000:ACCOUNTS:218210027132501,223205003324501,223206003324501:
2019-08-27 12:02:13 - LOGIN ACCOUNTS :218210027132501,223205003324501,223206003324501
2019-08-27 12:02:15 - MENU : home
2019-08-27 12:02:15 - MENU INPUT : 1
2019-08-27 12:02:15 - UP : home
2019-08-27 12:02:15 - MENU RESPONSES : home -> 
2019-08-27 12:02:15 - DOWN : pinReset
2019-08-27 12:02:15 - DOWN MENU : O:8:"stdClass":5:{s:2:"id";s:4:"home";s:8:"response";s:144:"Reply with
1. Account Balance
2. Mini Statement
3.Funds Transfer
4. Airtime Purchase
5. Mobile Money
6. Utility Payment 
7. Change Pin
8. Logout";s:3:"map";a:7:{i:0;O:8:"stdClass":2:{s:3:"key";s:1:"1";s:4:"menu";s:15:"BalanceAccounts";}i:1;O:8:"stdClass":2:{s:3:"key";s:1:"2";s:4:"menu";s:17:"StatementAccounts";}i:2;O:8:"stdClass":2:{s:3:"key";s:1:"3";s:4:"menu";s:10:"FTAccounts";}i:3;O:8:"stdClass":2:{s:3:"key";s:1:"4";s:4:"menu";s:14:"MOBILEPROVIDER";}i:4;O:8:"stdClass":2:{s:3:"key";s:1:"5";s:4:"menu";s:5:"NewFT";}i:5;O:8:"stdClass":2:{s:3:"key";s:1:"6";s:4:"menu";s:7:"utility";}i:6;O:8:"stdClass":2:{s:3:"key";s:1:"7";s:4:"menu";s:9:"changePin";}}s:4:"type";s:7:"dynamic";s:6:"action";s:3:"con";}
2019-08-27 12:02:15 - ERROR : BalanceAccounts
2019-08-27 12:02:15 - MMMMMMM : BalanceAccounts
2019-08-27 12:02:16 - MENU : BalanceAccounts
2019-08-27 12:02:16 - MENU INPUT : 1
2019-08-27 12:02:16 - UP : BalanceAccounts
2019-08-27 12:02:16 - MENU RESPONSES : BalanceAccounts -> 
2019-08-27 12:02:16 - DOWN : pinReset
2019-08-27 12:02:16 - ERROR : BalanceAccounts
2019-08-27 12:02:16 - MMMMMMM : BalanceAccounts
2019-08-27 12:02:16 - DOWN MENU : O:8:"stdClass":5:{s:2:"id";s:15:"BalanceAccounts";s:6:"action";s:3:"con";s:8:"response";s:88:"Select bank:
1. Pride/218210027132501
2. Pride/223205003324501
3. Pride/223206003324501
";s:3:"map";a:1:{i:0;O:8:"stdClass":1:{s:4:"menu";s:14:"AccountBalance";}}s:4:"type";s:4:"form";}
2019-08-27 12:02:16 - ERROR : AccountBalance
2019-08-27 12:02:16 - MMMMMMM : AccountBalance
2019-08-27 12:02:16 - BALANCE REQUEST : FORMID:B-:MERCHANTID:BALANCE:BANKACCOUNTID:218210027132501:SHORTCODE:250:CUSTOMERID:1485941693:MOBILENUMBER:256700146817:BANKID:0017:COUNTRY:UGANDATEST:UNIQUEID:656aaf99-e43c-40b2-525d-a5d840626efc:
2019-08-27 12:02:40 - BALANCE RESPONSE : 
STATUS:OK:DATA:TARGETNAME|galubindi|FREQUENCY|Month|TARGETAMOUNT|300000.00|PERIODICAMOUNT|100000.00|STARTDATE|16/05/2019|ENDDATE|16/08/2019|BALANCE|1000 shown
2019-08-27 12:02:44 - GET CUSTOMER REQUEST :FORMID:GETCUSTOMER:MOBILENUMBER:256700146817:SHORTCODE:250:COUNTRY:UGANDATEST:DEVICEID:256700146817250:UNIQUEID:bc80a5b9-133e-e535-2d80-20648016039a:
2019-08-27 12:02:44 - GET CUSTOMER RESPONSE : 
STATUS:000:CUSTOMERID:1485941693:COUNTRY:UGANDATEST:FIRSTNAME:Shafique:LASTNAME:Kabali:BANKNAME:PRIDE:WELCOMEMESSAGE:Welcome to Pride Mobile Banking. Enter your PIN:LANGUAGE:EN
2019-08-27 12:02:44 - GET CUSTOMER000
2019-08-27 12:02:44 - GET CUSTOMER TIME : 2.5727987289429E-8
2019-08-27 12:03:45 - MENU : menu
2019-08-27 12:03:45 - MENU INPUT : 1234
2019-08-27 12:03:45 - LOGIN REQUEST : FORMID:LOGIN:CUSTOMERID:1485941693:MOBILENUMBER:256700146817:BANKID:0017:BANKNAME:PML:SHORTCODE:250:COUNTRY:UGANDATEST:DEVICEID:256700146817250:LOGINMPIN:1234:UNIQUEID:202ce9de-9894-f986-1b62-a9544823bde1:
2019-08-27 12:03:45 - LOGIN RESPONSE :
STATUS:000:ACCOUNTS:218210027132501,223205003324501,223206003324501:
2019-08-27 12:03:45 - LOGIN ACCOUNTS :218210027132501,223205003324501,223206003324501
2019-08-27 12:03:48 - MENU : home
2019-08-27 12:03:48 - MENU INPUT : 3
2019-08-27 12:03:48 - UP : home
2019-08-27 12:03:48 - MENU RESPONSES : home -> 
2019-08-27 12:03:48 - DOWN : pinReset
2019-08-27 12:03:48 - DOWN MENU : O:8:"stdClass":5:{s:2:"id";s:4:"home";s:8:"response";s:144:"Reply with
1. Account Balance
2. Mini Statement
3.Funds Transfer
4. Airtime Purchase
5. Mobile Money
6. Utility Payment 
7. Change Pin
8. Logout";s:3:"map";a:7:{i:0;O:8:"stdClass":2:{s:3:"key";s:1:"1";s:4:"menu";s:15:"BalanceAccounts";}i:1;O:8:"stdClass":2:{s:3:"key";s:1:"2";s:4:"menu";s:17:"StatementAccounts";}i:2;O:8:"stdClass":2:{s:3:"key";s:1:"3";s:4:"menu";s:10:"FTAccounts";}i:3;O:8:"stdClass":2:{s:3:"key";s:1:"4";s:4:"menu";s:14:"MOBILEPROVIDER";}i:4;O:8:"stdClass":2:{s:3:"key";s:1:"5";s:4:"menu";s:5:"NewFT";}i:5;O:8:"stdClass":2:{s:3:"key";s:1:"6";s:4:"menu";s:7:"utility";}i:6;O:8:"stdClass":2:{s:3:"key";s:1:"7";s:4:"menu";s:9:"changePin";}}s:4:"type";s:7:"dynamic";s:6:"action";s:3:"con";}
2019-08-27 12:03:48 - ERROR : FTAccounts
2019-08-27 12:03:48 - MMMMMMM : FTAccounts
2019-08-27 12:03:51 - MENU : FTAccounts
2019-08-27 12:03:51 - MENU INPUT : 1
2019-08-27 12:03:51 - UP : FTAccounts
2019-08-27 12:03:51 - MENU RESPONSES : FTAccounts -> 
2019-08-27 12:03:51 - DOWN : pinReset
2019-08-27 12:03:51 - ERROR : FTAccounts
2019-08-27 12:03:51 - MMMMMMM : FTAccounts
2019-08-27 12:03:51 - DOWN MENU : O:8:"stdClass":5:{s:2:"id";s:10:"FTAccounts";s:6:"action";s:3:"con";s:8:"response";s:90:"Select Bank 
1. 218210027132501
2. 223205003324501
3. 223206003324501
00. Home 
 000. Exit";s:3:"map";a:1:{i:0;O:8:"stdClass":1:{s:4:"menu";s:6:"fundst";}}s:4:"type";s:4:"form";}
2019-08-27 12:03:53 - MENU : fundst
2019-08-27 12:03:53 - MENU INPUT : 1
2019-08-27 12:03:53 - UP : fundst
2019-08-27 12:03:53 - MENU RESPONSES : fundst -> 
2019-08-27 12:03:53 - DOWN : pinReset
2019-08-27 12:03:53 - DOWN MENU : O:8:"stdClass":5:{s:2:"id";s:6:"fundst";s:8:"response";s:60:"Reply with:
1. Direct Transfer
2. InterBank Transfer
0. Home";s:3:"map";a:2:{i:0;O:8:"stdClass":2:{s:3:"key";s:1:"1";s:4:"menu";s:14:"iftFormAccount";}i:1;O:8:"stdClass":2:{s:3:"key";s:1:"2";s:4:"menu";s:17:"InterBankTransfer";}}s:4:"type";s:7:"dynamic";s:6:"action";s:3:"con";}
2019-08-27 12:04:36 - MENU : iftFormAccount
2019-08-27 12:04:36 - MENU INPUT : 223205003324501
2019-08-27 12:04:36 - UP : iftFormAccount
2019-08-27 12:04:36 - MENU RESPONSES : iftFormAccount -> 
2019-08-27 12:04:36 - DOWN : pinReset
2019-08-27 12:04:36 - DOWN MENU : O:8:"stdClass":6:{s:2:"id";s:14:"iftFormAccount";s:8:"response";s:29:"Enter Account To Transfer To:";s:3:"map";a:1:{i:0;O:8:"stdClass":2:{s:3:"key";s:4:"next";s:4:"menu";s:17:"validateFTAccount";}}s:4:"type";s:4:"form";s:4:"name";s:13:"DirectAccount";s:6:"action";s:3:"con";}
2019-08-27 12:04:36 - ERROR : validateFTAccount
2019-08-27 12:04:36 - MMMMMMM : validateFTAccount
2019-08-27 12:04:36 - VALIDATE FT ACCOUNT REQUEST : FORMID:M-:MERCHANTID:VALIDATEACCOUNT:ACCOUNTID:223205003324501:CUSTOMERID:1485941693:MOBILENUMBER:256700146817:BANKNAME:PML:SHORTCODE:250:BANKID:0017:COUNTRY:UGANDATEST:ACTION:GETNAME:UNIQUEID:417a72d1-4752-a920-0d06-f81224dab8ce:TRXSOURCE:USSD:
2019-08-27 12:04:40 - MENU : pinReset
2019-08-27 12:04:40 - MENU INPUT : 223205003324501
2019-08-27 12:04:40 - UP : pinReset
2019-08-27 12:04:40 - MENU RESPONSES : pinReset -> 
2019-08-27 12:04:40 - DOWN : pinReset
2019-08-27 12:04:40 - ERROR : pinReset
2019-08-27 12:04:40 - MMMMMMM : pinReset
2019-08-27 12:04:58 - VALIDATE FT ACCOUNT RESPONSE : 
STATUS:091:MESSAGE:Invalid Account. Please reenter.
2019-08-27 12:07:35 - GET CUSTOMER REQUEST :FORMID:GETCUSTOMER:MOBILENUMBER:256700146817:SHORTCODE:250:COUNTRY:UGANDATEST:DEVICEID:256700146817250:UNIQUEID:25627007-e07c-2a96-4935-932ae75afba0:
2019-08-27 12:07:35 - GET CUSTOMER RESPONSE : 
STATUS:000:CUSTOMERID:1485941693:COUNTRY:UGANDATEST:FIRSTNAME:Shafique:LASTNAME:Kabali:BANKNAME:PRIDE:WELCOMEMESSAGE:Welcome to Pride Mobile Banking. Enter your PIN:LANGUAGE:EN
2019-08-27 12:07:35 - GET CUSTOMER000
2019-08-27 12:07:35 - GET CUSTOMER TIME : 5.3637981414795E-8
2019-08-27 12:07:38 - MENU : menu
2019-08-27 12:07:38 - MENU INPUT : 1234
2019-08-27 12:07:38 - LOGIN REQUEST : FORMID:LOGIN:CUSTOMERID:1485941693:MOBILENUMBER:256700146817:BANKID:0017:BANKNAME:PML:SHORTCODE:250:COUNTRY:UGANDATEST:DEVICEID:256700146817250:LOGINMPIN:1234:UNIQUEID:1a66f429-193a-c715-a855-0cfb3ad940bf:
2019-08-27 12:07:38 - LOGIN RESPONSE :
STATUS:000:ACCOUNTS:218210027132501,223205003324501,223206003324501:
2019-08-27 12:07:38 - LOGIN ACCOUNTS :218210027132501,223205003324501,223206003324501
2019-08-27 12:07:42 - MENU : home
2019-08-27 12:07:42 - MENU INPUT : 3
2019-08-27 12:07:42 - UP : home
2019-08-27 12:07:42 - MENU RESPONSES : home -> 
2019-08-27 12:07:42 - DOWN : pinReset
2019-08-27 12:07:42 - DOWN MENU : O:8:"stdClass":5:{s:2:"id";s:4:"home";s:8:"response";s:144:"Reply with
1. Account Balance
2. Mini Statement
3.Funds Transfer
4. Airtime Purchase
5. Mobile Money
6. Utility Payment 
7. Change Pin
8. Logout";s:3:"map";a:7:{i:0;O:8:"stdClass":2:{s:3:"key";s:1:"1";s:4:"menu";s:15:"BalanceAccounts";}i:1;O:8:"stdClass":2:{s:3:"key";s:1:"2";s:4:"menu";s:17:"StatementAccounts";}i:2;O:8:"stdClass":2:{s:3:"key";s:1:"3";s:4:"menu";s:10:"FTAccounts";}i:3;O:8:"stdClass":2:{s:3:"key";s:1:"4";s:4:"menu";s:14:"MOBILEPROVIDER";}i:4;O:8:"stdClass":2:{s:3:"key";s:1:"5";s:4:"menu";s:5:"NewFT";}i:5;O:8:"stdClass":2:{s:3:"key";s:1:"6";s:4:"menu";s:7:"utility";}i:6;O:8:"stdClass":2:{s:3:"key";s:1:"7";s:4:"menu";s:9:"changePin";}}s:4:"type";s:7:"dynamic";s:6:"action";s:3:"con";}
2019-08-27 12:07:42 - ERROR : FTAccounts
2019-08-27 12:07:42 - MMMMMMM : FTAccounts
2019-08-27 12:07:44 - MENU : FTAccounts
2019-08-27 12:07:44 - MENU INPUT : 1
2019-08-27 12:07:44 - UP : FTAccounts
2019-08-27 12:07:44 - MENU RESPONSES : FTAccounts -> 
2019-08-27 12:07:44 - DOWN : pinReset
2019-08-27 12:07:44 - ERROR : FTAccounts
2019-08-27 12:07:44 - MMMMMMM : FTAccounts
2019-08-27 12:07:44 - DOWN MENU : O:8:"stdClass":5:{s:2:"id";s:10:"FTAccounts";s:6:"action";s:3:"con";s:8:"response";s:90:"Select Bank 
1. 218210027132501
2. 223205003324501
3. 223206003324501
00. Home 
 000. Exit";s:3:"map";a:1:{i:0;O:8:"stdClass":1:{s:4:"menu";s:6:"fundst";}}s:4:"type";s:4:"form";}
2019-08-27 12:07:46 - MENU : fundst
2019-08-27 12:07:46 - MENU INPUT : 1
2019-08-27 12:07:46 - UP : fundst
2019-08-27 12:07:46 - MENU RESPONSES : fundst -> 
2019-08-27 12:07:46 - DOWN : pinReset
2019-08-27 12:07:46 - DOWN MENU : O:8:"stdClass":5:{s:2:"id";s:6:"fundst";s:8:"response";s:60:"Reply with:
1. Direct Transfer
2. InterBank Transfer
0. Home";s:3:"map";a:2:{i:0;O:8:"stdClass":2:{s:3:"key";s:1:"1";s:4:"menu";s:14:"iftFormAccount";}i:1;O:8:"stdClass":2:{s:3:"key";s:1:"2";s:4:"menu";s:17:"InterBankTransfer";}}s:4:"type";s:7:"dynamic";s:6:"action";s:3:"con";}
2019-08-27 12:07:49 - MENU : iftFormAccount
2019-08-27 12:07:49 - MENU INPUT : 223205003324501
2019-08-27 12:07:49 - UP : iftFormAccount
2019-08-27 12:07:49 - MENU RESPONSES : iftFormAccount -> 
2019-08-27 12:07:49 - DOWN : pinReset
2019-08-27 12:07:49 - DOWN MENU : O:8:"stdClass":6:{s:2:"id";s:14:"iftFormAccount";s:8:"response";s:29:"Enter Account To Transfer To:";s:3:"map";a:1:{i:0;O:8:"stdClass":2:{s:3:"key";s:4:"next";s:4:"menu";s:17:"validateFTAccount";}}s:4:"type";s:4:"form";s:4:"name";s:13:"DirectAccount";s:6:"action";s:3:"con";}
2019-08-27 12:07:49 - ERROR : validateFTAccount
2019-08-27 12:07:49 - MMMMMMM : validateFTAccount
2019-08-27 12:07:49 - VALIDATE FT ACCOUNT REQUEST : FORMID:M-:MERCHANTID:VALIDATEACCOUNT:ACCOUNTID:223205003324501:CUSTOMERID:1485941693:MOBILENUMBER:256700146817:BANKNAME:PML:SHORTCODE:250:BANKID:0017:COUNTRY:UGANDATEST:ACTION:GETNAME:UNIQUEID:379e6705-6148-9519-bfc6-1c454890da59:TRXSOURCE:USSD:
2019-08-27 12:08:10 - VALIDATE FT ACCOUNT RESPONSE : 
STATUS:091:MESSAGE:Invalid Account. Please reenter.
