2019-06-12 16:34:06 - MENU : 
2019-06-12 16:34:06 - MENU INPUT : 250
2019-06-12 16:34:06 - LOGIN REQUEST : FORMID:LOGIN:CUSTOMERID::MOBILENUMBER:256700146817:BANKID:23:BANKNAME:PML:SHORTCODE:250:COUNTRY:UGANDATEST:DEVICEID:256700146817250:LOGINMPIN:250:UNIQUEID:df882982-f7f7-4375-c7f4-c42f110965f3:
2019-06-12 16:34:06 - LOGIN RESPONSE :
STATUS:091:DATA:Invalid Login Password
2019-06-12 16:34:23 - MENU : pin
2019-06-12 16:34:23 - MENU INPUT : 1234
2019-06-12 16:34:23 - LOGIN REQUEST : FORMID:LOGIN:CUSTOMERID::MOBILENUMBER:256700146817:BANKID:23:BANKNAME:PML:SHORTCODE:250:COUNTRY:UGANDATEST:DEVICEID:256700146817250:LOGINMPIN:1234:UNIQUEID:40a57adf-2e18-02e2-7e84-2605607bd1d3:
2019-06-12 16:34:23 - LOGIN RESPONSE :
STATUS:000:ACCOUNTS:218210027132501,223206003324501:
2019-06-12 16:34:23 - LOGIN ACCOUNTS :218210027132501,223206003324501
2019-06-12 16:34:27 - MENU : home
2019-06-12 16:34:27 - MENU INPUT : 1
2019-06-12 16:34:27 - UP : home
2019-06-12 16:34:27 - MENU RESPONSES : home -> 
2019-06-12 16:34:27 - DOWN : pinReset
2019-06-12 16:34:27 - DOWN MENU : O:8:"stdClass":5:{s:2:"id";s:4:"home";s:8:"response";s:144:"Reply with
1. Account Balance
2. Mini Statement
3.Funds Transfer
4. Airtime Purchase
5. Mobile Money
6. Utility Payment 
7. Change Pin
8. Logout";s:3:"map";a:7:{i:0;O:8:"stdClass":2:{s:3:"key";s:1:"1";s:4:"menu";s:15:"BalanceAccounts";}i:1;O:8:"stdClass":2:{s:3:"key";s:1:"2";s:4:"menu";s:17:"StatementAccounts";}i:2;O:8:"stdClass":2:{s:3:"key";s:1:"3";s:4:"menu";s:10:"FTAccounts";}i:3;O:8:"stdClass":2:{s:3:"key";s:1:"4";s:4:"menu";s:14:"MOBILEPROVIDER";}i:4;O:8:"stdClass":2:{s:3:"key";s:1:"5";s:4:"menu";s:5:"NewFT";}i:5;O:8:"stdClass":2:{s:3:"key";s:1:"6";s:4:"menu";s:7:"utility";}i:6;O:8:"stdClass":2:{s:3:"key";s:1:"7";s:4:"menu";s:9:"changePin";}}s:4:"type";s:7:"dynamic";s:6:"action";s:3:"con";}
2019-06-12 16:34:27 - ERROR : BalanceAccounts
2019-06-12 16:34:27 - MMMMMMM : BalanceAccounts
2019-06-12 16:34:45 - MENU : BalanceAccounts
2019-06-12 16:34:45 - MENU INPUT : 1
2019-06-12 16:34:45 - UP : BalanceAccounts
2019-06-12 16:34:45 - MENU RESPONSES : BalanceAccounts -> 
2019-06-12 16:34:45 - DOWN : pinReset
2019-06-12 16:34:45 - ERROR : BalanceAccounts
2019-06-12 16:34:45 - MMMMMMM : BalanceAccounts
2019-06-12 16:34:45 - DOWN MENU : O:8:"stdClass":5:{s:2:"id";s:15:"BalanceAccounts";s:6:"action";s:3:"con";s:8:"response";s:59:"Select bank:
1. HFB/218210027132501
2. HFB/223206003324501
";s:3:"map";a:1:{i:0;O:8:"stdClass":1:{s:4:"menu";s:14:"AccountBalance";}}s:4:"type";s:4:"form";}
2019-06-12 16:34:45 - ERROR : AccountBalance
2019-06-12 16:34:45 - MMMMMMM : AccountBalance
2019-06-12 16:34:45 - BALANCE REQUEST : FORMID:B-:MERCHANTID:BALANCE:BANKACCOUNTID:218210027132501:SHORTCODE:250:CUSTOMERID::MOBILENUMBER:256700146817:BANKID:23:COUNTRY:UGANDATEST:UNIQUEID:be02ba71-947a-63a8-842e-f1a4e7330fc2:
2019-06-12 16:34:46 - BALANCE RESPONSE : 
STATUS:OK:DATA:BankPRIDEBalance;UGXActual;7,005,227.39 CRAvailable;7,005,227.39 CR shown
2019-06-12 16:34:57 - GET CUSTOMER REQUEST :FORMID:GETCUSTOMER:MOBILENUMBER:256700146817:SHORTCODE:250:COUNTRY:UGANDATEST:DEVICEID:256700146817250:UNIQUEID:8f8e1222-1e92-0eca-b514-c4f3a6f565bb:
2019-06-12 16:34:57 - GET CUSTOMER RESPONSE : 
STATUS:000:CUSTOMERID:1485941693:COUNTRY:UGANDATEST:FIRSTNAME:Shafique:LASTNAME:Kabali:BANKNAME:PRIDE:WELCOMEMESSAGE:Welcome to Pride Mobile Banking. Enter your PIN:LANGUAGE:EN
2019-06-12 16:34:57 - GET CUSTOMER000
2019-06-12 16:34:57 - GET CUSTOMER TIME : 7.2950124740601E-8
2019-06-12 16:35:10 - MENU : menu
2019-06-12 16:35:10 - MENU INPUT : 1234
2019-06-12 16:35:10 - LOGIN REQUEST : FORMID:LOGIN:CUSTOMERID:1485941693:MOBILENUMBER:256700146817:BANKID:23:BANKNAME:PML:SHORTCODE:250:COUNTRY:UGANDATEST:DEVICEID:256700146817250:LOGINMPIN:1234:UNIQUEID:4db4e714-7345-a52a-acf7-da744af8319a:
2019-06-12 16:35:10 - LOGIN RESPONSE :
STATUS:000:ACCOUNTS:218210027132501,223206003324501:
2019-06-12 16:35:10 - LOGIN ACCOUNTS :218210027132501,223206003324501
2019-06-12 16:35:16 - MENU : home
2019-06-12 16:35:16 - MENU INPUT : 2
2019-06-12 16:35:16 - UP : home
2019-06-12 16:35:16 - MENU RESPONSES : home -> 
2019-06-12 16:35:16 - DOWN : pinReset
2019-06-12 16:35:16 - DOWN MENU : O:8:"stdClass":5:{s:2:"id";s:4:"home";s:8:"response";s:144:"Reply with
1. Account Balance
2. Mini Statement
3.Funds Transfer
4. Airtime Purchase
5. Mobile Money
6. Utility Payment 
7. Change Pin
8. Logout";s:3:"map";a:7:{i:0;O:8:"stdClass":2:{s:3:"key";s:1:"1";s:4:"menu";s:15:"BalanceAccounts";}i:1;O:8:"stdClass":2:{s:3:"key";s:1:"2";s:4:"menu";s:17:"StatementAccounts";}i:2;O:8:"stdClass":2:{s:3:"key";s:1:"3";s:4:"menu";s:10:"FTAccounts";}i:3;O:8:"stdClass":2:{s:3:"key";s:1:"4";s:4:"menu";s:14:"MOBILEPROVIDER";}i:4;O:8:"stdClass":2:{s:3:"key";s:1:"5";s:4:"menu";s:5:"NewFT";}i:5;O:8:"stdClass":2:{s:3:"key";s:1:"6";s:4:"menu";s:7:"utility";}i:6;O:8:"stdClass":2:{s:3:"key";s:1:"7";s:4:"menu";s:9:"changePin";}}s:4:"type";s:7:"dynamic";s:6:"action";s:3:"con";}
2019-06-12 16:35:16 - ERROR : StatementAccounts
2019-06-12 16:35:16 - MMMMMMM : StatementAccounts
2019-06-12 16:35:20 - MENU : StatementAccounts
2019-06-12 16:35:20 - MENU INPUT : 1
2019-06-12 16:35:20 - UP : StatementAccounts
2019-06-12 16:35:20 - MENU RESPONSES : StatementAccounts -> 
2019-06-12 16:35:20 - DOWN : pinReset
2019-06-12 16:35:20 - ERROR : StatementAccounts
2019-06-12 16:35:20 - MMMMMMM : StatementAccounts
2019-06-12 16:35:20 - DOWN MENU : O:8:"stdClass":5:{s:2:"id";s:17:"StatementAccounts";s:6:"action";s:3:"con";s:8:"response";s:59:"Select Bank:
1. HFB/218210027132501
2. HFB/223206003324501
";s:3:"map";a:1:{i:0;O:8:"stdClass":1:{s:4:"menu";s:16:"AccountStatement";}}s:4:"type";s:4:"form";}
2019-06-12 16:35:20 - ERROR : AccountStatement
2019-06-12 16:35:20 - MMMMMMM : AccountStatement
2019-06-12 16:35:20 - MINISTATEMENT REQUEST : FORMID:B-:MERCHANTID:STATEMENT:BANKACCOUNTID:218210027132501:SHORTCODE:250:CUSTOMERID:1485941693:MOBILENUMBER:256700146817:BANKID:23:COUNTRY:UGANDATEST:UNIQUEID:fcfe6356-efe8-1e7a-7481-585a28355a6b:
2019-06-12 16:35:21 - MINISTATEMENT RESPONSE : 
STATUS:OK:DATA:30/04/19 DR. 3,355 30/04/19 CR. 22,369 17/04/19 CR. 100,000 16/04/19 CR. 140,000 16/04/19 CR. 100,000 
2019-06-12 16:35:35 - GET CUSTOMER REQUEST :FORMID:GETCUSTOMER:MOBILENUMBER:256700146817:SHORTCODE:250:COUNTRY:UGANDATEST:DEVICEID:256700146817250:UNIQUEID:dad5365a-ddcd-f5a4-a066-8a5ff2a97d2b:
2019-06-12 16:35:35 - GET CUSTOMER RESPONSE : 
STATUS:000:CUSTOMERID:1485941693:COUNTRY:UGANDATEST:FIRSTNAME:Shafique:LASTNAME:Kabali:BANKNAME:PRIDE:WELCOMEMESSAGE:Welcome to Pride Mobile Banking. Enter your PIN:LANGUAGE:EN
2019-06-12 16:35:35 - GET CUSTOMER000
2019-06-12 16:35:35 - GET CUSTOMER TIME : 3.8529872894287E-8
2019-06-12 16:35:42 - MENU : menu
2019-06-12 16:35:42 - MENU INPUT : 1234
2019-06-12 16:35:43 - LOGIN REQUEST : FORMID:LOGIN:CUSTOMERID:1485941693:MOBILENUMBER:256700146817:BANKID:23:BANKNAME:PML:SHORTCODE:250:COUNTRY:UGANDATEST:DEVICEID:256700146817250:LOGINMPIN:1234:UNIQUEID:5b589858-aeb6-274d-bfdc-5a6e935d0ea5:
2019-06-12 16:35:43 - LOGIN RESPONSE :
STATUS:000:ACCOUNTS:218210027132501,223206003324501:
2019-06-12 16:35:43 - LOGIN ACCOUNTS :218210027132501,223206003324501
2019-06-12 16:35:46 - MENU : home
2019-06-12 16:35:46 - MENU INPUT : 1
2019-06-12 16:35:46 - UP : home
2019-06-12 16:35:46 - MENU RESPONSES : home -> 
2019-06-12 16:35:46 - DOWN : pinReset
2019-06-12 16:35:46 - DOWN MENU : O:8:"stdClass":5:{s:2:"id";s:4:"home";s:8:"response";s:144:"Reply with
1. Account Balance
2. Mini Statement
3.Funds Transfer
4. Airtime Purchase
5. Mobile Money
6. Utility Payment 
7. Change Pin
8. Logout";s:3:"map";a:7:{i:0;O:8:"stdClass":2:{s:3:"key";s:1:"1";s:4:"menu";s:15:"BalanceAccounts";}i:1;O:8:"stdClass":2:{s:3:"key";s:1:"2";s:4:"menu";s:17:"StatementAccounts";}i:2;O:8:"stdClass":2:{s:3:"key";s:1:"3";s:4:"menu";s:10:"FTAccounts";}i:3;O:8:"stdClass":2:{s:3:"key";s:1:"4";s:4:"menu";s:14:"MOBILEPROVIDER";}i:4;O:8:"stdClass":2:{s:3:"key";s:1:"5";s:4:"menu";s:5:"NewFT";}i:5;O:8:"stdClass":2:{s:3:"key";s:1:"6";s:4:"menu";s:7:"utility";}i:6;O:8:"stdClass":2:{s:3:"key";s:1:"7";s:4:"menu";s:9:"changePin";}}s:4:"type";s:7:"dynamic";s:6:"action";s:3:"con";}
2019-06-12 16:35:46 - ERROR : BalanceAccounts
2019-06-12 16:35:46 - MMMMMMM : BalanceAccounts
2019-06-12 17:03:39 - MENU : 
2019-06-12 17:03:39 - MENU INPUT : 250
2019-06-12 17:03:39 - LOGIN REQUEST : FORMID:LOGIN:CUSTOMERID::MOBILENUMBER:256700146817:BANKID:0017:BANKNAME:PML:SHORTCODE:250:COUNTRY:UGANDATEST:DEVICEID:256700146817250:LOGINMPIN:250:UNIQUEID:38c7cd3e-8ce0-feca-0ee7-4128b2bea0f6:
2019-06-12 17:03:39 - LOGIN RESPONSE :
STATUS:091:DATA:Invalid Login Password
2019-06-12 17:03:49 - MENU : pin
2019-06-12 17:03:49 - MENU INPUT : 1234
2019-06-12 17:03:49 - LOGIN REQUEST : FORMID:LOGIN:CUSTOMERID::MOBILENUMBER:256700146817:BANKID:0017:BANKNAME:PML:SHORTCODE:250:COUNTRY:UGANDATEST:DEVICEID:256700146817250:LOGINMPIN:1234:UNIQUEID:3b559e75-6cf4-52a9-e8f0-6d812f650956:
2019-06-12 17:03:50 - LOGIN RESPONSE :
STATUS:000:ACCOUNTS:218210027132501,223206003324501:
2019-06-12 17:03:50 - LOGIN ACCOUNTS :218210027132501,223206003324501
2019-06-12 17:03:53 - MENU : home
2019-06-12 17:03:53 - MENU INPUT : 1
2019-06-12 17:03:53 - UP : home
2019-06-12 17:03:53 - MENU RESPONSES : home -> 
2019-06-12 17:03:53 - DOWN : pinReset
2019-06-12 17:03:53 - DOWN MENU : O:8:"stdClass":5:{s:2:"id";s:4:"home";s:8:"response";s:144:"Reply with
1. Account Balance
2. Mini Statement
3.Funds Transfer
4. Airtime Purchase
5. Mobile Money
6. Utility Payment 
7. Change Pin
8. Logout";s:3:"map";a:7:{i:0;O:8:"stdClass":2:{s:3:"key";s:1:"1";s:4:"menu";s:15:"BalanceAccounts";}i:1;O:8:"stdClass":2:{s:3:"key";s:1:"2";s:4:"menu";s:17:"StatementAccounts";}i:2;O:8:"stdClass":2:{s:3:"key";s:1:"3";s:4:"menu";s:10:"FTAccounts";}i:3;O:8:"stdClass":2:{s:3:"key";s:1:"4";s:4:"menu";s:14:"MOBILEPROVIDER";}i:4;O:8:"stdClass":2:{s:3:"key";s:1:"5";s:4:"menu";s:5:"NewFT";}i:5;O:8:"stdClass":2:{s:3:"key";s:1:"6";s:4:"menu";s:7:"utility";}i:6;O:8:"stdClass":2:{s:3:"key";s:1:"7";s:4:"menu";s:9:"changePin";}}s:4:"type";s:7:"dynamic";s:6:"action";s:3:"con";}
2019-06-12 17:03:53 - ERROR : BalanceAccounts
2019-06-12 17:03:53 - MMMMMMM : BalanceAccounts
2019-06-12 17:03:58 - MENU : BalanceAccounts
2019-06-12 17:03:58 - MENU INPUT : 1
2019-06-12 17:03:58 - UP : BalanceAccounts
2019-06-12 17:03:58 - MENU RESPONSES : BalanceAccounts -> 
2019-06-12 17:03:58 - DOWN : pinReset
2019-06-12 17:03:58 - ERROR : BalanceAccounts
2019-06-12 17:03:58 - MMMMMMM : BalanceAccounts
2019-06-12 17:03:58 - DOWN MENU : O:8:"stdClass":5:{s:2:"id";s:15:"BalanceAccounts";s:6:"action";s:3:"con";s:8:"response";s:63:"Select bank:
1. Pride/218210027132501
2. Pride/223206003324501
";s:3:"map";a:1:{i:0;O:8:"stdClass":1:{s:4:"menu";s:14:"AccountBalance";}}s:4:"type";s:4:"form";}
2019-06-12 17:03:58 - ERROR : AccountBalance
2019-06-12 17:03:58 - MMMMMMM : AccountBalance
2019-06-12 17:03:58 - BALANCE REQUEST : FORMID:B-:MERCHANTID:BALANCE:BANKACCOUNTID:218210027132501:SHORTCODE:250:CUSTOMERID::MOBILENUMBER:256700146817:BANKID:0017:COUNTRY:UGANDATEST:UNIQUEID:42b0562b-1650-6444-2068-dee2bb76a38f:
2019-06-12 17:03:59 - BALANCE RESPONSE : 
STATUS:OK:DATA:BankPRIDEBalance;UGXActual;7,005,227.39 CRAvailable;7,005,227.39 CR shown
2019-06-12 17:04:10 - GET CUSTOMER REQUEST :FORMID:GETCUSTOMER:MOBILENUMBER:256700146817:SHORTCODE:250:COUNTRY:UGANDATEST:DEVICEID:256700146817250:UNIQUEID:f53d393f-799a-82ba-72b9-5c4dcafc1ae9:
2019-06-12 17:04:10 - GET CUSTOMER RESPONSE : 
STATUS:000:CUSTOMERID:1485941693:COUNTRY:UGANDATEST:FIRSTNAME:Shafique:LASTNAME:Kabali:BANKNAME:PRIDE:WELCOMEMESSAGE:Welcome to Pride Mobile Banking. Enter your PIN:LANGUAGE:EN
2019-06-12 17:04:10 - GET CUSTOMER000
2019-06-12 17:04:10 - GET CUSTOMER TIME : 6.5109014511108E-8
2019-06-12 17:04:15 - MENU : menu
2019-06-12 17:04:15 - MENU INPUT : 1234
2019-06-12 17:04:15 - LOGIN REQUEST : FORMID:LOGIN:CUSTOMERID:1485941693:MOBILENUMBER:256700146817:BANKID:0017:BANKNAME:PML:SHORTCODE:250:COUNTRY:UGANDATEST:DEVICEID:256700146817250:LOGINMPIN:1234:UNIQUEID:2a895792-432b-3683-d176-da68095bc43b:
2019-06-12 17:04:15 - LOGIN RESPONSE :
STATUS:000:ACCOUNTS:218210027132501,223206003324501:
2019-06-12 17:04:15 - LOGIN ACCOUNTS :218210027132501,223206003324501
2019-06-12 17:04:19 - MENU : home
2019-06-12 17:04:19 - MENU INPUT : 2
2019-06-12 17:04:19 - UP : home
2019-06-12 17:04:19 - MENU RESPONSES : home -> 
2019-06-12 17:04:19 - DOWN : pinReset
2019-06-12 17:04:19 - DOWN MENU : O:8:"stdClass":5:{s:2:"id";s:4:"home";s:8:"response";s:144:"Reply with
1. Account Balance
2. Mini Statement
3.Funds Transfer
4. Airtime Purchase
5. Mobile Money
6. Utility Payment 
7. Change Pin
8. Logout";s:3:"map";a:7:{i:0;O:8:"stdClass":2:{s:3:"key";s:1:"1";s:4:"menu";s:15:"BalanceAccounts";}i:1;O:8:"stdClass":2:{s:3:"key";s:1:"2";s:4:"menu";s:17:"StatementAccounts";}i:2;O:8:"stdClass":2:{s:3:"key";s:1:"3";s:4:"menu";s:10:"FTAccounts";}i:3;O:8:"stdClass":2:{s:3:"key";s:1:"4";s:4:"menu";s:14:"MOBILEPROVIDER";}i:4;O:8:"stdClass":2:{s:3:"key";s:1:"5";s:4:"menu";s:5:"NewFT";}i:5;O:8:"stdClass":2:{s:3:"key";s:1:"6";s:4:"menu";s:7:"utility";}i:6;O:8:"stdClass":2:{s:3:"key";s:1:"7";s:4:"menu";s:9:"changePin";}}s:4:"type";s:7:"dynamic";s:6:"action";s:3:"con";}
2019-06-12 17:04:19 - ERROR : StatementAccounts
2019-06-12 17:04:19 - MMMMMMM : StatementAccounts
2019-06-12 17:04:22 - MENU : StatementAccounts
2019-06-12 17:04:22 - MENU INPUT : 1
2019-06-12 17:04:22 - UP : StatementAccounts
2019-06-12 17:04:22 - MENU RESPONSES : StatementAccounts -> 
2019-06-12 17:04:22 - DOWN : pinReset
2019-06-12 17:04:22 - ERROR : StatementAccounts
2019-06-12 17:04:22 - MMMMMMM : StatementAccounts
2019-06-12 17:04:22 - DOWN MENU : O:8:"stdClass":5:{s:2:"id";s:17:"StatementAccounts";s:6:"action";s:3:"con";s:8:"response";s:63:"Select Bank:
1. Pride/218210027132501
2. Pride/223206003324501
";s:3:"map";a:1:{i:0;O:8:"stdClass":1:{s:4:"menu";s:16:"AccountStatement";}}s:4:"type";s:4:"form";}
2019-06-12 17:04:22 - ERROR : AccountStatement
2019-06-12 17:04:22 - MMMMMMM : AccountStatement
2019-06-12 17:04:22 - MINISTATEMENT REQUEST : FORMID:B-:MERCHANTID:STATEMENT:BANKACCOUNTID:218210027132501:SHORTCODE:250:CUSTOMERID:1485941693:MOBILENUMBER:256700146817:BANKID:0017:COUNTRY:UGANDATEST:UNIQUEID:0a17548b-4c74-e08e-1151-0ff994b2eefc:
2019-06-12 17:04:23 - MINISTATEMENT RESPONSE : 
STATUS:OK:DATA:30/04/19 DR. 3,355 30/04/19 CR. 22,369 17/04/19 CR. 100,000 16/04/19 CR. 140,000 16/04/19 CR. 100,000 
