2019-08-21 17:18:31 - GET CUSTOMER REQUEST :FORMID:GETCUSTOMER:MOBILENUMBER:256706239860:SHORTCODE:250:COUNTRY:UGANDATEST:DEVICEID:256706239860250:UNIQUEID:9b35488e-4e60-b463-7c19-da36dae96e8a:
2019-08-21 17:18:31 - GET CUSTOMER RESPONSE : 
STATUS:000:CUSTOMERID:1656019588:COUNTRY:UGANDATEST:FIRSTNAME:Filly:LASTNAME:Lawrence:BANKNAME:PRIDE:WELCOMEMESSAGE:Welcome to Pride Mobile Banking. Enter your PIN:LANGUAGE:EN
2019-08-21 17:18:31 - GET CUSTOMER000
2019-08-21 17:18:31 - GET CUSTOMER TIME : 2.5374174118042E-8
2019-08-21 17:18:42 - MENU : menu
2019-08-21 17:18:42 - MENU INPUT : 1234
2019-08-21 17:18:42 - LOGIN REQUEST : FORMID:LOGIN:CUSTOMERID:1656019588:MOBILENUMBER:256706239860:BANKID:0017:BANKNAME:PML:SHORTCODE:250:COUNTRY:UGANDATEST:DEVICEID:256706239860250:LOGINMPIN:1234:UNIQUEID:bf431fc6-e8d1-35cb-77ef-087e65df997a:
2019-08-21 17:18:42 - LOGIN RESPONSE :
STATUS:000:ACCOUNTS:223206004827101:
2019-08-21 17:18:42 - LOGIN ACCOUNTS :223206004827101
2019-08-21 17:18:57 - MENU : home
2019-08-21 17:18:57 - MENU INPUT : 1
2019-08-21 17:18:57 - UP : home
2019-08-21 17:18:57 - MENU RESPONSES : home -> 
2019-08-21 17:18:57 - DOWN : pinReset
2019-08-21 17:18:57 - DOWN MENU : O:8:"stdClass":5:{s:2:"id";s:4:"home";s:8:"response";s:144:"Reply with
1. Account Balance
2. Mini Statement
3.Funds Transfer
4. Airtime Purchase
5. Mobile Money
6. Utility Payment 
7. Change Pin
8. Logout";s:3:"map";a:7:{i:0;O:8:"stdClass":2:{s:3:"key";s:1:"1";s:4:"menu";s:15:"BalanceAccounts";}i:1;O:8:"stdClass":2:{s:3:"key";s:1:"2";s:4:"menu";s:17:"StatementAccounts";}i:2;O:8:"stdClass":2:{s:3:"key";s:1:"3";s:4:"menu";s:10:"FTAccounts";}i:3;O:8:"stdClass":2:{s:3:"key";s:1:"4";s:4:"menu";s:14:"MOBILEPROVIDER";}i:4;O:8:"stdClass":2:{s:3:"key";s:1:"5";s:4:"menu";s:5:"NewFT";}i:5;O:8:"stdClass":2:{s:3:"key";s:1:"6";s:4:"menu";s:7:"utility";}i:6;O:8:"stdClass":2:{s:3:"key";s:1:"7";s:4:"menu";s:9:"changePin";}}s:4:"type";s:7:"dynamic";s:6:"action";s:3:"con";}
2019-08-21 17:18:57 - ERROR : BalanceAccounts
2019-08-21 17:18:57 - MMMMMMM : BalanceAccounts
2019-08-21 17:19:04 - MENU : BalanceAccounts
2019-08-21 17:19:04 - MENU INPUT : 1
2019-08-21 17:19:04 - UP : BalanceAccounts
2019-08-21 17:19:04 - MENU RESPONSES : BalanceAccounts -> 
2019-08-21 17:19:04 - DOWN : pinReset
2019-08-21 17:19:04 - ERROR : BalanceAccounts
2019-08-21 17:19:04 - MMMMMMM : BalanceAccounts
2019-08-21 17:19:04 - DOWN MENU : O:8:"stdClass":5:{s:2:"id";s:15:"BalanceAccounts";s:6:"action";s:3:"con";s:8:"response";s:38:"Select bank:
1. Pride/223206004827101
";s:3:"map";a:1:{i:0;O:8:"stdClass":1:{s:4:"menu";s:14:"AccountBalance";}}s:4:"type";s:4:"form";}
2019-08-21 17:19:04 - ERROR : AccountBalance
2019-08-21 17:19:04 - MMMMMMM : AccountBalance
2019-08-21 17:19:04 - BALANCE REQUEST : FORMID:B-:MERCHANTID:BALANCE:BANKACCOUNTID:223206004827101:SHORTCODE:250:CUSTOMERID:1656019588:MOBILENUMBER:256706239860:BANKID:0017:COUNTRY:UGANDATEST:UNIQUEID:7687b4f3-1e61-310a-3650-7f8ccccd108e:
2019-08-21 17:19:33 - BALANCE RESPONSE : 
STATUS:OK:DATA:0001800C0000939403720002800C000093940372 shown
2019-08-21 17:20:17 - GET CUSTOMER REQUEST :FORMID:GETCUSTOMER:MOBILENUMBER:256706239860:SHORTCODE:250:COUNTRY:UGANDATEST:DEVICEID:256706239860250:UNIQUEID:f211f0d1-45ff-1b6f-dfb2-21b3102906ae:
2019-08-21 17:20:17 - GET CUSTOMER RESPONSE : 
STATUS:000:CUSTOMERID:1656019588:COUNTRY:UGANDATEST:FIRSTNAME:Filly:LASTNAME:Lawrence:BANKNAME:PRIDE:WELCOMEMESSAGE:Welcome to Pride Mobile Banking. Enter your PIN:LANGUAGE:EN
2019-08-21 17:20:17 - GET CUSTOMER000
2019-08-21 17:20:17 - GET CUSTOMER TIME : 2.7333974838257E-8
2019-08-21 17:20:21 - MENU : menu
2019-08-21 17:20:21 - MENU INPUT : 5800
2019-08-21 17:20:21 - LOGIN REQUEST : FORMID:LOGIN:CUSTOMERID:1656019588:MOBILENUMBER:256706239860:BANKID:0017:BANKNAME:PML:SHORTCODE:250:COUNTRY:UGANDATEST:DEVICEID:256706239860250:LOGINMPIN:5800:UNIQUEID:dd983939-40fc-860f-a9e1-f74da8185316:
2019-08-21 17:20:21 - LOGIN RESPONSE :
STATUS:091:DATA:Invalid Login Password
2019-08-21 17:20:26 - MENU : pin
2019-08-21 17:20:26 - MENU INPUT : 1234
2019-08-21 17:20:26 - LOGIN REQUEST : FORMID:LOGIN:CUSTOMERID:1656019588:MOBILENUMBER:256706239860:BANKID:0017:BANKNAME:PML:SHORTCODE:250:COUNTRY:UGANDATEST:DEVICEID:256706239860250:LOGINMPIN:1234:UNIQUEID:b710097e-d6e0-e9f5-67e9-bf55c77adb36:
2019-08-21 17:20:26 - LOGIN RESPONSE :
STATUS:000:ACCOUNTS:223206004827101:
2019-08-21 17:20:26 - LOGIN ACCOUNTS :223206004827101
2019-08-21 17:20:31 - MENU : home
2019-08-21 17:20:31 - MENU INPUT : 1
2019-08-21 17:20:31 - UP : home
2019-08-21 17:20:31 - MENU RESPONSES : home -> 
2019-08-21 17:20:31 - DOWN : pinReset
2019-08-21 17:20:31 - DOWN MENU : O:8:"stdClass":5:{s:2:"id";s:4:"home";s:8:"response";s:144:"Reply with
1. Account Balance
2. Mini Statement
3.Funds Transfer
4. Airtime Purchase
5. Mobile Money
6. Utility Payment 
7. Change Pin
8. Logout";s:3:"map";a:7:{i:0;O:8:"stdClass":2:{s:3:"key";s:1:"1";s:4:"menu";s:15:"BalanceAccounts";}i:1;O:8:"stdClass":2:{s:3:"key";s:1:"2";s:4:"menu";s:17:"StatementAccounts";}i:2;O:8:"stdClass":2:{s:3:"key";s:1:"3";s:4:"menu";s:10:"FTAccounts";}i:3;O:8:"stdClass":2:{s:3:"key";s:1:"4";s:4:"menu";s:14:"MOBILEPROVIDER";}i:4;O:8:"stdClass":2:{s:3:"key";s:1:"5";s:4:"menu";s:5:"NewFT";}i:5;O:8:"stdClass":2:{s:3:"key";s:1:"6";s:4:"menu";s:7:"utility";}i:6;O:8:"stdClass":2:{s:3:"key";s:1:"7";s:4:"menu";s:9:"changePin";}}s:4:"type";s:7:"dynamic";s:6:"action";s:3:"con";}
2019-08-21 17:20:31 - ERROR : BalanceAccounts
2019-08-21 17:20:31 - MMMMMMM : BalanceAccounts
2019-08-21 17:36:55 - GET CUSTOMER REQUEST :FORMID:GETCUSTOMER:MOBILENUMBER:256706239860:SHORTCODE:250:COUNTRY:UGANDATEST:DEVICEID:256706239860250:UNIQUEID:2d165268-706b-a445-bc21-6697c56db3be:
2019-08-21 17:36:55 - GET CUSTOMER RESPONSE : 
STATUS:000:CUSTOMERID:1656019588:COUNTRY:UGANDATEST:FIRSTNAME:Filly:LASTNAME:Lawrence:BANKNAME:PRIDE:WELCOMEMESSAGE:Welcome to Pride Mobile Banking. Enter your PIN:LANGUAGE:EN
2019-08-21 17:36:55 - GET CUSTOMER000
2019-08-21 17:36:55 - GET CUSTOMER TIME : 2.3989915847778E-8
2019-08-21 17:37:03 - MENU : menu
2019-08-21 17:37:03 - MENU INPUT : 1234
2019-08-21 17:37:03 - LOGIN REQUEST : FORMID:LOGIN:CUSTOMERID:1656019588:MOBILENUMBER:256706239860:BANKID:0017:BANKNAME:PML:SHORTCODE:250:COUNTRY:UGANDATEST:DEVICEID:256706239860250:LOGINMPIN:1234:UNIQUEID:ecec540e-70d6-2930-5085-514210ee910d:
2019-08-21 17:37:03 - LOGIN RESPONSE :
STATUS:000:ACCOUNTS:223206004827101:
2019-08-21 17:37:03 - LOGIN ACCOUNTS :223206004827101
2019-08-21 17:37:08 - MENU : home
2019-08-21 17:37:08 - MENU INPUT : 1
2019-08-21 17:37:08 - UP : home
2019-08-21 17:37:08 - MENU RESPONSES : home -> 
2019-08-21 17:37:08 - DOWN : pinReset
2019-08-21 17:37:08 - DOWN MENU : O:8:"stdClass":5:{s:2:"id";s:4:"home";s:8:"response";s:144:"Reply with
1. Account Balance
2. Mini Statement
3.Funds Transfer
4. Airtime Purchase
5. Mobile Money
6. Utility Payment 
7. Change Pin
8. Logout";s:3:"map";a:7:{i:0;O:8:"stdClass":2:{s:3:"key";s:1:"1";s:4:"menu";s:15:"BalanceAccounts";}i:1;O:8:"stdClass":2:{s:3:"key";s:1:"2";s:4:"menu";s:17:"StatementAccounts";}i:2;O:8:"stdClass":2:{s:3:"key";s:1:"3";s:4:"menu";s:10:"FTAccounts";}i:3;O:8:"stdClass":2:{s:3:"key";s:1:"4";s:4:"menu";s:14:"MOBILEPROVIDER";}i:4;O:8:"stdClass":2:{s:3:"key";s:1:"5";s:4:"menu";s:5:"NewFT";}i:5;O:8:"stdClass":2:{s:3:"key";s:1:"6";s:4:"menu";s:7:"utility";}i:6;O:8:"stdClass":2:{s:3:"key";s:1:"7";s:4:"menu";s:9:"changePin";}}s:4:"type";s:7:"dynamic";s:6:"action";s:3:"con";}
2019-08-21 17:37:08 - ERROR : BalanceAccounts
2019-08-21 17:37:08 - MMMMMMM : BalanceAccounts
2019-08-21 17:37:17 - MENU : BalanceAccounts
2019-08-21 17:37:17 - MENU INPUT : 1
2019-08-21 17:37:17 - UP : BalanceAccounts
2019-08-21 17:37:17 - MENU RESPONSES : BalanceAccounts -> 
2019-08-21 17:37:17 - DOWN : pinReset
2019-08-21 17:37:17 - ERROR : BalanceAccounts
2019-08-21 17:37:17 - MMMMMMM : BalanceAccounts
2019-08-21 17:37:17 - DOWN MENU : O:8:"stdClass":5:{s:2:"id";s:15:"BalanceAccounts";s:6:"action";s:3:"con";s:8:"response";s:38:"Select bank:
1. Pride/223206004827101
";s:3:"map";a:1:{i:0;O:8:"stdClass":1:{s:4:"menu";s:14:"AccountBalance";}}s:4:"type";s:4:"form";}
2019-08-21 17:37:17 - ERROR : AccountBalance
2019-08-21 17:37:17 - MMMMMMM : AccountBalance
2019-08-21 17:37:17 - BALANCE REQUEST : FORMID:B-:MERCHANTID:BALANCE:BANKACCOUNTID:223206004827101:SHORTCODE:250:CUSTOMERID:1656019588:MOBILENUMBER:256706239860:BANKID:0017:COUNTRY:UGANDATEST:UNIQUEID:d46a6d93-c44f-b98c-7a55-b640893b5cbc:
2019-08-21 17:37:40 - BALANCE RESPONSE : 
STATUS:OK:DATA:Actual Balance|UGX 93,917,372 CR|Available Balance|UGX 93,917,372 CR|BalanceTime| As of Last Checked Aug 21 2019  5-38PM shown
2019-08-21 17:39:09 - GET CUSTOMER REQUEST :FORMID:GETCUSTOMER:MOBILENUMBER:256706239860:SHORTCODE:250:COUNTRY:UGANDATEST:DEVICEID:256706239860250:UNIQUEID:4abff377-481d-4162-7c31-e3a3aba3af45:
2019-08-21 17:39:09 - GET CUSTOMER RESPONSE : 
STATUS:000:CUSTOMERID:1656019588:COUNTRY:UGANDATEST:FIRSTNAME:Filly:LASTNAME:Lawrence:BANKNAME:PRIDE:WELCOMEMESSAGE:Welcome to Pride Mobile Banking. Enter your PIN:LANGUAGE:EN
2019-08-21 17:39:09 - GET CUSTOMER000
2019-08-21 17:39:09 - GET CUSTOMER TIME : 1.9577980041504E-8
2019-08-21 17:39:21 - MENU : menu
2019-08-21 17:39:21 - MENU INPUT : 1234
2019-08-21 17:39:21 - LOGIN REQUEST : FORMID:LOGIN:CUSTOMERID:1656019588:MOBILENUMBER:256706239860:BANKID:0017:BANKNAME:PML:SHORTCODE:250:COUNTRY:UGANDATEST:DEVICEID:256706239860250:LOGINMPIN:1234:UNIQUEID:0572fc5b-6e7b-b084-aa52-960543730468:
2019-08-21 17:39:21 - LOGIN RESPONSE :
STATUS:000:ACCOUNTS:223206004827101:
2019-08-21 17:39:21 - LOGIN ACCOUNTS :223206004827101
2019-08-21 17:42:19 - GET CUSTOMER REQUEST :FORMID:GETCUSTOMER:MOBILENUMBER:256706239860:SHORTCODE:250:COUNTRY:UGANDATEST:DEVICEID:256706239860250:UNIQUEID:649bd94b-2707-2e15-c748-8726bfbf67b9:
2019-08-21 17:42:19 - GET CUSTOMER RESPONSE : 
STATUS:000:CUSTOMERID:1656019588:COUNTRY:UGANDATEST:FIRSTNAME:Filly:LASTNAME:Lawrence:BANKNAME:PRIDE:WELCOMEMESSAGE:Welcome to Pride Mobile Banking. Enter your PIN:LANGUAGE:EN
2019-08-21 17:42:19 - GET CUSTOMER000
2019-08-21 17:42:19 - GET CUSTOMER TIME : 2.4466991424561E-8
2019-08-21 17:42:24 - MENU : menu
2019-08-21 17:42:24 - MENU INPUT : 1234
2019-08-21 17:42:24 - LOGIN REQUEST : FORMID:LOGIN:CUSTOMERID:1656019588:MOBILENUMBER:256706239860:BANKID:0017:BANKNAME:PML:SHORTCODE:250:COUNTRY:UGANDATEST:DEVICEID:256706239860250:LOGINMPIN:1234:UNIQUEID:59a2fe42-dfd4-1456-3812-e343af3c7480:
2019-08-21 17:42:24 - LOGIN RESPONSE :
STATUS:000:ACCOUNTS:223206004827101:
2019-08-21 17:42:24 - LOGIN ACCOUNTS :223206004827101
2019-08-21 17:42:31 - MENU : home
2019-08-21 17:42:31 - MENU INPUT : 2
2019-08-21 17:42:31 - UP : home
2019-08-21 17:42:31 - MENU RESPONSES : home -> 
2019-08-21 17:42:31 - DOWN : pinReset
2019-08-21 17:42:31 - DOWN MENU : O:8:"stdClass":5:{s:2:"id";s:4:"home";s:8:"response";s:144:"Reply with
1. Account Balance
2. Mini Statement
3.Funds Transfer
4. Airtime Purchase
5. Mobile Money
6. Utility Payment 
7. Change Pin
8. Logout";s:3:"map";a:7:{i:0;O:8:"stdClass":2:{s:3:"key";s:1:"1";s:4:"menu";s:15:"BalanceAccounts";}i:1;O:8:"stdClass":2:{s:3:"key";s:1:"2";s:4:"menu";s:17:"StatementAccounts";}i:2;O:8:"stdClass":2:{s:3:"key";s:1:"3";s:4:"menu";s:10:"FTAccounts";}i:3;O:8:"stdClass":2:{s:3:"key";s:1:"4";s:4:"menu";s:14:"MOBILEPROVIDER";}i:4;O:8:"stdClass":2:{s:3:"key";s:1:"5";s:4:"menu";s:5:"NewFT";}i:5;O:8:"stdClass":2:{s:3:"key";s:1:"6";s:4:"menu";s:7:"utility";}i:6;O:8:"stdClass":2:{s:3:"key";s:1:"7";s:4:"menu";s:9:"changePin";}}s:4:"type";s:7:"dynamic";s:6:"action";s:3:"con";}
2019-08-21 17:42:31 - ERROR : StatementAccounts
2019-08-21 17:42:31 - MMMMMMM : StatementAccounts
2019-08-21 17:42:35 - MENU : StatementAccounts
2019-08-21 17:42:35 - MENU INPUT : 1
2019-08-21 17:42:35 - UP : StatementAccounts
2019-08-21 17:42:35 - MENU RESPONSES : StatementAccounts -> 
2019-08-21 17:42:35 - DOWN : pinReset
2019-08-21 17:42:35 - ERROR : StatementAccounts
2019-08-21 17:42:35 - MMMMMMM : StatementAccounts
2019-08-21 17:42:35 - DOWN MENU : O:8:"stdClass":5:{s:2:"id";s:17:"StatementAccounts";s:6:"action";s:3:"con";s:8:"response";s:38:"Select Bank:
1. Pride/223206004827101
";s:3:"map";a:1:{i:0;O:8:"stdClass":1:{s:4:"menu";s:16:"AccountStatement";}}s:4:"type";s:4:"form";}
2019-08-21 17:42:35 - ERROR : AccountStatement
2019-08-21 17:42:35 - MMMMMMM : AccountStatement
2019-08-21 17:42:35 - MINISTATEMENT REQUEST : FORMID:B-:MERCHANTID:STATEMENT:BANKACCOUNTID:223206004827101:SHORTCODE:250:CUSTOMERID:1656019588:MOBILENUMBER:256706239860:BANKID:0017:COUNTRY:UGANDATEST:UNIQUEID:fcc2175e-ebb0-3de3-5584-e5fec37dea3a:
2019-08-21 17:43:00 - MINISTATEMENT RESPONSE : 
STATUS:OK:DATA:DATE_TIME|SEQ_NR|TRAN_TYPE|TRAN_AMOUNT|CURR_CODE~20190731120000|000000|DR.|000000023000|800~20190731120000|000000|DR.|000000023000|800~20190731120000|000000|DR.|000000023000|800~20190731120000|000000|DR.|000000200000|800~20190731120000|000000|DR.|000000030000|800~
2019-08-21 17:43:11 - GET CUSTOMER REQUEST :FORMID:GETCUSTOMER:MOBILENUMBER:256706239860:SHORTCODE:250:COUNTRY:UGANDATEST:DEVICEID:256706239860250:UNIQUEID:355e333f-ec3a-c4e8-88fd-bc3d1089c74f:
2019-08-21 17:43:12 - GET CUSTOMER RESPONSE : 
STATUS:000:CUSTOMERID:1656019588:COUNTRY:UGANDATEST:FIRSTNAME:Filly:LASTNAME:Lawrence:BANKNAME:PRIDE:WELCOMEMESSAGE:Welcome to Pride Mobile Banking. Enter your PIN:LANGUAGE:EN
2019-08-21 17:43:12 - GET CUSTOMER000
2019-08-21 17:43:12 - GET CUSTOMER TIME : 3.1406164169312E-8
2019-08-21 17:43:16 - MENU : menu
2019-08-21 17:43:16 - MENU INPUT : 1234
2019-08-21 17:43:16 - LOGIN REQUEST : FORMID:LOGIN:CUSTOMERID:1656019588:MOBILENUMBER:256706239860:BANKID:0017:BANKNAME:PML:SHORTCODE:250:COUNTRY:UGANDATEST:DEVICEID:256706239860250:LOGINMPIN:1234:UNIQUEID:f0e3a093-a761-7cf7-5727-4693a9d5bf83:
2019-08-21 17:43:16 - LOGIN RESPONSE :
STATUS:000:ACCOUNTS:223206004827101:
2019-08-21 17:43:16 - LOGIN ACCOUNTS :223206004827101
2019-08-21 17:43:26 - MENU : home
2019-08-21 17:43:26 - MENU INPUT : 2
2019-08-21 17:43:26 - UP : home
2019-08-21 17:43:26 - MENU RESPONSES : home -> 
2019-08-21 17:43:26 - DOWN : pinReset
2019-08-21 17:43:26 - DOWN MENU : O:8:"stdClass":5:{s:2:"id";s:4:"home";s:8:"response";s:144:"Reply with
1. Account Balance
2. Mini Statement
3.Funds Transfer
4. Airtime Purchase
5. Mobile Money
6. Utility Payment 
7. Change Pin
8. Logout";s:3:"map";a:7:{i:0;O:8:"stdClass":2:{s:3:"key";s:1:"1";s:4:"menu";s:15:"BalanceAccounts";}i:1;O:8:"stdClass":2:{s:3:"key";s:1:"2";s:4:"menu";s:17:"StatementAccounts";}i:2;O:8:"stdClass":2:{s:3:"key";s:1:"3";s:4:"menu";s:10:"FTAccounts";}i:3;O:8:"stdClass":2:{s:3:"key";s:1:"4";s:4:"menu";s:14:"MOBILEPROVIDER";}i:4;O:8:"stdClass":2:{s:3:"key";s:1:"5";s:4:"menu";s:5:"NewFT";}i:5;O:8:"stdClass":2:{s:3:"key";s:1:"6";s:4:"menu";s:7:"utility";}i:6;O:8:"stdClass":2:{s:3:"key";s:1:"7";s:4:"menu";s:9:"changePin";}}s:4:"type";s:7:"dynamic";s:6:"action";s:3:"con";}
2019-08-21 17:43:26 - ERROR : StatementAccounts
2019-08-21 17:43:26 - MMMMMMM : StatementAccounts
2019-08-21 17:43:30 - MENU : StatementAccounts
2019-08-21 17:43:30 - MENU INPUT : 1
2019-08-21 17:43:30 - UP : StatementAccounts
2019-08-21 17:43:30 - MENU RESPONSES : StatementAccounts -> 
2019-08-21 17:43:30 - DOWN : pinReset
2019-08-21 17:43:30 - ERROR : StatementAccounts
2019-08-21 17:43:30 - MMMMMMM : StatementAccounts
2019-08-21 17:43:30 - DOWN MENU : O:8:"stdClass":5:{s:2:"id";s:17:"StatementAccounts";s:6:"action";s:3:"con";s:8:"response";s:38:"Select Bank:
1. Pride/223206004827101
";s:3:"map";a:1:{i:0;O:8:"stdClass":1:{s:4:"menu";s:16:"AccountStatement";}}s:4:"type";s:4:"form";}
2019-08-21 17:43:30 - ERROR : AccountStatement
2019-08-21 17:43:30 - MMMMMMM : AccountStatement
2019-08-21 17:43:30 - MINISTATEMENT REQUEST : FORMID:B-:MERCHANTID:STATEMENT:BANKACCOUNTID:223206004827101:SHORTCODE:250:CUSTOMERID:1656019588:MOBILENUMBER:256706239860:BANKID:0017:COUNTRY:UGANDATEST:UNIQUEID:b0838f7c-e451-1b3a-8dd6-4c77b28bb322:
2019-08-21 17:43:57 - MINISTATEMENT RESPONSE : 
STATUS:OK:DATA:DATE_TIME|SEQ_NR|TRAN_TYPE|TRAN_AMOUNT|CURR_CODE~20190731120000|000000|DR.|000000023000|800~20190731120000|000000|DR.|000000023000|800~20190731120000|000000|DR.|000000023000|800~20190731120000|000000|DR.|000000023000|800~20190731120000|000000|DR.|000000200000|800~
2019-08-21 17:46:32 - GET CUSTOMER REQUEST :FORMID:GETCUSTOMER:MOBILENUMBER:256706239860:SHORTCODE:250:COUNTRY:UGANDATEST:DEVICEID:256706239860250:UNIQUEID:35fd2d9f-ffb5-6e78-e533-77fee924ad6e:
2019-08-21 17:46:32 - GET CUSTOMER RESPONSE : 
STATUS:000:CUSTOMERID:1656019588:COUNTRY:UGANDATEST:FIRSTNAME:Filly:LASTNAME:Lawrence:BANKNAME:PRIDE:WELCOMEMESSAGE:Welcome to Pride Mobile Banking. Enter your PIN:LANGUAGE:EN
2019-08-21 17:46:32 - GET CUSTOMER000
2019-08-21 17:46:32 - GET CUSTOMER TIME : 2.3220062255859E-8
2019-08-21 17:46:39 - MENU : menu
2019-08-21 17:46:39 - MENU INPUT : 1234
2019-08-21 17:46:39 - LOGIN REQUEST : FORMID:LOGIN:CUSTOMERID:1656019588:MOBILENUMBER:256706239860:BANKID:0017:BANKNAME:PML:SHORTCODE:250:COUNTRY:UGANDATEST:DEVICEID:256706239860250:LOGINMPIN:1234:UNIQUEID:e5164da7-8c48-f91a-9f43-0a795aa32c08:
2019-08-21 17:46:39 - LOGIN RESPONSE :
STATUS:000:ACCOUNTS:223206004827101:
2019-08-21 17:46:39 - LOGIN ACCOUNTS :223206004827101
2019-08-21 17:46:47 - MENU : home
2019-08-21 17:46:47 - MENU INPUT : 3
2019-08-21 17:46:47 - UP : home
2019-08-21 17:46:47 - MENU RESPONSES : home -> 
2019-08-21 17:46:47 - DOWN : pinReset
2019-08-21 17:46:47 - DOWN MENU : O:8:"stdClass":5:{s:2:"id";s:4:"home";s:8:"response";s:144:"Reply with
1. Account Balance
2. Mini Statement
3.Funds Transfer
4. Airtime Purchase
5. Mobile Money
6. Utility Payment 
7. Change Pin
8. Logout";s:3:"map";a:7:{i:0;O:8:"stdClass":2:{s:3:"key";s:1:"1";s:4:"menu";s:15:"BalanceAccounts";}i:1;O:8:"stdClass":2:{s:3:"key";s:1:"2";s:4:"menu";s:17:"StatementAccounts";}i:2;O:8:"stdClass":2:{s:3:"key";s:1:"3";s:4:"menu";s:10:"FTAccounts";}i:3;O:8:"stdClass":2:{s:3:"key";s:1:"4";s:4:"menu";s:14:"MOBILEPROVIDER";}i:4;O:8:"stdClass":2:{s:3:"key";s:1:"5";s:4:"menu";s:5:"NewFT";}i:5;O:8:"stdClass":2:{s:3:"key";s:1:"6";s:4:"menu";s:7:"utility";}i:6;O:8:"stdClass":2:{s:3:"key";s:1:"7";s:4:"menu";s:9:"changePin";}}s:4:"type";s:7:"dynamic";s:6:"action";s:3:"con";}
2019-08-21 17:46:47 - ERROR : FTAccounts
2019-08-21 17:46:47 - MMMMMMM : FTAccounts
2019-08-21 17:46:54 - MENU : FTAccounts
2019-08-21 17:46:54 - MENU INPUT : 1
2019-08-21 17:46:54 - UP : FTAccounts
2019-08-21 17:46:54 - MENU RESPONSES : FTAccounts -> 
2019-08-21 17:46:54 - DOWN : pinReset
2019-08-21 17:46:54 - ERROR : FTAccounts
2019-08-21 17:46:54 - MMMMMMM : FTAccounts
2019-08-21 17:46:54 - DOWN MENU : O:8:"stdClass":5:{s:2:"id";s:10:"FTAccounts";s:6:"action";s:3:"con";s:8:"response";s:52:"Select Bank 
1. 223206004827101
00. Home 
 000. Exit";s:3:"map";a:1:{i:0;O:8:"stdClass":1:{s:4:"menu";s:6:"fundst";}}s:4:"type";s:4:"form";}
2019-08-21 17:49:51 - GET CUSTOMER REQUEST :FORMID:GETCUSTOMER:MOBILENUMBER:256706239860:SHORTCODE:250:COUNTRY:UGANDATEST:DEVICEID:256706239860250:UNIQUEID:761003d1-eca0-d1fd-b19c-7ad900e0b25d:
2019-08-21 17:49:51 - GET CUSTOMER RESPONSE : 
STATUS:000:CUSTOMERID:1656019588:COUNTRY:UGANDATEST:FIRSTNAME:Filly:LASTNAME:Lawrence:BANKNAME:PRIDE:WELCOMEMESSAGE:Welcome to Pride Mobile Banking. Enter your PIN:LANGUAGE:EN
2019-08-21 17:49:51 - GET CUSTOMER000
2019-08-21 17:49:51 - GET CUSTOMER TIME : 1.8641948699951E-8
2019-08-21 17:53:36 - GET CUSTOMER REQUEST :FORMID:GETCUSTOMER:MOBILENUMBER:256706239860:SHORTCODE:250:COUNTRY:UGANDATEST:DEVICEID:256706239860250:UNIQUEID:e3ade8dc-a17b-891b-e758-9a238e42cb5f:
2019-08-21 17:53:36 - GET CUSTOMER RESPONSE : 
STATUS:000:CUSTOMERID:1656019588:COUNTRY:UGANDATEST:FIRSTNAME:Filly:LASTNAME:Lawrence:BANKNAME:PRIDE:WELCOMEMESSAGE:Welcome to Pride Mobile Banking. Enter your PIN:LANGUAGE:EN
2019-08-21 17:53:36 - GET CUSTOMER000
2019-08-21 17:53:36 - GET CUSTOMER TIME : 2.7590036392212E-8
2019-08-21 17:53:43 - MENU : menu
2019-08-21 17:53:43 - MENU INPUT : 5800
2019-08-21 17:53:43 - LOGIN REQUEST : FORMID:LOGIN:CUSTOMERID:1656019588:MOBILENUMBER:256706239860:BANKID:0017:BANKNAME:PML:SHORTCODE:250:COUNTRY:UGANDATEST:DEVICEID:256706239860250:LOGINMPIN:5800:UNIQUEID:de386a21-b148-431b-a780-f69416ad13dc:
2019-08-21 17:53:43 - LOGIN RESPONSE :
STATUS:091:DATA:Invalid Login Password
2019-08-21 17:53:48 - MENU : pin
2019-08-21 17:53:48 - MENU INPUT : 1234
2019-08-21 17:53:48 - LOGIN REQUEST : FORMID:LOGIN:CUSTOMERID:1656019588:MOBILENUMBER:256706239860:BANKID:0017:BANKNAME:PML:SHORTCODE:250:COUNTRY:UGANDATEST:DEVICEID:256706239860250:LOGINMPIN:1234:UNIQUEID:b14825f7-3e8a-3033-f8cc-010e1c86aaa6:
2019-08-21 17:53:48 - LOGIN RESPONSE :
STATUS:000:ACCOUNTS:223206004827101:
2019-08-21 17:53:48 - LOGIN ACCOUNTS :223206004827101
2019-08-21 17:53:54 - MENU : home
2019-08-21 17:53:54 - MENU INPUT : 3
2019-08-21 17:53:54 - UP : home
2019-08-21 17:53:54 - MENU RESPONSES : home -> 
2019-08-21 17:53:54 - DOWN : pinReset
2019-08-21 17:53:54 - DOWN MENU : O:8:"stdClass":5:{s:2:"id";s:4:"home";s:8:"response";s:144:"Reply with
1. Account Balance
2. Mini Statement
3.Funds Transfer
4. Airtime Purchase
5. Mobile Money
6. Utility Payment 
7. Change Pin
8. Logout";s:3:"map";a:7:{i:0;O:8:"stdClass":2:{s:3:"key";s:1:"1";s:4:"menu";s:15:"BalanceAccounts";}i:1;O:8:"stdClass":2:{s:3:"key";s:1:"2";s:4:"menu";s:17:"StatementAccounts";}i:2;O:8:"stdClass":2:{s:3:"key";s:1:"3";s:4:"menu";s:10:"FTAccounts";}i:3;O:8:"stdClass":2:{s:3:"key";s:1:"4";s:4:"menu";s:14:"MOBILEPROVIDER";}i:4;O:8:"stdClass":2:{s:3:"key";s:1:"5";s:4:"menu";s:5:"NewFT";}i:5;O:8:"stdClass":2:{s:3:"key";s:1:"6";s:4:"menu";s:7:"utility";}i:6;O:8:"stdClass":2:{s:3:"key";s:1:"7";s:4:"menu";s:9:"changePin";}}s:4:"type";s:7:"dynamic";s:6:"action";s:3:"con";}
2019-08-21 17:53:54 - ERROR : FTAccounts
2019-08-21 17:53:54 - MMMMMMM : FTAccounts
2019-08-21 17:53:59 - MENU : FTAccounts
2019-08-21 17:53:59 - MENU INPUT : 1
2019-08-21 17:53:59 - UP : FTAccounts
2019-08-21 17:53:59 - MENU RESPONSES : FTAccounts -> 
2019-08-21 17:53:59 - DOWN : pinReset
2019-08-21 17:53:59 - ERROR : FTAccounts
2019-08-21 17:53:59 - MMMMMMM : FTAccounts
2019-08-21 17:53:59 - DOWN MENU : O:8:"stdClass":5:{s:2:"id";s:10:"FTAccounts";s:6:"action";s:3:"con";s:8:"response";s:52:"Select Bank 
1. 223206004827101
00. Home 
 000. Exit";s:3:"map";a:1:{i:0;O:8:"stdClass":1:{s:4:"menu";s:6:"fundst";}}s:4:"type";s:4:"form";}
2019-08-21 17:54:06 - MENU : fundst
2019-08-21 17:54:06 - MENU INPUT : 1
2019-08-21 17:54:06 - UP : fundst
2019-08-21 17:54:06 - MENU RESPONSES : fundst -> 
2019-08-21 17:54:06 - DOWN : pinReset
2019-08-21 17:54:06 - DOWN MENU : O:8:"stdClass":5:{s:2:"id";s:6:"fundst";s:8:"response";s:60:"Reply with:
1. Direct Transfer
2. InterBank Transfer
0. Home";s:3:"map";a:2:{i:0;O:8:"stdClass":2:{s:3:"key";s:1:"1";s:4:"menu";s:14:"iftFormAccount";}i:1;O:8:"stdClass":2:{s:3:"key";s:1:"2";s:4:"menu";s:17:"InterBankTransfer";}}s:4:"type";s:7:"dynamic";s:6:"action";s:3:"con";}
2019-08-21 17:54:27 - MENU : iftFormAccount
2019-08-21 17:54:27 - MENU INPUT : 223205003324501
2019-08-21 17:54:27 - UP : iftFormAccount
2019-08-21 17:54:27 - MENU RESPONSES : iftFormAccount -> 
2019-08-21 17:54:27 - DOWN : pinReset
2019-08-21 17:54:27 - DOWN MENU : O:8:"stdClass":6:{s:2:"id";s:14:"iftFormAccount";s:8:"response";s:29:"Enter Account To Transfer To:";s:3:"map";a:1:{i:0;O:8:"stdClass":2:{s:3:"key";s:4:"next";s:4:"menu";s:17:"validateFTAccount";}}s:4:"type";s:4:"form";s:4:"name";s:13:"DirectAccount";s:6:"action";s:3:"con";}
2019-08-21 17:54:27 - ERROR : validateFTAccount
2019-08-21 17:54:27 - MMMMMMM : validateFTAccount
2019-08-21 17:54:27 - VALIDATE FT ACCOUNT REQUEST : FORMID:M-:MERCHANTID:VALIDATEACCOUNT:ACCOUNTID:223205003324501:CUSTOMERID:1656019588:MOBILENUMBER:256706239860:BANKNAME:PML:SHORTCODE:250:BANKID:0017:COUNTRY:UGANDATEST:ACTION:GETNAME:UNIQUEID:79f695fb-a1ca-c528-fbc9-3c1028553fb5:TRXSOURCE:USSD:
2019-08-21 17:54:49 - VALIDATE FT ACCOUNT RESPONSE : 
STATUS:091:MESSAGE:Invalid Account. Please reenter.
