2019-08-21 17:21:03 - GET CUSTOMER REQUEST :FORMID:GETCUSTOMER:MOBILENUMBER:256700146817:SHORTCODE:250:COUNTRY:UGANDATEST:DEVICEID:256700146817250:UNIQUEID:295209dd-2b5b-facd-f04a-23b657cfe591:
2019-08-21 17:21:03 - GET CUSTOMER RESPONSE : 
STATUS:000:CUSTOMERID:1485941693:COUNTRY:UGANDATEST:FIRSTNAME:Shafique:LASTNAME:Kabali:BANKNAME:PRIDE:WELCOMEMESSAGE:Welcome to Pride Mobile Banking. Enter your PIN:LANGUAGE:EN
2019-08-21 17:21:03 - GET CUSTOMER000
2019-08-21 17:21:03 - GET CUSTOMER TIME : 2.0709991455078E-8
2019-08-21 17:21:11 - GET CUSTOMER REQUEST :FORMID:GETCUSTOMER:MOBILENUMBER:256700146817:SHORTCODE:250:COUNTRY:UGANDATEST:DEVICEID:256700146817250:UNIQUEID:b7587ac4-72ac-4f19-5ac3-961a8a807a85:
2019-08-21 17:21:11 - GET CUSTOMER RESPONSE : 
STATUS:000:CUSTOMERID:1485941693:COUNTRY:UGANDATEST:FIRSTNAME:Shafique:LASTNAME:Kabali:BANKNAME:PRIDE:WELCOMEMESSAGE:Welcome to Pride Mobile Banking. Enter your PIN:LANGUAGE:EN
2019-08-21 17:21:11 - GET CUSTOMER000
2019-08-21 17:21:11 - GET CUSTOMER TIME : 1.806902885437E-8
2019-08-21 17:21:56 - GET CUSTOMER REQUEST :FORMID:GETCUSTOMER:MOBILENUMBER:256700146817:SHORTCODE:250:COUNTRY:UGANDATEST:DEVICEID:256700146817250:UNIQUEID:743f8ec8-903b-da3a-87d5-00ee6835c7c3:
2019-08-21 17:21:56 - GET CUSTOMER RESPONSE : 
STATUS:000:CUSTOMERID:1485941693:COUNTRY:UGANDATEST:FIRSTNAME:Shafique:LASTNAME:Kabali:BANKNAME:PRIDE:WELCOMEMESSAGE:Welcome to Pride Mobile Banking. Enter your PIN:LANGUAGE:EN
2019-08-21 17:21:56 - GET CUSTOMER000
2019-08-21 17:21:56 - GET CUSTOMER TIME : 2.2223949432373E-8
2019-08-21 17:22:01 - MENU : menu
2019-08-21 17:22:01 - MENU INPUT : 1234
2019-08-21 17:22:01 - LOGIN REQUEST : FORMID:LOGIN:CUSTOMERID:1485941693:MOBILENUMBER:256700146817:BANKID:0017:BANKNAME:PML:SHORTCODE:250:COUNTRY:UGANDATEST:DEVICEID:256700146817250:LOGINMPIN:1234:UNIQUEID:0f16f42b-9ae3-108a-9dd7-6f4976b1699c:
2019-08-21 17:22:01 - LOGIN RESPONSE :
STATUS:000:ACCOUNTS:218210027132501,223205003324501,223206003324501:
2019-08-21 17:22:01 - LOGIN ACCOUNTS :218210027132501,223205003324501,223206003324501
2019-08-21 17:22:04 - MENU : home
2019-08-21 17:22:04 - MENU INPUT : 1
2019-08-21 17:22:04 - UP : home
2019-08-21 17:22:04 - MENU RESPONSES : home -> 
2019-08-21 17:22:04 - DOWN : pinReset
2019-08-21 17:22:04 - DOWN MENU : O:8:"stdClass":5:{s:2:"id";s:4:"home";s:8:"response";s:144:"Reply with
1. Account Balance
2. Mini Statement
3.Funds Transfer
4. Airtime Purchase
5. Mobile Money
6. Utility Payment 
7. Change Pin
8. Logout";s:3:"map";a:7:{i:0;O:8:"stdClass":2:{s:3:"key";s:1:"1";s:4:"menu";s:15:"BalanceAccounts";}i:1;O:8:"stdClass":2:{s:3:"key";s:1:"2";s:4:"menu";s:17:"StatementAccounts";}i:2;O:8:"stdClass":2:{s:3:"key";s:1:"3";s:4:"menu";s:10:"FTAccounts";}i:3;O:8:"stdClass":2:{s:3:"key";s:1:"4";s:4:"menu";s:14:"MOBILEPROVIDER";}i:4;O:8:"stdClass":2:{s:3:"key";s:1:"5";s:4:"menu";s:5:"NewFT";}i:5;O:8:"stdClass":2:{s:3:"key";s:1:"6";s:4:"menu";s:7:"utility";}i:6;O:8:"stdClass":2:{s:3:"key";s:1:"7";s:4:"menu";s:9:"changePin";}}s:4:"type";s:7:"dynamic";s:6:"action";s:3:"con";}
2019-08-21 17:22:04 - ERROR : BalanceAccounts
2019-08-21 17:22:04 - MMMMMMM : BalanceAccounts
2019-08-21 17:22:07 - MENU : BalanceAccounts
2019-08-21 17:22:07 - MENU INPUT : 1
2019-08-21 17:22:07 - UP : BalanceAccounts
2019-08-21 17:22:07 - MENU RESPONSES : BalanceAccounts -> 
2019-08-21 17:22:07 - DOWN : pinReset
2019-08-21 17:22:07 - ERROR : BalanceAccounts
2019-08-21 17:22:07 - MMMMMMM : BalanceAccounts
2019-08-21 17:22:07 - DOWN MENU : O:8:"stdClass":5:{s:2:"id";s:15:"BalanceAccounts";s:6:"action";s:3:"con";s:8:"response";s:88:"Select bank:
1. Pride/218210027132501
2. Pride/223205003324501
3. Pride/223206003324501
";s:3:"map";a:1:{i:0;O:8:"stdClass":1:{s:4:"menu";s:14:"AccountBalance";}}s:4:"type";s:4:"form";}
2019-08-21 17:22:07 - ERROR : AccountBalance
2019-08-21 17:22:07 - MMMMMMM : AccountBalance
2019-08-21 17:22:07 - BALANCE REQUEST : FORMID:B-:MERCHANTID:BALANCE:BANKACCOUNTID:218210027132501:SHORTCODE:250:CUSTOMERID:1485941693:MOBILENUMBER:256700146817:BANKID:0017:COUNTRY:UGANDATEST:UNIQUEID:c16adf26-b292-d9a1-7d09-b4c9fec61534:
2019-08-21 17:22:43 - BALANCE RESPONSE : 
STATUS:091:DATA: shown
2019-08-21 17:22:50 - GET CUSTOMER REQUEST :FORMID:GETCUSTOMER:MOBILENUMBER:256700146817:SHORTCODE:250:COUNTRY:UGANDATEST:DEVICEID:256700146817250:UNIQUEID:c61f6808-e828-1d6d-f976-e92d7e421d1a:
2019-08-21 17:22:50 - GET CUSTOMER RESPONSE : 
STATUS:000:CUSTOMERID:1485941693:COUNTRY:UGANDATEST:FIRSTNAME:Shafique:LASTNAME:Kabali:BANKNAME:PRIDE:WELCOMEMESSAGE:Welcome to Pride Mobile Banking. Enter your PIN:LANGUAGE:EN
2019-08-21 17:22:50 - GET CUSTOMER000
2019-08-21 17:22:50 - GET CUSTOMER TIME : 2.4518013000488E-8
2019-08-21 17:22:54 - MENU : menu
2019-08-21 17:22:54 - MENU INPUT : 1234
2019-08-21 17:22:54 - LOGIN REQUEST : FORMID:LOGIN:CUSTOMERID:1485941693:MOBILENUMBER:256700146817:BANKID:0017:BANKNAME:PML:SHORTCODE:250:COUNTRY:UGANDATEST:DEVICEID:256700146817250:LOGINMPIN:1234:UNIQUEID:23262e27-2a67-d568-ef05-1140ff69ba53:
2019-08-21 17:22:55 - LOGIN RESPONSE :
STATUS:000:ACCOUNTS:218210027132501,223205003324501,223206003324501:
2019-08-21 17:22:55 - LOGIN ACCOUNTS :218210027132501,223205003324501,223206003324501
2019-08-21 17:22:58 - MENU : home
2019-08-21 17:22:58 - MENU INPUT : 1
2019-08-21 17:22:58 - UP : home
2019-08-21 17:22:58 - MENU RESPONSES : home -> 
2019-08-21 17:22:58 - DOWN : pinReset
2019-08-21 17:22:58 - DOWN MENU : O:8:"stdClass":5:{s:2:"id";s:4:"home";s:8:"response";s:144:"Reply with
1. Account Balance
2. Mini Statement
3.Funds Transfer
4. Airtime Purchase
5. Mobile Money
6. Utility Payment 
7. Change Pin
8. Logout";s:3:"map";a:7:{i:0;O:8:"stdClass":2:{s:3:"key";s:1:"1";s:4:"menu";s:15:"BalanceAccounts";}i:1;O:8:"stdClass":2:{s:3:"key";s:1:"2";s:4:"menu";s:17:"StatementAccounts";}i:2;O:8:"stdClass":2:{s:3:"key";s:1:"3";s:4:"menu";s:10:"FTAccounts";}i:3;O:8:"stdClass":2:{s:3:"key";s:1:"4";s:4:"menu";s:14:"MOBILEPROVIDER";}i:4;O:8:"stdClass":2:{s:3:"key";s:1:"5";s:4:"menu";s:5:"NewFT";}i:5;O:8:"stdClass":2:{s:3:"key";s:1:"6";s:4:"menu";s:7:"utility";}i:6;O:8:"stdClass":2:{s:3:"key";s:1:"7";s:4:"menu";s:9:"changePin";}}s:4:"type";s:7:"dynamic";s:6:"action";s:3:"con";}
2019-08-21 17:22:58 - ERROR : BalanceAccounts
2019-08-21 17:22:58 - MMMMMMM : BalanceAccounts
2019-08-21 17:23:01 - MENU : BalanceAccounts
2019-08-21 17:23:01 - MENU INPUT : 1
2019-08-21 17:23:01 - UP : BalanceAccounts
2019-08-21 17:23:01 - MENU RESPONSES : BalanceAccounts -> 
2019-08-21 17:23:01 - DOWN : pinReset
2019-08-21 17:23:01 - ERROR : BalanceAccounts
2019-08-21 17:23:01 - MMMMMMM : BalanceAccounts
2019-08-21 17:23:01 - DOWN MENU : O:8:"stdClass":5:{s:2:"id";s:15:"BalanceAccounts";s:6:"action";s:3:"con";s:8:"response";s:88:"Select bank:
1. Pride/218210027132501
2. Pride/223205003324501
3. Pride/223206003324501
";s:3:"map";a:1:{i:0;O:8:"stdClass":1:{s:4:"menu";s:14:"AccountBalance";}}s:4:"type";s:4:"form";}
2019-08-21 17:23:01 - ERROR : AccountBalance
2019-08-21 17:23:01 - MMMMMMM : AccountBalance
2019-08-21 17:23:01 - BALANCE REQUEST : FORMID:B-:MERCHANTID:BALANCE:BANKACCOUNTID:218210027132501:SHORTCODE:250:CUSTOMERID:1485941693:MOBILENUMBER:256700146817:BANKID:0017:COUNTRY:UGANDATEST:UNIQUEID:e3a505c2-b3ae-25e6-4903-02bd70ca7ccc:
2019-08-21 17:23:16 - BALANCE RESPONSE : 
STATUS:OK:DATA:0001800C0007649423520002800C000764942352 shown
2019-08-21 17:23:41 - GET CUSTOMER REQUEST :FORMID:GETCUSTOMER:MOBILENUMBER:256700146817:SHORTCODE:250:COUNTRY:UGANDATEST:DEVICEID:256700146817250:UNIQUEID:28e6b6fc-00e4-7230-1e0e-02e931c55db5:
2019-08-21 17:23:41 - GET CUSTOMER RESPONSE : 
STATUS:000:CUSTOMERID:1485941693:COUNTRY:UGANDATEST:FIRSTNAME:Shafique:LASTNAME:Kabali:BANKNAME:PRIDE:WELCOMEMESSAGE:Welcome to Pride Mobile Banking. Enter your PIN:LANGUAGE:EN
2019-08-21 17:23:41 - GET CUSTOMER000
2019-08-21 17:23:41 - GET CUSTOMER TIME : 2.3972988128662E-8
2019-08-21 17:23:44 - MENU : menu
2019-08-21 17:23:44 - MENU INPUT : 1234
2019-08-21 17:23:44 - LOGIN REQUEST : FORMID:LOGIN:CUSTOMERID:1485941693:MOBILENUMBER:256700146817:BANKID:0017:BANKNAME:PML:SHORTCODE:250:COUNTRY:UGANDATEST:DEVICEID:256700146817250:LOGINMPIN:1234:UNIQUEID:f6837666-0537-40c9-129b-fc5c74cb71d4:
2019-08-21 17:23:45 - LOGIN RESPONSE :
STATUS:000:ACCOUNTS:218210027132501,223205003324501,223206003324501:
2019-08-21 17:23:45 - LOGIN ACCOUNTS :218210027132501,223205003324501,223206003324501
2019-08-21 17:23:48 - MENU : home
2019-08-21 17:23:48 - MENU INPUT : 1
2019-08-21 17:23:48 - UP : home
2019-08-21 17:23:48 - MENU RESPONSES : home -> 
2019-08-21 17:23:48 - DOWN : pinReset
2019-08-21 17:23:48 - DOWN MENU : O:8:"stdClass":5:{s:2:"id";s:4:"home";s:8:"response";s:144:"Reply with
1. Account Balance
2. Mini Statement
3.Funds Transfer
4. Airtime Purchase
5. Mobile Money
6. Utility Payment 
7. Change Pin
8. Logout";s:3:"map";a:7:{i:0;O:8:"stdClass":2:{s:3:"key";s:1:"1";s:4:"menu";s:15:"BalanceAccounts";}i:1;O:8:"stdClass":2:{s:3:"key";s:1:"2";s:4:"menu";s:17:"StatementAccounts";}i:2;O:8:"stdClass":2:{s:3:"key";s:1:"3";s:4:"menu";s:10:"FTAccounts";}i:3;O:8:"stdClass":2:{s:3:"key";s:1:"4";s:4:"menu";s:14:"MOBILEPROVIDER";}i:4;O:8:"stdClass":2:{s:3:"key";s:1:"5";s:4:"menu";s:5:"NewFT";}i:5;O:8:"stdClass":2:{s:3:"key";s:1:"6";s:4:"menu";s:7:"utility";}i:6;O:8:"stdClass":2:{s:3:"key";s:1:"7";s:4:"menu";s:9:"changePin";}}s:4:"type";s:7:"dynamic";s:6:"action";s:3:"con";}
2019-08-21 17:23:48 - ERROR : BalanceAccounts
2019-08-21 17:23:48 - MMMMMMM : BalanceAccounts
2019-08-21 17:23:51 - MENU : BalanceAccounts
2019-08-21 17:23:51 - MENU INPUT : 1
2019-08-21 17:23:51 - UP : BalanceAccounts
2019-08-21 17:23:51 - MENU RESPONSES : BalanceAccounts -> 
2019-08-21 17:23:51 - DOWN : pinReset
2019-08-21 17:23:51 - ERROR : BalanceAccounts
2019-08-21 17:23:51 - MMMMMMM : BalanceAccounts
2019-08-21 17:23:51 - DOWN MENU : O:8:"stdClass":5:{s:2:"id";s:15:"BalanceAccounts";s:6:"action";s:3:"con";s:8:"response";s:88:"Select bank:
1. Pride/218210027132501
2. Pride/223205003324501
3. Pride/223206003324501
";s:3:"map";a:1:{i:0;O:8:"stdClass":1:{s:4:"menu";s:14:"AccountBalance";}}s:4:"type";s:4:"form";}
2019-08-21 17:23:51 - ERROR : AccountBalance
2019-08-21 17:23:51 - MMMMMMM : AccountBalance
2019-08-21 17:23:51 - BALANCE REQUEST : FORMID:B-:MERCHANTID:BALANCE:BANKACCOUNTID:218210027132501:SHORTCODE:250:CUSTOMERID:1485941693:MOBILENUMBER:256700146817:BANKID:0017:COUNTRY:UGANDATEST:UNIQUEID:acabf605-2635-4eaa-9f6b-df146e49d17a:
2019-08-21 17:24:05 - BALANCE RESPONSE : 
STATUS:OK:DATA:0001800C0007649423520002800C000764942352 shown
2019-08-21 17:24:21 - GET CUSTOMER REQUEST :FORMID:GETCUSTOMER:MOBILENUMBER:256700146817:SHORTCODE:250:COUNTRY:UGANDATEST:DEVICEID:256700146817250:UNIQUEID:15d4bc65-2c19-a93f-ada6-0a4c40182170:
2019-08-21 17:24:21 - GET CUSTOMER RESPONSE : 
STATUS:000:CUSTOMERID:1485941693:COUNTRY:UGANDATEST:FIRSTNAME:Shafique:LASTNAME:Kabali:BANKNAME:PRIDE:WELCOMEMESSAGE:Welcome to Pride Mobile Banking. Enter your PIN:LANGUAGE:EN
2019-08-21 17:24:21 - GET CUSTOMER000
2019-08-21 17:24:21 - GET CUSTOMER TIME : 2.3921012878418E-8
2019-08-21 17:24:26 - MENU : menu
2019-08-21 17:24:26 - MENU INPUT : 1234
2019-08-21 17:24:26 - LOGIN REQUEST : FORMID:LOGIN:CUSTOMERID:1485941693:MOBILENUMBER:256700146817:BANKID:0017:BANKNAME:PML:SHORTCODE:250:COUNTRY:UGANDATEST:DEVICEID:256700146817250:LOGINMPIN:1234:UNIQUEID:41a577e5-ac0f-43d4-a2c2-a308d0839194:
2019-08-21 17:24:26 - LOGIN RESPONSE :
STATUS:000:ACCOUNTS:218210027132501,223205003324501,223206003324501:
2019-08-21 17:24:26 - LOGIN ACCOUNTS :218210027132501,223205003324501,223206003324501
2019-08-21 17:24:30 - MENU : home
2019-08-21 17:24:30 - MENU INPUT : 1
2019-08-21 17:24:30 - UP : home
2019-08-21 17:24:30 - MENU RESPONSES : home -> 
2019-08-21 17:24:30 - DOWN : pinReset
2019-08-21 17:24:30 - DOWN MENU : O:8:"stdClass":5:{s:2:"id";s:4:"home";s:8:"response";s:144:"Reply with
1. Account Balance
2. Mini Statement
3.Funds Transfer
4. Airtime Purchase
5. Mobile Money
6. Utility Payment 
7. Change Pin
8. Logout";s:3:"map";a:7:{i:0;O:8:"stdClass":2:{s:3:"key";s:1:"1";s:4:"menu";s:15:"BalanceAccounts";}i:1;O:8:"stdClass":2:{s:3:"key";s:1:"2";s:4:"menu";s:17:"StatementAccounts";}i:2;O:8:"stdClass":2:{s:3:"key";s:1:"3";s:4:"menu";s:10:"FTAccounts";}i:3;O:8:"stdClass":2:{s:3:"key";s:1:"4";s:4:"menu";s:14:"MOBILEPROVIDER";}i:4;O:8:"stdClass":2:{s:3:"key";s:1:"5";s:4:"menu";s:5:"NewFT";}i:5;O:8:"stdClass":2:{s:3:"key";s:1:"6";s:4:"menu";s:7:"utility";}i:6;O:8:"stdClass":2:{s:3:"key";s:1:"7";s:4:"menu";s:9:"changePin";}}s:4:"type";s:7:"dynamic";s:6:"action";s:3:"con";}
2019-08-21 17:24:30 - ERROR : BalanceAccounts
2019-08-21 17:24:30 - MMMMMMM : BalanceAccounts
2019-08-21 17:24:48 - MENU : BalanceAccounts
2019-08-21 17:24:48 - MENU INPUT : 1
2019-08-21 17:24:48 - UP : BalanceAccounts
2019-08-21 17:24:48 - MENU RESPONSES : BalanceAccounts -> 
2019-08-21 17:24:48 - DOWN : pinReset
2019-08-21 17:24:48 - ERROR : BalanceAccounts
2019-08-21 17:24:48 - MMMMMMM : BalanceAccounts
2019-08-21 17:24:48 - DOWN MENU : O:8:"stdClass":5:{s:2:"id";s:15:"BalanceAccounts";s:6:"action";s:3:"con";s:8:"response";s:88:"Select bank:
1. Pride/218210027132501
2. Pride/223205003324501
3. Pride/223206003324501
";s:3:"map";a:1:{i:0;O:8:"stdClass":1:{s:4:"menu";s:14:"AccountBalance";}}s:4:"type";s:4:"form";}
2019-08-21 17:24:48 - ERROR : AccountBalance
2019-08-21 17:24:48 - MMMMMMM : AccountBalance
2019-08-21 17:24:48 - BALANCE REQUEST : FORMID:B-:MERCHANTID:BALANCE:BANKACCOUNTID:218210027132501:SHORTCODE:250:CUSTOMERID:1485941693:MOBILENUMBER:256700146817:BANKID:0017:COUNTRY:UGANDATEST:UNIQUEID:1378f411-4c05-4030-5b9b-c902a3fc5524:
2019-08-21 17:25:03 - BALANCE RESPONSE : 
STATUS:OK:DATA:0001800C0007649423520002800C000764942352 shown
2019-08-21 17:29:28 - GET CUSTOMER REQUEST :FORMID:GETCUSTOMER:MOBILENUMBER:256700146817:SHORTCODE:250:COUNTRY:UGANDATEST:DEVICEID:256700146817250:UNIQUEID:b6d1e446-f4aa-17cc-baaa-7a1a3629aa82:
2019-08-21 17:29:28 - GET CUSTOMER RESPONSE : 
STATUS:000:CUSTOMERID:1485941693:COUNTRY:UGANDATEST:FIRSTNAME:Shafique:LASTNAME:Kabali:BANKNAME:PRIDE:WELCOMEMESSAGE:Welcome to Pride Mobile Banking. Enter your PIN:LANGUAGE:EN
2019-08-21 17:29:28 - GET CUSTOMER000
2019-08-21 17:29:28 - GET CUSTOMER TIME : 2.6962995529175E-8
2019-08-21 17:29:33 - MENU : menu
2019-08-21 17:29:33 - MENU INPUT : 1234
2019-08-21 17:29:33 - LOGIN REQUEST : FORMID:LOGIN:CUSTOMERID:1485941693:MOBILENUMBER:256700146817:BANKID:0017:BANKNAME:PML:SHORTCODE:250:COUNTRY:UGANDATEST:DEVICEID:256700146817250:LOGINMPIN:1234:UNIQUEID:e1c0afac-352b-588d-4725-cdfdf504fcbe:
2019-08-21 17:29:33 - LOGIN RESPONSE :
STATUS:000:ACCOUNTS:218210027132501,223205003324501,223206003324501:
2019-08-21 17:29:33 - LOGIN ACCOUNTS :218210027132501,223205003324501,223206003324501
2019-08-21 17:29:37 - MENU : home
2019-08-21 17:29:37 - MENU INPUT : 1
2019-08-21 17:29:37 - UP : home
2019-08-21 17:29:37 - MENU RESPONSES : home -> 
2019-08-21 17:29:37 - DOWN : pinReset
2019-08-21 17:29:37 - DOWN MENU : O:8:"stdClass":5:{s:2:"id";s:4:"home";s:8:"response";s:144:"Reply with
1. Account Balance
2. Mini Statement
3.Funds Transfer
4. Airtime Purchase
5. Mobile Money
6. Utility Payment 
7. Change Pin
8. Logout";s:3:"map";a:7:{i:0;O:8:"stdClass":2:{s:3:"key";s:1:"1";s:4:"menu";s:15:"BalanceAccounts";}i:1;O:8:"stdClass":2:{s:3:"key";s:1:"2";s:4:"menu";s:17:"StatementAccounts";}i:2;O:8:"stdClass":2:{s:3:"key";s:1:"3";s:4:"menu";s:10:"FTAccounts";}i:3;O:8:"stdClass":2:{s:3:"key";s:1:"4";s:4:"menu";s:14:"MOBILEPROVIDER";}i:4;O:8:"stdClass":2:{s:3:"key";s:1:"5";s:4:"menu";s:5:"NewFT";}i:5;O:8:"stdClass":2:{s:3:"key";s:1:"6";s:4:"menu";s:7:"utility";}i:6;O:8:"stdClass":2:{s:3:"key";s:1:"7";s:4:"menu";s:9:"changePin";}}s:4:"type";s:7:"dynamic";s:6:"action";s:3:"con";}
2019-08-21 17:29:37 - ERROR : BalanceAccounts
2019-08-21 17:29:37 - MMMMMMM : BalanceAccounts
2019-08-21 17:29:41 - MENU : BalanceAccounts
2019-08-21 17:29:41 - MENU INPUT : 2
2019-08-21 17:29:41 - UP : BalanceAccounts
2019-08-21 17:29:41 - MENU RESPONSES : BalanceAccounts -> 
2019-08-21 17:29:41 - DOWN : pinReset
2019-08-21 17:29:41 - ERROR : BalanceAccounts
2019-08-21 17:29:41 - MMMMMMM : BalanceAccounts
2019-08-21 17:29:41 - DOWN MENU : O:8:"stdClass":5:{s:2:"id";s:15:"BalanceAccounts";s:6:"action";s:3:"con";s:8:"response";s:88:"Select bank:
1. Pride/218210027132501
2. Pride/223205003324501
3. Pride/223206003324501
";s:3:"map";a:1:{i:0;O:8:"stdClass":1:{s:4:"menu";s:14:"AccountBalance";}}s:4:"type";s:4:"form";}
2019-08-21 17:29:41 - ERROR : AccountBalance
2019-08-21 17:29:41 - MMMMMMM : AccountBalance
2019-08-21 17:29:41 - BALANCE REQUEST : FORMID:B-:MERCHANTID:BALANCE:BANKACCOUNTID:223205003324501:SHORTCODE:250:CUSTOMERID:1485941693:MOBILENUMBER:256700146817:BANKID:0017:COUNTRY:UGANDATEST:UNIQUEID:6ae8de68-6c90-eb15-6606-5d54b88eb070:
2019-08-21 17:30:00 - BALANCE RESPONSE : 
STATUS:OK:DATA:0001800C0000250770130002800C000025077013 shown
2019-08-21 17:35:41 - GET CUSTOMER REQUEST :FORMID:GETCUSTOMER:MOBILENUMBER:256700146817:SHORTCODE:250:COUNTRY:UGANDATEST:DEVICEID:256700146817250:UNIQUEID:e580cd87-f706-c56d-702d-2a22abe02e7a:
2019-08-21 17:35:41 - GET CUSTOMER RESPONSE : 
STATUS:000:CUSTOMERID:1485941693:COUNTRY:UGANDATEST:FIRSTNAME:Shafique:LASTNAME:Kabali:BANKNAME:PRIDE:WELCOMEMESSAGE:Welcome to Pride Mobile Banking. Enter your PIN:LANGUAGE:EN
2019-08-21 17:35:41 - GET CUSTOMER000
2019-08-21 17:35:41 - GET CUSTOMER TIME : 2.3710966110229E-8
2019-08-21 17:35:46 - MENU : menu
2019-08-21 17:35:46 - MENU INPUT : 1234
2019-08-21 17:35:46 - LOGIN REQUEST : FORMID:LOGIN:CUSTOMERID:1485941693:MOBILENUMBER:256700146817:BANKID:0017:BANKNAME:PML:SHORTCODE:250:COUNTRY:UGANDATEST:DEVICEID:256700146817250:LOGINMPIN:1234:UNIQUEID:c70ea9e8-5238-ea46-67a9-1cba207182df:
2019-08-21 17:35:46 - LOGIN RESPONSE :
STATUS:000:ACCOUNTS:218210027132501,223205003324501,223206003324501:
2019-08-21 17:35:46 - LOGIN ACCOUNTS :218210027132501,223205003324501,223206003324501
2019-08-21 17:35:49 - MENU : home
2019-08-21 17:35:49 - MENU INPUT : 1
2019-08-21 17:35:49 - UP : home
2019-08-21 17:35:49 - MENU RESPONSES : home -> 
2019-08-21 17:35:49 - DOWN : pinReset
2019-08-21 17:35:49 - DOWN MENU : O:8:"stdClass":5:{s:2:"id";s:4:"home";s:8:"response";s:144:"Reply with
1. Account Balance
2. Mini Statement
3.Funds Transfer
4. Airtime Purchase
5. Mobile Money
6. Utility Payment 
7. Change Pin
8. Logout";s:3:"map";a:7:{i:0;O:8:"stdClass":2:{s:3:"key";s:1:"1";s:4:"menu";s:15:"BalanceAccounts";}i:1;O:8:"stdClass":2:{s:3:"key";s:1:"2";s:4:"menu";s:17:"StatementAccounts";}i:2;O:8:"stdClass":2:{s:3:"key";s:1:"3";s:4:"menu";s:10:"FTAccounts";}i:3;O:8:"stdClass":2:{s:3:"key";s:1:"4";s:4:"menu";s:14:"MOBILEPROVIDER";}i:4;O:8:"stdClass":2:{s:3:"key";s:1:"5";s:4:"menu";s:5:"NewFT";}i:5;O:8:"stdClass":2:{s:3:"key";s:1:"6";s:4:"menu";s:7:"utility";}i:6;O:8:"stdClass":2:{s:3:"key";s:1:"7";s:4:"menu";s:9:"changePin";}}s:4:"type";s:7:"dynamic";s:6:"action";s:3:"con";}
2019-08-21 17:35:49 - ERROR : BalanceAccounts
2019-08-21 17:35:49 - MMMMMMM : BalanceAccounts
2019-08-21 17:35:53 - MENU : BalanceAccounts
2019-08-21 17:35:53 - MENU INPUT : 1
2019-08-21 17:35:53 - UP : BalanceAccounts
2019-08-21 17:35:53 - MENU RESPONSES : BalanceAccounts -> 
2019-08-21 17:35:53 - DOWN : pinReset
2019-08-21 17:35:53 - ERROR : BalanceAccounts
2019-08-21 17:35:53 - MMMMMMM : BalanceAccounts
2019-08-21 17:35:53 - DOWN MENU : O:8:"stdClass":5:{s:2:"id";s:15:"BalanceAccounts";s:6:"action";s:3:"con";s:8:"response";s:88:"Select bank:
1. Pride/218210027132501
2. Pride/223205003324501
3. Pride/223206003324501
";s:3:"map";a:1:{i:0;O:8:"stdClass":1:{s:4:"menu";s:14:"AccountBalance";}}s:4:"type";s:4:"form";}
2019-08-21 17:35:53 - ERROR : AccountBalance
2019-08-21 17:35:53 - MMMMMMM : AccountBalance
2019-08-21 17:35:53 - BALANCE REQUEST : FORMID:B-:MERCHANTID:BALANCE:BANKACCOUNTID:218210027132501:SHORTCODE:250:CUSTOMERID:1485941693:MOBILENUMBER:256700146817:BANKID:0017:COUNTRY:UGANDATEST:UNIQUEID:12ed07c9-cf1a-0f34-a0ce-ba2736e3d02f:
2019-08-21 17:36:07 - BALANCE RESPONSE : 
STATUS:OK:DATA:Actual Balance|UGX 764,942,352 CR|Available Balance|UGX 764,942,352 CR|BalanceTime| As of Last Checked Aug 21 2019  5-36PM shown
2019-08-21 17:36:40 - GET CUSTOMER REQUEST :FORMID:GETCUSTOMER:MOBILENUMBER:256700146817:SHORTCODE:250:COUNTRY:UGANDATEST:DEVICEID:256700146817250:UNIQUEID:2eb12e57-be01-611c-8842-1f7363274016:
2019-08-21 17:36:40 - GET CUSTOMER RESPONSE : 
STATUS:000:CUSTOMERID:1485941693:COUNTRY:UGANDATEST:FIRSTNAME:Shafique:LASTNAME:Kabali:BANKNAME:PRIDE:WELCOMEMESSAGE:Welcome to Pride Mobile Banking. Enter your PIN:LANGUAGE:EN
2019-08-21 17:36:40 - GET CUSTOMER000
2019-08-21 17:36:40 - GET CUSTOMER TIME : 1.8699884414673E-8
2019-08-21 17:36:44 - MENU : menu
2019-08-21 17:36:44 - MENU INPUT : 1234
2019-08-21 17:36:44 - LOGIN REQUEST : FORMID:LOGIN:CUSTOMERID:1485941693:MOBILENUMBER:256700146817:BANKID:0017:BANKNAME:PML:SHORTCODE:250:COUNTRY:UGANDATEST:DEVICEID:256700146817250:LOGINMPIN:1234:UNIQUEID:a728ed68-a604-1159-636e-47ddaedfbc56:
2019-08-21 17:36:44 - LOGIN RESPONSE :
STATUS:000:ACCOUNTS:218210027132501,223205003324501,223206003324501:
2019-08-21 17:36:44 - LOGIN ACCOUNTS :218210027132501,223205003324501,223206003324501
2019-08-21 17:36:48 - MENU : home
2019-08-21 17:36:48 - MENU INPUT : 1
2019-08-21 17:36:48 - UP : home
2019-08-21 17:36:48 - MENU RESPONSES : home -> 
2019-08-21 17:36:48 - DOWN : pinReset
2019-08-21 17:36:48 - DOWN MENU : O:8:"stdClass":5:{s:2:"id";s:4:"home";s:8:"response";s:144:"Reply with
1. Account Balance
2. Mini Statement
3.Funds Transfer
4. Airtime Purchase
5. Mobile Money
6. Utility Payment 
7. Change Pin
8. Logout";s:3:"map";a:7:{i:0;O:8:"stdClass":2:{s:3:"key";s:1:"1";s:4:"menu";s:15:"BalanceAccounts";}i:1;O:8:"stdClass":2:{s:3:"key";s:1:"2";s:4:"menu";s:17:"StatementAccounts";}i:2;O:8:"stdClass":2:{s:3:"key";s:1:"3";s:4:"menu";s:10:"FTAccounts";}i:3;O:8:"stdClass":2:{s:3:"key";s:1:"4";s:4:"menu";s:14:"MOBILEPROVIDER";}i:4;O:8:"stdClass":2:{s:3:"key";s:1:"5";s:4:"menu";s:5:"NewFT";}i:5;O:8:"stdClass":2:{s:3:"key";s:1:"6";s:4:"menu";s:7:"utility";}i:6;O:8:"stdClass":2:{s:3:"key";s:1:"7";s:4:"menu";s:9:"changePin";}}s:4:"type";s:7:"dynamic";s:6:"action";s:3:"con";}
2019-08-21 17:36:48 - ERROR : BalanceAccounts
2019-08-21 17:36:48 - MMMMMMM : BalanceAccounts
2019-08-21 17:36:51 - MENU : BalanceAccounts
2019-08-21 17:36:51 - MENU INPUT : 1
2019-08-21 17:36:51 - UP : BalanceAccounts
2019-08-21 17:36:51 - MENU RESPONSES : BalanceAccounts -> 
2019-08-21 17:36:51 - DOWN : pinReset
2019-08-21 17:36:51 - ERROR : BalanceAccounts
2019-08-21 17:36:51 - MMMMMMM : BalanceAccounts
2019-08-21 17:36:51 - DOWN MENU : O:8:"stdClass":5:{s:2:"id";s:15:"BalanceAccounts";s:6:"action";s:3:"con";s:8:"response";s:88:"Select bank:
1. Pride/218210027132501
2. Pride/223205003324501
3. Pride/223206003324501
";s:3:"map";a:1:{i:0;O:8:"stdClass":1:{s:4:"menu";s:14:"AccountBalance";}}s:4:"type";s:4:"form";}
2019-08-21 17:36:51 - ERROR : AccountBalance
2019-08-21 17:36:51 - MMMMMMM : AccountBalance
2019-08-21 17:36:51 - BALANCE REQUEST : FORMID:B-:MERCHANTID:BALANCE:BANKACCOUNTID:218210027132501:SHORTCODE:250:CUSTOMERID:1485941693:MOBILENUMBER:256700146817:BANKID:0017:COUNTRY:UGANDATEST:UNIQUEID:aeba9074-ed74-36f1-bda9-27800773a0de:
2019-08-21 17:37:07 - BALANCE RESPONSE : 
STATUS:OK:DATA:Actual Balance|UGX 764,942,352 CR|Available Balance|UGX 764,942,352 CR|BalanceTime| As of Last Checked Aug 21 2019  5-37PM shown
2019-08-21 17:48:19 - GET CUSTOMER REQUEST :FORMID:GETCUSTOMER:MOBILENUMBER:256700146817:SHORTCODE:250:COUNTRY:UGANDATEST:DEVICEID:256700146817250:UNIQUEID:134a4eb1-5f2c-14e0-6f19-1db87cafeb2c:
2019-08-21 17:48:19 - GET CUSTOMER RESPONSE : 
STATUS:000:CUSTOMERID:1485941693:COUNTRY:UGANDATEST:FIRSTNAME:Shafique:LASTNAME:Kabali:BANKNAME:PRIDE:WELCOMEMESSAGE:Welcome to Pride Mobile Banking. Enter your PIN:LANGUAGE:EN
2019-08-21 17:48:19 - GET CUSTOMER000
2019-08-21 17:48:19 - GET CUSTOMER TIME : 2.0777940750122E-8
2019-08-21 17:48:25 - MENU : menu
2019-08-21 17:48:25 - MENU INPUT : 1234
2019-08-21 17:48:25 - LOGIN REQUEST : FORMID:LOGIN:CUSTOMERID:1485941693:MOBILENUMBER:256700146817:BANKID:0017:BANKNAME:PML:SHORTCODE:250:COUNTRY:UGANDATEST:DEVICEID:256700146817250:LOGINMPIN:1234:UNIQUEID:e3eef71c-c1e6-12b9-166e-5d0a89686c86:
2019-08-21 17:48:25 - LOGIN RESPONSE :
STATUS:000:ACCOUNTS:218210027132501,223205003324501,223206003324501:
2019-08-21 17:48:25 - LOGIN ACCOUNTS :218210027132501,223205003324501,223206003324501
2019-08-21 17:48:31 - MENU : home
2019-08-21 17:48:31 - MENU INPUT : 1
2019-08-21 17:48:31 - UP : home
2019-08-21 17:48:31 - MENU RESPONSES : home -> 
2019-08-21 17:48:31 - DOWN : pinReset
2019-08-21 17:48:31 - DOWN MENU : O:8:"stdClass":5:{s:2:"id";s:4:"home";s:8:"response";s:144:"Reply with
1. Account Balance
2. Mini Statement
3.Funds Transfer
4. Airtime Purchase
5. Mobile Money
6. Utility Payment 
7. Change Pin
8. Logout";s:3:"map";a:7:{i:0;O:8:"stdClass":2:{s:3:"key";s:1:"1";s:4:"menu";s:15:"BalanceAccounts";}i:1;O:8:"stdClass":2:{s:3:"key";s:1:"2";s:4:"menu";s:17:"StatementAccounts";}i:2;O:8:"stdClass":2:{s:3:"key";s:1:"3";s:4:"menu";s:10:"FTAccounts";}i:3;O:8:"stdClass":2:{s:3:"key";s:1:"4";s:4:"menu";s:14:"MOBILEPROVIDER";}i:4;O:8:"stdClass":2:{s:3:"key";s:1:"5";s:4:"menu";s:5:"NewFT";}i:5;O:8:"stdClass":2:{s:3:"key";s:1:"6";s:4:"menu";s:7:"utility";}i:6;O:8:"stdClass":2:{s:3:"key";s:1:"7";s:4:"menu";s:9:"changePin";}}s:4:"type";s:7:"dynamic";s:6:"action";s:3:"con";}
2019-08-21 17:48:31 - ERROR : BalanceAccounts
2019-08-21 17:48:31 - MMMMMMM : BalanceAccounts
2019-08-21 17:48:35 - MENU : BalanceAccounts
2019-08-21 17:48:35 - MENU INPUT : 1
2019-08-21 17:48:35 - UP : BalanceAccounts
2019-08-21 17:48:35 - MENU RESPONSES : BalanceAccounts -> 
2019-08-21 17:48:35 - DOWN : pinReset
2019-08-21 17:48:35 - ERROR : BalanceAccounts
2019-08-21 17:48:35 - MMMMMMM : BalanceAccounts
2019-08-21 17:48:35 - DOWN MENU : O:8:"stdClass":5:{s:2:"id";s:15:"BalanceAccounts";s:6:"action";s:3:"con";s:8:"response";s:88:"Select bank:
1. Pride/218210027132501
2. Pride/223205003324501
3. Pride/223206003324501
";s:3:"map";a:1:{i:0;O:8:"stdClass":1:{s:4:"menu";s:14:"AccountBalance";}}s:4:"type";s:4:"form";}
2019-08-21 17:48:35 - ERROR : AccountBalance
2019-08-21 17:48:35 - MMMMMMM : AccountBalance
2019-08-21 17:48:35 - BALANCE REQUEST : FORMID:B-:MERCHANTID:BALANCE:BANKACCOUNTID:218210027132501:SHORTCODE:250:CUSTOMERID:1485941693:MOBILENUMBER:256700146817:BANKID:0017:COUNTRY:UGANDATEST:UNIQUEID:3f41699b-fb24-84b0-0aa5-3ae80dba4294:
2019-08-21 17:48:49 - BALANCE RESPONSE : 
STATUS:OK:DATA:TARGETNAME|galubindi|FREQUENCY|Month|TARGETAMOUNT|300000.00|PERIODICAMOUNT|100000.00|STARTDATE|16/05/2019|ENDDATE|16/08/2019|BALANCE|1000 shown
2019-08-21 17:49:04 - GET CUSTOMER REQUEST :FORMID:GETCUSTOMER:MOBILENUMBER:256700146817:SHORTCODE:250:COUNTRY:UGANDATEST:DEVICEID:256700146817250:UNIQUEID:7f0e9386-ea47-694f-261e-0e15c9ea6aac:
2019-08-21 17:49:04 - GET CUSTOMER RESPONSE : 
STATUS:000:CUSTOMERID:1485941693:COUNTRY:UGANDATEST:FIRSTNAME:Shafique:LASTNAME:Kabali:BANKNAME:PRIDE:WELCOMEMESSAGE:Welcome to Pride Mobile Banking. Enter your PIN:LANGUAGE:EN
2019-08-21 17:49:04 - GET CUSTOMER000
2019-08-21 17:49:04 - GET CUSTOMER TIME : 1.9114017486572E-8
2019-08-21 17:49:08 - MENU : menu
2019-08-21 17:49:08 - MENU INPUT : 1234
2019-08-21 17:49:08 - LOGIN REQUEST : FORMID:LOGIN:CUSTOMERID:1485941693:MOBILENUMBER:256700146817:BANKID:0017:BANKNAME:PML:SHORTCODE:250:COUNTRY:UGANDATEST:DEVICEID:256700146817250:LOGINMPIN:1234:UNIQUEID:e4a45ca2-174d-5a0f-2f7d-1d2f16875d87:
2019-08-21 17:49:08 - LOGIN RESPONSE :
STATUS:000:ACCOUNTS:218210027132501,223205003324501,223206003324501:
2019-08-21 17:49:08 - LOGIN ACCOUNTS :218210027132501,223205003324501,223206003324501
2019-08-21 17:49:11 - MENU : home
2019-08-21 17:49:11 - MENU INPUT : 1
2019-08-21 17:49:11 - UP : home
2019-08-21 17:49:11 - MENU RESPONSES : home -> 
2019-08-21 17:49:11 - DOWN : pinReset
2019-08-21 17:49:11 - DOWN MENU : O:8:"stdClass":5:{s:2:"id";s:4:"home";s:8:"response";s:144:"Reply with
1. Account Balance
2. Mini Statement
3.Funds Transfer
4. Airtime Purchase
5. Mobile Money
6. Utility Payment 
7. Change Pin
8. Logout";s:3:"map";a:7:{i:0;O:8:"stdClass":2:{s:3:"key";s:1:"1";s:4:"menu";s:15:"BalanceAccounts";}i:1;O:8:"stdClass":2:{s:3:"key";s:1:"2";s:4:"menu";s:17:"StatementAccounts";}i:2;O:8:"stdClass":2:{s:3:"key";s:1:"3";s:4:"menu";s:10:"FTAccounts";}i:3;O:8:"stdClass":2:{s:3:"key";s:1:"4";s:4:"menu";s:14:"MOBILEPROVIDER";}i:4;O:8:"stdClass":2:{s:3:"key";s:1:"5";s:4:"menu";s:5:"NewFT";}i:5;O:8:"stdClass":2:{s:3:"key";s:1:"6";s:4:"menu";s:7:"utility";}i:6;O:8:"stdClass":2:{s:3:"key";s:1:"7";s:4:"menu";s:9:"changePin";}}s:4:"type";s:7:"dynamic";s:6:"action";s:3:"con";}
2019-08-21 17:49:11 - ERROR : BalanceAccounts
2019-08-21 17:49:11 - MMMMMMM : BalanceAccounts
2019-08-21 17:49:16 - MENU : BalanceAccounts
2019-08-21 17:49:16 - MENU INPUT : 1
2019-08-21 17:49:16 - UP : BalanceAccounts
2019-08-21 17:49:16 - MENU RESPONSES : BalanceAccounts -> 
2019-08-21 17:49:16 - DOWN : pinReset
2019-08-21 17:49:16 - ERROR : BalanceAccounts
2019-08-21 17:49:16 - MMMMMMM : BalanceAccounts
2019-08-21 17:49:16 - DOWN MENU : O:8:"stdClass":5:{s:2:"id";s:15:"BalanceAccounts";s:6:"action";s:3:"con";s:8:"response";s:88:"Select bank:
1. Pride/218210027132501
2. Pride/223205003324501
3. Pride/223206003324501
";s:3:"map";a:1:{i:0;O:8:"stdClass":1:{s:4:"menu";s:14:"AccountBalance";}}s:4:"type";s:4:"form";}
2019-08-21 17:49:16 - ERROR : AccountBalance
2019-08-21 17:49:16 - MMMMMMM : AccountBalance
2019-08-21 17:49:16 - BALANCE REQUEST : FORMID:B-:MERCHANTID:BALANCE:BANKACCOUNTID:218210027132501:SHORTCODE:250:CUSTOMERID:1485941693:MOBILENUMBER:256700146817:BANKID:0017:COUNTRY:UGANDATEST:UNIQUEID:c3bb415d-e127-4947-559c-c9912b65cd97:
2019-08-21 17:49:33 - BALANCE RESPONSE : 
STATUS:OK:DATA:TARGETNAME|galubindi|FREQUENCY|Month|TARGETAMOUNT|300000.00|PERIODICAMOUNT|100000.00|STARTDATE|16/05/2019|ENDDATE|16/08/2019|BALANCE|1000 shown
2019-08-21 17:49:38 - GET CUSTOMER REQUEST :FORMID:GETCUSTOMER:MOBILENUMBER:256700146817:SHORTCODE:250:COUNTRY:UGANDATEST:DEVICEID:256700146817250:UNIQUEID:2b8dd339-3e2f-ab6f-0ef4-32c3e03b0219:
2019-08-21 17:49:38 - GET CUSTOMER RESPONSE : 
STATUS:000:CUSTOMERID:1485941693:COUNTRY:UGANDATEST:FIRSTNAME:Shafique:LASTNAME:Kabali:BANKNAME:PRIDE:WELCOMEMESSAGE:Welcome to Pride Mobile Banking. Enter your PIN:LANGUAGE:EN
2019-08-21 17:49:38 - GET CUSTOMER000
2019-08-21 17:49:38 - GET CUSTOMER TIME : 2.6237964630127E-8
2019-08-21 17:49:42 - MENU : menu
2019-08-21 17:49:42 - MENU INPUT : 1234
2019-08-21 17:49:42 - LOGIN REQUEST : FORMID:LOGIN:CUSTOMERID:1485941693:MOBILENUMBER:256700146817:BANKID:0017:BANKNAME:PML:SHORTCODE:250:COUNTRY:UGANDATEST:DEVICEID:256700146817250:LOGINMPIN:1234:UNIQUEID:ffcbc474-f69b-7580-91c4-169dd0b7f6df:
2019-08-21 17:49:42 - LOGIN RESPONSE :
STATUS:000:ACCOUNTS:218210027132501,223205003324501,223206003324501:
2019-08-21 17:49:42 - LOGIN ACCOUNTS :218210027132501,223205003324501,223206003324501
2019-08-21 17:49:45 - MENU : home
2019-08-21 17:49:45 - MENU INPUT : 1
2019-08-21 17:49:45 - UP : home
2019-08-21 17:49:45 - MENU RESPONSES : home -> 
2019-08-21 17:49:45 - DOWN : pinReset
2019-08-21 17:49:45 - DOWN MENU : O:8:"stdClass":5:{s:2:"id";s:4:"home";s:8:"response";s:144:"Reply with
1. Account Balance
2. Mini Statement
3.Funds Transfer
4. Airtime Purchase
5. Mobile Money
6. Utility Payment 
7. Change Pin
8. Logout";s:3:"map";a:7:{i:0;O:8:"stdClass":2:{s:3:"key";s:1:"1";s:4:"menu";s:15:"BalanceAccounts";}i:1;O:8:"stdClass":2:{s:3:"key";s:1:"2";s:4:"menu";s:17:"StatementAccounts";}i:2;O:8:"stdClass":2:{s:3:"key";s:1:"3";s:4:"menu";s:10:"FTAccounts";}i:3;O:8:"stdClass":2:{s:3:"key";s:1:"4";s:4:"menu";s:14:"MOBILEPROVIDER";}i:4;O:8:"stdClass":2:{s:3:"key";s:1:"5";s:4:"menu";s:5:"NewFT";}i:5;O:8:"stdClass":2:{s:3:"key";s:1:"6";s:4:"menu";s:7:"utility";}i:6;O:8:"stdClass":2:{s:3:"key";s:1:"7";s:4:"menu";s:9:"changePin";}}s:4:"type";s:7:"dynamic";s:6:"action";s:3:"con";}
2019-08-21 17:49:45 - ERROR : BalanceAccounts
2019-08-21 17:49:45 - MMMMMMM : BalanceAccounts
2019-08-21 17:49:49 - MENU : BalanceAccounts
2019-08-21 17:49:49 - MENU INPUT : 3
2019-08-21 17:49:49 - UP : BalanceAccounts
2019-08-21 17:49:49 - MENU RESPONSES : BalanceAccounts -> 
2019-08-21 17:49:49 - DOWN : pinReset
2019-08-21 17:49:49 - ERROR : BalanceAccounts
2019-08-21 17:49:49 - MMMMMMM : BalanceAccounts
2019-08-21 17:49:49 - DOWN MENU : O:8:"stdClass":5:{s:2:"id";s:15:"BalanceAccounts";s:6:"action";s:3:"con";s:8:"response";s:88:"Select bank:
1. Pride/218210027132501
2. Pride/223205003324501
3. Pride/223206003324501
";s:3:"map";a:1:{i:0;O:8:"stdClass":1:{s:4:"menu";s:14:"AccountBalance";}}s:4:"type";s:4:"form";}
2019-08-21 17:49:49 - ERROR : AccountBalance
2019-08-21 17:49:49 - MMMMMMM : AccountBalance
2019-08-21 17:49:49 - BALANCE REQUEST : FORMID:B-:MERCHANTID:BALANCE:BANKACCOUNTID:223206003324501:SHORTCODE:250:CUSTOMERID:1485941693:MOBILENUMBER:256700146817:BANKID:0017:COUNTRY:UGANDATEST:UNIQUEID:03fe1ee2-948d-0b44-25aa-661f51272f4b:
2019-08-21 17:49:49 - BALANCE RESPONSE : 
STATUS:091:MESSAGE:Duplicate Transaction shown
2019-08-21 17:50:01 - GET CUSTOMER REQUEST :FORMID:GETCUSTOMER:MOBILENUMBER:256700146817:SHORTCODE:250:COUNTRY:UGANDATEST:DEVICEID:256700146817250:UNIQUEID:416e7085-2d9a-e1c5-97c2-45d21a8d9f0b:
2019-08-21 17:50:01 - GET CUSTOMER RESPONSE : 
STATUS:000:CUSTOMERID:1485941693:COUNTRY:UGANDATEST:FIRSTNAME:Shafique:LASTNAME:Kabali:BANKNAME:PRIDE:WELCOMEMESSAGE:Welcome to Pride Mobile Banking. Enter your PIN:LANGUAGE:EN
2019-08-21 17:50:01 - GET CUSTOMER000
2019-08-21 17:50:01 - GET CUSTOMER TIME : 1.8618106842041E-8
2019-08-21 17:50:05 - MENU : menu
2019-08-21 17:50:05 - MENU INPUT : 1234
2019-08-21 17:50:05 - LOGIN REQUEST : FORMID:LOGIN:CUSTOMERID:1485941693:MOBILENUMBER:256700146817:BANKID:0017:BANKNAME:PML:SHORTCODE:250:COUNTRY:UGANDATEST:DEVICEID:256700146817250:LOGINMPIN:1234:UNIQUEID:325d936b-f73d-7c1a-e29c-13b98239d92c:
2019-08-21 17:50:05 - LOGIN RESPONSE :
STATUS:000:ACCOUNTS:218210027132501,223205003324501,223206003324501:
2019-08-21 17:50:05 - LOGIN ACCOUNTS :218210027132501,223205003324501,223206003324501
2019-08-21 17:50:08 - MENU : home
2019-08-21 17:50:08 - MENU INPUT : 1
2019-08-21 17:50:08 - UP : home
2019-08-21 17:50:08 - MENU RESPONSES : home -> 
2019-08-21 17:50:08 - DOWN : pinReset
2019-08-21 17:50:08 - DOWN MENU : O:8:"stdClass":5:{s:2:"id";s:4:"home";s:8:"response";s:144:"Reply with
1. Account Balance
2. Mini Statement
3.Funds Transfer
4. Airtime Purchase
5. Mobile Money
6. Utility Payment 
7. Change Pin
8. Logout";s:3:"map";a:7:{i:0;O:8:"stdClass":2:{s:3:"key";s:1:"1";s:4:"menu";s:15:"BalanceAccounts";}i:1;O:8:"stdClass":2:{s:3:"key";s:1:"2";s:4:"menu";s:17:"StatementAccounts";}i:2;O:8:"stdClass":2:{s:3:"key";s:1:"3";s:4:"menu";s:10:"FTAccounts";}i:3;O:8:"stdClass":2:{s:3:"key";s:1:"4";s:4:"menu";s:14:"MOBILEPROVIDER";}i:4;O:8:"stdClass":2:{s:3:"key";s:1:"5";s:4:"menu";s:5:"NewFT";}i:5;O:8:"stdClass":2:{s:3:"key";s:1:"6";s:4:"menu";s:7:"utility";}i:6;O:8:"stdClass":2:{s:3:"key";s:1:"7";s:4:"menu";s:9:"changePin";}}s:4:"type";s:7:"dynamic";s:6:"action";s:3:"con";}
2019-08-21 17:50:08 - ERROR : BalanceAccounts
2019-08-21 17:50:08 - MMMMMMM : BalanceAccounts
2019-08-21 17:50:12 - MENU : BalanceAccounts
2019-08-21 17:50:12 - MENU INPUT : 2
2019-08-21 17:50:12 - UP : BalanceAccounts
2019-08-21 17:50:12 - MENU RESPONSES : BalanceAccounts -> 
2019-08-21 17:50:12 - DOWN : pinReset
2019-08-21 17:50:12 - ERROR : BalanceAccounts
2019-08-21 17:50:12 - MMMMMMM : BalanceAccounts
2019-08-21 17:50:12 - DOWN MENU : O:8:"stdClass":5:{s:2:"id";s:15:"BalanceAccounts";s:6:"action";s:3:"con";s:8:"response";s:88:"Select bank:
1. Pride/218210027132501
2. Pride/223205003324501
3. Pride/223206003324501
";s:3:"map";a:1:{i:0;O:8:"stdClass":1:{s:4:"menu";s:14:"AccountBalance";}}s:4:"type";s:4:"form";}
2019-08-21 17:50:12 - ERROR : AccountBalance
2019-08-21 17:50:12 - MMMMMMM : AccountBalance
2019-08-21 17:50:12 - BALANCE REQUEST : FORMID:B-:MERCHANTID:BALANCE:BANKACCOUNTID:223205003324501:SHORTCODE:250:CUSTOMERID:1485941693:MOBILENUMBER:256700146817:BANKID:0017:COUNTRY:UGANDATEST:UNIQUEID:a3e46c05-b7b6-aa08-5ad1-4a95516d1f69:
2019-08-21 17:50:12 - BALANCE RESPONSE : 
STATUS:091:MESSAGE:Duplicate Transaction shown
2019-08-21 17:52:19 - GET CUSTOMER REQUEST :FORMID:GETCUSTOMER:MOBILENUMBER:256700146817:SHORTCODE:250:COUNTRY:UGANDATEST:DEVICEID:256700146817250:UNIQUEID:3e51e8c1-7dfa-3675-431b-7b8875853e2c:
2019-08-21 17:52:19 - GET CUSTOMER RESPONSE : 
STATUS:000:CUSTOMERID:1485941693:COUNTRY:UGANDATEST:FIRSTNAME:Shafique:LASTNAME:Kabali:BANKNAME:PRIDE:WELCOMEMESSAGE:Welcome to Pride Mobile Banking. Enter your PIN:LANGUAGE:EN
2019-08-21 17:52:19 - GET CUSTOMER000
2019-08-21 17:52:19 - GET CUSTOMER TIME : 2.692699432373E-8
2019-08-21 17:52:24 - MENU : menu
2019-08-21 17:52:24 - MENU INPUT : 1234
2019-08-21 17:52:24 - LOGIN REQUEST : FORMID:LOGIN:CUSTOMERID:1485941693:MOBILENUMBER:256700146817:BANKID:0017:BANKNAME:PML:SHORTCODE:250:COUNTRY:UGANDATEST:DEVICEID:256700146817250:LOGINMPIN:1234:UNIQUEID:c5909bb4-e08f-7008-c053-34c47cd3f0d4:
2019-08-21 17:52:24 - LOGIN RESPONSE :
STATUS:000:ACCOUNTS:218210027132501,223205003324501,223206003324501:
2019-08-21 17:52:24 - LOGIN ACCOUNTS :218210027132501,223205003324501,223206003324501
2019-08-21 17:52:28 - MENU : home
2019-08-21 17:52:28 - MENU INPUT : 1
2019-08-21 17:52:28 - UP : home
2019-08-21 17:52:28 - MENU RESPONSES : home -> 
2019-08-21 17:52:28 - DOWN : pinReset
2019-08-21 17:52:28 - DOWN MENU : O:8:"stdClass":5:{s:2:"id";s:4:"home";s:8:"response";s:144:"Reply with
1. Account Balance
2. Mini Statement
3.Funds Transfer
4. Airtime Purchase
5. Mobile Money
6. Utility Payment 
7. Change Pin
8. Logout";s:3:"map";a:7:{i:0;O:8:"stdClass":2:{s:3:"key";s:1:"1";s:4:"menu";s:15:"BalanceAccounts";}i:1;O:8:"stdClass":2:{s:3:"key";s:1:"2";s:4:"menu";s:17:"StatementAccounts";}i:2;O:8:"stdClass":2:{s:3:"key";s:1:"3";s:4:"menu";s:10:"FTAccounts";}i:3;O:8:"stdClass":2:{s:3:"key";s:1:"4";s:4:"menu";s:14:"MOBILEPROVIDER";}i:4;O:8:"stdClass":2:{s:3:"key";s:1:"5";s:4:"menu";s:5:"NewFT";}i:5;O:8:"stdClass":2:{s:3:"key";s:1:"6";s:4:"menu";s:7:"utility";}i:6;O:8:"stdClass":2:{s:3:"key";s:1:"7";s:4:"menu";s:9:"changePin";}}s:4:"type";s:7:"dynamic";s:6:"action";s:3:"con";}
2019-08-21 17:52:28 - ERROR : BalanceAccounts
2019-08-21 17:52:28 - MMMMMMM : BalanceAccounts
2019-08-21 17:52:32 - MENU : BalanceAccounts
2019-08-21 17:52:32 - MENU INPUT : 2
2019-08-21 17:52:32 - UP : BalanceAccounts
2019-08-21 17:52:32 - MENU RESPONSES : BalanceAccounts -> 
2019-08-21 17:52:32 - DOWN : pinReset
2019-08-21 17:52:32 - ERROR : BalanceAccounts
2019-08-21 17:52:32 - MMMMMMM : BalanceAccounts
2019-08-21 17:52:32 - DOWN MENU : O:8:"stdClass":5:{s:2:"id";s:15:"BalanceAccounts";s:6:"action";s:3:"con";s:8:"response";s:88:"Select bank:
1. Pride/218210027132501
2. Pride/223205003324501
3. Pride/223206003324501
";s:3:"map";a:1:{i:0;O:8:"stdClass":1:{s:4:"menu";s:14:"AccountBalance";}}s:4:"type";s:4:"form";}
2019-08-21 17:52:32 - ERROR : AccountBalance
2019-08-21 17:52:32 - MMMMMMM : AccountBalance
2019-08-21 17:52:32 - BALANCE REQUEST : FORMID:B-:MERCHANTID:BALANCE:BANKACCOUNTID:223205003324501:SHORTCODE:250:CUSTOMERID:1485941693:MOBILENUMBER:256700146817:BANKID:0017:COUNTRY:UGANDATEST:UNIQUEID:a110a2c2-b883-badb-520e-bbd5147f5143:
2019-08-21 17:52:48 - BALANCE RESPONSE : 
STATUS:OK:DATA:BankPRIDEBalance;UGXActual;1000Available;1000 shown
2019-08-21 17:53:41 - GET CUSTOMER REQUEST :FORMID:GETCUSTOMER:MOBILENUMBER:256700146817:SHORTCODE:250:COUNTRY:UGANDATEST:DEVICEID:256700146817250:UNIQUEID:91e7f71c-e43b-b6a7-3f66-d271d126fb6c:
2019-08-21 17:53:41 - GET CUSTOMER RESPONSE : 
STATUS:000:CUSTOMERID:1485941693:COUNTRY:UGANDATEST:FIRSTNAME:Shafique:LASTNAME:Kabali:BANKNAME:PRIDE:WELCOMEMESSAGE:Welcome to Pride Mobile Banking. Enter your PIN:LANGUAGE:EN
2019-08-21 17:53:41 - GET CUSTOMER000
2019-08-21 17:53:41 - GET CUSTOMER TIME : 2.7894973754883E-8
2019-08-21 17:53:57 - MENU : menu
2019-08-21 17:53:57 - MENU INPUT : 1234
2019-08-21 17:53:57 - LOGIN REQUEST : FORMID:LOGIN:CUSTOMERID:1485941693:MOBILENUMBER:256700146817:BANKID:0017:BANKNAME:PML:SHORTCODE:250:COUNTRY:UGANDATEST:DEVICEID:256700146817250:LOGINMPIN:1234:UNIQUEID:840c593a-b484-79c1-a053-c7e1ab8629f5:
2019-08-21 17:53:57 - LOGIN RESPONSE :
STATUS:000:ACCOUNTS:218210027132501,223205003324501,223206003324501:
2019-08-21 17:53:57 - LOGIN ACCOUNTS :218210027132501,223205003324501,223206003324501
2019-08-21 17:54:00 - MENU : home
2019-08-21 17:54:00 - MENU INPUT : 1
2019-08-21 17:54:00 - UP : home
2019-08-21 17:54:00 - MENU RESPONSES : home -> 
2019-08-21 17:54:00 - DOWN : pinReset
2019-08-21 17:54:00 - DOWN MENU : O:8:"stdClass":5:{s:2:"id";s:4:"home";s:8:"response";s:144:"Reply with
1. Account Balance
2. Mini Statement
3.Funds Transfer
4. Airtime Purchase
5. Mobile Money
6. Utility Payment 
7. Change Pin
8. Logout";s:3:"map";a:7:{i:0;O:8:"stdClass":2:{s:3:"key";s:1:"1";s:4:"menu";s:15:"BalanceAccounts";}i:1;O:8:"stdClass":2:{s:3:"key";s:1:"2";s:4:"menu";s:17:"StatementAccounts";}i:2;O:8:"stdClass":2:{s:3:"key";s:1:"3";s:4:"menu";s:10:"FTAccounts";}i:3;O:8:"stdClass":2:{s:3:"key";s:1:"4";s:4:"menu";s:14:"MOBILEPROVIDER";}i:4;O:8:"stdClass":2:{s:3:"key";s:1:"5";s:4:"menu";s:5:"NewFT";}i:5;O:8:"stdClass":2:{s:3:"key";s:1:"6";s:4:"menu";s:7:"utility";}i:6;O:8:"stdClass":2:{s:3:"key";s:1:"7";s:4:"menu";s:9:"changePin";}}s:4:"type";s:7:"dynamic";s:6:"action";s:3:"con";}
2019-08-21 17:54:00 - ERROR : BalanceAccounts
2019-08-21 17:54:00 - MMMMMMM : BalanceAccounts
2019-08-21 17:54:05 - MENU : BalanceAccounts
2019-08-21 17:54:05 - MENU INPUT : 2
2019-08-21 17:54:05 - UP : BalanceAccounts
2019-08-21 17:54:05 - MENU RESPONSES : BalanceAccounts -> 
2019-08-21 17:54:05 - DOWN : pinReset
2019-08-21 17:54:05 - ERROR : BalanceAccounts
2019-08-21 17:54:05 - MMMMMMM : BalanceAccounts
2019-08-21 17:54:05 - DOWN MENU : O:8:"stdClass":5:{s:2:"id";s:15:"BalanceAccounts";s:6:"action";s:3:"con";s:8:"response";s:88:"Select bank:
1. Pride/218210027132501
2. Pride/223205003324501
3. Pride/223206003324501
";s:3:"map";a:1:{i:0;O:8:"stdClass":1:{s:4:"menu";s:14:"AccountBalance";}}s:4:"type";s:4:"form";}
2019-08-21 17:54:05 - ERROR : AccountBalance
2019-08-21 17:54:05 - MMMMMMM : AccountBalance
2019-08-21 17:54:05 - BALANCE REQUEST : FORMID:B-:MERCHANTID:BALANCE:BANKACCOUNTID:223205003324501:SHORTCODE:250:CUSTOMERID:1485941693:MOBILENUMBER:256700146817:BANKID:0017:COUNTRY:UGANDATEST:UNIQUEID:0b0126e8-f46b-1de3-4644-b252e4112428:
2019-08-21 17:54:21 - BALANCE RESPONSE : 
STATUS:OK:DATA:BankPRIDEBalance;UGXActual;1000Available;1000 shown
2019-08-21 17:54:26 - GET CUSTOMER REQUEST :FORMID:GETCUSTOMER:MOBILENUMBER:256700146817:SHORTCODE:250:COUNTRY:UGANDATEST:DEVICEID:256700146817250:UNIQUEID:a5e837db-ae2c-db40-aba4-a23311fe657e:
2019-08-21 17:54:26 - GET CUSTOMER RESPONSE : 
STATUS:000:CUSTOMERID:1485941693:COUNTRY:UGANDATEST:FIRSTNAME:Shafique:LASTNAME:Kabali:BANKNAME:PRIDE:WELCOMEMESSAGE:Welcome to Pride Mobile Banking. Enter your PIN:LANGUAGE:EN
2019-08-21 17:54:26 - GET CUSTOMER000
2019-08-21 17:54:26 - GET CUSTOMER TIME : 1.9501924514771E-8
2019-08-21 17:54:30 - MENU : menu
2019-08-21 17:54:30 - MENU INPUT : 1234
2019-08-21 17:54:30 - LOGIN REQUEST : FORMID:LOGIN:CUSTOMERID:1485941693:MOBILENUMBER:256700146817:BANKID:0017:BANKNAME:PML:SHORTCODE:250:COUNTRY:UGANDATEST:DEVICEID:256700146817250:LOGINMPIN:1234:UNIQUEID:3f8cb6aa-b00f-08ad-9d80-fdb5d8a29bcc:
2019-08-21 17:54:30 - LOGIN RESPONSE :
STATUS:000:ACCOUNTS:218210027132501,223205003324501,223206003324501:
2019-08-21 17:54:30 - LOGIN ACCOUNTS :218210027132501,223205003324501,223206003324501
2019-08-21 17:54:33 - MENU : home
2019-08-21 17:54:33 - MENU INPUT : 2
2019-08-21 17:54:33 - UP : home
2019-08-21 17:54:33 - MENU RESPONSES : home -> 
2019-08-21 17:54:33 - DOWN : pinReset
2019-08-21 17:54:33 - DOWN MENU : O:8:"stdClass":5:{s:2:"id";s:4:"home";s:8:"response";s:144:"Reply with
1. Account Balance
2. Mini Statement
3.Funds Transfer
4. Airtime Purchase
5. Mobile Money
6. Utility Payment 
7. Change Pin
8. Logout";s:3:"map";a:7:{i:0;O:8:"stdClass":2:{s:3:"key";s:1:"1";s:4:"menu";s:15:"BalanceAccounts";}i:1;O:8:"stdClass":2:{s:3:"key";s:1:"2";s:4:"menu";s:17:"StatementAccounts";}i:2;O:8:"stdClass":2:{s:3:"key";s:1:"3";s:4:"menu";s:10:"FTAccounts";}i:3;O:8:"stdClass":2:{s:3:"key";s:1:"4";s:4:"menu";s:14:"MOBILEPROVIDER";}i:4;O:8:"stdClass":2:{s:3:"key";s:1:"5";s:4:"menu";s:5:"NewFT";}i:5;O:8:"stdClass":2:{s:3:"key";s:1:"6";s:4:"menu";s:7:"utility";}i:6;O:8:"stdClass":2:{s:3:"key";s:1:"7";s:4:"menu";s:9:"changePin";}}s:4:"type";s:7:"dynamic";s:6:"action";s:3:"con";}
2019-08-21 17:54:33 - ERROR : StatementAccounts
2019-08-21 17:54:33 - MMMMMMM : StatementAccounts
2019-08-21 17:54:36 - MENU : StatementAccounts
2019-08-21 17:54:36 - MENU INPUT : 2
2019-08-21 17:54:36 - UP : StatementAccounts
2019-08-21 17:54:36 - MENU RESPONSES : StatementAccounts -> 
2019-08-21 17:54:36 - DOWN : pinReset
2019-08-21 17:54:36 - ERROR : StatementAccounts
2019-08-21 17:54:36 - MMMMMMM : StatementAccounts
2019-08-21 17:54:36 - DOWN MENU : O:8:"stdClass":5:{s:2:"id";s:17:"StatementAccounts";s:6:"action";s:3:"con";s:8:"response";s:88:"Select Bank:
1. Pride/218210027132501
2. Pride/223205003324501
3. Pride/223206003324501
";s:3:"map";a:1:{i:0;O:8:"stdClass":1:{s:4:"menu";s:16:"AccountStatement";}}s:4:"type";s:4:"form";}
2019-08-21 17:54:36 - ERROR : AccountStatement
2019-08-21 17:54:36 - MMMMMMM : AccountStatement
2019-08-21 17:54:36 - MINISTATEMENT REQUEST : FORMID:B-:MERCHANTID:STATEMENT:BANKACCOUNTID:223205003324501:SHORTCODE:250:CUSTOMERID:1485941693:MOBILENUMBER:256700146817:BANKID:0017:COUNTRY:UGANDATEST:UNIQUEID:295509a5-a9fd-669d-1f8a-a845ba09f0e4:
2019-08-21 17:54:53 - MINISTATEMENT RESPONSE : 
STATUS:OK:DATA:DATE_TIME|SEQ_NR|TRAN_TYPE|TRAN_AMOUNT|CURR_CODE~20190731120000|000000|DR.|000000023000|800~20190731120000|000000|DR.|000000023000|800~20190731120000|000000|DR.|000000023000|800~20190731120000|000000|DR.|000000023000|800~20190731120000|000000|DR.|000000023000|800~
2019-08-21 17:59:02 - GET CUSTOMER REQUEST :FORMID:GETCUSTOMER:MOBILENUMBER:256700146817:SHORTCODE:250:COUNTRY:UGANDATEST:DEVICEID:256700146817250:UNIQUEID:b3a2feb5-962a-150b-7b46-17c40b0de312:
2019-08-21 17:59:02 - GET CUSTOMER RESPONSE : 
STATUS:000:CUSTOMERID:1485941693:COUNTRY:UGANDATEST:FIRSTNAME:Shafique:LASTNAME:Kabali:BANKNAME:PRIDE:WELCOMEMESSAGE:Welcome to Pride Mobile Banking. Enter your PIN:LANGUAGE:EN
2019-08-21 17:59:02 - GET CUSTOMER000
2019-08-21 17:59:02 - GET CUSTOMER TIME : 2.344012260437E-8
2019-08-21 17:59:07 - MENU : menu
2019-08-21 17:59:07 - MENU INPUT : 1234
2019-08-21 17:59:07 - LOGIN REQUEST : FORMID:LOGIN:CUSTOMERID:1485941693:MOBILENUMBER:256700146817:BANKID:0017:BANKNAME:PML:SHORTCODE:250:COUNTRY:UGANDATEST:DEVICEID:256700146817250:LOGINMPIN:1234:UNIQUEID:3d8492e5-b8e8-77a5-b445-22d2543245c0:
2019-08-21 17:59:07 - LOGIN RESPONSE :
STATUS:000:ACCOUNTS:218210027132501,223205003324501,223206003324501:
2019-08-21 17:59:07 - LOGIN ACCOUNTS :218210027132501,223205003324501,223206003324501
2019-08-21 17:59:11 - MENU : home
2019-08-21 17:59:11 - MENU INPUT : 2
2019-08-21 17:59:11 - UP : home
2019-08-21 17:59:11 - MENU RESPONSES : home -> 
2019-08-21 17:59:11 - DOWN : pinReset
2019-08-21 17:59:11 - DOWN MENU : O:8:"stdClass":5:{s:2:"id";s:4:"home";s:8:"response";s:144:"Reply with
1. Account Balance
2. Mini Statement
3.Funds Transfer
4. Airtime Purchase
5. Mobile Money
6. Utility Payment 
7. Change Pin
8. Logout";s:3:"map";a:7:{i:0;O:8:"stdClass":2:{s:3:"key";s:1:"1";s:4:"menu";s:15:"BalanceAccounts";}i:1;O:8:"stdClass":2:{s:3:"key";s:1:"2";s:4:"menu";s:17:"StatementAccounts";}i:2;O:8:"stdClass":2:{s:3:"key";s:1:"3";s:4:"menu";s:10:"FTAccounts";}i:3;O:8:"stdClass":2:{s:3:"key";s:1:"4";s:4:"menu";s:14:"MOBILEPROVIDER";}i:4;O:8:"stdClass":2:{s:3:"key";s:1:"5";s:4:"menu";s:5:"NewFT";}i:5;O:8:"stdClass":2:{s:3:"key";s:1:"6";s:4:"menu";s:7:"utility";}i:6;O:8:"stdClass":2:{s:3:"key";s:1:"7";s:4:"menu";s:9:"changePin";}}s:4:"type";s:7:"dynamic";s:6:"action";s:3:"con";}
2019-08-21 17:59:11 - ERROR : StatementAccounts
2019-08-21 17:59:11 - MMMMMMM : StatementAccounts
2019-08-21 17:59:14 - MENU : StatementAccounts
2019-08-21 17:59:14 - MENU INPUT : 2
2019-08-21 17:59:14 - UP : StatementAccounts
2019-08-21 17:59:14 - MENU RESPONSES : StatementAccounts -> 
2019-08-21 17:59:14 - DOWN : pinReset
2019-08-21 17:59:14 - ERROR : StatementAccounts
2019-08-21 17:59:14 - MMMMMMM : StatementAccounts
2019-08-21 17:59:14 - DOWN MENU : O:8:"stdClass":5:{s:2:"id";s:17:"StatementAccounts";s:6:"action";s:3:"con";s:8:"response";s:88:"Select Bank:
1. Pride/218210027132501
2. Pride/223205003324501
3. Pride/223206003324501
";s:3:"map";a:1:{i:0;O:8:"stdClass":1:{s:4:"menu";s:16:"AccountStatement";}}s:4:"type";s:4:"form";}
2019-08-21 17:59:14 - ERROR : AccountStatement
2019-08-21 17:59:14 - MMMMMMM : AccountStatement
2019-08-21 17:59:14 - MINISTATEMENT REQUEST : FORMID:B-:MERCHANTID:STATEMENT:BANKACCOUNTID:223205003324501:SHORTCODE:250:CUSTOMERID:1485941693:MOBILENUMBER:256700146817:BANKID:0017:COUNTRY:UGANDATEST:UNIQUEID:77c8b08a-994c-c9f2-30b6-f10e261f5911:
2019-08-21 17:59:31 - MINISTATEMENT RESPONSE : 
STATUS:OK:DATA:DATE_TIME|SEQ_NR|TRAN_TYPE|TRAN_AMOUNT|CURR_CODE~20190731120000|000000|DR.|000000023000|800~20190731120000|000000|DR.|000000023000|800~20190731120000|000000|DR.|000000023000|800~20190731120000|000000|DR.|000000023000|800~20190731120000|000000|DR.|000000023000|800~
