2019-07-05 10:38:48 - GET CUSTOMER REQUEST :FORMID:GETCUSTOMER:MOBILENUMBER:256700146817:SHORTCODE:250:COUNTRY:UGANDATEST:DEVICEID:256700146817250:UNIQUEID:d8967c13-ab3b-0af1-253d-97e7e314e7fb:
2019-07-05 10:38:48 - GET CUSTOMER RESPONSE : 
STATUS:000:CUSTOMERID:1485941693:COUNTRY:UGANDATEST:FIRSTNAME:Shafique:LASTNAME:Kabali:BANKNAME:PRIDE:WELCOMEMESSAGE:Welcome to Pride Mobile Banking. Enter your PIN:LANGUAGE:EN
2019-07-05 10:38:48 - GET CUSTOMER000
2019-07-05 10:38:48 - GET CUSTOMER TIME : 2.5867986679077E-7
2019-07-05 10:39:00 - MENU : menu
2019-07-05 10:39:00 - MENU INPUT : 1234
2019-07-05 10:39:00 - LOGIN REQUEST : FORMID:LOGIN:CUSTOMERID:1485941693:MOBILENUMBER:256700146817:BANKID:0017:BANKNAME:PML:SHORTCODE:250:COUNTRY:UGANDATEST:DEVICEID:256700146817250:LOGINMPIN:1234:UNIQUEID:ff282c11-4dd3-1f38-b6ca-060620813f8f:
2019-07-05 10:39:00 - LOGIN RESPONSE :
STATUS:000:ACCOUNTS:223205003324501,218210027132501,223206003324501:
2019-07-05 10:39:00 - LOGIN ACCOUNTS :223205003324501,218210027132501,223206003324501
2019-07-05 10:39:04 - MENU : home
2019-07-05 10:39:04 - MENU INPUT : 1
2019-07-05 10:39:04 - UP : home
2019-07-05 10:39:04 - MENU RESPONSES : home -> 
2019-07-05 10:39:04 - DOWN : pinReset
2019-07-05 10:39:04 - DOWN MENU : O:8:"stdClass":5:{s:2:"id";s:4:"home";s:8:"response";s:144:"Reply with
1. Account Balance
2. Mini Statement
3.Funds Transfer
4. Airtime Purchase
5. Mobile Money
6. Utility Payment 
7. Change Pin
8. Logout";s:3:"map";a:7:{i:0;O:8:"stdClass":2:{s:3:"key";s:1:"1";s:4:"menu";s:15:"BalanceAccounts";}i:1;O:8:"stdClass":2:{s:3:"key";s:1:"2";s:4:"menu";s:17:"StatementAccounts";}i:2;O:8:"stdClass":2:{s:3:"key";s:1:"3";s:4:"menu";s:10:"FTAccounts";}i:3;O:8:"stdClass":2:{s:3:"key";s:1:"4";s:4:"menu";s:14:"MOBILEPROVIDER";}i:4;O:8:"stdClass":2:{s:3:"key";s:1:"5";s:4:"menu";s:5:"NewFT";}i:5;O:8:"stdClass":2:{s:3:"key";s:1:"6";s:4:"menu";s:7:"utility";}i:6;O:8:"stdClass":2:{s:3:"key";s:1:"7";s:4:"menu";s:9:"changePin";}}s:4:"type";s:7:"dynamic";s:6:"action";s:3:"con";}
2019-07-05 10:39:04 - ERROR : BalanceAccounts
2019-07-05 10:39:04 - MMMMMMM : BalanceAccounts
2019-07-05 10:39:05 - MENU : BalanceAccounts
2019-07-05 10:39:05 - MENU INPUT : 1
2019-07-05 10:39:05 - UP : BalanceAccounts
2019-07-05 10:39:05 - MENU RESPONSES : BalanceAccounts -> 
2019-07-05 10:39:05 - DOWN : pinReset
2019-07-05 10:39:05 - ERROR : BalanceAccounts
2019-07-05 10:39:05 - MMMMMMM : BalanceAccounts
2019-07-05 10:39:05 - DOWN MENU : O:8:"stdClass":5:{s:2:"id";s:15:"BalanceAccounts";s:6:"action";s:3:"con";s:8:"response";s:88:"Select bank:
1. Pride/223205003324501
2. Pride/218210027132501
3. Pride/223206003324501
";s:3:"map";a:1:{i:0;O:8:"stdClass":1:{s:4:"menu";s:14:"AccountBalance";}}s:4:"type";s:4:"form";}
2019-07-05 10:39:05 - ERROR : AccountBalance
2019-07-05 10:39:05 - MMMMMMM : AccountBalance
2019-07-05 10:39:05 - BALANCE REQUEST : FORMID:B-:MERCHANTID:BALANCE:BANKACCOUNTID:223205003324501:SHORTCODE:250:CUSTOMERID:1485941693:MOBILENUMBER:256700146817:BANKID:0017:COUNTRY:UGANDATEST:UNIQUEID:a5394d39-6265-b6b3-5355-e29d3da05d78:
2019-07-05 10:39:26 - BALANCE RESPONSE : 
STATUS:091:DATA: shown
