2019-07-31 15:56:44 - GET CUSTOMER REQUEST :FORMID:GETCUSTOMER:MOBILENUMBER:256700146817:SHORTCODE:250:COUNTRY:UGANDATEST:DEVICEID:256700146817250:UNIQUEID:cd31e57d-31ad-74d7-1e00-1a133594bdfe:
2019-07-31 15:56:44 - GET CUSTOMER RESPONSE : 
STATUS:000:CUSTOMERID:1485941693:COUNTRY:UGANDATEST:FIRSTNAME:Shafique:LASTNAME:Kabali:BANKNAME:PRIDE:WELCOMEMESSAGE:Welcome to Pride Mobile Banking. Enter your PIN:LANGUAGE:EN
2019-07-31 15:56:44 - GET CUSTOMER000
2019-07-31 15:56:44 - GET CUSTOMER TIME : 2.2203922271729E-8
2019-07-31 15:56:48 - MENU : menu
2019-07-31 15:56:48 - MENU INPUT : 1234
2019-07-31 15:56:48 - LOGIN REQUEST : FORMID:LOGIN:CUSTOMERID:1485941693:MOBILENUMBER:256700146817:BANKID:0017:BANKNAME:PML:SHORTCODE:250:COUNTRY:UGANDATEST:DEVICEID:256700146817250:LOGINMPIN:1234:UNIQUEID:48e2d4cf-c361-03d9-501f-0aecf74d91c6:
2019-07-31 15:56:48 - LOGIN RESPONSE :
STATUS:000:ACCOUNTS:218210027132501,223205003324501,223206003324501:
2019-07-31 15:56:48 - LOGIN ACCOUNTS :218210027132501,223205003324501,223206003324501
2019-07-31 15:56:52 - MENU : home
2019-07-31 15:56:52 - MENU INPUT : 1
2019-07-31 15:56:52 - UP : home
2019-07-31 15:56:52 - MENU RESPONSES : home -> 
2019-07-31 15:56:52 - DOWN : pinReset
2019-07-31 15:56:52 - DOWN MENU : O:8:"stdClass":5:{s:2:"id";s:4:"home";s:8:"response";s:144:"Reply with
1. Account Balance
2. Mini Statement
3.Funds Transfer
4. Airtime Purchase
5. Mobile Money
6. Utility Payment 
7. Change Pin
8. Logout";s:3:"map";a:7:{i:0;O:8:"stdClass":2:{s:3:"key";s:1:"1";s:4:"menu";s:15:"BalanceAccounts";}i:1;O:8:"stdClass":2:{s:3:"key";s:1:"2";s:4:"menu";s:17:"StatementAccounts";}i:2;O:8:"stdClass":2:{s:3:"key";s:1:"3";s:4:"menu";s:10:"FTAccounts";}i:3;O:8:"stdClass":2:{s:3:"key";s:1:"4";s:4:"menu";s:14:"MOBILEPROVIDER";}i:4;O:8:"stdClass":2:{s:3:"key";s:1:"5";s:4:"menu";s:5:"NewFT";}i:5;O:8:"stdClass":2:{s:3:"key";s:1:"6";s:4:"menu";s:7:"utility";}i:6;O:8:"stdClass":2:{s:3:"key";s:1:"7";s:4:"menu";s:9:"changePin";}}s:4:"type";s:7:"dynamic";s:6:"action";s:3:"con";}
2019-07-31 15:56:52 - ERROR : BalanceAccounts
2019-07-31 15:56:52 - MMMMMMM : BalanceAccounts
2019-07-31 15:56:54 - MENU : BalanceAccounts
2019-07-31 15:56:54 - MENU INPUT : 1
2019-07-31 15:56:54 - UP : BalanceAccounts
2019-07-31 15:56:54 - MENU RESPONSES : BalanceAccounts -> 
2019-07-31 15:56:54 - DOWN : pinReset
2019-07-31 15:56:54 - ERROR : BalanceAccounts
2019-07-31 15:56:54 - MMMMMMM : BalanceAccounts
2019-07-31 15:56:54 - DOWN MENU : O:8:"stdClass":5:{s:2:"id";s:15:"BalanceAccounts";s:6:"action";s:3:"con";s:8:"response";s:88:"Select bank:
1. Pride/218210027132501
2. Pride/223205003324501
3. Pride/223206003324501
";s:3:"map";a:1:{i:0;O:8:"stdClass":1:{s:4:"menu";s:14:"AccountBalance";}}s:4:"type";s:4:"form";}
2019-07-31 15:56:54 - ERROR : AccountBalance
2019-07-31 15:56:54 - MMMMMMM : AccountBalance
2019-07-31 15:56:54 - BALANCE REQUEST : FORMID:B-:MERCHANTID:BALANCE:BANKACCOUNTID:218210027132501:SHORTCODE:250:CUSTOMERID:1485941693:MOBILENUMBER:256700146817:BANKID:0017:COUNTRY:UGANDATEST:UNIQUEID:46a9a2c1-1738-f1a5-c1f3-8ba7da136db5:
2019-07-31 15:56:54 - BALANCE RESPONSE : 
STATUS:OK:DATA:TARGETNAME|galubindi|FREQUENCY|Month|TARGETAMOUNT|300000.00|PERIODICAMOUNT|100000.00|STARTDATE|16/05/2019|ENDDATE|16/08/2019|BALANCE|1000 shown
2019-07-31 15:59:40 - GET CUSTOMER REQUEST :FORMID:GETCUSTOMER:MOBILENUMBER:256700146817:SHORTCODE:250:COUNTRY:UGANDATEST:DEVICEID:256700146817250:UNIQUEID:508f404a-27f3-d15e-dcf6-387f90bf54d2:
2019-07-31 15:59:40 - GET CUSTOMER RESPONSE : 
STATUS:000:CUSTOMERID:1485941693:COUNTRY:UGANDATEST:FIRSTNAME:Shafique:LASTNAME:Kabali:BANKNAME:PRIDE:WELCOMEMESSAGE:Welcome to Pride Mobile Banking. Enter your PIN:LANGUAGE:EN
2019-07-31 15:59:40 - GET CUSTOMER000
2019-07-31 15:59:40 - GET CUSTOMER TIME : 3.4225940704346E-8
2019-07-31 15:59:44 - MENU : menu
2019-07-31 15:59:44 - MENU INPUT : 1234
2019-07-31 15:59:44 - LOGIN REQUEST : FORMID:LOGIN:CUSTOMERID:1485941693:MOBILENUMBER:256700146817:BANKID:0017:BANKNAME:PML:SHORTCODE:250:COUNTRY:UGANDATEST:DEVICEID:256700146817250:LOGINMPIN:1234:UNIQUEID:5e915087-dbc1-f00c-3b4b-1bee285e5bc0:
2019-07-31 15:59:44 - LOGIN RESPONSE :
STATUS:000:ACCOUNTS:218210027132501,223205003324501,223206003324501:
2019-07-31 15:59:44 - LOGIN ACCOUNTS :218210027132501,223205003324501,223206003324501
2019-07-31 15:59:47 - MENU : home
2019-07-31 15:59:47 - MENU INPUT : 2
2019-07-31 15:59:47 - UP : home
2019-07-31 15:59:47 - MENU RESPONSES : home -> 
2019-07-31 15:59:47 - DOWN : pinReset
2019-07-31 15:59:47 - DOWN MENU : O:8:"stdClass":5:{s:2:"id";s:4:"home";s:8:"response";s:144:"Reply with
1. Account Balance
2. Mini Statement
3.Funds Transfer
4. Airtime Purchase
5. Mobile Money
6. Utility Payment 
7. Change Pin
8. Logout";s:3:"map";a:7:{i:0;O:8:"stdClass":2:{s:3:"key";s:1:"1";s:4:"menu";s:15:"BalanceAccounts";}i:1;O:8:"stdClass":2:{s:3:"key";s:1:"2";s:4:"menu";s:17:"StatementAccounts";}i:2;O:8:"stdClass":2:{s:3:"key";s:1:"3";s:4:"menu";s:10:"FTAccounts";}i:3;O:8:"stdClass":2:{s:3:"key";s:1:"4";s:4:"menu";s:14:"MOBILEPROVIDER";}i:4;O:8:"stdClass":2:{s:3:"key";s:1:"5";s:4:"menu";s:5:"NewFT";}i:5;O:8:"stdClass":2:{s:3:"key";s:1:"6";s:4:"menu";s:7:"utility";}i:6;O:8:"stdClass":2:{s:3:"key";s:1:"7";s:4:"menu";s:9:"changePin";}}s:4:"type";s:7:"dynamic";s:6:"action";s:3:"con";}
2019-07-31 15:59:47 - ERROR : StatementAccounts
2019-07-31 15:59:47 - MMMMMMM : StatementAccounts
2019-07-31 15:59:51 - MENU : StatementAccounts
2019-07-31 15:59:51 - MENU INPUT : 1
2019-07-31 15:59:51 - UP : StatementAccounts
2019-07-31 15:59:51 - MENU RESPONSES : StatementAccounts -> 
2019-07-31 15:59:51 - DOWN : pinReset
2019-07-31 15:59:51 - ERROR : StatementAccounts
2019-07-31 15:59:51 - MMMMMMM : StatementAccounts
2019-07-31 15:59:51 - DOWN MENU : O:8:"stdClass":5:{s:2:"id";s:17:"StatementAccounts";s:6:"action";s:3:"con";s:8:"response";s:88:"Select Bank:
1. Pride/218210027132501
2. Pride/223205003324501
3. Pride/223206003324501
";s:3:"map";a:1:{i:0;O:8:"stdClass":1:{s:4:"menu";s:16:"AccountStatement";}}s:4:"type";s:4:"form";}
2019-07-31 15:59:51 - ERROR : AccountStatement
2019-07-31 15:59:51 - MMMMMMM : AccountStatement
2019-07-31 15:59:51 - MINISTATEMENT REQUEST : FORMID:B-:MERCHANTID:STATEMENT:BANKACCOUNTID:218210027132501:SHORTCODE:250:CUSTOMERID:1485941693:MOBILENUMBER:256700146817:BANKID:0017:COUNTRY:UGANDATEST:UNIQUEID:df633e79-e94c-3b6d-28f8-fb2cddccc721:
2019-07-31 15:59:52 - MINISTATEMENT RESPONSE : 
STATUS:OK:DATA:0001800C0007005227390002800C000700522739
2019-07-31 16:07:00 - GET CUSTOMER REQUEST :FORMID:GETCUSTOMER:MOBILENUMBER:256700146817:SHORTCODE:250:COUNTRY:UGANDATEST:DEVICEID:256700146817250:UNIQUEID:9e9fe7bd-394e-e320-57a7-db753c668f9e:
2019-07-31 16:07:00 - GET CUSTOMER RESPONSE : 
STATUS:000:CUSTOMERID:1485941693:COUNTRY:UGANDATEST:FIRSTNAME:Shafique:LASTNAME:Kabali:BANKNAME:PRIDE:WELCOMEMESSAGE:Welcome to Pride Mobile Banking. Enter your PIN:LANGUAGE:EN
2019-07-31 16:07:00 - GET CUSTOMER000
2019-07-31 16:07:00 - GET CUSTOMER TIME : 4.2901992797852E-8
2019-07-31 16:07:03 - MENU : menu
2019-07-31 16:07:03 - MENU INPUT : 1234
2019-07-31 16:07:03 - LOGIN REQUEST : FORMID:LOGIN:CUSTOMERID:1485941693:MOBILENUMBER:256700146817:BANKID:0017:BANKNAME:PML:SHORTCODE:250:COUNTRY:UGANDATEST:DEVICEID:256700146817250:LOGINMPIN:1234:UNIQUEID:67610ebb-e783-0765-b01d-bb7e8d541da6:
2019-07-31 16:07:03 - LOGIN RESPONSE :
STATUS:000:ACCOUNTS:218210027132501,223205003324501,223206003324501:
2019-07-31 16:07:03 - LOGIN ACCOUNTS :218210027132501,223205003324501,223206003324501
2019-07-31 16:07:31 - MENU : home
2019-07-31 16:07:31 - MENU INPUT : 2
2019-07-31 16:07:31 - UP : home
2019-07-31 16:07:31 - MENU RESPONSES : home -> 
2019-07-31 16:07:31 - DOWN : pinReset
2019-07-31 16:07:31 - DOWN MENU : O:8:"stdClass":5:{s:2:"id";s:4:"home";s:8:"response";s:144:"Reply with
1. Account Balance
2. Mini Statement
3.Funds Transfer
4. Airtime Purchase
5. Mobile Money
6. Utility Payment 
7. Change Pin
8. Logout";s:3:"map";a:7:{i:0;O:8:"stdClass":2:{s:3:"key";s:1:"1";s:4:"menu";s:15:"BalanceAccounts";}i:1;O:8:"stdClass":2:{s:3:"key";s:1:"2";s:4:"menu";s:17:"StatementAccounts";}i:2;O:8:"stdClass":2:{s:3:"key";s:1:"3";s:4:"menu";s:10:"FTAccounts";}i:3;O:8:"stdClass":2:{s:3:"key";s:1:"4";s:4:"menu";s:14:"MOBILEPROVIDER";}i:4;O:8:"stdClass":2:{s:3:"key";s:1:"5";s:4:"menu";s:5:"NewFT";}i:5;O:8:"stdClass":2:{s:3:"key";s:1:"6";s:4:"menu";s:7:"utility";}i:6;O:8:"stdClass":2:{s:3:"key";s:1:"7";s:4:"menu";s:9:"changePin";}}s:4:"type";s:7:"dynamic";s:6:"action";s:3:"con";}
2019-07-31 16:07:31 - ERROR : StatementAccounts
2019-07-31 16:07:31 - MMMMMMM : StatementAccounts
2019-07-31 16:07:35 - MENU : StatementAccounts
2019-07-31 16:07:35 - MENU INPUT : 1
2019-07-31 16:07:35 - UP : StatementAccounts
2019-07-31 16:07:35 - MENU RESPONSES : StatementAccounts -> 
2019-07-31 16:07:35 - DOWN : pinReset
2019-07-31 16:07:35 - ERROR : StatementAccounts
2019-07-31 16:07:35 - MMMMMMM : StatementAccounts
2019-07-31 16:07:35 - DOWN MENU : O:8:"stdClass":5:{s:2:"id";s:17:"StatementAccounts";s:6:"action";s:3:"con";s:8:"response";s:88:"Select Bank:
1. Pride/218210027132501
2. Pride/223205003324501
3. Pride/223206003324501
";s:3:"map";a:1:{i:0;O:8:"stdClass":1:{s:4:"menu";s:16:"AccountStatement";}}s:4:"type";s:4:"form";}
2019-07-31 16:07:35 - ERROR : AccountStatement
2019-07-31 16:07:35 - MMMMMMM : AccountStatement
2019-07-31 16:07:35 - MINISTATEMENT REQUEST : FORMID:B-:MERCHANTID:STATEMENT:BANKACCOUNTID:218210027132501:SHORTCODE:250:CUSTOMERID:1485941693:MOBILENUMBER:256700146817:BANKID:0017:COUNTRY:UGANDATEST:UNIQUEID:511a6dcc-b7db-e750-757c-54cb8b105fb3:
2019-07-31 16:07:36 - MINISTATEMENT RESPONSE : 
STATUS:OK:DATA:DATE_TIME|SEQ_NR|TRAN_TYPE|TRAN_AMOUNT|CURR_CODE~20190430120000|000000|DR.|000000335544|800~20190430120000|000000|CR.|000002236960|800~20190417120000|000000|CR.|000010000000|800~20190416120000|000000|CR.|000014000000|800~20190416120000|000000|CR.|000010000000|800~
2019-07-31 16:09:49 - GET CUSTOMER REQUEST :FORMID:GETCUSTOMER:MOBILENUMBER:256700146817:SHORTCODE:250:COUNTRY:UGANDATEST:DEVICEID:256700146817250:UNIQUEID:e4fe5e76-6a8d-ece4-0e27-a12b3635b856:
2019-07-31 16:09:49 - GET CUSTOMER RESPONSE : 
STATUS:000:CUSTOMERID:1485941693:COUNTRY:UGANDATEST:FIRSTNAME:Shafique:LASTNAME:Kabali:BANKNAME:PRIDE:WELCOMEMESSAGE:Welcome to Pride Mobile Banking. Enter your PIN:LANGUAGE:EN
2019-07-31 16:09:49 - GET CUSTOMER000
2019-07-31 16:09:49 - GET CUSTOMER TIME : 3.351092338562E-8
2019-07-31 16:09:52 - GET CUSTOMER REQUEST :FORMID:GETCUSTOMER:MOBILENUMBER:256700146817:SHORTCODE:250:COUNTRY:UGANDATEST:DEVICEID:256700146817250:UNIQUEID:7f3b2614-c1fe-21cb-1027-99bfdf547f04:
2019-07-31 16:09:52 - GET CUSTOMER RESPONSE : 
STATUS:000:CUSTOMERID:1485941693:COUNTRY:UGANDATEST:FIRSTNAME:Shafique:LASTNAME:Kabali:BANKNAME:PRIDE:WELCOMEMESSAGE:Welcome to Pride Mobile Banking. Enter your PIN:LANGUAGE:EN
2019-07-31 16:09:52 - GET CUSTOMER000
2019-07-31 16:09:52 - GET CUSTOMER TIME : 2.1018028259277E-8
2019-07-31 16:09:54 - MENU : menu
2019-07-31 16:09:54 - MENU INPUT : 1234
2019-07-31 16:09:54 - LOGIN REQUEST : FORMID:LOGIN:CUSTOMERID:1485941693:MOBILENUMBER:256700146817:BANKID:0017:BANKNAME:PML:SHORTCODE:250:COUNTRY:UGANDATEST:DEVICEID:256700146817250:LOGINMPIN:1234:UNIQUEID:c13bb2a2-447e-a45c-04ea-3e704fc8441c:
2019-07-31 16:09:54 - LOGIN RESPONSE :
STATUS:000:ACCOUNTS:218210027132501,223205003324501,223206003324501:
2019-07-31 16:09:54 - LOGIN ACCOUNTS :218210027132501,223205003324501,223206003324501
2019-07-31 16:09:59 - MENU : home
2019-07-31 16:09:59 - MENU INPUT : 3
2019-07-31 16:09:59 - UP : home
2019-07-31 16:09:59 - MENU RESPONSES : home -> 
2019-07-31 16:09:59 - DOWN : pinReset
2019-07-31 16:09:59 - DOWN MENU : O:8:"stdClass":5:{s:2:"id";s:4:"home";s:8:"response";s:144:"Reply with
1. Account Balance
2. Mini Statement
3.Funds Transfer
4. Airtime Purchase
5. Mobile Money
6. Utility Payment 
7. Change Pin
8. Logout";s:3:"map";a:7:{i:0;O:8:"stdClass":2:{s:3:"key";s:1:"1";s:4:"menu";s:15:"BalanceAccounts";}i:1;O:8:"stdClass":2:{s:3:"key";s:1:"2";s:4:"menu";s:17:"StatementAccounts";}i:2;O:8:"stdClass":2:{s:3:"key";s:1:"3";s:4:"menu";s:10:"FTAccounts";}i:3;O:8:"stdClass":2:{s:3:"key";s:1:"4";s:4:"menu";s:14:"MOBILEPROVIDER";}i:4;O:8:"stdClass":2:{s:3:"key";s:1:"5";s:4:"menu";s:5:"NewFT";}i:5;O:8:"stdClass":2:{s:3:"key";s:1:"6";s:4:"menu";s:7:"utility";}i:6;O:8:"stdClass":2:{s:3:"key";s:1:"7";s:4:"menu";s:9:"changePin";}}s:4:"type";s:7:"dynamic";s:6:"action";s:3:"con";}
2019-07-31 16:09:59 - ERROR : FTAccounts
2019-07-31 16:09:59 - MMMMMMM : FTAccounts
2019-07-31 16:10:58 - MENU : FTAccounts
2019-07-31 16:10:58 - MENU INPUT : 1
2019-07-31 16:10:58 - UP : FTAccounts
2019-07-31 16:10:58 - MENU RESPONSES : FTAccounts -> 
2019-07-31 16:10:58 - DOWN : pinReset
2019-07-31 16:10:58 - ERROR : FTAccounts
2019-07-31 16:10:58 - MMMMMMM : FTAccounts
2019-07-31 16:10:58 - DOWN MENU : O:8:"stdClass":5:{s:2:"id";s:10:"FTAccounts";s:6:"action";s:3:"con";s:8:"response";s:90:"Select Bank 
1. 218210027132501
2. 223205003324501
3. 223206003324501
00. Home 
 000. Exit";s:3:"map";a:1:{i:0;O:8:"stdClass":1:{s:4:"menu";s:6:"fundst";}}s:4:"type";s:4:"form";}
2019-07-31 16:11:02 - MENU : fundst
2019-07-31 16:11:02 - MENU INPUT : 1
2019-07-31 16:11:02 - UP : fundst
2019-07-31 16:11:02 - MENU RESPONSES : fundst -> 
2019-07-31 16:11:02 - DOWN : pinReset
2019-07-31 16:11:02 - DOWN MENU : O:8:"stdClass":5:{s:2:"id";s:6:"fundst";s:8:"response";s:60:"Reply with:
1. Direct Transfer
2. InterBank Transfer
0. Home";s:3:"map";a:2:{i:0;O:8:"stdClass":2:{s:3:"key";s:1:"1";s:4:"menu";s:14:"iftFormAccount";}i:1;O:8:"stdClass":2:{s:3:"key";s:1:"2";s:4:"menu";s:17:"InterBankTransfer";}}s:4:"type";s:7:"dynamic";s:6:"action";s:3:"con";}
2019-07-31 16:11:07 - MENU : iftFormAccount
2019-07-31 16:11:07 - MENU INPUT : 223205003324501
2019-07-31 16:11:07 - UP : iftFormAccount
2019-07-31 16:11:07 - MENU RESPONSES : iftFormAccount -> 
2019-07-31 16:11:07 - DOWN : pinReset
2019-07-31 16:11:07 - DOWN MENU : O:8:"stdClass":6:{s:2:"id";s:14:"iftFormAccount";s:8:"response";s:29:"Enter Account To Transfer To:";s:3:"map";a:1:{i:0;O:8:"stdClass":2:{s:3:"key";s:4:"next";s:4:"menu";s:17:"validateFTAccount";}}s:4:"type";s:4:"form";s:4:"name";s:13:"DirectAccount";s:6:"action";s:3:"con";}
2019-07-31 16:11:07 - ERROR : validateFTAccount
2019-07-31 16:11:07 - MMMMMMM : validateFTAccount
2019-07-31 16:11:07 - VALIDATE FT ACCOUNT REQUEST : FORMID:M-:MERCHANTID:VALIDATEACCOUNT:ACCOUNTID:223205003324501:CUSTOMERID:1485941693:MOBILENUMBER:256700146817:BANKNAME:PML:SHORTCODE:250:BANKID:0017:COUNTRY:UGANDATEST:ACTION:GETNAME:UNIQUEID:633866a7-c8e0-308a-46b8-a349b2397217:TRXSOURCE:USSD:
2019-07-31 16:11:28 - VALIDATE FT ACCOUNT RESPONSE : 
STATUS:091:MESSAGE:Invalid Account. Please reenter.
2019-07-31 16:12:51 - GET CUSTOMER REQUEST :FORMID:GETCUSTOMER:MOBILENUMBER:256700146817:SHORTCODE:250:COUNTRY:UGANDATEST:DEVICEID:256700146817250:UNIQUEID:3f08b796-a634-719f-9e0c-c1f4bfce73d6:
2019-07-31 16:12:51 - GET CUSTOMER RESPONSE : 
STATUS:000:CUSTOMERID:1485941693:COUNTRY:UGANDATEST:FIRSTNAME:Shafique:LASTNAME:Kabali:BANKNAME:PRIDE:WELCOMEMESSAGE:Welcome to Pride Mobile Banking. Enter your PIN:LANGUAGE:EN
2019-07-31 16:12:51 - GET CUSTOMER000
2019-07-31 16:12:51 - GET CUSTOMER TIME : 4.2364120483398E-8
2019-07-31 16:12:56 - GET CUSTOMER REQUEST :FORMID:GETCUSTOMER:MOBILENUMBER:256700146817:SHORTCODE:250:COUNTRY:UGANDATEST:DEVICEID:256700146817250:UNIQUEID:26d1b9f2-f8a2-2dba-af85-4e8c3c5cc9ad:
2019-07-31 16:12:57 - GET CUSTOMER RESPONSE : 
STATUS:000:CUSTOMERID:1485941693:COUNTRY:UGANDATEST:FIRSTNAME:Shafique:LASTNAME:Kabali:BANKNAME:PRIDE:WELCOMEMESSAGE:Welcome to Pride Mobile Banking. Enter your PIN:LANGUAGE:EN
2019-07-31 16:12:57 - GET CUSTOMER000
2019-07-31 16:12:57 - GET CUSTOMER TIME : 3.3926963806152E-8
2019-07-31 16:14:12 - GET CUSTOMER REQUEST :FORMID:GETCUSTOMER:MOBILENUMBER:256700146817:SHORTCODE:250:COUNTRY:UGANDATEST:DEVICEID:256700146817250:UNIQUEID:c3585e58-88cb-c9a8-622f-cd386a96a8bb:
2019-07-31 16:14:12 - GET CUSTOMER RESPONSE : 
STATUS:000:CUSTOMERID:1485941693:COUNTRY:UGANDATEST:FIRSTNAME:Shafique:LASTNAME:Kabali:BANKNAME:PRIDE:WELCOMEMESSAGE:Welcome to Pride Mobile Banking. Enter your PIN:LANGUAGE:EN
2019-07-31 16:14:12 - GET CUSTOMER000
2019-07-31 16:14:12 - GET CUSTOMER TIME : 4.3467044830322E-8
2019-07-31 16:14:16 - MENU : menu
2019-07-31 16:14:16 - MENU INPUT : 1234
2019-07-31 16:14:16 - LOGIN REQUEST : FORMID:LOGIN:CUSTOMERID:1485941693:MOBILENUMBER:256700146817:BANKID:0017:BANKNAME:PML:SHORTCODE:250:COUNTRY:UGANDATEST:DEVICEID:256700146817250:LOGINMPIN:1234:UNIQUEID:1e803b96-416c-033b-b445-ccd9070eccc0:
2019-07-31 16:14:16 - LOGIN RESPONSE :
STATUS:000:ACCOUNTS:218210027132501,223205003324501,223206003324501:
2019-07-31 16:14:16 - LOGIN ACCOUNTS :218210027132501,223205003324501,223206003324501
2019-07-31 16:14:21 - MENU : home
2019-07-31 16:14:21 - MENU INPUT : 3
2019-07-31 16:14:21 - UP : home
2019-07-31 16:14:21 - MENU RESPONSES : home -> 
2019-07-31 16:14:21 - DOWN : pinReset
2019-07-31 16:14:21 - DOWN MENU : O:8:"stdClass":5:{s:2:"id";s:4:"home";s:8:"response";s:144:"Reply with
1. Account Balance
2. Mini Statement
3.Funds Transfer
4. Airtime Purchase
5. Mobile Money
6. Utility Payment 
7. Change Pin
8. Logout";s:3:"map";a:7:{i:0;O:8:"stdClass":2:{s:3:"key";s:1:"1";s:4:"menu";s:15:"BalanceAccounts";}i:1;O:8:"stdClass":2:{s:3:"key";s:1:"2";s:4:"menu";s:17:"StatementAccounts";}i:2;O:8:"stdClass":2:{s:3:"key";s:1:"3";s:4:"menu";s:10:"FTAccounts";}i:3;O:8:"stdClass":2:{s:3:"key";s:1:"4";s:4:"menu";s:14:"MOBILEPROVIDER";}i:4;O:8:"stdClass":2:{s:3:"key";s:1:"5";s:4:"menu";s:5:"NewFT";}i:5;O:8:"stdClass":2:{s:3:"key";s:1:"6";s:4:"menu";s:7:"utility";}i:6;O:8:"stdClass":2:{s:3:"key";s:1:"7";s:4:"menu";s:9:"changePin";}}s:4:"type";s:7:"dynamic";s:6:"action";s:3:"con";}
2019-07-31 16:14:21 - ERROR : FTAccounts
2019-07-31 16:14:21 - MMMMMMM : FTAccounts
2019-07-31 16:14:23 - MENU : FTAccounts
2019-07-31 16:14:23 - MENU INPUT : 1
2019-07-31 16:14:23 - UP : FTAccounts
2019-07-31 16:14:23 - MENU RESPONSES : FTAccounts -> 
2019-07-31 16:14:23 - DOWN : pinReset
2019-07-31 16:14:23 - ERROR : FTAccounts
2019-07-31 16:14:23 - MMMMMMM : FTAccounts
2019-07-31 16:14:23 - DOWN MENU : O:8:"stdClass":5:{s:2:"id";s:10:"FTAccounts";s:6:"action";s:3:"con";s:8:"response";s:90:"Select Bank 
1. 218210027132501
2. 223205003324501
3. 223206003324501
00. Home 
 000. Exit";s:3:"map";a:1:{i:0;O:8:"stdClass":1:{s:4:"menu";s:6:"fundst";}}s:4:"type";s:4:"form";}
2019-07-31 16:14:26 - MENU : fundst
2019-07-31 16:14:26 - MENU INPUT : 1
2019-07-31 16:14:26 - UP : fundst
2019-07-31 16:14:26 - MENU RESPONSES : fundst -> 
2019-07-31 16:14:26 - DOWN : pinReset
2019-07-31 16:14:26 - DOWN MENU : O:8:"stdClass":5:{s:2:"id";s:6:"fundst";s:8:"response";s:60:"Reply with:
1. Direct Transfer
2. InterBank Transfer
0. Home";s:3:"map";a:2:{i:0;O:8:"stdClass":2:{s:3:"key";s:1:"1";s:4:"menu";s:14:"iftFormAccount";}i:1;O:8:"stdClass":2:{s:3:"key";s:1:"2";s:4:"menu";s:17:"InterBankTransfer";}}s:4:"type";s:7:"dynamic";s:6:"action";s:3:"con";}
2019-07-31 16:14:49 - MENU : iftFormAccount
2019-07-31 16:14:49 - MENU INPUT : 223205003324501
2019-07-31 16:14:49 - UP : iftFormAccount
2019-07-31 16:14:49 - MENU RESPONSES : iftFormAccount -> 
2019-07-31 16:14:49 - DOWN : pinReset
2019-07-31 16:14:49 - DOWN MENU : O:8:"stdClass":6:{s:2:"id";s:14:"iftFormAccount";s:8:"response";s:29:"Enter Account To Transfer To:";s:3:"map";a:1:{i:0;O:8:"stdClass":2:{s:3:"key";s:4:"next";s:4:"menu";s:17:"validateFTAccount";}}s:4:"type";s:4:"form";s:4:"name";s:13:"DirectAccount";s:6:"action";s:3:"con";}
2019-07-31 16:14:49 - ERROR : validateFTAccount
2019-07-31 16:14:49 - MMMMMMM : validateFTAccount
2019-07-31 16:14:49 - VALIDATE FT ACCOUNT REQUEST : FORMID:M-:MERCHANTID:VALIDATEACCOUNT:ACCOUNTID:223205003324501:CUSTOMERID:1485941693:MOBILENUMBER:256700146817:BANKNAME:PML:SHORTCODE:250:BANKID:0017:COUNTRY:UGANDATEST:ACTION:GETNAME:UNIQUEID:5f5e5813-5dcf-d35f-a9ea-d27ad6ad021b:TRXSOURCE:USSD:
2019-07-31 16:15:10 - VALIDATE FT ACCOUNT RESPONSE : 
STATUS:091:MESSAGE:Invalid Account. Please reenter.
2019-07-31 16:18:38 - GET CUSTOMER REQUEST :FORMID:GETCUSTOMER:MOBILENUMBER:256700146817:SHORTCODE:250:COUNTRY:UGANDATEST:DEVICEID:256700146817250:UNIQUEID:e22c4066-9507-de4d-3b72-9deba789c422:
2019-07-31 16:18:38 - GET CUSTOMER RESPONSE : 
STATUS:000:CUSTOMERID:1485941693:COUNTRY:UGANDATEST:FIRSTNAME:Shafique:LASTNAME:Kabali:BANKNAME:PRIDE:WELCOMEMESSAGE:Welcome to Pride Mobile Banking. Enter your PIN:LANGUAGE:EN
2019-07-31 16:18:38 - GET CUSTOMER000
2019-07-31 16:18:38 - GET CUSTOMER TIME : 2.3577928543091E-8
2019-07-31 16:18:41 - MENU : menu
2019-07-31 16:18:41 - MENU INPUT : 1234
2019-07-31 16:18:41 - LOGIN REQUEST : FORMID:LOGIN:CUSTOMERID:1485941693:MOBILENUMBER:256700146817:BANKID:0017:BANKNAME:PML:SHORTCODE:250:COUNTRY:UGANDATEST:DEVICEID:256700146817250:LOGINMPIN:1234:UNIQUEID:b20a534d-2267-347b-ce3f-68040599e9d9:
2019-07-31 16:18:41 - LOGIN RESPONSE :
STATUS:000:ACCOUNTS:218210027132501,223205003324501,223206003324501:
2019-07-31 16:18:41 - LOGIN ACCOUNTS :218210027132501,223205003324501,223206003324501
2019-07-31 16:18:45 - MENU : home
2019-07-31 16:18:45 - MENU INPUT : 4
2019-07-31 16:18:45 - UP : home
2019-07-31 16:18:45 - MENU RESPONSES : home -> 
2019-07-31 16:18:45 - DOWN : pinReset
2019-07-31 16:18:45 - DOWN MENU : O:8:"stdClass":5:{s:2:"id";s:4:"home";s:8:"response";s:144:"Reply with
1. Account Balance
2. Mini Statement
3.Funds Transfer
4. Airtime Purchase
5. Mobile Money
6. Utility Payment 
7. Change Pin
8. Logout";s:3:"map";a:7:{i:0;O:8:"stdClass":2:{s:3:"key";s:1:"1";s:4:"menu";s:15:"BalanceAccounts";}i:1;O:8:"stdClass":2:{s:3:"key";s:1:"2";s:4:"menu";s:17:"StatementAccounts";}i:2;O:8:"stdClass":2:{s:3:"key";s:1:"3";s:4:"menu";s:10:"FTAccounts";}i:3;O:8:"stdClass":2:{s:3:"key";s:1:"4";s:4:"menu";s:14:"MOBILEPROVIDER";}i:4;O:8:"stdClass":2:{s:3:"key";s:1:"5";s:4:"menu";s:5:"NewFT";}i:5;O:8:"stdClass":2:{s:3:"key";s:1:"6";s:4:"menu";s:7:"utility";}i:6;O:8:"stdClass":2:{s:3:"key";s:1:"7";s:4:"menu";s:9:"changePin";}}s:4:"type";s:7:"dynamic";s:6:"action";s:3:"con";}
2019-07-31 16:19:03 - MENU : MOBILEPROVIDER
2019-07-31 16:19:03 - MENU INPUT : 1
2019-07-31 16:19:03 - UP : MOBILEPROVIDER
2019-07-31 16:19:03 - MENU RESPONSES : MOBILEPROVIDER -> 
2019-07-31 16:19:03 - DOWN : pinReset
2019-07-31 16:19:03 - DOWN MENU : O:8:"stdClass":5:{s:2:"id";s:14:"MOBILEPROVIDER";s:8:"response";s:25:"
1 My Phone
2 Other Phone";s:3:"map";a:3:{i:0;O:8:"stdClass":2:{s:3:"key";s:1:"1";s:4:"menu";s:20:"PinlessAirtimeAmount";}i:1;O:8:"stdClass":2:{s:3:"key";s:1:"2";s:4:"menu";s:14:"pinlessMsisdn2";}i:2;O:8:"stdClass":2:{s:3:"key";s:8:"postMenu";s:4:"menu";s:14:"airtimeConfirm";}}s:4:"type";s:7:"dynamic";s:6:"action";s:3:"con";}
2019-07-31 16:19:08 - MENU : PinlessAirtimeAmount
2019-07-31 16:19:08 - MENU INPUT : 1000
2019-07-31 16:19:08 - UP : PinlessAirtimeAmount
2019-07-31 16:19:08 - MENU RESPONSES : PinlessAirtimeAmount -> 
2019-07-31 16:19:08 - DOWN : pinReset
2019-07-31 16:19:08 - DOWN MENU : O:8:"stdClass":6:{s:2:"id";s:20:"PinlessAirtimeAmount";s:8:"response";s:26:"Reply with Airtime amount:";s:3:"map";a:1:{i:0;O:8:"stdClass":2:{s:3:"key";s:4:"next";s:4:"menu";s:18:"AirtimeOwnAccounts";}}s:4:"type";s:4:"form";s:4:"name";s:20:"PinlessAirtimeAmount";s:6:"action";s:3:"con";}
2019-07-31 16:19:08 - ERROR : AirtimeOwnAccounts
2019-07-31 16:19:08 - MMMMMMM : AirtimeOwnAccounts
2019-07-31 16:19:10 - MENU : AirtimeOwnAccounts
2019-07-31 16:19:10 - MENU INPUT : 1
2019-07-31 16:19:10 - UP : AirtimeOwnAccounts
2019-07-31 16:19:10 - MENU RESPONSES : AirtimeOwnAccounts -> 
2019-07-31 16:19:10 - DOWN : pinReset
2019-07-31 16:19:10 - ERROR : AirtimeOwnAccounts
2019-07-31 16:19:10 - MMMMMMM : AirtimeOwnAccounts
2019-07-31 16:19:10 - DOWN MENU : O:8:"stdClass":5:{s:2:"id";s:18:"AirtimeOwnAccounts";s:6:"action";s:3:"con";s:8:"response";s:118:"Select Source Account 
1. Pride/218210027132501
2. Pride/223205003324501
3. Pride/223206003324501
00. Home 
 000. Exit";s:3:"map";a:1:{i:0;O:8:"stdClass":1:{s:4:"menu";s:7:"Airtime";}}s:4:"type";s:4:"form";}
2019-07-31 16:19:10 - ERROR : Airtime
2019-07-31 16:19:10 - MMMMMMM : Airtime
2019-07-31 16:19:12 - MENU : Airtime
2019-07-31 16:19:12 - MENU INPUT : 1
2019-07-31 16:19:12 - UP : Airtime
2019-07-31 16:19:12 - MENU RESPONSES : Airtime -> 
2019-07-31 16:19:12 - DOWN : pinReset
2019-07-31 16:19:12 - ERROR : Airtime
2019-07-31 16:19:12 - MMMMMMM : Airtime
2019-07-31 16:19:12 - DOWN MENU : O:8:"stdClass":5:{s:2:"id";s:7:"Airtime";s:6:"action";s:3:"con";s:8:"response";s:104:"You are buying airtime of 1000 from  Pride/218210027132501 bank Reply with:
1. Accept
2. Cancel 
0. Home";s:3:"map";a:1:{i:0;O:8:"stdClass":1:{s:4:"menu";s:14:"AirtimeConfirm";}}s:4:"type";s:4:"form";}
2019-07-31 16:19:12 - ERROR : AirtimeConfirm
2019-07-31 16:19:12 - MMMMMMM : AirtimeConfirm
2019-07-31 16:19:12 - TRANSACTION TIME : -0.00020289421081543
2019-07-31 16:19:14 - MENU : AirtimeConfirm
2019-07-31 16:19:14 - MENU INPUT : 1234
2019-07-31 16:19:14 - UP : AirtimeConfirm
2019-07-31 16:19:14 - MENU RESPONSES : AirtimeConfirm -> 
2019-07-31 16:19:14 - DOWN : pinReset
2019-07-31 16:19:14 - ERROR : AirtimeConfirm
2019-07-31 16:19:14 - MMMMMMM : AirtimeConfirm
2019-07-31 16:19:14 - AIRTIME REQUEST : FORMID:M-:MERCHANTID:AIRTELUG:ACCOUNTID:256700146817:AMOUNT:1000:TMPIN:1234:BANKNAME:PML:BANKACCOUNTID:218210027132501:ACTION:PAYBILL:CUSTOMERID:1485941693:MOBILENUMBER:256700146817:SHORTCODE:250:BANKID:0017:COUNTRY:UGANDATEST:QUICKPAY:NO:UNIQUEID:df1e500e-90ed-001f-b4d0-f757bd40cc72:
2019-07-31 16:19:15 - AIRTIME RESPONSE : 
Error025-Your Bank is not responding to the requests. Please try later. You may contact us at 
2019-07-31 16:19:15 - DOWN MENU : O:8:"stdClass":4:{s:6:"action";s:3:"end";s:8:"response";s:68:"There was a problem processing your request. Please try again later.";s:3:"map";a:1:{i:0;O:8:"stdClass":1:{s:4:"menu";s:9:"groupsave";}}s:4:"type";s:6:"static";}
2019-07-31 16:19:34 - GET CUSTOMER REQUEST :FORMID:GETCUSTOMER:MOBILENUMBER:256700146817:SHORTCODE:250:COUNTRY:UGANDATEST:DEVICEID:256700146817250:UNIQUEID:d44d9ded-089a-9b59-4bde-76f6c91c239b:
2019-07-31 16:19:34 - GET CUSTOMER RESPONSE : 
STATUS:000:CUSTOMERID:1485941693:COUNTRY:UGANDATEST:FIRSTNAME:Shafique:LASTNAME:Kabali:BANKNAME:PRIDE:WELCOMEMESSAGE:Welcome to Pride Mobile Banking. Enter your PIN:LANGUAGE:EN
2019-07-31 16:19:34 - GET CUSTOMER000
2019-07-31 16:19:34 - GET CUSTOMER TIME : 2.2847890853882E-8
2019-07-31 16:19:36 - MENU : menu
2019-07-31 16:19:36 - MENU INPUT : 1234
2019-07-31 16:19:36 - LOGIN REQUEST : FORMID:LOGIN:CUSTOMERID:1485941693:MOBILENUMBER:256700146817:BANKID:0017:BANKNAME:PML:SHORTCODE:250:COUNTRY:UGANDATEST:DEVICEID:256700146817250:LOGINMPIN:1234:UNIQUEID:4e8bd322-fd6e-74d1-a2d2-dd13a1097ce7:
2019-07-31 16:19:36 - LOGIN RESPONSE :
STATUS:000:ACCOUNTS:218210027132501,223205003324501,223206003324501:
2019-07-31 16:19:36 - LOGIN ACCOUNTS :218210027132501,223205003324501,223206003324501
2019-07-31 16:19:41 - MENU : home
2019-07-31 16:19:41 - MENU INPUT : 4
2019-07-31 16:19:41 - UP : home
2019-07-31 16:19:41 - MENU RESPONSES : home -> 
2019-07-31 16:19:41 - DOWN : pinReset
2019-07-31 16:19:41 - DOWN MENU : O:8:"stdClass":5:{s:2:"id";s:4:"home";s:8:"response";s:144:"Reply with
1. Account Balance
2. Mini Statement
3.Funds Transfer
4. Airtime Purchase
5. Mobile Money
6. Utility Payment 
7. Change Pin
8. Logout";s:3:"map";a:7:{i:0;O:8:"stdClass":2:{s:3:"key";s:1:"1";s:4:"menu";s:15:"BalanceAccounts";}i:1;O:8:"stdClass":2:{s:3:"key";s:1:"2";s:4:"menu";s:17:"StatementAccounts";}i:2;O:8:"stdClass":2:{s:3:"key";s:1:"3";s:4:"menu";s:10:"FTAccounts";}i:3;O:8:"stdClass":2:{s:3:"key";s:1:"4";s:4:"menu";s:14:"MOBILEPROVIDER";}i:4;O:8:"stdClass":2:{s:3:"key";s:1:"5";s:4:"menu";s:5:"NewFT";}i:5;O:8:"stdClass":2:{s:3:"key";s:1:"6";s:4:"menu";s:7:"utility";}i:6;O:8:"stdClass":2:{s:3:"key";s:1:"7";s:4:"menu";s:9:"changePin";}}s:4:"type";s:7:"dynamic";s:6:"action";s:3:"con";}
2019-07-31 16:19:43 - MENU : MOBILEPROVIDER
2019-07-31 16:19:43 - MENU INPUT : 1
2019-07-31 16:19:43 - UP : MOBILEPROVIDER
2019-07-31 16:19:43 - MENU RESPONSES : MOBILEPROVIDER -> 
2019-07-31 16:19:43 - DOWN : pinReset
2019-07-31 16:19:43 - DOWN MENU : O:8:"stdClass":5:{s:2:"id";s:14:"MOBILEPROVIDER";s:8:"response";s:25:"
1 My Phone
2 Other Phone";s:3:"map";a:3:{i:0;O:8:"stdClass":2:{s:3:"key";s:1:"1";s:4:"menu";s:20:"PinlessAirtimeAmount";}i:1;O:8:"stdClass":2:{s:3:"key";s:1:"2";s:4:"menu";s:14:"pinlessMsisdn2";}i:2;O:8:"stdClass":2:{s:3:"key";s:8:"postMenu";s:4:"menu";s:14:"airtimeConfirm";}}s:4:"type";s:7:"dynamic";s:6:"action";s:3:"con";}
2019-07-31 16:19:47 - MENU : PinlessAirtimeAmount
2019-07-31 16:19:47 - MENU INPUT : 1000
2019-07-31 16:19:47 - UP : PinlessAirtimeAmount
2019-07-31 16:19:47 - MENU RESPONSES : PinlessAirtimeAmount -> 
2019-07-31 16:19:47 - DOWN : pinReset
2019-07-31 16:19:47 - DOWN MENU : O:8:"stdClass":6:{s:2:"id";s:20:"PinlessAirtimeAmount";s:8:"response";s:26:"Reply with Airtime amount:";s:3:"map";a:1:{i:0;O:8:"stdClass":2:{s:3:"key";s:4:"next";s:4:"menu";s:18:"AirtimeOwnAccounts";}}s:4:"type";s:4:"form";s:4:"name";s:20:"PinlessAirtimeAmount";s:6:"action";s:3:"con";}
2019-07-31 16:19:47 - ERROR : AirtimeOwnAccounts
2019-07-31 16:19:47 - MMMMMMM : AirtimeOwnAccounts
2019-07-31 16:19:48 - MENU : AirtimeOwnAccounts
2019-07-31 16:19:48 - MENU INPUT : 1
2019-07-31 16:19:48 - UP : AirtimeOwnAccounts
2019-07-31 16:19:48 - MENU RESPONSES : AirtimeOwnAccounts -> 
2019-07-31 16:19:48 - DOWN : pinReset
2019-07-31 16:19:48 - ERROR : AirtimeOwnAccounts
2019-07-31 16:19:48 - MMMMMMM : AirtimeOwnAccounts
2019-07-31 16:19:48 - DOWN MENU : O:8:"stdClass":5:{s:2:"id";s:18:"AirtimeOwnAccounts";s:6:"action";s:3:"con";s:8:"response";s:118:"Select Source Account 
1. Pride/218210027132501
2. Pride/223205003324501
3. Pride/223206003324501
00. Home 
 000. Exit";s:3:"map";a:1:{i:0;O:8:"stdClass":1:{s:4:"menu";s:7:"Airtime";}}s:4:"type";s:4:"form";}
2019-07-31 16:19:48 - ERROR : Airtime
2019-07-31 16:19:48 - MMMMMMM : Airtime
2019-07-31 16:19:50 - MENU : Airtime
2019-07-31 16:19:50 - MENU INPUT : 1
2019-07-31 16:19:50 - UP : Airtime
2019-07-31 16:19:50 - MENU RESPONSES : Airtime -> 
2019-07-31 16:19:50 - DOWN : pinReset
2019-07-31 16:19:50 - ERROR : Airtime
2019-07-31 16:19:50 - MMMMMMM : Airtime
2019-07-31 16:19:50 - DOWN MENU : O:8:"stdClass":5:{s:2:"id";s:7:"Airtime";s:6:"action";s:3:"con";s:8:"response";s:104:"You are buying airtime of 1000 from  Pride/218210027132501 bank Reply with:
1. Accept
2. Cancel 
0. Home";s:3:"map";a:1:{i:0;O:8:"stdClass":1:{s:4:"menu";s:14:"AirtimeConfirm";}}s:4:"type";s:4:"form";}
2019-07-31 16:19:50 - ERROR : AirtimeConfirm
2019-07-31 16:19:50 - MMMMMMM : AirtimeConfirm
2019-07-31 16:19:50 - AIRTIME REQUEST : FORMID:M-:MERCHANTID:AIRTELUG:ACCOUNTID:256700146817:AMOUNT:1000:TMPIN:1234:BANKNAME:PML:BANKACCOUNTID:218210027132501:ACTION:PAYBILL:CUSTOMERID:1485941693:MOBILENUMBER:256700146817:SHORTCODE:250:BANKID:0017:COUNTRY:UGANDATEST:QUICKPAY:NO:UNIQUEID:c900f548-7b91-f5f3-37e9-9cee9bf61e62:
2019-07-31 16:19:50 - AIRTIME RESPONSE : 
STATUS:091:Message:Dear Customer,We apologize for being offline on this service. Please try connecting later.
2019-07-31 16:20:54 - GET CUSTOMER REQUEST :FORMID:GETCUSTOMER:MOBILENUMBER:256700146817:SHORTCODE:250:COUNTRY:UGANDATEST:DEVICEID:256700146817250:UNIQUEID:9324de03-53da-7829-8a90-2d2de7d92d25:
2019-07-31 16:20:54 - GET CUSTOMER RESPONSE : 
STATUS:000:CUSTOMERID:1485941693:COUNTRY:UGANDATEST:FIRSTNAME:Shafique:LASTNAME:Kabali:BANKNAME:PRIDE:WELCOMEMESSAGE:Welcome to Pride Mobile Banking. Enter your PIN:LANGUAGE:EN
2019-07-31 16:20:54 - GET CUSTOMER000
2019-07-31 16:20:54 - GET CUSTOMER TIME : 2.6910066604614E-8
2019-07-31 16:20:57 - MENU : menu
2019-07-31 16:20:57 - MENU INPUT : 1234
2019-07-31 16:20:57 - LOGIN REQUEST : FORMID:LOGIN:CUSTOMERID:1485941693:MOBILENUMBER:256700146817:BANKID:0017:BANKNAME:PML:SHORTCODE:250:COUNTRY:UGANDATEST:DEVICEID:256700146817250:LOGINMPIN:1234:UNIQUEID:fcf0fa61-82f0-4030-e2fd-f9624eac648f:
2019-07-31 16:20:57 - LOGIN RESPONSE :
STATUS:000:ACCOUNTS:218210027132501,223205003324501,223206003324501:
2019-07-31 16:20:57 - LOGIN ACCOUNTS :218210027132501,223205003324501,223206003324501
2019-07-31 16:21:01 - MENU : home
2019-07-31 16:21:01 - MENU INPUT : 4
2019-07-31 16:21:01 - UP : home
2019-07-31 16:21:01 - MENU RESPONSES : home -> 
2019-07-31 16:21:01 - DOWN : pinReset
2019-07-31 16:21:01 - DOWN MENU : O:8:"stdClass":5:{s:2:"id";s:4:"home";s:8:"response";s:144:"Reply with
1. Account Balance
2. Mini Statement
3.Funds Transfer
4. Airtime Purchase
5. Mobile Money
6. Utility Payment 
7. Change Pin
8. Logout";s:3:"map";a:7:{i:0;O:8:"stdClass":2:{s:3:"key";s:1:"1";s:4:"menu";s:15:"BalanceAccounts";}i:1;O:8:"stdClass":2:{s:3:"key";s:1:"2";s:4:"menu";s:17:"StatementAccounts";}i:2;O:8:"stdClass":2:{s:3:"key";s:1:"3";s:4:"menu";s:10:"FTAccounts";}i:3;O:8:"stdClass":2:{s:3:"key";s:1:"4";s:4:"menu";s:14:"MOBILEPROVIDER";}i:4;O:8:"stdClass":2:{s:3:"key";s:1:"5";s:4:"menu";s:5:"NewFT";}i:5;O:8:"stdClass":2:{s:3:"key";s:1:"6";s:4:"menu";s:7:"utility";}i:6;O:8:"stdClass":2:{s:3:"key";s:1:"7";s:4:"menu";s:9:"changePin";}}s:4:"type";s:7:"dynamic";s:6:"action";s:3:"con";}
2019-07-31 16:21:03 - MENU : MOBILEPROVIDER
2019-07-31 16:21:03 - MENU INPUT : 1
2019-07-31 16:21:03 - UP : MOBILEPROVIDER
2019-07-31 16:21:03 - MENU RESPONSES : MOBILEPROVIDER -> 
2019-07-31 16:21:03 - DOWN : pinReset
2019-07-31 16:21:03 - DOWN MENU : O:8:"stdClass":5:{s:2:"id";s:14:"MOBILEPROVIDER";s:8:"response";s:25:"
1 My Phone
2 Other Phone";s:3:"map";a:3:{i:0;O:8:"stdClass":2:{s:3:"key";s:1:"1";s:4:"menu";s:20:"PinlessAirtimeAmount";}i:1;O:8:"stdClass":2:{s:3:"key";s:1:"2";s:4:"menu";s:14:"pinlessMsisdn2";}i:2;O:8:"stdClass":2:{s:3:"key";s:8:"postMenu";s:4:"menu";s:14:"airtimeConfirm";}}s:4:"type";s:7:"dynamic";s:6:"action";s:3:"con";}
2019-07-31 16:21:07 - MENU : PinlessAirtimeAmount
2019-07-31 16:21:07 - MENU INPUT : 1000
2019-07-31 16:21:07 - UP : PinlessAirtimeAmount
2019-07-31 16:21:07 - MENU RESPONSES : PinlessAirtimeAmount -> 
2019-07-31 16:21:07 - DOWN : pinReset
2019-07-31 16:21:07 - DOWN MENU : O:8:"stdClass":6:{s:2:"id";s:20:"PinlessAirtimeAmount";s:8:"response";s:26:"Reply with Airtime amount:";s:3:"map";a:1:{i:0;O:8:"stdClass":2:{s:3:"key";s:4:"next";s:4:"menu";s:18:"AirtimeOwnAccounts";}}s:4:"type";s:4:"form";s:4:"name";s:20:"PinlessAirtimeAmount";s:6:"action";s:3:"con";}
2019-07-31 16:21:07 - ERROR : AirtimeOwnAccounts
2019-07-31 16:21:07 - MMMMMMM : AirtimeOwnAccounts
2019-07-31 16:21:09 - MENU : AirtimeOwnAccounts
2019-07-31 16:21:09 - MENU INPUT : 1
2019-07-31 16:21:09 - UP : AirtimeOwnAccounts
2019-07-31 16:21:09 - MENU RESPONSES : AirtimeOwnAccounts -> 
2019-07-31 16:21:09 - DOWN : pinReset
2019-07-31 16:21:09 - ERROR : AirtimeOwnAccounts
2019-07-31 16:21:09 - MMMMMMM : AirtimeOwnAccounts
2019-07-31 16:21:09 - DOWN MENU : O:8:"stdClass":5:{s:2:"id";s:18:"AirtimeOwnAccounts";s:6:"action";s:3:"con";s:8:"response";s:118:"Select Source Account 
1. Pride/218210027132501
2. Pride/223205003324501
3. Pride/223206003324501
00. Home 
 000. Exit";s:3:"map";a:1:{i:0;O:8:"stdClass":1:{s:4:"menu";s:7:"Airtime";}}s:4:"type";s:4:"form";}
2019-07-31 16:21:09 - ERROR : Airtime
2019-07-31 16:21:09 - MMMMMMM : Airtime
2019-07-31 16:21:10 - MENU : Airtime
2019-07-31 16:21:10 - MENU INPUT : 1
2019-07-31 16:21:10 - UP : Airtime
2019-07-31 16:21:10 - MENU RESPONSES : Airtime -> 
2019-07-31 16:21:10 - DOWN : pinReset
2019-07-31 16:21:10 - ERROR : Airtime
2019-07-31 16:21:10 - MMMMMMM : Airtime
2019-07-31 16:21:10 - DOWN MENU : O:8:"stdClass":5:{s:2:"id";s:7:"Airtime";s:6:"action";s:3:"con";s:8:"response";s:104:"You are buying airtime of 1000 from  Pride/218210027132501 bank Reply with:
1. Accept
2. Cancel 
0. Home";s:3:"map";a:1:{i:0;O:8:"stdClass":1:{s:4:"menu";s:14:"AirtimeConfirm";}}s:4:"type";s:4:"form";}
2019-07-31 16:21:10 - ERROR : AirtimeConfirm
2019-07-31 16:21:10 - MMMMMMM : AirtimeConfirm
2019-07-31 16:21:10 - AIRTIME REQUEST : FORMID:M-:MERCHANTID:AIRTELUG:ACCOUNTID:256700146817:AMOUNT:1000:TMPIN:1234:BANKNAME:PML:BANKACCOUNTID:218210027132501:ACTION:PAYBILL:CUSTOMERID:1485941693:MOBILENUMBER:256700146817:SHORTCODE:250:BANKID:0017:COUNTRY:UGANDATEST:QUICKPAY:NO:UNIQUEID:fea165b0-1cab-15da-e5fb-8a56d130f96f:
2019-07-31 16:21:11 - AIRTIME RESPONSE : 
Error025-Your Bank is not responding to the requests. Please try later. You may contact us at 
2019-07-31 16:28:51 - GET CUSTOMER REQUEST :FORMID:GETCUSTOMER:MOBILENUMBER:256700146817:SHORTCODE:250:COUNTRY:UGANDATEST:DEVICEID:256700146817250:UNIQUEID:bebb851b-b2c8-dce2-2854-b0734f5e9e43:
2019-07-31 16:28:51 - GET CUSTOMER RESPONSE : 
STATUS:000:CUSTOMERID:1485941693:COUNTRY:UGANDATEST:FIRSTNAME:Shafique:LASTNAME:Kabali:BANKNAME:PRIDE:WELCOMEMESSAGE:Welcome to Pride Mobile Banking. Enter your PIN:LANGUAGE:EN
2019-07-31 16:28:51 - GET CUSTOMER000
2019-07-31 16:28:51 - GET CUSTOMER TIME : 3.4655094146729E-8
2019-07-31 16:28:57 - MENU : menu
2019-07-31 16:28:57 - MENU INPUT : 1234
2019-07-31 16:28:57 - LOGIN REQUEST : FORMID:LOGIN:CUSTOMERID:1485941693:MOBILENUMBER:256700146817:BANKID:0017:BANKNAME:PML:SHORTCODE:250:COUNTRY:UGANDATEST:DEVICEID:256700146817250:LOGINMPIN:1234:UNIQUEID:265bd0d2-5e63-cb24-d4a1-3c975331471f:
2019-07-31 16:28:57 - LOGIN RESPONSE :
STATUS:000:ACCOUNTS:218210027132501,223205003324501,223206003324501:
2019-07-31 16:28:57 - LOGIN ACCOUNTS :218210027132501,223205003324501,223206003324501
2019-07-31 16:29:01 - MENU : home
2019-07-31 16:29:01 - MENU INPUT : 4
2019-07-31 16:29:01 - UP : home
2019-07-31 16:29:01 - MENU RESPONSES : home -> 
2019-07-31 16:29:01 - DOWN : pinReset
2019-07-31 16:29:01 - DOWN MENU : O:8:"stdClass":5:{s:2:"id";s:4:"home";s:8:"response";s:144:"Reply with
1. Account Balance
2. Mini Statement
3.Funds Transfer
4. Airtime Purchase
5. Mobile Money
6. Utility Payment 
7. Change Pin
8. Logout";s:3:"map";a:7:{i:0;O:8:"stdClass":2:{s:3:"key";s:1:"1";s:4:"menu";s:15:"BalanceAccounts";}i:1;O:8:"stdClass":2:{s:3:"key";s:1:"2";s:4:"menu";s:17:"StatementAccounts";}i:2;O:8:"stdClass":2:{s:3:"key";s:1:"3";s:4:"menu";s:10:"FTAccounts";}i:3;O:8:"stdClass":2:{s:3:"key";s:1:"4";s:4:"menu";s:14:"MOBILEPROVIDER";}i:4;O:8:"stdClass":2:{s:3:"key";s:1:"5";s:4:"menu";s:5:"NewFT";}i:5;O:8:"stdClass":2:{s:3:"key";s:1:"6";s:4:"menu";s:7:"utility";}i:6;O:8:"stdClass":2:{s:3:"key";s:1:"7";s:4:"menu";s:9:"changePin";}}s:4:"type";s:7:"dynamic";s:6:"action";s:3:"con";}
2019-07-31 16:29:04 - MENU : MOBILEPROVIDER
2019-07-31 16:29:04 - MENU INPUT : 1
2019-07-31 16:29:04 - UP : MOBILEPROVIDER
2019-07-31 16:29:04 - MENU RESPONSES : MOBILEPROVIDER -> 
2019-07-31 16:29:04 - DOWN : pinReset
2019-07-31 16:29:04 - DOWN MENU : O:8:"stdClass":5:{s:2:"id";s:14:"MOBILEPROVIDER";s:8:"response";s:25:"
1 My Phone
2 Other Phone";s:3:"map";a:3:{i:0;O:8:"stdClass":2:{s:3:"key";s:1:"1";s:4:"menu";s:20:"PinlessAirtimeAmount";}i:1;O:8:"stdClass":2:{s:3:"key";s:1:"2";s:4:"menu";s:14:"pinlessMsisdn2";}i:2;O:8:"stdClass":2:{s:3:"key";s:8:"postMenu";s:4:"menu";s:14:"airtimeConfirm";}}s:4:"type";s:7:"dynamic";s:6:"action";s:3:"con";}
2019-07-31 16:29:08 - MENU : PinlessAirtimeAmount
2019-07-31 16:29:08 - MENU INPUT : 1000
2019-07-31 16:29:08 - UP : PinlessAirtimeAmount
2019-07-31 16:29:08 - MENU RESPONSES : PinlessAirtimeAmount -> 
2019-07-31 16:29:08 - DOWN : pinReset
2019-07-31 16:29:08 - DOWN MENU : O:8:"stdClass":6:{s:2:"id";s:20:"PinlessAirtimeAmount";s:8:"response";s:26:"Reply with Airtime amount:";s:3:"map";a:1:{i:0;O:8:"stdClass":2:{s:3:"key";s:4:"next";s:4:"menu";s:18:"AirtimeOwnAccounts";}}s:4:"type";s:4:"form";s:4:"name";s:20:"PinlessAirtimeAmount";s:6:"action";s:3:"con";}
2019-07-31 16:29:08 - ERROR : AirtimeOwnAccounts
2019-07-31 16:29:08 - MMMMMMM : AirtimeOwnAccounts
2019-07-31 16:29:10 - MENU : AirtimeOwnAccounts
2019-07-31 16:29:10 - MENU INPUT : 1
2019-07-31 16:29:10 - UP : AirtimeOwnAccounts
2019-07-31 16:29:10 - MENU RESPONSES : AirtimeOwnAccounts -> 
2019-07-31 16:29:10 - DOWN : pinReset
2019-07-31 16:29:10 - ERROR : AirtimeOwnAccounts
2019-07-31 16:29:10 - MMMMMMM : AirtimeOwnAccounts
2019-07-31 16:29:10 - DOWN MENU : O:8:"stdClass":5:{s:2:"id";s:18:"AirtimeOwnAccounts";s:6:"action";s:3:"con";s:8:"response";s:118:"Select Source Account 
1. Pride/218210027132501
2. Pride/223205003324501
3. Pride/223206003324501
00. Home 
 000. Exit";s:3:"map";a:1:{i:0;O:8:"stdClass":1:{s:4:"menu";s:7:"Airtime";}}s:4:"type";s:4:"form";}
2019-07-31 16:29:10 - ERROR : Airtime
2019-07-31 16:29:10 - MMMMMMM : Airtime
2019-07-31 16:29:13 - MENU : Airtime
2019-07-31 16:29:13 - MENU INPUT : 1
2019-07-31 16:29:13 - UP : Airtime
2019-07-31 16:29:13 - MENU RESPONSES : Airtime -> 
2019-07-31 16:29:13 - DOWN : pinReset
2019-07-31 16:29:13 - ERROR : Airtime
2019-07-31 16:29:13 - MMMMMMM : Airtime
2019-07-31 16:29:13 - DOWN MENU : O:8:"stdClass":5:{s:2:"id";s:7:"Airtime";s:6:"action";s:3:"con";s:8:"response";s:104:"You are buying airtime of 1000 from  Pride/218210027132501 bank Reply with:
1. Accept
2. Cancel 
0. Home";s:3:"map";a:1:{i:0;O:8:"stdClass":1:{s:4:"menu";s:14:"AirtimeConfirm";}}s:4:"type";s:4:"form";}
2019-07-31 16:29:13 - ERROR : AirtimeConfirm
2019-07-31 16:29:13 - MMMMMMM : AirtimeConfirm
2019-07-31 16:29:13 - TRANSACTION TIME : -0.00020790100097656
2019-07-31 16:29:18 - MENU : AirtimeConfirm
2019-07-31 16:29:18 - MENU INPUT : 1234
2019-07-31 16:29:18 - UP : AirtimeConfirm
2019-07-31 16:29:18 - MENU RESPONSES : AirtimeConfirm -> 
2019-07-31 16:29:18 - DOWN : pinReset
2019-07-31 16:29:18 - ERROR : AirtimeConfirm
2019-07-31 16:29:18 - MMMMMMM : AirtimeConfirm
2019-07-31 16:29:18 - AIRTIME REQUEST : FORMID:M-:MERCHANTID:AIRTELUG:ACCOUNTID:11111:AMOUNT:1000:TMPIN:1234:BANKNAME:PML:BANKACCOUNTID:218210027132501:ACTION:PAYBILL:CUSTOMERID:1485941693:MOBILENUMBER:256700146817:SHORTCODE:250:BANKID:0017:COUNTRY:UGANDATEST:QUICKPAY:NO:UNIQUEID:daf7ebc0-2d48-4792-051a-c42c680436ff:
2019-07-31 16:29:18 - AIRTIME RESPONSE : 
Error025-Your Bank is not responding to the requests. Please try later. You may contact us at 
2019-07-31 16:29:18 - DOWN MENU : O:8:"stdClass":4:{s:6:"action";s:3:"end";s:8:"response";s:68:"There was a problem processing your request. Please try again later.";s:3:"map";a:1:{i:0;O:8:"stdClass":1:{s:4:"menu";s:9:"groupsave";}}s:4:"type";s:6:"static";}
2019-07-31 16:30:36 - GET CUSTOMER REQUEST :FORMID:GETCUSTOMER:MOBILENUMBER:256700146817:SHORTCODE:250:COUNTRY:UGANDATEST:DEVICEID:256700146817250:UNIQUEID:a1171cd6-0d9a-7373-137b-f9bffdd6ee49:
2019-07-31 16:30:36 - GET CUSTOMER RESPONSE : 
STATUS:000:CUSTOMERID:1485941693:COUNTRY:UGANDATEST:FIRSTNAME:Shafique:LASTNAME:Kabali:BANKNAME:PRIDE:WELCOMEMESSAGE:Welcome to Pride Mobile Banking. Enter your PIN:LANGUAGE:EN
2019-07-31 16:30:36 - GET CUSTOMER000
2019-07-31 16:30:36 - GET CUSTOMER TIME : 2.0403146743774E-8
2019-07-31 16:30:40 - MENU : menu
2019-07-31 16:30:40 - MENU INPUT : 1234
2019-07-31 16:30:40 - LOGIN REQUEST : FORMID:LOGIN:CUSTOMERID:1485941693:MOBILENUMBER:256700146817:BANKID:0017:BANKNAME:PML:SHORTCODE:250:COUNTRY:UGANDATEST:DEVICEID:256700146817250:LOGINMPIN:1234:UNIQUEID:460a53ab-0d1a-128a-b294-d15185fe3dae:
2019-07-31 16:30:40 - LOGIN RESPONSE :
STATUS:000:ACCOUNTS:218210027132501,223205003324501,223206003324501:
2019-07-31 16:30:40 - LOGIN ACCOUNTS :218210027132501,223205003324501,223206003324501
2019-07-31 16:30:43 - MENU : home
2019-07-31 16:30:43 - MENU INPUT : 4
2019-07-31 16:30:43 - UP : home
2019-07-31 16:30:43 - MENU RESPONSES : home -> 
2019-07-31 16:30:43 - DOWN : pinReset
2019-07-31 16:30:43 - DOWN MENU : O:8:"stdClass":5:{s:2:"id";s:4:"home";s:8:"response";s:144:"Reply with
1. Account Balance
2. Mini Statement
3.Funds Transfer
4. Airtime Purchase
5. Mobile Money
6. Utility Payment 
7. Change Pin
8. Logout";s:3:"map";a:7:{i:0;O:8:"stdClass":2:{s:3:"key";s:1:"1";s:4:"menu";s:15:"BalanceAccounts";}i:1;O:8:"stdClass":2:{s:3:"key";s:1:"2";s:4:"menu";s:17:"StatementAccounts";}i:2;O:8:"stdClass":2:{s:3:"key";s:1:"3";s:4:"menu";s:10:"FTAccounts";}i:3;O:8:"stdClass":2:{s:3:"key";s:1:"4";s:4:"menu";s:14:"MOBILEPROVIDER";}i:4;O:8:"stdClass":2:{s:3:"key";s:1:"5";s:4:"menu";s:5:"NewFT";}i:5;O:8:"stdClass":2:{s:3:"key";s:1:"6";s:4:"menu";s:7:"utility";}i:6;O:8:"stdClass":2:{s:3:"key";s:1:"7";s:4:"menu";s:9:"changePin";}}s:4:"type";s:7:"dynamic";s:6:"action";s:3:"con";}
2019-07-31 16:30:46 - MENU : MOBILEPROVIDER
2019-07-31 16:30:46 - MENU INPUT : 1
2019-07-31 16:30:46 - UP : MOBILEPROVIDER
2019-07-31 16:30:46 - MENU RESPONSES : MOBILEPROVIDER -> 
2019-07-31 16:30:46 - DOWN : pinReset
2019-07-31 16:30:46 - DOWN MENU : O:8:"stdClass":5:{s:2:"id";s:14:"MOBILEPROVIDER";s:8:"response";s:25:"
1 My Phone
2 Other Phone";s:3:"map";a:3:{i:0;O:8:"stdClass":2:{s:3:"key";s:1:"1";s:4:"menu";s:20:"PinlessAirtimeAmount";}i:1;O:8:"stdClass":2:{s:3:"key";s:1:"2";s:4:"menu";s:14:"pinlessMsisdn2";}i:2;O:8:"stdClass":2:{s:3:"key";s:8:"postMenu";s:4:"menu";s:14:"airtimeConfirm";}}s:4:"type";s:7:"dynamic";s:6:"action";s:3:"con";}
2019-07-31 16:30:48 - MENU : PinlessAirtimeAmount
2019-07-31 16:30:48 - MENU INPUT : 1000
2019-07-31 16:30:48 - UP : PinlessAirtimeAmount
2019-07-31 16:30:48 - MENU RESPONSES : PinlessAirtimeAmount -> 
2019-07-31 16:30:48 - DOWN : pinReset
2019-07-31 16:30:48 - DOWN MENU : O:8:"stdClass":6:{s:2:"id";s:20:"PinlessAirtimeAmount";s:8:"response";s:26:"Reply with Airtime amount:";s:3:"map";a:1:{i:0;O:8:"stdClass":2:{s:3:"key";s:4:"next";s:4:"menu";s:18:"AirtimeOwnAccounts";}}s:4:"type";s:4:"form";s:4:"name";s:20:"PinlessAirtimeAmount";s:6:"action";s:3:"con";}
2019-07-31 16:30:48 - ERROR : AirtimeOwnAccounts
2019-07-31 16:30:48 - MMMMMMM : AirtimeOwnAccounts
2019-07-31 16:30:52 - MENU : AirtimeOwnAccounts
2019-07-31 16:30:52 - MENU INPUT : 1
2019-07-31 16:30:52 - UP : AirtimeOwnAccounts
2019-07-31 16:30:52 - MENU RESPONSES : AirtimeOwnAccounts -> 
2019-07-31 16:30:52 - DOWN : pinReset
2019-07-31 16:30:52 - ERROR : AirtimeOwnAccounts
2019-07-31 16:30:52 - MMMMMMM : AirtimeOwnAccounts
2019-07-31 16:30:52 - DOWN MENU : O:8:"stdClass":5:{s:2:"id";s:18:"AirtimeOwnAccounts";s:6:"action";s:3:"con";s:8:"response";s:118:"Select Source Account 
1. Pride/218210027132501
2. Pride/223205003324501
3. Pride/223206003324501
00. Home 
 000. Exit";s:3:"map";a:1:{i:0;O:8:"stdClass":1:{s:4:"menu";s:7:"Airtime";}}s:4:"type";s:4:"form";}
2019-07-31 16:30:52 - ERROR : Airtime
2019-07-31 16:30:52 - MMMMMMM : Airtime
2019-07-31 16:30:54 - MENU : Airtime
2019-07-31 16:30:54 - MENU INPUT : 1
2019-07-31 16:30:54 - UP : Airtime
2019-07-31 16:30:54 - MENU RESPONSES : Airtime -> 
2019-07-31 16:30:54 - DOWN : pinReset
2019-07-31 16:30:54 - ERROR : Airtime
2019-07-31 16:30:54 - MMMMMMM : Airtime
2019-07-31 16:30:54 - DOWN MENU : O:8:"stdClass":5:{s:2:"id";s:7:"Airtime";s:6:"action";s:3:"con";s:8:"response";s:104:"You are buying airtime of 1000 from  Pride/218210027132501 bank Reply with:
1. Accept
2. Cancel 
0. Home";s:3:"map";a:1:{i:0;O:8:"stdClass":1:{s:4:"menu";s:14:"AirtimeConfirm";}}s:4:"type";s:4:"form";}
2019-07-31 16:30:54 - ERROR : AirtimeConfirm
2019-07-31 16:30:54 - MMMMMMM : AirtimeConfirm
2019-07-31 16:30:54 - AIRTIME REQUEST : FORMID:M-:MERCHANTID:AIRTELUG:ACCOUNTID:11111:AMOUNT:1000:TMPIN:1234:BANKNAME:PML:BANKACCOUNTID:218210027132501:ACTION:PAYBILL:CUSTOMERID:1485941693:MOBILENUMBER:256700146817:SHORTCODE:250:BANKID:0017:COUNTRY:UGANDATEST:QUICKPAY:NO:UNIQUEID:cb79433d-aca8-9dca-0559-f22ef0d7c1ba:
2019-07-31 16:30:55 - AIRTIME RESPONSE : 
Error025-Your Bank is not responding to the requests. Please try later. You may contact us at 
2019-07-31 16:32:15 - GET CUSTOMER REQUEST :FORMID:GETCUSTOMER:MOBILENUMBER:256700146817:SHORTCODE:250:COUNTRY:UGANDATEST:DEVICEID:256700146817250:UNIQUEID:0a2e9ea5-4d05-1c52-273a-cdefe38bdf9b:
2019-07-31 16:32:15 - GET CUSTOMER RESPONSE : 
STATUS:000:CUSTOMERID:1485941693:COUNTRY:UGANDATEST:FIRSTNAME:Shafique:LASTNAME:Kabali:BANKNAME:PRIDE:WELCOMEMESSAGE:Welcome to Pride Mobile Banking. Enter your PIN:LANGUAGE:EN
2019-07-31 16:32:15 - GET CUSTOMER000
2019-07-31 16:32:15 - GET CUSTOMER TIME : 3.7694215774536E-8
2019-07-31 16:32:18 - MENU : menu
2019-07-31 16:32:18 - MENU INPUT : 1234
2019-07-31 16:32:18 - LOGIN REQUEST : FORMID:LOGIN:CUSTOMERID:1485941693:MOBILENUMBER:256700146817:BANKID:0017:BANKNAME:PML:SHORTCODE:250:COUNTRY:UGANDATEST:DEVICEID:256700146817250:LOGINMPIN:1234:UNIQUEID:b27411e3-64b7-6475-43dd-93159758ecbf:
2019-07-31 16:32:18 - LOGIN RESPONSE :
STATUS:000:ACCOUNTS:218210027132501,223205003324501,223206003324501:
2019-07-31 16:32:18 - LOGIN ACCOUNTS :218210027132501,223205003324501,223206003324501
2019-07-31 16:32:22 - MENU : home
2019-07-31 16:32:22 - MENU INPUT : 4
2019-07-31 16:32:22 - UP : home
2019-07-31 16:32:22 - MENU RESPONSES : home -> 
2019-07-31 16:32:22 - DOWN : pinReset
2019-07-31 16:32:22 - DOWN MENU : O:8:"stdClass":5:{s:2:"id";s:4:"home";s:8:"response";s:144:"Reply with
1. Account Balance
2. Mini Statement
3.Funds Transfer
4. Airtime Purchase
5. Mobile Money
6. Utility Payment 
7. Change Pin
8. Logout";s:3:"map";a:7:{i:0;O:8:"stdClass":2:{s:3:"key";s:1:"1";s:4:"menu";s:15:"BalanceAccounts";}i:1;O:8:"stdClass":2:{s:3:"key";s:1:"2";s:4:"menu";s:17:"StatementAccounts";}i:2;O:8:"stdClass":2:{s:3:"key";s:1:"3";s:4:"menu";s:10:"FTAccounts";}i:3;O:8:"stdClass":2:{s:3:"key";s:1:"4";s:4:"menu";s:14:"MOBILEPROVIDER";}i:4;O:8:"stdClass":2:{s:3:"key";s:1:"5";s:4:"menu";s:5:"NewFT";}i:5;O:8:"stdClass":2:{s:3:"key";s:1:"6";s:4:"menu";s:7:"utility";}i:6;O:8:"stdClass":2:{s:3:"key";s:1:"7";s:4:"menu";s:9:"changePin";}}s:4:"type";s:7:"dynamic";s:6:"action";s:3:"con";}
2019-07-31 16:32:24 - MENU : MOBILEPROVIDER
2019-07-31 16:32:24 - MENU INPUT : 1
2019-07-31 16:32:24 - UP : MOBILEPROVIDER
2019-07-31 16:32:24 - MENU RESPONSES : MOBILEPROVIDER -> 
2019-07-31 16:32:24 - DOWN : pinReset
2019-07-31 16:32:24 - DOWN MENU : O:8:"stdClass":5:{s:2:"id";s:14:"MOBILEPROVIDER";s:8:"response";s:25:"
1 My Phone
2 Other Phone";s:3:"map";a:3:{i:0;O:8:"stdClass":2:{s:3:"key";s:1:"1";s:4:"menu";s:20:"PinlessAirtimeAmount";}i:1;O:8:"stdClass":2:{s:3:"key";s:1:"2";s:4:"menu";s:14:"pinlessMsisdn2";}i:2;O:8:"stdClass":2:{s:3:"key";s:8:"postMenu";s:4:"menu";s:14:"airtimeConfirm";}}s:4:"type";s:7:"dynamic";s:6:"action";s:3:"con";}
2019-07-31 16:32:28 - MENU : PinlessAirtimeAmount
2019-07-31 16:32:28 - MENU INPUT : 1000
2019-07-31 16:32:28 - UP : PinlessAirtimeAmount
2019-07-31 16:32:28 - MENU RESPONSES : PinlessAirtimeAmount -> 
2019-07-31 16:32:28 - DOWN : pinReset
2019-07-31 16:32:28 - DOWN MENU : O:8:"stdClass":6:{s:2:"id";s:20:"PinlessAirtimeAmount";s:8:"response";s:26:"Reply with Airtime amount:";s:3:"map";a:1:{i:0;O:8:"stdClass":2:{s:3:"key";s:4:"next";s:4:"menu";s:18:"AirtimeOwnAccounts";}}s:4:"type";s:4:"form";s:4:"name";s:20:"PinlessAirtimeAmount";s:6:"action";s:3:"con";}
2019-07-31 16:32:28 - ERROR : AirtimeOwnAccounts
2019-07-31 16:32:28 - MMMMMMM : AirtimeOwnAccounts
2019-07-31 16:32:31 - MENU : AirtimeOwnAccounts
2019-07-31 16:32:31 - MENU INPUT : 1
2019-07-31 16:32:31 - UP : AirtimeOwnAccounts
2019-07-31 16:32:31 - MENU RESPONSES : AirtimeOwnAccounts -> 
2019-07-31 16:32:31 - DOWN : pinReset
2019-07-31 16:32:31 - ERROR : AirtimeOwnAccounts
2019-07-31 16:32:31 - MMMMMMM : AirtimeOwnAccounts
2019-07-31 16:32:31 - DOWN MENU : O:8:"stdClass":5:{s:2:"id";s:18:"AirtimeOwnAccounts";s:6:"action";s:3:"con";s:8:"response";s:118:"Select Source Account 
1. Pride/218210027132501
2. Pride/223205003324501
3. Pride/223206003324501
00. Home 
 000. Exit";s:3:"map";a:1:{i:0;O:8:"stdClass":1:{s:4:"menu";s:7:"Airtime";}}s:4:"type";s:4:"form";}
2019-07-31 16:32:31 - ERROR : Airtime
2019-07-31 16:32:31 - MMMMMMM : Airtime
2019-07-31 16:32:33 - MENU : Airtime
2019-07-31 16:32:33 - MENU INPUT : 1
2019-07-31 16:32:33 - UP : Airtime
2019-07-31 16:32:33 - MENU RESPONSES : Airtime -> 
2019-07-31 16:32:33 - DOWN : pinReset
2019-07-31 16:32:33 - ERROR : Airtime
2019-07-31 16:32:33 - MMMMMMM : Airtime
2019-07-31 16:32:33 - DOWN MENU : O:8:"stdClass":5:{s:2:"id";s:7:"Airtime";s:6:"action";s:3:"con";s:8:"response";s:104:"You are buying airtime of 1000 from  Pride/218210027132501 bank Reply with:
1. Accept
2. Cancel 
0. Home";s:3:"map";a:1:{i:0;O:8:"stdClass":1:{s:4:"menu";s:14:"AirtimeConfirm";}}s:4:"type";s:4:"form";}
2019-07-31 16:32:33 - ERROR : AirtimeConfirm
2019-07-31 16:32:33 - MMMMMMM : AirtimeConfirm
2019-07-31 16:32:33 - TRANSACTION TIME : -0.00021195411682129
2019-07-31 16:32:36 - MENU : AirtimeConfirm
2019-07-31 16:32:36 - MENU INPUT : 1234
2019-07-31 16:32:36 - UP : AirtimeConfirm
2019-07-31 16:32:36 - MENU RESPONSES : AirtimeConfirm -> 
2019-07-31 16:32:36 - DOWN : pinReset
2019-07-31 16:32:36 - ERROR : AirtimeConfirm
2019-07-31 16:32:36 - MMMMMMM : AirtimeConfirm
2019-07-31 16:32:36 - AIRTIME REQUEST : FORMID:M-:MERCHANTID:AIRTELUG:ACCOUNTID:256700146817:AMOUNT:1000:TMPIN:1234:BANKNAME:PML:BANKACCOUNTID:218210027132501:ACTION:PAYBILL:CUSTOMERID:1485941693:MOBILENUMBER:256700146817:SHORTCODE:250:BANKID:0017:COUNTRY:UGANDATEST:QUICKPAY:NO:UNIQUEID:12970725-50e1-5e2a-9ab6-a61eeda49a0c:
2019-07-31 16:32:37 - AIRTIME RESPONSE : 
Error025-Your Bank is not responding to the requests. Please try later. You may contact us at 
2019-07-31 16:32:37 - DOWN MENU : O:8:"stdClass":4:{s:6:"action";s:3:"end";s:8:"response";s:68:"There was a problem processing your request. Please try again later.";s:3:"map";a:1:{i:0;O:8:"stdClass":1:{s:4:"menu";s:9:"groupsave";}}s:4:"type";s:6:"static";}
2019-07-31 17:08:50 - GET CUSTOMER REQUEST :FORMID:GETCUSTOMER:MOBILENUMBER:256700146817:SHORTCODE:250:COUNTRY:UGANDATEST:DEVICEID:256700146817250:UNIQUEID:ed8cc81a-08df-9d41-fc40-7d7fb0d03635:
2019-07-31 17:08:50 - GET CUSTOMER RESPONSE : 
STATUS:000:CUSTOMERID:1485941693:COUNTRY:UGANDATEST:FIRSTNAME:Shafique:LASTNAME:Kabali:BANKNAME:PRIDE:WELCOMEMESSAGE:Welcome to Pride Mobile Banking. Enter your PIN:LANGUAGE:EN
2019-07-31 17:08:50 - GET CUSTOMER000
2019-07-31 17:08:50 - GET CUSTOMER TIME : 4.2428016662598E-8
2019-07-31 17:08:54 - MENU : menu
2019-07-31 17:08:54 - MENU INPUT : 1234
2019-07-31 17:08:54 - LOGIN REQUEST : FORMID:LOGIN:CUSTOMERID:1485941693:MOBILENUMBER:256700146817:BANKID:0017:BANKNAME:PML:SHORTCODE:250:COUNTRY:UGANDATEST:DEVICEID:256700146817250:LOGINMPIN:1234:UNIQUEID:5e74b86b-1c7b-6799-3ca2-6649d4cdc786:
2019-07-31 17:08:54 - LOGIN RESPONSE :
STATUS:000:ACCOUNTS:218210027132501,223205003324501,223206003324501:
2019-07-31 17:08:54 - LOGIN ACCOUNTS :218210027132501,223205003324501,223206003324501
2019-07-31 17:09:02 - MENU : home
2019-07-31 17:09:02 - MENU INPUT : 4
2019-07-31 17:09:02 - UP : home
2019-07-31 17:09:02 - MENU RESPONSES : home -> 
2019-07-31 17:09:02 - DOWN : pinReset
2019-07-31 17:09:02 - DOWN MENU : O:8:"stdClass":5:{s:2:"id";s:4:"home";s:8:"response";s:144:"Reply with
1. Account Balance
2. Mini Statement
3.Funds Transfer
4. Airtime Purchase
5. Mobile Money
6. Utility Payment 
7. Change Pin
8. Logout";s:3:"map";a:7:{i:0;O:8:"stdClass":2:{s:3:"key";s:1:"1";s:4:"menu";s:15:"BalanceAccounts";}i:1;O:8:"stdClass":2:{s:3:"key";s:1:"2";s:4:"menu";s:17:"StatementAccounts";}i:2;O:8:"stdClass":2:{s:3:"key";s:1:"3";s:4:"menu";s:10:"FTAccounts";}i:3;O:8:"stdClass":2:{s:3:"key";s:1:"4";s:4:"menu";s:14:"MOBILEPROVIDER";}i:4;O:8:"stdClass":2:{s:3:"key";s:1:"5";s:4:"menu";s:5:"NewFT";}i:5;O:8:"stdClass":2:{s:3:"key";s:1:"6";s:4:"menu";s:7:"utility";}i:6;O:8:"stdClass":2:{s:3:"key";s:1:"7";s:4:"menu";s:9:"changePin";}}s:4:"type";s:7:"dynamic";s:6:"action";s:3:"con";}
2019-07-31 17:09:06 - MENU : MOBILEPROVIDER
2019-07-31 17:09:06 - MENU INPUT : 1
2019-07-31 17:09:06 - UP : MOBILEPROVIDER
2019-07-31 17:09:06 - MENU RESPONSES : MOBILEPROVIDER -> 
2019-07-31 17:09:06 - DOWN : pinReset
2019-07-31 17:09:06 - DOWN MENU : O:8:"stdClass":5:{s:2:"id";s:14:"MOBILEPROVIDER";s:8:"response";s:25:"
1 My Phone
2 Other Phone";s:3:"map";a:3:{i:0;O:8:"stdClass":2:{s:3:"key";s:1:"1";s:4:"menu";s:20:"PinlessAirtimeAmount";}i:1;O:8:"stdClass":2:{s:3:"key";s:1:"2";s:4:"menu";s:14:"pinlessMsisdn2";}i:2;O:8:"stdClass":2:{s:3:"key";s:8:"postMenu";s:4:"menu";s:14:"airtimeConfirm";}}s:4:"type";s:7:"dynamic";s:6:"action";s:3:"con";}
2019-07-31 17:09:09 - MENU : PinlessAirtimeAmount
2019-07-31 17:09:09 - MENU INPUT : 1234
2019-07-31 17:09:09 - UP : PinlessAirtimeAmount
2019-07-31 17:09:09 - MENU RESPONSES : PinlessAirtimeAmount -> 
2019-07-31 17:09:09 - DOWN : pinReset
2019-07-31 17:09:09 - DOWN MENU : O:8:"stdClass":6:{s:2:"id";s:20:"PinlessAirtimeAmount";s:8:"response";s:26:"Reply with Airtime amount:";s:3:"map";a:1:{i:0;O:8:"stdClass":2:{s:3:"key";s:4:"next";s:4:"menu";s:18:"AirtimeOwnAccounts";}}s:4:"type";s:4:"form";s:4:"name";s:20:"PinlessAirtimeAmount";s:6:"action";s:3:"con";}
2019-07-31 17:09:09 - ERROR : AirtimeOwnAccounts
2019-07-31 17:09:09 - MMMMMMM : AirtimeOwnAccounts
2019-07-31 17:09:10 - MENU : AirtimeOwnAccounts
2019-07-31 17:09:10 - MENU INPUT : 1200
2019-07-31 17:09:10 - UP : AirtimeOwnAccounts
2019-07-31 17:09:10 - MENU RESPONSES : AirtimeOwnAccounts -> 
2019-07-31 17:09:10 - DOWN : pinReset
2019-07-31 17:09:10 - ERROR : AirtimeOwnAccounts
2019-07-31 17:09:10 - MMMMMMM : AirtimeOwnAccounts
2019-07-31 17:09:10 - DOWN MENU : O:8:"stdClass":5:{s:2:"id";s:18:"AirtimeOwnAccounts";s:6:"action";s:3:"con";s:8:"response";s:118:"Select Source Account 
1. Pride/218210027132501
2. Pride/223205003324501
3. Pride/223206003324501
00. Home 
 000. Exit";s:3:"map";a:1:{i:0;O:8:"stdClass":1:{s:4:"menu";s:7:"Airtime";}}s:4:"type";s:4:"form";}
2019-07-31 17:09:10 - ERROR : Airtime
2019-07-31 17:09:10 - MMMMMMM : Airtime
2019-07-31 17:09:31 - GET CUSTOMER REQUEST :FORMID:GETCUSTOMER:MOBILENUMBER:256700146817:SHORTCODE:250:COUNTRY:UGANDATEST:DEVICEID:256700146817250:UNIQUEID:4f128592-64b4-a322-a10b-26ee066f5c14:
2019-07-31 17:09:31 - GET CUSTOMER RESPONSE : 
STATUS:000:CUSTOMERID:1485941693:COUNTRY:UGANDATEST:FIRSTNAME:Shafique:LASTNAME:Kabali:BANKNAME:PRIDE:WELCOMEMESSAGE:Welcome to Pride Mobile Banking. Enter your PIN:LANGUAGE:EN
2019-07-31 17:09:31 - GET CUSTOMER000
2019-07-31 17:09:31 - GET CUSTOMER TIME : 2.3051977157593E-8
2019-07-31 17:09:33 - GET CUSTOMER REQUEST :FORMID:GETCUSTOMER:MOBILENUMBER:256700146817:SHORTCODE:250:COUNTRY:UGANDATEST:DEVICEID:256700146817250:UNIQUEID:7d91adb5-7356-c15c-737c-fad99f336ad4:
2019-07-31 17:09:33 - GET CUSTOMER RESPONSE : 
STATUS:000:CUSTOMERID:1485941693:COUNTRY:UGANDATEST:FIRSTNAME:Shafique:LASTNAME:Kabali:BANKNAME:PRIDE:WELCOMEMESSAGE:Welcome to Pride Mobile Banking. Enter your PIN:LANGUAGE:EN
2019-07-31 17:09:33 - GET CUSTOMER000
2019-07-31 17:09:33 - GET CUSTOMER TIME : 2.5537014007568E-8
2019-07-31 17:09:40 - MENU : menu
2019-07-31 17:09:40 - MENU INPUT : 1
2019-07-31 17:09:43 - MENU : pin
2019-07-31 17:09:43 - MENU INPUT : 1234
2019-07-31 17:09:43 - LOGIN REQUEST : FORMID:LOGIN:CUSTOMERID:1485941693:MOBILENUMBER:256700146817:BANKID:0017:BANKNAME:PML:SHORTCODE:250:COUNTRY:UGANDATEST:DEVICEID:256700146817250:LOGINMPIN:1234:UNIQUEID:00e0b440-58be-837e-b122-6b49b64376c3:
2019-07-31 17:09:43 - LOGIN RESPONSE :
STATUS:000:ACCOUNTS:218210027132501,223205003324501,223206003324501:
2019-07-31 17:09:43 - LOGIN ACCOUNTS :218210027132501,223205003324501,223206003324501
2019-07-31 17:09:46 - MENU : home
2019-07-31 17:09:46 - MENU INPUT : 4
2019-07-31 17:09:46 - UP : home
2019-07-31 17:09:46 - MENU RESPONSES : home -> 
2019-07-31 17:09:46 - DOWN : pinReset
2019-07-31 17:09:46 - DOWN MENU : O:8:"stdClass":5:{s:2:"id";s:4:"home";s:8:"response";s:144:"Reply with
1. Account Balance
2. Mini Statement
3.Funds Transfer
4. Airtime Purchase
5. Mobile Money
6. Utility Payment 
7. Change Pin
8. Logout";s:3:"map";a:7:{i:0;O:8:"stdClass":2:{s:3:"key";s:1:"1";s:4:"menu";s:15:"BalanceAccounts";}i:1;O:8:"stdClass":2:{s:3:"key";s:1:"2";s:4:"menu";s:17:"StatementAccounts";}i:2;O:8:"stdClass":2:{s:3:"key";s:1:"3";s:4:"menu";s:10:"FTAccounts";}i:3;O:8:"stdClass":2:{s:3:"key";s:1:"4";s:4:"menu";s:14:"MOBILEPROVIDER";}i:4;O:8:"stdClass":2:{s:3:"key";s:1:"5";s:4:"menu";s:5:"NewFT";}i:5;O:8:"stdClass":2:{s:3:"key";s:1:"6";s:4:"menu";s:7:"utility";}i:6;O:8:"stdClass":2:{s:3:"key";s:1:"7";s:4:"menu";s:9:"changePin";}}s:4:"type";s:7:"dynamic";s:6:"action";s:3:"con";}
2019-07-31 17:09:49 - MENU : MOBILEPROVIDER
2019-07-31 17:09:49 - MENU INPUT : 1
2019-07-31 17:09:49 - UP : MOBILEPROVIDER
2019-07-31 17:09:49 - MENU RESPONSES : MOBILEPROVIDER -> 
2019-07-31 17:09:49 - DOWN : pinReset
2019-07-31 17:09:49 - DOWN MENU : O:8:"stdClass":5:{s:2:"id";s:14:"MOBILEPROVIDER";s:8:"response";s:25:"
1 My Phone
2 Other Phone";s:3:"map";a:3:{i:0;O:8:"stdClass":2:{s:3:"key";s:1:"1";s:4:"menu";s:20:"PinlessAirtimeAmount";}i:1;O:8:"stdClass":2:{s:3:"key";s:1:"2";s:4:"menu";s:14:"pinlessMsisdn2";}i:2;O:8:"stdClass":2:{s:3:"key";s:8:"postMenu";s:4:"menu";s:14:"airtimeConfirm";}}s:4:"type";s:7:"dynamic";s:6:"action";s:3:"con";}
2019-07-31 17:09:51 - MENU : PinlessAirtimeAmount
2019-07-31 17:09:51 - MENU INPUT : 1234
2019-07-31 17:09:51 - UP : PinlessAirtimeAmount
2019-07-31 17:09:51 - MENU RESPONSES : PinlessAirtimeAmount -> 
2019-07-31 17:09:51 - DOWN : pinReset
2019-07-31 17:09:51 - DOWN MENU : O:8:"stdClass":6:{s:2:"id";s:20:"PinlessAirtimeAmount";s:8:"response";s:26:"Reply with Airtime amount:";s:3:"map";a:1:{i:0;O:8:"stdClass":2:{s:3:"key";s:4:"next";s:4:"menu";s:18:"AirtimeOwnAccounts";}}s:4:"type";s:4:"form";s:4:"name";s:20:"PinlessAirtimeAmount";s:6:"action";s:3:"con";}
2019-07-31 17:09:51 - ERROR : AirtimeOwnAccounts
2019-07-31 17:09:51 - MMMMMMM : AirtimeOwnAccounts
2019-07-31 17:09:52 - MENU : AirtimeOwnAccounts
2019-07-31 17:09:52 - MENU INPUT : 1200
2019-07-31 17:09:52 - UP : AirtimeOwnAccounts
2019-07-31 17:09:52 - MENU RESPONSES : AirtimeOwnAccounts -> 
2019-07-31 17:09:52 - DOWN : pinReset
2019-07-31 17:09:52 - ERROR : AirtimeOwnAccounts
2019-07-31 17:09:52 - MMMMMMM : AirtimeOwnAccounts
2019-07-31 17:09:52 - DOWN MENU : O:8:"stdClass":5:{s:2:"id";s:18:"AirtimeOwnAccounts";s:6:"action";s:3:"con";s:8:"response";s:118:"Select Source Account 
1. Pride/218210027132501
2. Pride/223205003324501
3. Pride/223206003324501
00. Home 
 000. Exit";s:3:"map";a:1:{i:0;O:8:"stdClass":1:{s:4:"menu";s:7:"Airtime";}}s:4:"type";s:4:"form";}
2019-07-31 17:09:52 - ERROR : Airtime
2019-07-31 17:09:52 - MMMMMMM : Airtime
2019-07-31 17:22:37 - GET CUSTOMER REQUEST :FORMID:GETCUSTOMER:MOBILENUMBER:256700146817:SHORTCODE:250:COUNTRY:UGANDATEST:DEVICEID:256700146817250:UNIQUEID:c4be6feb-8502-d5c1-821f-67ceafaa4959:
2019-07-31 17:22:37 - GET CUSTOMER RESPONSE : 
STATUS:000:CUSTOMERID:1485941693:COUNTRY:UGANDATEST:FIRSTNAME:Shafique:LASTNAME:Kabali:BANKNAME:PRIDE:WELCOMEMESSAGE:Welcome to Pride Mobile Banking. Enter your PIN:LANGUAGE:EN
2019-07-31 17:22:37 - GET CUSTOMER000
2019-07-31 17:22:37 - GET CUSTOMER TIME : 4.4798135757446E-8
2019-07-31 17:22:43 - MENU : menu
2019-07-31 17:22:43 - MENU INPUT : 1234
2019-07-31 17:22:43 - LOGIN REQUEST : FORMID:LOGIN:CUSTOMERID:1485941693:MOBILENUMBER:256700146817:BANKID:0017:BANKNAME:PML:SHORTCODE:250:COUNTRY:UGANDATEST:DEVICEID:256700146817250:LOGINMPIN:1234:UNIQUEID:abd743af-8059-11af-8049-cf7c8e2c0875:
2019-07-31 17:22:43 - LOGIN RESPONSE :
STATUS:000:ACCOUNTS:218210027132501,223205003324501,223206003324501:
2019-07-31 17:22:43 - LOGIN ACCOUNTS :218210027132501,223205003324501,223206003324501
2019-07-31 17:22:56 - MENU : home
2019-07-31 17:22:56 - MENU INPUT : 6
2019-07-31 17:22:56 - UP : home
2019-07-31 17:22:56 - MENU RESPONSES : home -> 
2019-07-31 17:22:56 - DOWN : pinReset
2019-07-31 17:22:56 - DOWN MENU : O:8:"stdClass":5:{s:2:"id";s:4:"home";s:8:"response";s:144:"Reply with
1. Account Balance
2. Mini Statement
3.Funds Transfer
4. Airtime Purchase
5. Mobile Money
6. Utility Payment 
7. Change Pin
8. Logout";s:3:"map";a:7:{i:0;O:8:"stdClass":2:{s:3:"key";s:1:"1";s:4:"menu";s:15:"BalanceAccounts";}i:1;O:8:"stdClass":2:{s:3:"key";s:1:"2";s:4:"menu";s:17:"StatementAccounts";}i:2;O:8:"stdClass":2:{s:3:"key";s:1:"3";s:4:"menu";s:10:"FTAccounts";}i:3;O:8:"stdClass":2:{s:3:"key";s:1:"4";s:4:"menu";s:14:"MOBILEPROVIDER";}i:4;O:8:"stdClass":2:{s:3:"key";s:1:"5";s:4:"menu";s:5:"NewFT";}i:5;O:8:"stdClass":2:{s:3:"key";s:1:"6";s:4:"menu";s:7:"utility";}i:6;O:8:"stdClass":2:{s:3:"key";s:1:"7";s:4:"menu";s:9:"changePin";}}s:4:"type";s:7:"dynamic";s:6:"action";s:3:"con";}
2019-07-31 17:23:00 - GET CUSTOMER REQUEST :FORMID:GETCUSTOMER:MOBILENUMBER:256700146817:SHORTCODE:250:COUNTRY:UGANDATEST:DEVICEID:256700146817250:UNIQUEID:3efaea1c-91a1-9d83-9785-3bb99475c771:
2019-07-31 17:23:00 - GET CUSTOMER RESPONSE : 
STATUS:000:CUSTOMERID:1485941693:COUNTRY:UGANDATEST:FIRSTNAME:Shafique:LASTNAME:Kabali:BANKNAME:PRIDE:WELCOMEMESSAGE:Welcome to Pride Mobile Banking. Enter your PIN:LANGUAGE:EN
2019-07-31 17:23:00 - GET CUSTOMER000
2019-07-31 17:23:00 - GET CUSTOMER TIME : 2.6396989822388E-8
2019-07-31 17:23:31 - MENU : menu
2019-07-31 17:23:31 - MENU INPUT : 1234
2019-07-31 17:23:31 - LOGIN REQUEST : FORMID:LOGIN:CUSTOMERID:1485941693:MOBILENUMBER:256700146817:BANKID:0017:BANKNAME:PML:SHORTCODE:250:COUNTRY:UGANDATEST:DEVICEID:256700146817250:LOGINMPIN:1234:UNIQUEID:06848596-5fac-8998-367b-0f0c9e081410:
2019-07-31 17:23:31 - LOGIN RESPONSE :
STATUS:000:ACCOUNTS:218210027132501,223205003324501,223206003324501:
2019-07-31 17:23:31 - LOGIN ACCOUNTS :218210027132501,223205003324501,223206003324501
2019-07-31 17:23:37 - MENU : home
2019-07-31 17:23:37 - MENU INPUT : 5
2019-07-31 17:23:37 - UP : home
2019-07-31 17:23:37 - MENU RESPONSES : home -> 
2019-07-31 17:23:37 - DOWN : pinReset
2019-07-31 17:23:37 - DOWN MENU : O:8:"stdClass":5:{s:2:"id";s:4:"home";s:8:"response";s:144:"Reply with
1. Account Balance
2. Mini Statement
3.Funds Transfer
4. Airtime Purchase
5. Mobile Money
6. Utility Payment 
7. Change Pin
8. Logout";s:3:"map";a:7:{i:0;O:8:"stdClass":2:{s:3:"key";s:1:"1";s:4:"menu";s:15:"BalanceAccounts";}i:1;O:8:"stdClass":2:{s:3:"key";s:1:"2";s:4:"menu";s:17:"StatementAccounts";}i:2;O:8:"stdClass":2:{s:3:"key";s:1:"3";s:4:"menu";s:10:"FTAccounts";}i:3;O:8:"stdClass":2:{s:3:"key";s:1:"4";s:4:"menu";s:14:"MOBILEPROVIDER";}i:4;O:8:"stdClass":2:{s:3:"key";s:1:"5";s:4:"menu";s:5:"NewFT";}i:5;O:8:"stdClass":2:{s:3:"key";s:1:"6";s:4:"menu";s:7:"utility";}i:6;O:8:"stdClass":2:{s:3:"key";s:1:"7";s:4:"menu";s:9:"changePin";}}s:4:"type";s:7:"dynamic";s:6:"action";s:3:"con";}
2019-07-31 17:23:41 - MENU : NewFT
2019-07-31 17:23:41 - MENU INPUT : 1
2019-07-31 17:23:41 - UP : NewFT
2019-07-31 17:23:41 - MENU RESPONSES : NewFT -> 
2019-07-31 17:23:41 - DOWN : pinReset
2019-07-31 17:23:41 - DOWN MENU : O:8:"stdClass":5:{s:2:"id";s:5:"NewFT";s:8:"response";s:59:"1. Send To Airtel Money
2. Send To MTN Mobile Money
0. Home";s:3:"map";a:2:{i:0;O:8:"stdClass":2:{s:3:"key";s:1:"1";s:4:"menu";s:13:"MobileMoneyFT";}i:1;O:8:"stdClass":2:{s:3:"key";s:1:"2";s:4:"menu";s:13:"MobileMoneyFT";}}s:4:"type";s:7:"dynamic";s:6:"action";s:3:"con";}
2019-07-31 17:23:47 - MENU : MobileMoneyFT
2019-07-31 17:23:47 - MENU INPUT : 1
2019-07-31 17:23:47 - UP : MobileMoneyFT
2019-07-31 17:23:47 - MENU RESPONSES : MobileMoneyFT -> 
2019-07-31 17:23:47 - DOWN : pinReset
2019-07-31 17:23:47 - DOWN MENU : O:8:"stdClass":5:{s:2:"id";s:13:"MobileMoneyFT";s:8:"response";s:44:"1. Load My Phone
2. Load other Phone
0. Home";s:3:"map";a:2:{i:0;O:8:"stdClass":2:{s:3:"key";s:1:"1";s:4:"menu";s:12:"formAmountMM";}i:1;O:8:"stdClass":2:{s:3:"key";s:1:"2";s:4:"menu";s:17:"formAccountMobile";}}s:4:"type";s:7:"dynamic";s:6:"action";s:3:"con";}
2019-07-31 17:23:49 - MENU : formAmountMM
2019-07-31 17:23:49 - MENU INPUT : 1000
2019-07-31 17:23:49 - UP : formAmountMM
2019-07-31 17:23:49 - MENU RESPONSES : formAmountMM -> 
2019-07-31 17:23:49 - DOWN : pinReset
2019-07-31 17:23:49 - DOWN MENU : O:8:"stdClass":7:{s:2:"id";s:12:"formAmountMM";s:8:"response";s:13:"Enter amount:";s:3:"map";a:2:{i:0;O:8:"stdClass":2:{s:3:"key";s:4:"next";s:4:"menu";s:19:"MobileMoneyAccounts";}i:1;O:8:"stdClass":2:{s:3:"key";s:8:"postMenu";s:4:"menu";s:9:"MMConfirm";}}s:4:"type";s:4:"form";s:4:"link";s:0:"";s:4:"name";s:10:"acamountMM";s:6:"action";s:3:"con";}
2019-07-31 17:23:49 - ERROR : MobileMoneyAccounts
2019-07-31 17:23:49 - MMMMMMM : MobileMoneyAccounts
2019-07-31 17:23:53 - MENU : MobileMoneyAccounts
2019-07-31 17:23:53 - MENU INPUT : 1
2019-07-31 17:23:53 - UP : MobileMoneyAccounts
2019-07-31 17:23:53 - MENU RESPONSES : MobileMoneyAccounts -> 
2019-07-31 17:23:53 - DOWN : pinReset
2019-07-31 17:23:53 - ERROR : MobileMoneyAccounts
2019-07-31 17:23:53 - MMMMMMM : MobileMoneyAccounts
2019-07-31 17:23:53 - DOWN MENU : O:8:"stdClass":5:{s:2:"id";s:19:"MobileMoneyAccounts";s:6:"action";s:3:"con";s:8:"response";s:118:"Select Source Account 
1. Pride/218210027132501
2. Pride/223205003324501
3. Pride/223206003324501
00. Home 
 000. Exit";s:3:"map";a:1:{i:0;O:8:"stdClass":1:{s:4:"menu";s:18:"MobileMoneyConfirm";}}s:4:"type";s:4:"form";}
2019-07-31 17:23:53 - ERROR : MobileMoneyConfirm
2019-07-31 17:23:53 - MMMMMMM : MobileMoneyConfirm
2019-07-31 17:23:55 - MENU : MobileMoneyConfirm
2019-07-31 17:23:55 - MENU INPUT : 1
2019-07-31 17:23:55 - UP : MobileMoneyConfirm
2019-07-31 17:23:55 - MENU RESPONSES : MobileMoneyConfirm -> 
2019-07-31 17:23:55 - DOWN : pinReset
2019-07-31 17:23:55 - ERROR : MobileMoneyConfirm
2019-07-31 17:23:55 - MMMMMMM : MobileMoneyConfirm
2019-07-31 17:23:55 - DOWN MENU : O:8:"stdClass":5:{s:2:"id";s:18:"MobileMoneyConfirm";s:6:"action";s:3:"con";s:8:"response";s:87:"Transfer 1000 UGX to mobile money number 256700146817 Reply with: 
1. Accept 
2. Cancel";s:3:"map";a:1:{i:0;O:8:"stdClass":1:{s:4:"menu";s:21:"MobileMoneyPinConfirm";}}s:4:"type";s:4:"form";}
2019-07-31 17:23:55 - ERROR : MobileMoneyPinConfirm
2019-07-31 17:23:55 - MMMMMMM : MobileMoneyPinConfirm
2019-07-31 17:23:55 - MOBILE MONEY TRANSACTION TIME : -0.00020909309387207
2019-07-31 17:23:58 - MENU : MobileMoneyPinConfirm
2019-07-31 17:23:58 - MENU INPUT : 1234
2019-07-31 17:23:58 - UP : MobileMoneyPinConfirm
2019-07-31 17:23:58 - MENU RESPONSES : MobileMoneyPinConfirm -> 
2019-07-31 17:23:58 - DOWN : pinReset
2019-07-31 17:23:58 - ERROR : MobileMoneyPinConfirm
2019-07-31 17:23:58 - MMMMMMM : MobileMoneyPinConfirm
2019-07-31 17:23:58 - MOBILE MONEY REQUEST : FORMID:M-:MERCHANTID:007001016:ACCOUNTID:256700146817:CUSTOMERID:1485941693:MOBILENUMBER:256700146817:BANKACCOUNTID:218210027132501:BANKID:0017:BANKNAME:PML:SHORTCODE:250:COUNTRY:UGANDATEST:TMPIN:1234:AMOUNT:1000:ACTION:PAYBILL:QUICKPAY:NO:MESSAGE:True:UNIQUEID:78f0f1d0-1983-5fe4-65ae-69142b1304dd:TRXSOURCE:USSD:
2019-07-31 17:24:03 - MENU : pinReset
2019-07-31 17:24:03 - MENU INPUT : 1234
2019-07-31 17:24:03 - UP : pinReset
2019-07-31 17:24:03 - MENU RESPONSES : pinReset -> 
2019-07-31 17:24:03 - DOWN : pinReset
2019-07-31 17:24:03 - ERROR : pinReset
2019-07-31 17:24:03 - MMMMMMM : pinReset
2019-07-31 17:24:21 - MOBILE MONEY RESPONSE : 

2019-07-31 17:24:22 - GET CUSTOMER REQUEST :FORMID:GETCUSTOMER:MOBILENUMBER:256700146817:SHORTCODE:250:COUNTRY:UGANDATEST:DEVICEID:256700146817250:UNIQUEID:13139235-c48f-6ff6-dbda-b041fb772ce0:
2019-07-31 17:24:22 - GET CUSTOMER RESPONSE : 
STATUS:000:CUSTOMERID:1485941693:COUNTRY:UGANDATEST:FIRSTNAME:Shafique:LASTNAME:Kabali:BANKNAME:PRIDE:WELCOMEMESSAGE:Welcome to Pride Mobile Banking. Enter your PIN:LANGUAGE:EN
2019-07-31 17:24:22 - GET CUSTOMER000
2019-07-31 17:24:22 - GET CUSTOMER TIME : 1.9980907440186E-8
2019-07-31 17:25:50 - GET CUSTOMER REQUEST :FORMID:GETCUSTOMER:MOBILENUMBER:256700146817:SHORTCODE:250:COUNTRY:UGANDATEST:DEVICEID:256700146817250:UNIQUEID:ddd96e1e-d5fe-4086-bdad-3317d1af64cf:
2019-07-31 17:25:50 - GET CUSTOMER RESPONSE : 
STATUS:000:CUSTOMERID:1485941693:COUNTRY:UGANDATEST:FIRSTNAME:Shafique:LASTNAME:Kabali:BANKNAME:PRIDE:WELCOMEMESSAGE:Welcome to Pride Mobile Banking. Enter your PIN:LANGUAGE:EN
2019-07-31 17:25:50 - GET CUSTOMER000
2019-07-31 17:25:50 - GET CUSTOMER TIME : 2.6328086853027E-8
2019-07-31 17:25:54 - MENU : menu
2019-07-31 17:25:54 - MENU INPUT : 1234
2019-07-31 17:25:54 - LOGIN REQUEST : FORMID:LOGIN:CUSTOMERID:1485941693:MOBILENUMBER:256700146817:BANKID:0017:BANKNAME:PML:SHORTCODE:250:COUNTRY:UGANDATEST:DEVICEID:256700146817250:LOGINMPIN:1234:UNIQUEID:b458403a-6de1-802d-8e1e-ef2bc3292666:
2019-07-31 17:25:54 - LOGIN RESPONSE :
STATUS:000:ACCOUNTS:218210027132501,223205003324501,223206003324501:
2019-07-31 17:25:54 - LOGIN ACCOUNTS :218210027132501,223205003324501,223206003324501
2019-07-31 17:25:57 - MENU : home
2019-07-31 17:25:57 - MENU INPUT : 5
2019-07-31 17:25:57 - UP : home
2019-07-31 17:25:57 - MENU RESPONSES : home -> 
2019-07-31 17:25:57 - DOWN : pinReset
2019-07-31 17:25:57 - DOWN MENU : O:8:"stdClass":5:{s:2:"id";s:4:"home";s:8:"response";s:144:"Reply with
1. Account Balance
2. Mini Statement
3.Funds Transfer
4. Airtime Purchase
5. Mobile Money
6. Utility Payment 
7. Change Pin
8. Logout";s:3:"map";a:7:{i:0;O:8:"stdClass":2:{s:3:"key";s:1:"1";s:4:"menu";s:15:"BalanceAccounts";}i:1;O:8:"stdClass":2:{s:3:"key";s:1:"2";s:4:"menu";s:17:"StatementAccounts";}i:2;O:8:"stdClass":2:{s:3:"key";s:1:"3";s:4:"menu";s:10:"FTAccounts";}i:3;O:8:"stdClass":2:{s:3:"key";s:1:"4";s:4:"menu";s:14:"MOBILEPROVIDER";}i:4;O:8:"stdClass":2:{s:3:"key";s:1:"5";s:4:"menu";s:5:"NewFT";}i:5;O:8:"stdClass":2:{s:3:"key";s:1:"6";s:4:"menu";s:7:"utility";}i:6;O:8:"stdClass":2:{s:3:"key";s:1:"7";s:4:"menu";s:9:"changePin";}}s:4:"type";s:7:"dynamic";s:6:"action";s:3:"con";}
2019-07-31 17:26:04 - MENU : NewFT
2019-07-31 17:26:04 - MENU INPUT : 1
2019-07-31 17:26:04 - UP : NewFT
2019-07-31 17:26:04 - MENU RESPONSES : NewFT -> 
2019-07-31 17:26:04 - DOWN : pinReset
2019-07-31 17:26:04 - DOWN MENU : O:8:"stdClass":5:{s:2:"id";s:5:"NewFT";s:8:"response";s:59:"1. Send To Airtel Money
2. Send To MTN Mobile Money
0. Home";s:3:"map";a:2:{i:0;O:8:"stdClass":2:{s:3:"key";s:1:"1";s:4:"menu";s:13:"MobileMoneyFT";}i:1;O:8:"stdClass":2:{s:3:"key";s:1:"2";s:4:"menu";s:13:"MobileMoneyFT";}}s:4:"type";s:7:"dynamic";s:6:"action";s:3:"con";}
2019-07-31 17:26:07 - MENU : MobileMoneyFT
2019-07-31 17:26:07 - MENU INPUT : 1
2019-07-31 17:26:07 - UP : MobileMoneyFT
2019-07-31 17:26:07 - MENU RESPONSES : MobileMoneyFT -> 
2019-07-31 17:26:07 - DOWN : pinReset
2019-07-31 17:26:07 - DOWN MENU : O:8:"stdClass":5:{s:2:"id";s:13:"MobileMoneyFT";s:8:"response";s:44:"1. Load My Phone
2. Load other Phone
0. Home";s:3:"map";a:2:{i:0;O:8:"stdClass":2:{s:3:"key";s:1:"1";s:4:"menu";s:12:"formAmountMM";}i:1;O:8:"stdClass":2:{s:3:"key";s:1:"2";s:4:"menu";s:17:"formAccountMobile";}}s:4:"type";s:7:"dynamic";s:6:"action";s:3:"con";}
2019-07-31 17:26:09 - MENU : formAmountMM
2019-07-31 17:26:09 - MENU INPUT : 1000
2019-07-31 17:26:09 - UP : formAmountMM
2019-07-31 17:26:09 - MENU RESPONSES : formAmountMM -> 
2019-07-31 17:26:09 - DOWN : pinReset
2019-07-31 17:26:09 - DOWN MENU : O:8:"stdClass":7:{s:2:"id";s:12:"formAmountMM";s:8:"response";s:13:"Enter amount:";s:3:"map";a:2:{i:0;O:8:"stdClass":2:{s:3:"key";s:4:"next";s:4:"menu";s:19:"MobileMoneyAccounts";}i:1;O:8:"stdClass":2:{s:3:"key";s:8:"postMenu";s:4:"menu";s:9:"MMConfirm";}}s:4:"type";s:4:"form";s:4:"link";s:0:"";s:4:"name";s:10:"acamountMM";s:6:"action";s:3:"con";}
2019-07-31 17:26:09 - ERROR : MobileMoneyAccounts
2019-07-31 17:26:09 - MMMMMMM : MobileMoneyAccounts
2019-07-31 17:26:13 - MENU : MobileMoneyAccounts
2019-07-31 17:26:13 - MENU INPUT : 1
2019-07-31 17:26:13 - UP : MobileMoneyAccounts
2019-07-31 17:26:13 - MENU RESPONSES : MobileMoneyAccounts -> 
2019-07-31 17:26:13 - DOWN : pinReset
2019-07-31 17:26:13 - ERROR : MobileMoneyAccounts
2019-07-31 17:26:13 - MMMMMMM : MobileMoneyAccounts
2019-07-31 17:26:13 - DOWN MENU : O:8:"stdClass":5:{s:2:"id";s:19:"MobileMoneyAccounts";s:6:"action";s:3:"con";s:8:"response";s:118:"Select Source Account 
1. Pride/218210027132501
2. Pride/223205003324501
3. Pride/223206003324501
00. Home 
 000. Exit";s:3:"map";a:1:{i:0;O:8:"stdClass":1:{s:4:"menu";s:18:"MobileMoneyConfirm";}}s:4:"type";s:4:"form";}
2019-07-31 17:26:13 - ERROR : MobileMoneyConfirm
2019-07-31 17:26:13 - MMMMMMM : MobileMoneyConfirm
2019-07-31 17:26:16 - MENU : MobileMoneyConfirm
2019-07-31 17:26:16 - MENU INPUT : 1
2019-07-31 17:26:16 - UP : MobileMoneyConfirm
2019-07-31 17:26:16 - MENU RESPONSES : MobileMoneyConfirm -> 
2019-07-31 17:26:16 - DOWN : pinReset
2019-07-31 17:26:16 - ERROR : MobileMoneyConfirm
2019-07-31 17:26:16 - MMMMMMM : MobileMoneyConfirm
2019-07-31 17:26:16 - DOWN MENU : O:8:"stdClass":5:{s:2:"id";s:18:"MobileMoneyConfirm";s:6:"action";s:3:"con";s:8:"response";s:87:"Transfer 1000 UGX to mobile money number 256700146817 Reply with: 
1. Accept 
2. Cancel";s:3:"map";a:1:{i:0;O:8:"stdClass":1:{s:4:"menu";s:21:"MobileMoneyPinConfirm";}}s:4:"type";s:4:"form";}
2019-07-31 17:26:16 - ERROR : MobileMoneyPinConfirm
2019-07-31 17:26:16 - MMMMMMM : MobileMoneyPinConfirm
2019-07-31 17:26:16 - MOBILE MONEY REQUEST : FORMID:M-:MERCHANTID:007001016:ACCOUNTID:256700146817:CUSTOMERID:1485941693:MOBILENUMBER:256700146817:BANKACCOUNTID:218210027132501:BANKID:0017:BANKNAME:PML:SHORTCODE:250:COUNTRY:UGANDATEST:TMPIN:1234:AMOUNT:1000:ACTION:PAYBILL:QUICKPAY:NO:MESSAGE:True:UNIQUEID:0ff26f18-f406-5a75-92bd-4c15f90d9fed:TRXSOURCE:USSD:
2019-07-31 17:26:17 - MOBILE MONEY RESPONSE : 
Error025-Your Bank is not responding to the requests. Please try later. You may contact us at 
2019-07-31 17:27:19 - GET CUSTOMER REQUEST :FORMID:GETCUSTOMER:MOBILENUMBER:256700146817:SHORTCODE:250:COUNTRY:UGANDATEST:DEVICEID:256700146817250:UNIQUEID:181147cc-2f34-5986-0dbb-efd4fc5ecfb0:
2019-07-31 17:27:19 - GET CUSTOMER RESPONSE : 
STATUS:000:CUSTOMERID:1485941693:COUNTRY:UGANDATEST:FIRSTNAME:Shafique:LASTNAME:Kabali:BANKNAME:PRIDE:WELCOMEMESSAGE:Welcome to Pride Mobile Banking. Enter your PIN:LANGUAGE:EN
2019-07-31 17:27:19 - GET CUSTOMER000
2019-07-31 17:27:19 - GET CUSTOMER TIME : 3.6023139953613E-8
2019-07-31 17:27:23 - MENU : menu
2019-07-31 17:27:23 - MENU INPUT : 1234
2019-07-31 17:27:23 - LOGIN REQUEST : FORMID:LOGIN:CUSTOMERID:1485941693:MOBILENUMBER:256700146817:BANKID:0017:BANKNAME:PML:SHORTCODE:250:COUNTRY:UGANDATEST:DEVICEID:256700146817250:LOGINMPIN:1234:UNIQUEID:224c68c0-4967-25db-5584-30b30b07d34b:
2019-07-31 17:27:23 - LOGIN RESPONSE :
STATUS:000:ACCOUNTS:218210027132501,223205003324501,223206003324501:
2019-07-31 17:27:23 - LOGIN ACCOUNTS :218210027132501,223205003324501,223206003324501
2019-07-31 17:27:27 - MENU : home
2019-07-31 17:27:27 - MENU INPUT : 6
2019-07-31 17:27:27 - UP : home
2019-07-31 17:27:27 - MENU RESPONSES : home -> 
2019-07-31 17:27:27 - DOWN : pinReset
2019-07-31 17:27:27 - DOWN MENU : O:8:"stdClass":5:{s:2:"id";s:4:"home";s:8:"response";s:144:"Reply with
1. Account Balance
2. Mini Statement
3.Funds Transfer
4. Airtime Purchase
5. Mobile Money
6. Utility Payment 
7. Change Pin
8. Logout";s:3:"map";a:7:{i:0;O:8:"stdClass":2:{s:3:"key";s:1:"1";s:4:"menu";s:15:"BalanceAccounts";}i:1;O:8:"stdClass":2:{s:3:"key";s:1:"2";s:4:"menu";s:17:"StatementAccounts";}i:2;O:8:"stdClass":2:{s:3:"key";s:1:"3";s:4:"menu";s:10:"FTAccounts";}i:3;O:8:"stdClass":2:{s:3:"key";s:1:"4";s:4:"menu";s:14:"MOBILEPROVIDER";}i:4;O:8:"stdClass":2:{s:3:"key";s:1:"5";s:4:"menu";s:5:"NewFT";}i:5;O:8:"stdClass":2:{s:3:"key";s:1:"6";s:4:"menu";s:7:"utility";}i:6;O:8:"stdClass":2:{s:3:"key";s:1:"7";s:4:"menu";s:9:"changePin";}}s:4:"type";s:7:"dynamic";s:6:"action";s:3:"con";}
2019-07-31 17:27:30 - MENU : utility
2019-07-31 17:27:30 - MENU INPUT : 1
2019-07-31 17:27:30 - UP : utility
2019-07-31 17:27:30 - MENU RESPONSES : utility -> 
2019-07-31 17:27:30 - DOWN : pinReset
2019-07-31 17:27:30 - DOWN MENU : O:8:"stdClass":6:{s:2:"id";s:7:"utility";s:8:"response";s:58:"1. Water
2. Umeme Postpaid
3. Umeme Yaka
4. Pay TV
0. Home";s:3:"map";a:5:{i:0;O:8:"stdClass":2:{s:3:"key";s:1:"1";s:4:"menu";s:13:"formWaterArea";}i:1;O:8:"stdClass":2:{s:3:"key";s:1:"2";s:4:"menu";s:13:"umemePostpaid";}i:2;O:8:"stdClass":2:{s:3:"key";s:1:"3";s:4:"menu";s:9:"umemeYaka";}i:3;O:8:"stdClass":2:{s:3:"key";s:1:"4";s:4:"menu";s:5:"paytv";}i:4;O:8:"stdClass":2:{s:3:"key";s:8:"postMenu";s:4:"menu";s:14:"utilityConfirm";}}s:4:"type";s:7:"dynamic";s:4:"link";s:0:"";s:6:"action";s:3:"con";}
2019-07-31 17:27:35 - MENU : formWaterArea
2019-07-31 17:27:35 - MENU INPUT : 1
2019-07-31 17:27:35 - UP : formWaterArea
2019-07-31 17:27:35 - MENU RESPONSES : formWaterArea -> 
2019-07-31 17:27:35 - DOWN : pinReset
2019-07-31 17:27:35 - DOWN MENU : O:8:"stdClass":6:{s:2:"id";s:13:"formWaterArea";s:8:"response";s:103:"Choose Area:
1:Kampala
2:Jinja
3:Entebe
4:Iganga
5:Lugazi
6:Mukono
7:Kajjansi
8:Kawuku
9:Others
0. Home";s:3:"map";a:9:{i:0;O:8:"stdClass":2:{s:3:"key";s:1:"1";s:4:"menu";s:10:"NATWATERUG";}i:1;O:8:"stdClass":2:{s:3:"key";s:1:"2";s:4:"menu";s:10:"NATWATERUG";}i:2;O:8:"stdClass":2:{s:3:"key";s:1:"3";s:4:"menu";s:10:"NATWATERUG";}i:3;O:8:"stdClass":2:{s:3:"key";s:1:"4";s:4:"menu";s:10:"NATWATERUG";}i:4;O:8:"stdClass":2:{s:3:"key";s:1:"5";s:4:"menu";s:10:"NATWATERUG";}i:5;O:8:"stdClass":2:{s:3:"key";s:1:"6";s:4:"menu";s:10:"NATWATERUG";}i:6;O:8:"stdClass":2:{s:3:"key";s:1:"7";s:4:"menu";s:10:"NATWATERUG";}i:7;O:8:"stdClass":2:{s:3:"key";s:1:"8";s:4:"menu";s:10:"NATWATERUG";}i:8;O:8:"stdClass":2:{s:3:"key";s:1:"9";s:4:"menu";s:10:"NATWATERUG";}}s:4:"type";s:7:"dynamic";s:4:"name";s:4:"area";s:6:"action";s:3:"con";}
2019-07-31 17:27:40 - MENU : NATWATERUG
2019-07-31 17:27:40 - MENU INPUT : 11111
2019-07-31 17:27:40 - UP : NATWATERUG
2019-07-31 17:27:40 - MENU RESPONSES : NATWATERUG -> 
2019-07-31 17:27:40 - DOWN : pinReset
2019-07-31 17:27:41 - DOWN MENU : O:8:"stdClass":6:{s:2:"id";s:10:"NATWATERUG";s:8:"response";s:32:"Enter your water account number:";s:3:"map";a:1:{i:0;O:8:"stdClass":2:{s:3:"key";s:4:"next";s:4:"menu";s:13:"waterValidate";}}s:4:"type";s:4:"form";s:4:"name";s:2:"ac";s:6:"action";s:3:"con";}
2019-07-31 17:27:41 - ERROR : waterValidate
2019-07-31 17:27:41 - MMMMMMM : waterValidate
2019-07-31 17:27:41 - WATER VALIDATE REQUEST : FORMID:M-:MERCHANTID:007001003:INFOFIELD1:Kampala:ACCOUNTID:11111:CUSTOMERID:1485941693:MOBILENUMBER:256700146817:BANKNAME:PML:SHORTCODE:250:BANKID:0017:COUNTRY:UGANDATEST:ACTION:GETNAME:UNIQUEID:ff13eacc-a4ad-f33f-40b9-a53d72ebb6ce:TRXSOURCE:USSD:
2019-07-31 17:27:41 - WATER VALIDATE RESPONSE : 
STATUS:000:MESSAGE:Twesigye Moses|11000
2019-07-31 17:27:46 - MENU : waterValidate
2019-07-31 17:27:46 - MENU INPUT : 1
2019-07-31 17:27:46 - UP : waterValidate
2019-07-31 17:27:46 - MENU RESPONSES : waterValidate -> 
2019-07-31 17:27:46 - DOWN : pinReset
2019-07-31 17:27:46 - ERROR : waterValidate
2019-07-31 17:27:46 - MMMMMMM : waterValidate
2019-07-31 17:27:46 - WATER VALIDATE REQUEST : FORMID:M-:MERCHANTID:007001003:INFOFIELD1:Kampala:ACCOUNTID:11111:CUSTOMERID:1485941693:MOBILENUMBER:256700146817:BANKNAME:PML:SHORTCODE:250:BANKID:0017:COUNTRY:UGANDATEST:ACTION:GETNAME:UNIQUEID:5647a60a-77e9-7259-4d2f-20f7f246f0ae:TRXSOURCE:USSD:
2019-07-31 17:27:46 - WATER VALIDATE RESPONSE : 
STATUS:000:MESSAGE:Twesigye Moses|11000
2019-07-31 17:27:46 - DOWN MENU : O:8:"stdClass":5:{s:2:"id";s:13:"waterValidate";s:6:"action";s:3:"con";s:8:"response";s:59:"Name: Twesigye Moses, Current Balance:11000
1.Accept
2.Back";s:3:"map";a:1:{i:0;O:8:"stdClass":1:{s:4:"menu";s:15:"WaterformAmount";}}s:4:"type";s:4:"form";}
2019-07-31 17:27:49 - MENU : WaterformAmount
2019-07-31 17:27:49 - MENU INPUT : 1234
2019-07-31 17:27:49 - UP : WaterformAmount
2019-07-31 17:27:49 - MENU RESPONSES : WaterformAmount -> 
2019-07-31 17:27:49 - DOWN : pinReset
2019-07-31 17:27:49 - DOWN MENU : O:8:"stdClass":7:{s:2:"id";s:15:"WaterformAmount";s:8:"response";s:13:"Enter amount:";s:3:"map";a:1:{i:0;O:8:"stdClass":2:{s:3:"key";s:4:"next";s:4:"menu";s:13:"WaterAccounts";}}s:4:"type";s:4:"form";s:4:"link";s:0:"";s:4:"name";s:15:"WaterformAmount";s:6:"action";s:3:"con";}
2019-07-31 17:27:49 - ERROR : WaterAccounts
2019-07-31 17:27:49 - MMMMMMM : WaterAccounts
2019-07-31 17:27:50 - MENU : WaterAccounts
2019-07-31 17:27:50 - MENU INPUT : 1200
2019-07-31 17:27:50 - UP : WaterAccounts
2019-07-31 17:27:50 - MENU RESPONSES : WaterAccounts -> 
2019-07-31 17:27:50 - DOWN : pinReset
2019-07-31 17:27:50 - ERROR : WaterAccounts
2019-07-31 17:27:50 - MMMMMMM : WaterAccounts
2019-07-31 17:27:50 - DOWN MENU : O:8:"stdClass":5:{s:2:"id";s:13:"WaterAccounts";s:6:"action";s:3:"con";s:8:"response";s:90:"Select Bank 
1. 218210027132501
2. 223205003324501
3. 223206003324501
00. Home 
 000. Exit";s:3:"map";a:1:{i:0;O:8:"stdClass":1:{s:4:"menu";s:12:"waterConfirm";}}s:4:"type";s:4:"form";}
2019-07-31 17:27:50 - ERROR : waterConfirm
2019-07-31 17:27:50 - MMMMMMM : waterConfirm
