2019-07-03 10:03:08 - GET CUSTOMER REQUEST :FORMID:GETCUSTOMER:MOBILENUMBER:256700146817:SHORTCODE:250:COUNTRY:UGANDATEST:DEVICEID:256700146817250:UNIQUEID:787b22cb-af52-7e6c-1b2a-298b2fd2517e:
2019-07-03 10:03:08 - GET CUSTOMER RESPONSE : 
STATUS:000:CUSTOMERID:1485941693:COUNTRY:UGANDATEST:FIRSTNAME:Shafique:LASTNAME:Kabali:BANKNAME:PRIDE:WELCOMEMESSAGE:Welcome to Pride Mobile Banking. Enter your PIN:LANGUAGE:EN
2019-07-03 10:03:08 - GET CUSTOMER000
2019-07-03 10:03:08 - GET CUSTOMER TIME : 4.9408102035522E-7
2019-07-03 10:03:15 - MENU : menu
2019-07-03 10:03:15 - MENU INPUT : 1234
2019-07-03 10:03:15 - LOGIN REQUEST : FORMID:LOGIN:CUSTOMERID:1485941693:MOBILENUMBER:256700146817:BANKID:0017:BANKNAME:PML:SHORTCODE:250:COUNTRY:UGANDATEST:DEVICEID:256700146817250:LOGINMPIN:1234:UNIQUEID:2bdd75a8-7676-49cf-b3c5-b029e04be8f4:
2019-07-03 10:03:15 - LOGIN RESPONSE :
STATUS:000:ACCOUNTS:223205003324501,218210027132501,223206003324501:
2019-07-03 10:03:15 - LOGIN ACCOUNTS :223205003324501,218210027132501,223206003324501
2019-07-03 10:03:36 - MENU : home
2019-07-03 10:03:36 - MENU INPUT : 1
2019-07-03 10:03:36 - UP : home
2019-07-03 10:03:36 - MENU RESPONSES : home -> 
2019-07-03 10:03:36 - DOWN : pinReset
2019-07-03 10:03:36 - DOWN MENU : O:8:"stdClass":5:{s:2:"id";s:4:"home";s:8:"response";s:144:"Reply with
1. Account Balance
2. Mini Statement
3.Funds Transfer
4. Airtime Purchase
5. Mobile Money
6. Utility Payment 
7. Change Pin
8. Logout";s:3:"map";a:7:{i:0;O:8:"stdClass":2:{s:3:"key";s:1:"1";s:4:"menu";s:15:"BalanceAccounts";}i:1;O:8:"stdClass":2:{s:3:"key";s:1:"2";s:4:"menu";s:17:"StatementAccounts";}i:2;O:8:"stdClass":2:{s:3:"key";s:1:"3";s:4:"menu";s:10:"FTAccounts";}i:3;O:8:"stdClass":2:{s:3:"key";s:1:"4";s:4:"menu";s:14:"MOBILEPROVIDER";}i:4;O:8:"stdClass":2:{s:3:"key";s:1:"5";s:4:"menu";s:5:"NewFT";}i:5;O:8:"stdClass":2:{s:3:"key";s:1:"6";s:4:"menu";s:7:"utility";}i:6;O:8:"stdClass":2:{s:3:"key";s:1:"7";s:4:"menu";s:9:"changePin";}}s:4:"type";s:7:"dynamic";s:6:"action";s:3:"con";}
2019-07-03 10:03:36 - ERROR : BalanceAccounts
2019-07-03 10:03:36 - MMMMMMM : BalanceAccounts
2019-07-03 10:03:38 - MENU : BalanceAccounts
2019-07-03 10:03:38 - MENU INPUT : 1
2019-07-03 10:03:38 - UP : BalanceAccounts
2019-07-03 10:03:38 - MENU RESPONSES : BalanceAccounts -> 
2019-07-03 10:03:38 - DOWN : pinReset
2019-07-03 10:03:38 - ERROR : BalanceAccounts
2019-07-03 10:03:38 - MMMMMMM : BalanceAccounts
2019-07-03 10:03:38 - DOWN MENU : O:8:"stdClass":5:{s:2:"id";s:15:"BalanceAccounts";s:6:"action";s:3:"con";s:8:"response";s:88:"Select bank:
1. Pride/223205003324501
2. Pride/218210027132501
3. Pride/223206003324501
";s:3:"map";a:1:{i:0;O:8:"stdClass":1:{s:4:"menu";s:14:"AccountBalance";}}s:4:"type";s:4:"form";}
2019-07-03 10:03:38 - ERROR : AccountBalance
2019-07-03 10:03:38 - MMMMMMM : AccountBalance
2019-07-03 10:03:38 - BALANCE REQUEST : FORMID:B-:MERCHANTID:BALANCE:BANKACCOUNTID:223205003324501:SHORTCODE:250:CUSTOMERID:1485941693:MOBILENUMBER:256700146817:BANKID:0017:COUNTRY:UGANDATEST:UNIQUEID:9fc75e9c-db28-72e2-98d0-2818169cf212:
2019-07-03 10:04:00 - BALANCE RESPONSE : 
STATUS:091:DATA: shown
2019-07-03 12:03:02 - GET CUSTOMER REQUEST :FORMID:GETCUSTOMER:MOBILENUMBER:256700146817:SHORTCODE:250:COUNTRY:UGANDATEST:DEVICEID:256700146817250:UNIQUEID:f3173fcd-138b-c4ca-6e01-0eba8fe7227c:
2019-07-03 12:03:02 - GET CUSTOMER RESPONSE : 
STATUS:000:CUSTOMERID:1485941693:COUNTRY:UGANDATEST:FIRSTNAME:Shafique:LASTNAME:Kabali:BANKNAME:PRIDE:WELCOMEMESSAGE:Welcome to Pride Mobile Banking. Enter your PIN:LANGUAGE:EN
2019-07-03 12:03:02 - GET CUSTOMER000
2019-07-03 12:03:02 - GET CUSTOMER TIME : 4.2843103408813E-8
2019-07-03 12:03:08 - MENU : menu
2019-07-03 12:03:08 - MENU INPUT : 1234
2019-07-03 12:03:08 - LOGIN REQUEST : FORMID:LOGIN:CUSTOMERID:1485941693:MOBILENUMBER:256700146817:BANKID:0017:BANKNAME:PML:SHORTCODE:250:COUNTRY:UGANDATEST:DEVICEID:256700146817250:LOGINMPIN:1234:UNIQUEID:5f1dccd6-9ef8-cd6b-56f5-d27fbc7412f1:
2019-07-03 12:03:08 - LOGIN RESPONSE :
STATUS:000:ACCOUNTS:223205003324501,218210027132501,223206003324501:
2019-07-03 12:03:08 - LOGIN ACCOUNTS :223205003324501,218210027132501,223206003324501
2019-07-03 12:03:12 - MENU : home
2019-07-03 12:03:12 - MENU INPUT : 1
2019-07-03 12:03:12 - UP : home
2019-07-03 12:03:12 - MENU RESPONSES : home -> 
2019-07-03 12:03:12 - DOWN : pinReset
2019-07-03 12:03:12 - DOWN MENU : O:8:"stdClass":5:{s:2:"id";s:4:"home";s:8:"response";s:144:"Reply with
1. Account Balance
2. Mini Statement
3.Funds Transfer
4. Airtime Purchase
5. Mobile Money
6. Utility Payment 
7. Change Pin
8. Logout";s:3:"map";a:7:{i:0;O:8:"stdClass":2:{s:3:"key";s:1:"1";s:4:"menu";s:15:"BalanceAccounts";}i:1;O:8:"stdClass":2:{s:3:"key";s:1:"2";s:4:"menu";s:17:"StatementAccounts";}i:2;O:8:"stdClass":2:{s:3:"key";s:1:"3";s:4:"menu";s:10:"FTAccounts";}i:3;O:8:"stdClass":2:{s:3:"key";s:1:"4";s:4:"menu";s:14:"MOBILEPROVIDER";}i:4;O:8:"stdClass":2:{s:3:"key";s:1:"5";s:4:"menu";s:5:"NewFT";}i:5;O:8:"stdClass":2:{s:3:"key";s:1:"6";s:4:"menu";s:7:"utility";}i:6;O:8:"stdClass":2:{s:3:"key";s:1:"7";s:4:"menu";s:9:"changePin";}}s:4:"type";s:7:"dynamic";s:6:"action";s:3:"con";}
2019-07-03 12:03:12 - ERROR : BalanceAccounts
2019-07-03 12:03:12 - MMMMMMM : BalanceAccounts
2019-07-03 12:03:14 - MENU : BalanceAccounts
2019-07-03 12:03:14 - MENU INPUT : 1
2019-07-03 12:03:14 - UP : BalanceAccounts
2019-07-03 12:03:14 - MENU RESPONSES : BalanceAccounts -> 
2019-07-03 12:03:14 - DOWN : pinReset
2019-07-03 12:03:14 - ERROR : BalanceAccounts
2019-07-03 12:03:14 - MMMMMMM : BalanceAccounts
2019-07-03 12:03:14 - DOWN MENU : O:8:"stdClass":5:{s:2:"id";s:15:"BalanceAccounts";s:6:"action";s:3:"con";s:8:"response";s:88:"Select bank:
1. Pride/223205003324501
2. Pride/218210027132501
3. Pride/223206003324501
";s:3:"map";a:1:{i:0;O:8:"stdClass":1:{s:4:"menu";s:14:"AccountBalance";}}s:4:"type";s:4:"form";}
2019-07-03 12:03:14 - ERROR : AccountBalance
2019-07-03 12:03:14 - MMMMMMM : AccountBalance
2019-07-03 12:03:14 - BALANCE REQUEST : FORMID:B-:MERCHANTID:BALANCE:BANKACCOUNTID:223205003324501:SHORTCODE:250:CUSTOMERID:1485941693:MOBILENUMBER:256700146817:BANKID:0017:COUNTRY:UGANDATEST:UNIQUEID:4b8e6732-b499-646d-4427-8fc1ff8f5b14:
2019-07-03 12:03:35 - BALANCE RESPONSE : 
STATUS:091:DATA: shown
2019-07-03 12:54:28 - GET CUSTOMER REQUEST :FORMID:GETCUSTOMER:MOBILENUMBER:256700146817:SHORTCODE:250:COUNTRY:UGANDATEST:DEVICEID:256700146817250:UNIQUEID:99c50a65-f2a6-3ec0-d5b6-a2d68ee408c3:
2019-07-03 12:54:28 - GET CUSTOMER RESPONSE : 
STATUS:000:CUSTOMERID:1485941693:COUNTRY:UGANDATEST:FIRSTNAME:Shafique:LASTNAME:Kabali:BANKNAME:PRIDE:WELCOMEMESSAGE:Welcome to Pride Mobile Banking. Enter your PIN:LANGUAGE:EN
2019-07-03 12:54:28 - GET CUSTOMER000
2019-07-03 12:54:28 - GET CUSTOMER TIME : 4.6798944473267E-8
2019-07-03 12:54:31 - MENU : menu
2019-07-03 12:54:31 - MENU INPUT : 1234
2019-07-03 12:54:31 - LOGIN REQUEST : FORMID:LOGIN:CUSTOMERID:1485941693:MOBILENUMBER:256700146817:BANKID:0017:BANKNAME:PML:SHORTCODE:250:COUNTRY:UGANDATEST:DEVICEID:256700146817250:LOGINMPIN:1234:UNIQUEID:8e3cef8a-4b84-dea8-6a39-d134983d308b:
2019-07-03 12:54:31 - LOGIN RESPONSE :
STATUS:000:ACCOUNTS:223205003324501,218210027132501,223206003324501:
2019-07-03 12:54:31 - LOGIN ACCOUNTS :223205003324501,218210027132501,223206003324501
2019-07-03 12:54:36 - MENU : home
2019-07-03 12:54:36 - MENU INPUT : 1
2019-07-03 12:54:36 - UP : home
2019-07-03 12:54:36 - MENU RESPONSES : home -> 
2019-07-03 12:54:36 - DOWN : pinReset
2019-07-03 12:54:36 - DOWN MENU : O:8:"stdClass":5:{s:2:"id";s:4:"home";s:8:"response";s:144:"Reply with
1. Account Balance
2. Mini Statement
3.Funds Transfer
4. Airtime Purchase
5. Mobile Money
6. Utility Payment 
7. Change Pin
8. Logout";s:3:"map";a:7:{i:0;O:8:"stdClass":2:{s:3:"key";s:1:"1";s:4:"menu";s:15:"BalanceAccounts";}i:1;O:8:"stdClass":2:{s:3:"key";s:1:"2";s:4:"menu";s:17:"StatementAccounts";}i:2;O:8:"stdClass":2:{s:3:"key";s:1:"3";s:4:"menu";s:10:"FTAccounts";}i:3;O:8:"stdClass":2:{s:3:"key";s:1:"4";s:4:"menu";s:14:"MOBILEPROVIDER";}i:4;O:8:"stdClass":2:{s:3:"key";s:1:"5";s:4:"menu";s:5:"NewFT";}i:5;O:8:"stdClass":2:{s:3:"key";s:1:"6";s:4:"menu";s:7:"utility";}i:6;O:8:"stdClass":2:{s:3:"key";s:1:"7";s:4:"menu";s:9:"changePin";}}s:4:"type";s:7:"dynamic";s:6:"action";s:3:"con";}
2019-07-03 12:54:36 - ERROR : BalanceAccounts
2019-07-03 12:54:36 - MMMMMMM : BalanceAccounts
2019-07-03 12:54:38 - MENU : BalanceAccounts
2019-07-03 12:54:38 - MENU INPUT : 1
2019-07-03 12:54:38 - UP : BalanceAccounts
2019-07-03 12:54:38 - MENU RESPONSES : BalanceAccounts -> 
2019-07-03 12:54:38 - DOWN : pinReset
2019-07-03 12:54:38 - ERROR : BalanceAccounts
2019-07-03 12:54:38 - MMMMMMM : BalanceAccounts
2019-07-03 12:54:38 - DOWN MENU : O:8:"stdClass":5:{s:2:"id";s:15:"BalanceAccounts";s:6:"action";s:3:"con";s:8:"response";s:88:"Select bank:
1. Pride/223205003324501
2. Pride/218210027132501
3. Pride/223206003324501
";s:3:"map";a:1:{i:0;O:8:"stdClass":1:{s:4:"menu";s:14:"AccountBalance";}}s:4:"type";s:4:"form";}
2019-07-03 12:54:38 - ERROR : AccountBalance
2019-07-03 12:54:38 - MMMMMMM : AccountBalance
2019-07-03 12:54:38 - BALANCE REQUEST : FORMID:B-:MERCHANTID:BALANCE:BANKACCOUNTID:223205003324501:SHORTCODE:250:CUSTOMERID:1485941693:MOBILENUMBER:256700146817:BANKID:0017:COUNTRY:UGANDATEST:UNIQUEID:c7db121b-579d-baf8-f72f-da001f41f916:
2019-07-03 12:54:59 - BALANCE RESPONSE : 
STATUS:091:DATA: shown
2019-07-03 12:55:01 - GET CUSTOMER REQUEST :FORMID:GETCUSTOMER:MOBILENUMBER:256700146817:SHORTCODE:250:COUNTRY:UGANDATEST:DEVICEID:256700146817250:UNIQUEID:1896039d-74c5-c0a5-581f-b61c5c11b678:
2019-07-03 12:55:01 - GET CUSTOMER RESPONSE : 
STATUS:000:CUSTOMERID:1485941693:COUNTRY:UGANDATEST:FIRSTNAME:Shafique:LASTNAME:Kabali:BANKNAME:PRIDE:WELCOMEMESSAGE:Welcome to Pride Mobile Banking. Enter your PIN:LANGUAGE:EN
2019-07-03 12:55:01 - GET CUSTOMER000
2019-07-03 12:55:01 - GET CUSTOMER TIME : 2.5071859359741E-8
2019-07-03 12:55:05 - MENU : menu
2019-07-03 12:55:05 - MENU INPUT : 1234
2019-07-03 12:55:05 - LOGIN REQUEST : FORMID:LOGIN:CUSTOMERID:1485941693:MOBILENUMBER:256700146817:BANKID:0017:BANKNAME:PML:SHORTCODE:250:COUNTRY:UGANDATEST:DEVICEID:256700146817250:LOGINMPIN:1234:UNIQUEID:37514cb2-cfd1-0d75-0e03-2b8533dd4d6f:
2019-07-03 12:55:05 - LOGIN RESPONSE :
STATUS:000:ACCOUNTS:223205003324501,218210027132501,223206003324501:
2019-07-03 12:55:05 - LOGIN ACCOUNTS :223205003324501,218210027132501,223206003324501
2019-07-03 12:55:11 - MENU : home
2019-07-03 12:55:11 - MENU INPUT : 1
2019-07-03 12:55:11 - UP : home
2019-07-03 12:55:11 - MENU RESPONSES : home -> 
2019-07-03 12:55:11 - DOWN : pinReset
2019-07-03 12:55:11 - DOWN MENU : O:8:"stdClass":5:{s:2:"id";s:4:"home";s:8:"response";s:144:"Reply with
1. Account Balance
2. Mini Statement
3.Funds Transfer
4. Airtime Purchase
5. Mobile Money
6. Utility Payment 
7. Change Pin
8. Logout";s:3:"map";a:7:{i:0;O:8:"stdClass":2:{s:3:"key";s:1:"1";s:4:"menu";s:15:"BalanceAccounts";}i:1;O:8:"stdClass":2:{s:3:"key";s:1:"2";s:4:"menu";s:17:"StatementAccounts";}i:2;O:8:"stdClass":2:{s:3:"key";s:1:"3";s:4:"menu";s:10:"FTAccounts";}i:3;O:8:"stdClass":2:{s:3:"key";s:1:"4";s:4:"menu";s:14:"MOBILEPROVIDER";}i:4;O:8:"stdClass":2:{s:3:"key";s:1:"5";s:4:"menu";s:5:"NewFT";}i:5;O:8:"stdClass":2:{s:3:"key";s:1:"6";s:4:"menu";s:7:"utility";}i:6;O:8:"stdClass":2:{s:3:"key";s:1:"7";s:4:"menu";s:9:"changePin";}}s:4:"type";s:7:"dynamic";s:6:"action";s:3:"con";}
2019-07-03 12:55:11 - ERROR : BalanceAccounts
2019-07-03 12:55:11 - MMMMMMM : BalanceAccounts
2019-07-03 12:55:12 - MENU : BalanceAccounts
2019-07-03 12:55:12 - MENU INPUT : 1
2019-07-03 12:55:12 - UP : BalanceAccounts
2019-07-03 12:55:12 - MENU RESPONSES : BalanceAccounts -> 
2019-07-03 12:55:12 - DOWN : pinReset
2019-07-03 12:55:12 - ERROR : BalanceAccounts
2019-07-03 12:55:12 - MMMMMMM : BalanceAccounts
2019-07-03 12:55:12 - DOWN MENU : O:8:"stdClass":5:{s:2:"id";s:15:"BalanceAccounts";s:6:"action";s:3:"con";s:8:"response";s:88:"Select bank:
1. Pride/223205003324501
2. Pride/218210027132501
3. Pride/223206003324501
";s:3:"map";a:1:{i:0;O:8:"stdClass":1:{s:4:"menu";s:14:"AccountBalance";}}s:4:"type";s:4:"form";}
2019-07-03 12:55:12 - ERROR : AccountBalance
2019-07-03 12:55:12 - MMMMMMM : AccountBalance
2019-07-03 12:55:12 - BALANCE REQUEST : FORMID:B-:MERCHANTID:BALANCE:BANKACCOUNTID:223205003324501:SHORTCODE:250:CUSTOMERID:1485941693:MOBILENUMBER:256700146817:BANKID:0017:COUNTRY:UGANDATEST:UNIQUEID:f222098f-e5c6-2621-0eaf-e86f9c4ba113:
2019-07-03 12:55:12 - BALANCE RESPONSE : 
STATUS:091:MESSAGE:Duplicate Transaction shown
2019-07-03 12:55:19 - GET CUSTOMER REQUEST :FORMID:GETCUSTOMER:MOBILENUMBER:256700146817:SHORTCODE:250:COUNTRY:UGANDATEST:DEVICEID:256700146817250:UNIQUEID:02395576-01c5-1cac-4b4e-3f50a94e0e5e:
2019-07-03 12:55:19 - GET CUSTOMER RESPONSE : 
STATUS:000:CUSTOMERID:1485941693:COUNTRY:UGANDATEST:FIRSTNAME:Shafique:LASTNAME:Kabali:BANKNAME:PRIDE:WELCOMEMESSAGE:Welcome to Pride Mobile Banking. Enter your PIN:LANGUAGE:EN
2019-07-03 12:55:19 - GET CUSTOMER000
2019-07-03 12:55:19 - GET CUSTOMER TIME : 2.4968862533569E-8
2019-07-03 12:55:22 - MENU : menu
2019-07-03 12:55:22 - MENU INPUT : 1234
2019-07-03 12:55:22 - LOGIN REQUEST : FORMID:LOGIN:CUSTOMERID:1485941693:MOBILENUMBER:256700146817:BANKID:0017:BANKNAME:PML:SHORTCODE:250:COUNTRY:UGANDATEST:DEVICEID:256700146817250:LOGINMPIN:1234:UNIQUEID:e75a77ae-414e-4174-da5d-17b87adf9fdf:
2019-07-03 12:55:22 - LOGIN RESPONSE :
STATUS:000:ACCOUNTS:223205003324501,218210027132501,223206003324501:
2019-07-03 12:55:22 - LOGIN ACCOUNTS :223205003324501,218210027132501,223206003324501
2019-07-03 12:55:26 - MENU : home
2019-07-03 12:55:26 - MENU INPUT : 1
2019-07-03 12:55:26 - UP : home
2019-07-03 12:55:26 - MENU RESPONSES : home -> 
2019-07-03 12:55:26 - DOWN : pinReset
2019-07-03 12:55:26 - DOWN MENU : O:8:"stdClass":5:{s:2:"id";s:4:"home";s:8:"response";s:144:"Reply with
1. Account Balance
2. Mini Statement
3.Funds Transfer
4. Airtime Purchase
5. Mobile Money
6. Utility Payment 
7. Change Pin
8. Logout";s:3:"map";a:7:{i:0;O:8:"stdClass":2:{s:3:"key";s:1:"1";s:4:"menu";s:15:"BalanceAccounts";}i:1;O:8:"stdClass":2:{s:3:"key";s:1:"2";s:4:"menu";s:17:"StatementAccounts";}i:2;O:8:"stdClass":2:{s:3:"key";s:1:"3";s:4:"menu";s:10:"FTAccounts";}i:3;O:8:"stdClass":2:{s:3:"key";s:1:"4";s:4:"menu";s:14:"MOBILEPROVIDER";}i:4;O:8:"stdClass":2:{s:3:"key";s:1:"5";s:4:"menu";s:5:"NewFT";}i:5;O:8:"stdClass":2:{s:3:"key";s:1:"6";s:4:"menu";s:7:"utility";}i:6;O:8:"stdClass":2:{s:3:"key";s:1:"7";s:4:"menu";s:9:"changePin";}}s:4:"type";s:7:"dynamic";s:6:"action";s:3:"con";}
2019-07-03 12:55:26 - ERROR : BalanceAccounts
2019-07-03 12:55:26 - MMMMMMM : BalanceAccounts
2019-07-03 12:55:28 - MENU : BalanceAccounts
2019-07-03 12:55:28 - MENU INPUT : 1
2019-07-03 12:55:28 - UP : BalanceAccounts
2019-07-03 12:55:28 - MENU RESPONSES : BalanceAccounts -> 
2019-07-03 12:55:28 - DOWN : pinReset
2019-07-03 12:55:28 - ERROR : BalanceAccounts
2019-07-03 12:55:28 - MMMMMMM : BalanceAccounts
2019-07-03 12:55:28 - DOWN MENU : O:8:"stdClass":5:{s:2:"id";s:15:"BalanceAccounts";s:6:"action";s:3:"con";s:8:"response";s:88:"Select bank:
1. Pride/223205003324501
2. Pride/218210027132501
3. Pride/223206003324501
";s:3:"map";a:1:{i:0;O:8:"stdClass":1:{s:4:"menu";s:14:"AccountBalance";}}s:4:"type";s:4:"form";}
2019-07-03 12:55:28 - ERROR : AccountBalance
2019-07-03 12:55:28 - MMMMMMM : AccountBalance
2019-07-03 12:55:28 - BALANCE REQUEST : FORMID:B-:MERCHANTID:BALANCE:BANKACCOUNTID:223205003324501:SHORTCODE:250:CUSTOMERID:1485941693:MOBILENUMBER:256700146817:BANKID:0017:COUNTRY:UGANDATEST:UNIQUEID:14b47b0d-3fe4-10fa-6519-9da867e71b19:
2019-07-03 12:55:29 - BALANCE RESPONSE : 
STATUS:091:MESSAGE:Duplicate Transaction shown
2019-07-03 12:56:29 - GET CUSTOMER REQUEST :FORMID:GETCUSTOMER:MOBILENUMBER:256700146817:SHORTCODE:250:COUNTRY:UGANDATEST:DEVICEID:256700146817250:UNIQUEID:188d4ec4-904f-31e8-f18b-f8fc53dc6d24:
2019-07-03 12:56:29 - GET CUSTOMER RESPONSE : 
STATUS:000:CUSTOMERID:1485941693:COUNTRY:UGANDATEST:FIRSTNAME:Shafique:LASTNAME:Kabali:BANKNAME:PRIDE:WELCOMEMESSAGE:Welcome to Pride Mobile Banking. Enter your PIN:LANGUAGE:EN
2019-07-03 12:56:29 - GET CUSTOMER000
2019-07-03 12:56:29 - GET CUSTOMER TIME : 3.105616569519E-8
2019-07-03 12:56:35 - GET CUSTOMER REQUEST :FORMID:GETCUSTOMER:MOBILENUMBER:256700146817:SHORTCODE:250:COUNTRY:UGANDATEST:DEVICEID:256700146817250:UNIQUEID:fc4d3568-c6dd-7e5d-1965-69046e21700b:
2019-07-03 12:56:35 - GET CUSTOMER RESPONSE : 
STATUS:000:CUSTOMERID:1485941693:COUNTRY:UGANDATEST:FIRSTNAME:Shafique:LASTNAME:Kabali:BANKNAME:PRIDE:WELCOMEMESSAGE:Welcome to Pride Mobile Banking. Enter your PIN:LANGUAGE:EN
2019-07-03 12:56:35 - GET CUSTOMER000
2019-07-03 12:56:35 - GET CUSTOMER TIME : 3.5044193267822E-8
2019-07-03 12:56:40 - MENU : menu
2019-07-03 12:56:40 - MENU INPUT : 1234
2019-07-03 12:56:40 - LOGIN REQUEST : FORMID:LOGIN:CUSTOMERID:1485941693:MOBILENUMBER:256700146817:BANKID:0017:BANKNAME:PML:SHORTCODE:250:COUNTRY:UGANDATEST:DEVICEID:256700146817250:LOGINMPIN:1234:UNIQUEID:0e1a8066-27dd-639a-4678-30450a41ec6c:
2019-07-03 12:56:40 - LOGIN RESPONSE :
STATUS:000:ACCOUNTS:223205003324501,218210027132501,223206003324501:
2019-07-03 12:56:40 - LOGIN ACCOUNTS :223205003324501,218210027132501,223206003324501
2019-07-03 12:56:43 - MENU : home
2019-07-03 12:56:43 - MENU INPUT : 1
2019-07-03 12:56:43 - UP : home
2019-07-03 12:56:43 - MENU RESPONSES : home -> 
2019-07-03 12:56:43 - DOWN : pinReset
2019-07-03 12:56:43 - DOWN MENU : O:8:"stdClass":5:{s:2:"id";s:4:"home";s:8:"response";s:144:"Reply with
1. Account Balance
2. Mini Statement
3.Funds Transfer
4. Airtime Purchase
5. Mobile Money
6. Utility Payment 
7. Change Pin
8. Logout";s:3:"map";a:7:{i:0;O:8:"stdClass":2:{s:3:"key";s:1:"1";s:4:"menu";s:15:"BalanceAccounts";}i:1;O:8:"stdClass":2:{s:3:"key";s:1:"2";s:4:"menu";s:17:"StatementAccounts";}i:2;O:8:"stdClass":2:{s:3:"key";s:1:"3";s:4:"menu";s:10:"FTAccounts";}i:3;O:8:"stdClass":2:{s:3:"key";s:1:"4";s:4:"menu";s:14:"MOBILEPROVIDER";}i:4;O:8:"stdClass":2:{s:3:"key";s:1:"5";s:4:"menu";s:5:"NewFT";}i:5;O:8:"stdClass":2:{s:3:"key";s:1:"6";s:4:"menu";s:7:"utility";}i:6;O:8:"stdClass":2:{s:3:"key";s:1:"7";s:4:"menu";s:9:"changePin";}}s:4:"type";s:7:"dynamic";s:6:"action";s:3:"con";}
2019-07-03 12:56:43 - ERROR : BalanceAccounts
2019-07-03 12:56:43 - MMMMMMM : BalanceAccounts
2019-07-03 12:56:45 - MENU : BalanceAccounts
2019-07-03 12:56:45 - MENU INPUT : 1
2019-07-03 12:56:45 - UP : BalanceAccounts
2019-07-03 12:56:45 - MENU RESPONSES : BalanceAccounts -> 
2019-07-03 12:56:45 - DOWN : pinReset
2019-07-03 12:56:45 - ERROR : BalanceAccounts
2019-07-03 12:56:45 - MMMMMMM : BalanceAccounts
2019-07-03 12:56:45 - DOWN MENU : O:8:"stdClass":5:{s:2:"id";s:15:"BalanceAccounts";s:6:"action";s:3:"con";s:8:"response";s:88:"Select bank:
1. Pride/223205003324501
2. Pride/218210027132501
3. Pride/223206003324501
";s:3:"map";a:1:{i:0;O:8:"stdClass":1:{s:4:"menu";s:14:"AccountBalance";}}s:4:"type";s:4:"form";}
2019-07-03 12:56:45 - ERROR : AccountBalance
2019-07-03 12:56:45 - MMMMMMM : AccountBalance
2019-07-03 12:56:45 - BALANCE REQUEST : FORMID:B-:MERCHANTID:BALANCE:BANKACCOUNTID:223205003324501:SHORTCODE:250:CUSTOMERID:1485941693:MOBILENUMBER:256700146817:BANKID:0017:COUNTRY:UGANDATEST:UNIQUEID:a55d0ffb-1725-0101-96c6-8a69b7e5f9ed:
2019-07-03 12:57:06 - BALANCE RESPONSE : 
STATUS:091:DATA: shown
2019-07-03 13:00:53 - GET CUSTOMER REQUEST :FORMID:GETCUSTOMER:MOBILENUMBER:256700146817:SHORTCODE:250:COUNTRY:UGANDATEST:DEVICEID:256700146817250:UNIQUEID:8b44793f-e058-c0e6-0de9-109df72c4efb:
2019-07-03 13:00:53 - GET CUSTOMER RESPONSE : 
STATUS:000:CUSTOMERID:1485941693:COUNTRY:UGANDATEST:FIRSTNAME:Shafique:LASTNAME:Kabali:BANKNAME:PRIDE:WELCOMEMESSAGE:Welcome to Pride Mobile Banking. Enter your PIN:LANGUAGE:EN
2019-07-03 13:00:53 - GET CUSTOMER000
2019-07-03 13:00:53 - GET CUSTOMER TIME : 3.4013986587524E-8
2019-07-03 13:00:56 - GET CUSTOMER REQUEST :FORMID:GETCUSTOMER:MOBILENUMBER:256700146817:SHORTCODE:250:COUNTRY:UGANDATEST:DEVICEID:256700146817250:UNIQUEID:0d40c178-d2bd-1f1f-79df-c56541167767:
2019-07-03 13:00:56 - GET CUSTOMER RESPONSE : 
STATUS:000:CUSTOMERID:1485941693:COUNTRY:UGANDATEST:FIRSTNAME:Shafique:LASTNAME:Kabali:BANKNAME:PRIDE:WELCOMEMESSAGE:Welcome to Pride Mobile Banking. Enter your PIN:LANGUAGE:EN
2019-07-03 13:00:56 - GET CUSTOMER000
2019-07-03 13:00:56 - GET CUSTOMER TIME : 2.9951095581055E-8
2019-07-03 13:01:01 - MENU : menu
2019-07-03 13:01:01 - MENU INPUT : 1234
2019-07-03 13:01:01 - LOGIN REQUEST : FORMID:LOGIN:CUSTOMERID:1485941693:MOBILENUMBER:256700146817:BANKID:0017:BANKNAME:PML:SHORTCODE:250:COUNTRY:UGANDATEST:DEVICEID:256700146817250:LOGINMPIN:1234:UNIQUEID:973408f5-375b-50d3-6f5f-6695195f8e79:
2019-07-03 13:01:01 - LOGIN RESPONSE :
STATUS:000:ACCOUNTS:223205003324501,218210027132501,223206003324501:
2019-07-03 13:01:01 - LOGIN ACCOUNTS :223205003324501,218210027132501,223206003324501
2019-07-03 13:01:04 - MENU : home
2019-07-03 13:01:04 - MENU INPUT : 1
2019-07-03 13:01:04 - UP : home
2019-07-03 13:01:04 - MENU RESPONSES : home -> 
2019-07-03 13:01:04 - DOWN : pinReset
2019-07-03 13:01:04 - DOWN MENU : O:8:"stdClass":5:{s:2:"id";s:4:"home";s:8:"response";s:144:"Reply with
1. Account Balance
2. Mini Statement
3.Funds Transfer
4. Airtime Purchase
5. Mobile Money
6. Utility Payment 
7. Change Pin
8. Logout";s:3:"map";a:7:{i:0;O:8:"stdClass":2:{s:3:"key";s:1:"1";s:4:"menu";s:15:"BalanceAccounts";}i:1;O:8:"stdClass":2:{s:3:"key";s:1:"2";s:4:"menu";s:17:"StatementAccounts";}i:2;O:8:"stdClass":2:{s:3:"key";s:1:"3";s:4:"menu";s:10:"FTAccounts";}i:3;O:8:"stdClass":2:{s:3:"key";s:1:"4";s:4:"menu";s:14:"MOBILEPROVIDER";}i:4;O:8:"stdClass":2:{s:3:"key";s:1:"5";s:4:"menu";s:5:"NewFT";}i:5;O:8:"stdClass":2:{s:3:"key";s:1:"6";s:4:"menu";s:7:"utility";}i:6;O:8:"stdClass":2:{s:3:"key";s:1:"7";s:4:"menu";s:9:"changePin";}}s:4:"type";s:7:"dynamic";s:6:"action";s:3:"con";}
2019-07-03 13:01:04 - ERROR : BalanceAccounts
2019-07-03 13:01:04 - MMMMMMM : BalanceAccounts
2019-07-03 13:01:06 - MENU : BalanceAccounts
2019-07-03 13:01:06 - MENU INPUT : 1
2019-07-03 13:01:06 - UP : BalanceAccounts
2019-07-03 13:01:06 - MENU RESPONSES : BalanceAccounts -> 
2019-07-03 13:01:06 - DOWN : pinReset
2019-07-03 13:01:06 - ERROR : BalanceAccounts
2019-07-03 13:01:06 - MMMMMMM : BalanceAccounts
2019-07-03 13:01:06 - DOWN MENU : O:8:"stdClass":5:{s:2:"id";s:15:"BalanceAccounts";s:6:"action";s:3:"con";s:8:"response";s:88:"Select bank:
1. Pride/223205003324501
2. Pride/218210027132501
3. Pride/223206003324501
";s:3:"map";a:1:{i:0;O:8:"stdClass":1:{s:4:"menu";s:14:"AccountBalance";}}s:4:"type";s:4:"form";}
2019-07-03 13:01:06 - ERROR : AccountBalance
2019-07-03 13:01:06 - MMMMMMM : AccountBalance
2019-07-03 13:01:06 - BALANCE REQUEST : FORMID:B-:MERCHANTID:BALANCE:BANKACCOUNTID:223205003324501:SHORTCODE:250:CUSTOMERID:1485941693:MOBILENUMBER:256700146817:BANKID:0017:COUNTRY:UGANDATEST:UNIQUEID:99bc87a1-906f-df90-7250-5e0d66d41c75:
2019-07-03 13:01:27 - BALANCE RESPONSE : 
STATUS:091:DATA: shown
2019-07-03 13:56:27 - GET CUSTOMER REQUEST :FORMID:GETCUSTOMER:MOBILENUMBER:256700146817:SHORTCODE:250:COUNTRY:UGANDATEST:DEVICEID:256700146817250:UNIQUEID:147b7f26-daf5-e6c6-ee0c-060f75a1bb27:
2019-07-03 13:56:27 - GET CUSTOMER RESPONSE : 
STATUS:000:CUSTOMERID:1485941693:COUNTRY:UGANDATEST:FIRSTNAME:Shafique:LASTNAME:Kabali:BANKNAME:PRIDE:WELCOMEMESSAGE:Welcome to Pride Mobile Banking. Enter your PIN:LANGUAGE:EN
2019-07-03 13:56:27 - GET CUSTOMER000
2019-07-03 13:56:27 - GET CUSTOMER TIME : 4.6531200408936E-8
2019-07-03 13:56:31 - MENU : menu
2019-07-03 13:56:31 - MENU INPUT : 1234
2019-07-03 13:56:31 - LOGIN REQUEST : FORMID:LOGIN:CUSTOMERID:1485941693:MOBILENUMBER:256700146817:BANKID:0017:BANKNAME:PML:SHORTCODE:250:COUNTRY:UGANDATEST:DEVICEID:256700146817250:LOGINMPIN:1234:UNIQUEID:a6c50e07-3b70-c595-24fe-32c0c0e0f8cd:
2019-07-03 13:56:31 - LOGIN RESPONSE :
STATUS:000:ACCOUNTS:223205003324501,218210027132501,223206003324501:
2019-07-03 13:56:31 - LOGIN ACCOUNTS :223205003324501,218210027132501,223206003324501
2019-07-03 13:56:34 - MENU : home
2019-07-03 13:56:34 - MENU INPUT : 1
2019-07-03 13:56:34 - UP : home
2019-07-03 13:56:34 - MENU RESPONSES : home -> 
2019-07-03 13:56:34 - DOWN : pinReset
2019-07-03 13:56:34 - DOWN MENU : O:8:"stdClass":5:{s:2:"id";s:4:"home";s:8:"response";s:144:"Reply with
1. Account Balance
2. Mini Statement
3.Funds Transfer
4. Airtime Purchase
5. Mobile Money
6. Utility Payment 
7. Change Pin
8. Logout";s:3:"map";a:7:{i:0;O:8:"stdClass":2:{s:3:"key";s:1:"1";s:4:"menu";s:15:"BalanceAccounts";}i:1;O:8:"stdClass":2:{s:3:"key";s:1:"2";s:4:"menu";s:17:"StatementAccounts";}i:2;O:8:"stdClass":2:{s:3:"key";s:1:"3";s:4:"menu";s:10:"FTAccounts";}i:3;O:8:"stdClass":2:{s:3:"key";s:1:"4";s:4:"menu";s:14:"MOBILEPROVIDER";}i:4;O:8:"stdClass":2:{s:3:"key";s:1:"5";s:4:"menu";s:5:"NewFT";}i:5;O:8:"stdClass":2:{s:3:"key";s:1:"6";s:4:"menu";s:7:"utility";}i:6;O:8:"stdClass":2:{s:3:"key";s:1:"7";s:4:"menu";s:9:"changePin";}}s:4:"type";s:7:"dynamic";s:6:"action";s:3:"con";}
2019-07-03 13:56:34 - ERROR : BalanceAccounts
2019-07-03 13:56:34 - MMMMMMM : BalanceAccounts
2019-07-03 13:56:35 - MENU : BalanceAccounts
2019-07-03 13:56:35 - MENU INPUT : 1
2019-07-03 13:56:35 - UP : BalanceAccounts
2019-07-03 13:56:35 - MENU RESPONSES : BalanceAccounts -> 
2019-07-03 13:56:35 - DOWN : pinReset
2019-07-03 13:56:35 - ERROR : BalanceAccounts
2019-07-03 13:56:35 - MMMMMMM : BalanceAccounts
2019-07-03 13:56:35 - DOWN MENU : O:8:"stdClass":5:{s:2:"id";s:15:"BalanceAccounts";s:6:"action";s:3:"con";s:8:"response";s:88:"Select bank:
1. Pride/223205003324501
2. Pride/218210027132501
3. Pride/223206003324501
";s:3:"map";a:1:{i:0;O:8:"stdClass":1:{s:4:"menu";s:14:"AccountBalance";}}s:4:"type";s:4:"form";}
2019-07-03 13:56:35 - ERROR : AccountBalance
2019-07-03 13:56:35 - MMMMMMM : AccountBalance
2019-07-03 13:56:35 - BALANCE REQUEST : FORMID:B-:MERCHANTID:BALANCE:BANKACCOUNTID:223205003324501:SHORTCODE:250:CUSTOMERID:1485941693:MOBILENUMBER:256700146817:BANKID:0017:COUNTRY:UGANDATEST:UNIQUEID:5f381fa4-7339-4467-10f1-50eda812e33e:
2019-07-03 13:56:56 - BALANCE RESPONSE : 
STATUS:091:DATA: shown
2019-07-03 13:57:28 - GET CUSTOMER REQUEST :FORMID:GETCUSTOMER:MOBILENUMBER:256700146817:SHORTCODE:250:COUNTRY:UGANDATEST:DEVICEID:256700146817250:UNIQUEID:0b572003-c2b3-2b43-3fbe-01f76bb29c0b:
2019-07-03 13:57:28 - GET CUSTOMER RESPONSE : 
STATUS:000:CUSTOMERID:1485941693:COUNTRY:UGANDATEST:FIRSTNAME:Shafique:LASTNAME:Kabali:BANKNAME:PRIDE:WELCOMEMESSAGE:Welcome to Pride Mobile Banking. Enter your PIN:LANGUAGE:EN
2019-07-03 13:57:28 - GET CUSTOMER000
2019-07-03 13:57:28 - GET CUSTOMER TIME : 3.1200885772705E-8
2019-07-03 13:57:32 - MENU : menu
2019-07-03 13:57:32 - MENU INPUT : 1234
2019-07-03 13:57:32 - LOGIN REQUEST : FORMID:LOGIN:CUSTOMERID:1485941693:MOBILENUMBER:256700146817:BANKID:0017:BANKNAME:PML:SHORTCODE:250:COUNTRY:UGANDATEST:DEVICEID:256700146817250:LOGINMPIN:1234:UNIQUEID:ac674aae-642a-9c67-fa57-7b94c66c8a54:
2019-07-03 13:57:32 - LOGIN RESPONSE :
STATUS:000:ACCOUNTS:223205003324501,218210027132501,223206003324501:
2019-07-03 13:57:32 - LOGIN ACCOUNTS :223205003324501,218210027132501,223206003324501
2019-07-03 13:57:35 - GET CUSTOMER REQUEST :FORMID:GETCUSTOMER:MOBILENUMBER:256700146817:SHORTCODE:250:COUNTRY:UGANDATEST:DEVICEID:256700146817250:UNIQUEID:48485258-bcbc-1e72-3cd3-7825b2df19c1:
2019-07-03 13:57:35 - GET CUSTOMER RESPONSE : 
STATUS:000:CUSTOMERID:1485941693:COUNTRY:UGANDATEST:FIRSTNAME:Shafique:LASTNAME:Kabali:BANKNAME:PRIDE:WELCOMEMESSAGE:Welcome to Pride Mobile Banking. Enter your PIN:LANGUAGE:EN
2019-07-03 13:57:35 - GET CUSTOMER000
2019-07-03 13:57:35 - GET CUSTOMER TIME : 3.3898115158081E-8
2019-07-03 15:59:18 - MENU : 
2019-07-03 15:59:18 - MENU INPUT : 2
2019-07-03 15:59:18 - LOGIN REQUEST : FORMID:LOGIN:CUSTOMERID::MOBILENUMBER:256700146817:BANKID:0017:BANKNAME:PML:SHORTCODE:250:COUNTRY:UGANDATEST:DEVICEID:256700146817250:LOGINMPIN:2:UNIQUEID:a860b471-72f8-a5c4-150b-0fabb021242f:
2019-07-03 15:59:19 - LOGIN RESPONSE :
STATUS:091:DATA:Invalid Login Password
2019-07-03 15:59:23 - MENU : pin
2019-07-03 15:59:23 - MENU INPUT : 1234
2019-07-03 15:59:23 - LOGIN REQUEST : FORMID:LOGIN:CUSTOMERID::MOBILENUMBER:256700146817:BANKID:0017:BANKNAME:PML:SHORTCODE:250:COUNTRY:UGANDATEST:DEVICEID:256700146817250:LOGINMPIN:1234:UNIQUEID:82ee3e78-ed40-21ed-a2d5-1f258bc10e44:
2019-07-03 15:59:23 - LOGIN RESPONSE :
STATUS:000:ACCOUNTS:223205003324501,218210027132501,223206003324501:
2019-07-03 15:59:23 - LOGIN ACCOUNTS :223205003324501,218210027132501,223206003324501
2019-07-03 15:59:28 - MENU : home
2019-07-03 15:59:28 - MENU INPUT : 2
2019-07-03 15:59:28 - UP : home
2019-07-03 15:59:28 - MENU RESPONSES : home -> 
2019-07-03 15:59:28 - DOWN : pinReset
2019-07-03 15:59:28 - DOWN MENU : O:8:"stdClass":5:{s:2:"id";s:4:"home";s:8:"response";s:144:"Reply with
1. Account Balance
2. Mini Statement
3.Funds Transfer
4. Airtime Purchase
5. Mobile Money
6. Utility Payment 
7. Change Pin
8. Logout";s:3:"map";a:7:{i:0;O:8:"stdClass":2:{s:3:"key";s:1:"1";s:4:"menu";s:15:"BalanceAccounts";}i:1;O:8:"stdClass":2:{s:3:"key";s:1:"2";s:4:"menu";s:17:"StatementAccounts";}i:2;O:8:"stdClass":2:{s:3:"key";s:1:"3";s:4:"menu";s:10:"FTAccounts";}i:3;O:8:"stdClass":2:{s:3:"key";s:1:"4";s:4:"menu";s:14:"MOBILEPROVIDER";}i:4;O:8:"stdClass":2:{s:3:"key";s:1:"5";s:4:"menu";s:5:"NewFT";}i:5;O:8:"stdClass":2:{s:3:"key";s:1:"6";s:4:"menu";s:7:"utility";}i:6;O:8:"stdClass":2:{s:3:"key";s:1:"7";s:4:"menu";s:9:"changePin";}}s:4:"type";s:7:"dynamic";s:6:"action";s:3:"con";}
2019-07-03 15:59:28 - ERROR : StatementAccounts
2019-07-03 15:59:28 - MMMMMMM : StatementAccounts
2019-07-03 15:59:37 - MENU : StatementAccounts
2019-07-03 15:59:37 - MENU INPUT : 2
2019-07-03 15:59:37 - UP : StatementAccounts
2019-07-03 15:59:37 - MENU RESPONSES : StatementAccounts -> 
2019-07-03 15:59:37 - DOWN : pinReset
2019-07-03 15:59:37 - ERROR : StatementAccounts
2019-07-03 15:59:37 - MMMMMMM : StatementAccounts
2019-07-03 15:59:37 - DOWN MENU : O:8:"stdClass":5:{s:2:"id";s:17:"StatementAccounts";s:6:"action";s:3:"con";s:8:"response";s:88:"Select Bank:
1. Pride/223205003324501
2. Pride/218210027132501
3. Pride/223206003324501
";s:3:"map";a:1:{i:0;O:8:"stdClass":1:{s:4:"menu";s:16:"AccountStatement";}}s:4:"type";s:4:"form";}
2019-07-03 15:59:37 - ERROR : AccountStatement
2019-07-03 15:59:37 - MMMMMMM : AccountStatement
2019-07-03 15:59:37 - MINISTATEMENT REQUEST : FORMID:B-:MERCHANTID:STATEMENT:BANKACCOUNTID:218210027132501:SHORTCODE:250:CUSTOMERID::MOBILENUMBER:256700146817:BANKID:0017:COUNTRY:UGANDATEST:UNIQUEID:43565fcd-1ced-6824-02a2-604c0471e005:
2019-07-03 15:59:58 - MINISTATEMENT RESPONSE : 
STATUS:091:DATA:
