2019-08-16 10:19:08 - GET CUSTOMER REQUEST :FORMID:GETCUSTOMER:MOBILENUMBER:256700146817:SHORTCODE:250:COUNTRY:UGANDATEST:DEVICEID:256700146817250:UNIQUEID:dfdce4ef-8042-93c4-de22-6156642785eb:
2019-08-16 10:19:08 - GET CUSTOMER RESPONSE : 
STATUS:000:CUSTOMERID:1485941693:COUNTRY:UGANDATEST:FIRSTNAME:Shafique:LASTNAME:Kabali:BANKNAME:PRIDE:WELCOMEMESSAGE:Welcome to Pride Mobile Banking. Enter your PIN:LANGUAGE:EN
2019-08-16 10:19:08 - GET CUSTOMER000
2019-08-16 10:19:08 - GET CUSTOMER TIME : 4.8135995864868E-8
2019-08-16 10:19:21 - MENU : menu
2019-08-16 10:19:21 - MENU INPUT : 1234
2019-08-16 10:19:21 - LOGIN REQUEST : FORMID:LOGIN:CUSTOMERID:1485941693:MOBILENUMBER:256700146817:BANKID:0017:BANKNAME:PML:SHORTCODE:250:COUNTRY:UGANDATEST:DEVICEID:256700146817250:LOGINMPIN:1234:UNIQUEID:b0ea5e8a-7169-8dfe-f849-02334b964658:
2019-08-16 10:19:21 - LOGIN RESPONSE :
STATUS:000:ACCOUNTS:218210027132501,223205003324501,223206003324501:
2019-08-16 10:19:21 - LOGIN ACCOUNTS :218210027132501,223205003324501,223206003324501
2019-08-16 15:12:41 - GET CUSTOMER REQUEST :FORMID:GETCUSTOMER:MOBILENUMBER:256700146817:SHORTCODE:250:COUNTRY:UGANDATEST:DEVICEID:256700146817250:UNIQUEID:eb2bda80-0129-7a79-24dc-6e47e7c8595b:
2019-08-16 15:12:41 - GET CUSTOMER RESPONSE : 
STATUS:000:CUSTOMERID:1485941693:COUNTRY:UGANDATEST:FIRSTNAME:Shafique:LASTNAME:Kabali:BANKNAME:PRIDE:WELCOMEMESSAGE:Welcome to Pride Mobile Banking. Enter your PIN:LANGUAGE:EN
2019-08-16 15:12:41 - GET CUSTOMER000
2019-08-16 15:12:41 - GET CUSTOMER TIME : 4.4290065765381E-8
2019-08-16 15:12:45 - MENU : menu
2019-08-16 15:12:45 - MENU INPUT : 1234
2019-08-16 15:12:45 - LOGIN REQUEST : FORMID:LOGIN:CUSTOMERID:1485941693:MOBILENUMBER:256700146817:BANKID:0017:BANKNAME:PML:SHORTCODE:250:COUNTRY:UGANDATEST:DEVICEID:256700146817250:LOGINMPIN:1234:UNIQUEID:eb50215d-9564-66c3-8a25-01c8516b573b:
2019-08-16 15:12:45 - LOGIN RESPONSE :
STATUS:000:ACCOUNTS:218210027132501,223205003324501,223206003324501:
2019-08-16 15:12:45 - LOGIN ACCOUNTS :218210027132501,223205003324501,223206003324501
2019-08-16 15:12:49 - MENU : home
2019-08-16 15:12:49 - MENU INPUT : 1
2019-08-16 15:12:49 - UP : home
2019-08-16 15:12:49 - MENU RESPONSES : home -> 
2019-08-16 15:12:49 - DOWN : pinReset
2019-08-16 15:12:49 - DOWN MENU : O:8:"stdClass":5:{s:2:"id";s:4:"home";s:8:"response";s:144:"Reply with
1. Account Balance
2. Mini Statement
3.Funds Transfer
4. Airtime Purchase
5. Mobile Money
6. Utility Payment 
7. Change Pin
8. Logout";s:3:"map";a:7:{i:0;O:8:"stdClass":2:{s:3:"key";s:1:"1";s:4:"menu";s:15:"BalanceAccounts";}i:1;O:8:"stdClass":2:{s:3:"key";s:1:"2";s:4:"menu";s:17:"StatementAccounts";}i:2;O:8:"stdClass":2:{s:3:"key";s:1:"3";s:4:"menu";s:10:"FTAccounts";}i:3;O:8:"stdClass":2:{s:3:"key";s:1:"4";s:4:"menu";s:14:"MOBILEPROVIDER";}i:4;O:8:"stdClass":2:{s:3:"key";s:1:"5";s:4:"menu";s:5:"NewFT";}i:5;O:8:"stdClass":2:{s:3:"key";s:1:"6";s:4:"menu";s:7:"utility";}i:6;O:8:"stdClass":2:{s:3:"key";s:1:"7";s:4:"menu";s:9:"changePin";}}s:4:"type";s:7:"dynamic";s:6:"action";s:3:"con";}
2019-08-16 15:12:49 - ERROR : BalanceAccounts
2019-08-16 15:12:49 - MMMMMMM : BalanceAccounts
2019-08-16 15:12:51 - MENU : BalanceAccounts
2019-08-16 15:12:51 - MENU INPUT : 1
2019-08-16 15:12:51 - UP : BalanceAccounts
2019-08-16 15:12:51 - MENU RESPONSES : BalanceAccounts -> 
2019-08-16 15:12:51 - DOWN : pinReset
2019-08-16 15:12:51 - ERROR : BalanceAccounts
2019-08-16 15:12:51 - MMMMMMM : BalanceAccounts
2019-08-16 15:12:51 - DOWN MENU : O:8:"stdClass":5:{s:2:"id";s:15:"BalanceAccounts";s:6:"action";s:3:"con";s:8:"response";s:88:"Select bank:
1. Pride/218210027132501
2. Pride/223205003324501
3. Pride/223206003324501
";s:3:"map";a:1:{i:0;O:8:"stdClass":1:{s:4:"menu";s:14:"AccountBalance";}}s:4:"type";s:4:"form";}
2019-08-16 15:12:51 - ERROR : AccountBalance
2019-08-16 15:12:51 - MMMMMMM : AccountBalance
2019-08-16 15:12:51 - BALANCE REQUEST : FORMID:B-:MERCHANTID:BALANCE:BANKACCOUNTID:218210027132501:SHORTCODE:250:CUSTOMERID:1485941693:MOBILENUMBER:256700146817:BANKID:0017:COUNTRY:UGANDATEST:UNIQUEID:9750ac23-21a4-a88a-94da-4c421fa32e9d:
2019-08-16 15:12:52 - BALANCE RESPONSE : 
STATUS:091:DATA: shown
2019-08-16 15:13:51 - GET CUSTOMER REQUEST :FORMID:GETCUSTOMER:MOBILENUMBER:256700146817:SHORTCODE:250:COUNTRY:UGANDATEST:DEVICEID:256700146817250:UNIQUEID:88e1eeaf-ef33-7fb6-96b8-119010d4a54c:
2019-08-16 15:13:51 - GET CUSTOMER RESPONSE : 
STATUS:000:CUSTOMERID:1485941693:COUNTRY:UGANDATEST:FIRSTNAME:Shafique:LASTNAME:Kabali:BANKNAME:PRIDE:WELCOMEMESSAGE:Welcome to Pride Mobile Banking. Enter your PIN:LANGUAGE:EN
2019-08-16 15:13:51 - GET CUSTOMER000
2019-08-16 15:13:51 - GET CUSTOMER TIME : 2.7979850769043E-8
2019-08-16 15:13:54 - GET CUSTOMER REQUEST :FORMID:GETCUSTOMER:MOBILENUMBER:256700146817:SHORTCODE:250:COUNTRY:UGANDATEST:DEVICEID:256700146817250:UNIQUEID:3d6b6750-666e-cb8f-f4fe-a59818914d41:
2019-08-16 15:13:54 - GET CUSTOMER RESPONSE : 
STATUS:000:CUSTOMERID:1485941693:COUNTRY:UGANDATEST:FIRSTNAME:Shafique:LASTNAME:Kabali:BANKNAME:PRIDE:WELCOMEMESSAGE:Welcome to Pride Mobile Banking. Enter your PIN:LANGUAGE:EN
2019-08-16 15:13:54 - GET CUSTOMER000
2019-08-16 15:13:54 - GET CUSTOMER TIME : 2.8213977813721E-8
2019-08-16 15:15:22 - GET CUSTOMER REQUEST :FORMID:GETCUSTOMER:MOBILENUMBER:256700146817:SHORTCODE:250:COUNTRY:UGANDATEST:DEVICEID:256700146817250:UNIQUEID:29b6fea5-ce67-1cf0-f469-aedf13894f85:
2019-08-16 15:15:22 - GET CUSTOMER RESPONSE : 
STATUS:000:CUSTOMERID:1485941693:COUNTRY:UGANDATEST:FIRSTNAME:Shafique:LASTNAME:Kabali:BANKNAME:PRIDE:WELCOMEMESSAGE:Welcome to Pride Mobile Banking. Enter your PIN:LANGUAGE:EN
2019-08-16 15:15:22 - GET CUSTOMER000
2019-08-16 15:15:22 - GET CUSTOMER TIME : 3.5514116287231E-8
2019-08-16 15:15:25 - MENU : menu
2019-08-16 15:15:25 - MENU INPUT : 1234
2019-08-16 15:15:25 - LOGIN REQUEST : FORMID:LOGIN:CUSTOMERID:1485941693:MOBILENUMBER:256700146817:BANKID:0017:BANKNAME:PML:SHORTCODE:250:COUNTRY:UGANDATEST:DEVICEID:256700146817250:LOGINMPIN:1234:UNIQUEID:df90d91b-cd32-955d-492c-6555b4c15415:
2019-08-16 15:15:25 - LOGIN RESPONSE :
STATUS:000:ACCOUNTS:218210027132501,223205003324501,223206003324501:
2019-08-16 15:15:25 - LOGIN ACCOUNTS :218210027132501,223205003324501,223206003324501
2019-08-16 15:15:27 - MENU : home
2019-08-16 15:15:27 - MENU INPUT : 1
2019-08-16 15:15:27 - UP : home
2019-08-16 15:15:27 - MENU RESPONSES : home -> 
2019-08-16 15:15:27 - DOWN : pinReset
2019-08-16 15:15:27 - DOWN MENU : O:8:"stdClass":5:{s:2:"id";s:4:"home";s:8:"response";s:144:"Reply with
1. Account Balance
2. Mini Statement
3.Funds Transfer
4. Airtime Purchase
5. Mobile Money
6. Utility Payment 
7. Change Pin
8. Logout";s:3:"map";a:7:{i:0;O:8:"stdClass":2:{s:3:"key";s:1:"1";s:4:"menu";s:15:"BalanceAccounts";}i:1;O:8:"stdClass":2:{s:3:"key";s:1:"2";s:4:"menu";s:17:"StatementAccounts";}i:2;O:8:"stdClass":2:{s:3:"key";s:1:"3";s:4:"menu";s:10:"FTAccounts";}i:3;O:8:"stdClass":2:{s:3:"key";s:1:"4";s:4:"menu";s:14:"MOBILEPROVIDER";}i:4;O:8:"stdClass":2:{s:3:"key";s:1:"5";s:4:"menu";s:5:"NewFT";}i:5;O:8:"stdClass":2:{s:3:"key";s:1:"6";s:4:"menu";s:7:"utility";}i:6;O:8:"stdClass":2:{s:3:"key";s:1:"7";s:4:"menu";s:9:"changePin";}}s:4:"type";s:7:"dynamic";s:6:"action";s:3:"con";}
2019-08-16 15:15:27 - ERROR : BalanceAccounts
2019-08-16 15:15:27 - MMMMMMM : BalanceAccounts
2019-08-16 15:15:29 - MENU : BalanceAccounts
2019-08-16 15:15:29 - MENU INPUT : 1
2019-08-16 15:15:29 - UP : BalanceAccounts
2019-08-16 15:15:29 - MENU RESPONSES : BalanceAccounts -> 
2019-08-16 15:15:29 - DOWN : pinReset
2019-08-16 15:15:29 - ERROR : BalanceAccounts
2019-08-16 15:15:29 - MMMMMMM : BalanceAccounts
2019-08-16 15:15:29 - DOWN MENU : O:8:"stdClass":5:{s:2:"id";s:15:"BalanceAccounts";s:6:"action";s:3:"con";s:8:"response";s:88:"Select bank:
1. Pride/218210027132501
2. Pride/223205003324501
3. Pride/223206003324501
";s:3:"map";a:1:{i:0;O:8:"stdClass":1:{s:4:"menu";s:14:"AccountBalance";}}s:4:"type";s:4:"form";}
2019-08-16 15:15:29 - ERROR : AccountBalance
2019-08-16 15:15:29 - MMMMMMM : AccountBalance
2019-08-16 15:15:29 - BALANCE REQUEST : FORMID:B-:MERCHANTID:BALANCE:BANKACCOUNTID:218210027132501:SHORTCODE:250:CUSTOMERID:1485941693:MOBILENUMBER:256700146817:BANKID:0017:COUNTRY:UGANDATEST:UNIQUEID:72e58d3a-e147-7e1b-dde8-4e7499eed700:
2019-08-16 15:15:30 - BALANCE RESPONSE : 
STATUS:091:DATA: shown
2019-08-16 15:25:37 - GET CUSTOMER REQUEST :FORMID:GETCUSTOMER:MOBILENUMBER:256700146817:SHORTCODE:250:COUNTRY:UGANDATEST:DEVICEID:256700146817250:UNIQUEID:221adce6-2e4c-d8fe-056a-68eb37453470:
2019-08-16 15:25:37 - GET CUSTOMER RESPONSE : 
STATUS:000:CUSTOMERID:1485941693:COUNTRY:UGANDATEST:FIRSTNAME:Shafique:LASTNAME:Kabali:BANKNAME:PRIDE:WELCOMEMESSAGE:Welcome to Pride Mobile Banking. Enter your PIN:LANGUAGE:EN
2019-08-16 15:25:37 - GET CUSTOMER000
2019-08-16 15:25:37 - GET CUSTOMER TIME : 2.5425910949707E-8
2019-08-16 15:25:39 - GET CUSTOMER REQUEST :FORMID:GETCUSTOMER:MOBILENUMBER:256700146817:SHORTCODE:250:COUNTRY:UGANDATEST:DEVICEID:256700146817250:UNIQUEID:4b10e600-0e02-b4f8-6d27-b507b2dcd2ff:
2019-08-16 15:25:39 - GET CUSTOMER RESPONSE : 
STATUS:000:CUSTOMERID:1485941693:COUNTRY:UGANDATEST:FIRSTNAME:Shafique:LASTNAME:Kabali:BANKNAME:PRIDE:WELCOMEMESSAGE:Welcome to Pride Mobile Banking. Enter your PIN:LANGUAGE:EN
2019-08-16 15:25:39 - GET CUSTOMER000
2019-08-16 15:25:39 - GET CUSTOMER TIME : 2.3063898086548E-8
2019-08-16 15:25:42 - MENU : menu
2019-08-16 15:25:42 - MENU INPUT : 1234
2019-08-16 15:25:42 - LOGIN REQUEST : FORMID:LOGIN:CUSTOMERID:1485941693:MOBILENUMBER:256700146817:BANKID:0017:BANKNAME:PML:SHORTCODE:250:COUNTRY:UGANDATEST:DEVICEID:256700146817250:LOGINMPIN:1234:UNIQUEID:865d906f-a219-393d-ba47-ae8c4b462f9a:
2019-08-16 15:25:42 - LOGIN RESPONSE :
STATUS:000:ACCOUNTS:218210027132501,223205003324501,223206003324501:
2019-08-16 15:25:42 - LOGIN ACCOUNTS :218210027132501,223205003324501,223206003324501
2019-08-16 15:25:46 - MENU : home
2019-08-16 15:25:46 - MENU INPUT : 1
2019-08-16 15:25:46 - UP : home
2019-08-16 15:25:46 - MENU RESPONSES : home -> 
2019-08-16 15:25:46 - DOWN : pinReset
2019-08-16 15:25:46 - DOWN MENU : O:8:"stdClass":5:{s:2:"id";s:4:"home";s:8:"response";s:144:"Reply with
1. Account Balance
2. Mini Statement
3.Funds Transfer
4. Airtime Purchase
5. Mobile Money
6. Utility Payment 
7. Change Pin
8. Logout";s:3:"map";a:7:{i:0;O:8:"stdClass":2:{s:3:"key";s:1:"1";s:4:"menu";s:15:"BalanceAccounts";}i:1;O:8:"stdClass":2:{s:3:"key";s:1:"2";s:4:"menu";s:17:"StatementAccounts";}i:2;O:8:"stdClass":2:{s:3:"key";s:1:"3";s:4:"menu";s:10:"FTAccounts";}i:3;O:8:"stdClass":2:{s:3:"key";s:1:"4";s:4:"menu";s:14:"MOBILEPROVIDER";}i:4;O:8:"stdClass":2:{s:3:"key";s:1:"5";s:4:"menu";s:5:"NewFT";}i:5;O:8:"stdClass":2:{s:3:"key";s:1:"6";s:4:"menu";s:7:"utility";}i:6;O:8:"stdClass":2:{s:3:"key";s:1:"7";s:4:"menu";s:9:"changePin";}}s:4:"type";s:7:"dynamic";s:6:"action";s:3:"con";}
2019-08-16 15:25:46 - ERROR : BalanceAccounts
2019-08-16 15:25:46 - MMMMMMM : BalanceAccounts
2019-08-16 15:25:48 - MENU : BalanceAccounts
2019-08-16 15:25:48 - MENU INPUT : 1
2019-08-16 15:25:48 - UP : BalanceAccounts
2019-08-16 15:25:48 - MENU RESPONSES : BalanceAccounts -> 
2019-08-16 15:25:48 - DOWN : pinReset
2019-08-16 15:25:48 - ERROR : BalanceAccounts
2019-08-16 15:25:48 - MMMMMMM : BalanceAccounts
2019-08-16 15:25:48 - DOWN MENU : O:8:"stdClass":5:{s:2:"id";s:15:"BalanceAccounts";s:6:"action";s:3:"con";s:8:"response";s:88:"Select bank:
1. Pride/218210027132501
2. Pride/223205003324501
3. Pride/223206003324501
";s:3:"map";a:1:{i:0;O:8:"stdClass":1:{s:4:"menu";s:14:"AccountBalance";}}s:4:"type";s:4:"form";}
2019-08-16 15:25:48 - ERROR : AccountBalance
2019-08-16 15:25:48 - MMMMMMM : AccountBalance
2019-08-16 15:25:48 - BALANCE REQUEST : FORMID:B-:MERCHANTID:BALANCE:BANKACCOUNTID:218210027132501:SHORTCODE:250:CUSTOMERID:1485941693:MOBILENUMBER:256700146817:BANKID:0017:COUNTRY:UGANDATEST:UNIQUEID:4224bcca-25d7-7edb-dbda-f646c17dd845:
2019-08-16 15:25:51 - BALANCE RESPONSE : 
STATUS:091:DATA: shown
2019-08-16 15:38:02 - GET CUSTOMER REQUEST :FORMID:GETCUSTOMER:MOBILENUMBER:256700146817:SHORTCODE:250:COUNTRY:UGANDATEST:DEVICEID:256700146817250:UNIQUEID:0a1ae131-5ece-03f7-e33b-23234d28606c:
2019-08-16 15:38:02 - GET CUSTOMER RESPONSE : 
STATUS:000:CUSTOMERID:1485941693:COUNTRY:UGANDATEST:FIRSTNAME:Shafique:LASTNAME:Kabali:BANKNAME:PRIDE:WELCOMEMESSAGE:Welcome to Pride Mobile Banking. Enter your PIN:LANGUAGE:EN
2019-08-16 15:38:02 - GET CUSTOMER000
2019-08-16 15:38:02 - GET CUSTOMER TIME : 4.4631004333496E-8
2019-08-16 15:38:04 - GET CUSTOMER REQUEST :FORMID:GETCUSTOMER:MOBILENUMBER:256700146817:SHORTCODE:250:COUNTRY:UGANDATEST:DEVICEID:256700146817250:UNIQUEID:c9162758-20bb-7e2d-fae9-bf493a2c21d0:
2019-08-16 15:38:04 - GET CUSTOMER RESPONSE : 
STATUS:000:CUSTOMERID:1485941693:COUNTRY:UGANDATEST:FIRSTNAME:Shafique:LASTNAME:Kabali:BANKNAME:PRIDE:WELCOMEMESSAGE:Welcome to Pride Mobile Banking. Enter your PIN:LANGUAGE:EN
2019-08-16 15:38:04 - GET CUSTOMER000
2019-08-16 15:38:04 - GET CUSTOMER TIME : 2.1318912506104E-8
2019-08-16 15:38:07 - MENU : menu
2019-08-16 15:38:07 - MENU INPUT : 1234
2019-08-16 15:38:07 - LOGIN REQUEST : FORMID:LOGIN:CUSTOMERID:1485941693:MOBILENUMBER:256700146817:BANKID:0017:BANKNAME:PML:SHORTCODE:250:COUNTRY:UGANDATEST:DEVICEID:256700146817250:LOGINMPIN:1234:UNIQUEID:f6004538-f64d-2335-594a-75bd5fc5bbbd:
2019-08-16 15:38:07 - LOGIN RESPONSE :
STATUS:000:ACCOUNTS:218210027132501,223205003324501,223206003324501:
2019-08-16 15:38:07 - LOGIN ACCOUNTS :218210027132501,223205003324501,223206003324501
2019-08-16 15:38:10 - MENU : home
2019-08-16 15:38:10 - MENU INPUT : 1
2019-08-16 15:38:10 - UP : home
2019-08-16 15:38:10 - MENU RESPONSES : home -> 
2019-08-16 15:38:10 - DOWN : pinReset
2019-08-16 15:38:10 - DOWN MENU : O:8:"stdClass":5:{s:2:"id";s:4:"home";s:8:"response";s:144:"Reply with
1. Account Balance
2. Mini Statement
3.Funds Transfer
4. Airtime Purchase
5. Mobile Money
6. Utility Payment 
7. Change Pin
8. Logout";s:3:"map";a:7:{i:0;O:8:"stdClass":2:{s:3:"key";s:1:"1";s:4:"menu";s:15:"BalanceAccounts";}i:1;O:8:"stdClass":2:{s:3:"key";s:1:"2";s:4:"menu";s:17:"StatementAccounts";}i:2;O:8:"stdClass":2:{s:3:"key";s:1:"3";s:4:"menu";s:10:"FTAccounts";}i:3;O:8:"stdClass":2:{s:3:"key";s:1:"4";s:4:"menu";s:14:"MOBILEPROVIDER";}i:4;O:8:"stdClass":2:{s:3:"key";s:1:"5";s:4:"menu";s:5:"NewFT";}i:5;O:8:"stdClass":2:{s:3:"key";s:1:"6";s:4:"menu";s:7:"utility";}i:6;O:8:"stdClass":2:{s:3:"key";s:1:"7";s:4:"menu";s:9:"changePin";}}s:4:"type";s:7:"dynamic";s:6:"action";s:3:"con";}
2019-08-16 15:38:10 - ERROR : BalanceAccounts
2019-08-16 15:38:10 - MMMMMMM : BalanceAccounts
2019-08-16 15:38:11 - MENU : BalanceAccounts
2019-08-16 15:38:11 - MENU INPUT : 1
2019-08-16 15:38:11 - UP : BalanceAccounts
2019-08-16 15:38:11 - MENU RESPONSES : BalanceAccounts -> 
2019-08-16 15:38:11 - DOWN : pinReset
2019-08-16 15:38:11 - ERROR : BalanceAccounts
2019-08-16 15:38:11 - MMMMMMM : BalanceAccounts
2019-08-16 15:38:11 - DOWN MENU : O:8:"stdClass":5:{s:2:"id";s:15:"BalanceAccounts";s:6:"action";s:3:"con";s:8:"response";s:88:"Select bank:
1. Pride/218210027132501
2. Pride/223205003324501
3. Pride/223206003324501
";s:3:"map";a:1:{i:0;O:8:"stdClass":1:{s:4:"menu";s:14:"AccountBalance";}}s:4:"type";s:4:"form";}
2019-08-16 15:38:11 - ERROR : AccountBalance
2019-08-16 15:38:11 - MMMMMMM : AccountBalance
2019-08-16 15:38:11 - BALANCE REQUEST : FORMID:B-:MERCHANTID:BALANCE:BANKACCOUNTID:218210027132501:SHORTCODE:250:CUSTOMERID:1485941693:MOBILENUMBER:256700146817:BANKID:0017:COUNTRY:UGANDATEST:UNIQUEID:dc2c3f0c-3f9b-898b-4357-7e6f87230e8c:
2019-08-16 15:38:13 - BALANCE RESPONSE : 
STATUS:091:DATA: shown
2019-08-16 15:42:14 - GET CUSTOMER REQUEST :FORMID:GETCUSTOMER:MOBILENUMBER:256700146817:SHORTCODE:250:COUNTRY:UGANDATEST:DEVICEID:256700146817250:UNIQUEID:6d4cdc4a-20f4-1efa-6663-d706d9766762:
2019-08-16 15:42:14 - GET CUSTOMER RESPONSE : 
STATUS:000:CUSTOMERID:1485941693:COUNTRY:UGANDATEST:FIRSTNAME:Shafique:LASTNAME:Kabali:BANKNAME:PRIDE:WELCOMEMESSAGE:Welcome to Pride Mobile Banking. Enter your PIN:LANGUAGE:EN
2019-08-16 15:42:14 - GET CUSTOMER000
2019-08-16 15:42:14 - GET CUSTOMER TIME : 4.3450832366943E-8
2019-08-16 15:42:16 - GET CUSTOMER REQUEST :FORMID:GETCUSTOMER:MOBILENUMBER:256700146817:SHORTCODE:250:COUNTRY:UGANDATEST:DEVICEID:256700146817250:UNIQUEID:e4b1fc54-5515-374e-68b0-96a9371cd160:
2019-08-16 15:42:16 - GET CUSTOMER RESPONSE : 
STATUS:000:CUSTOMERID:1485941693:COUNTRY:UGANDATEST:FIRSTNAME:Shafique:LASTNAME:Kabali:BANKNAME:PRIDE:WELCOMEMESSAGE:Welcome to Pride Mobile Banking. Enter your PIN:LANGUAGE:EN
2019-08-16 15:42:16 - GET CUSTOMER000
2019-08-16 15:42:16 - GET CUSTOMER TIME : 3.6304950714111E-8
2019-08-16 15:42:18 - MENU : menu
2019-08-16 15:42:18 - MENU INPUT : 1234
2019-08-16 15:42:18 - LOGIN REQUEST : FORMID:LOGIN:CUSTOMERID:1485941693:MOBILENUMBER:256700146817:BANKID:0017:BANKNAME:PML:SHORTCODE:250:COUNTRY:UGANDATEST:DEVICEID:256700146817250:LOGINMPIN:1234:UNIQUEID:51c80400-7d91-bb73-2f6a-49658c7ad914:
2019-08-16 15:42:18 - LOGIN RESPONSE :
STATUS:000:ACCOUNTS:218210027132501,223205003324501,223206003324501:
2019-08-16 15:42:18 - LOGIN ACCOUNTS :218210027132501,223205003324501,223206003324501
2019-08-16 15:42:21 - MENU : home
2019-08-16 15:42:21 - MENU INPUT : 1
2019-08-16 15:42:21 - UP : home
2019-08-16 15:42:21 - MENU RESPONSES : home -> 
2019-08-16 15:42:21 - DOWN : pinReset
2019-08-16 15:42:21 - DOWN MENU : O:8:"stdClass":5:{s:2:"id";s:4:"home";s:8:"response";s:144:"Reply with
1. Account Balance
2. Mini Statement
3.Funds Transfer
4. Airtime Purchase
5. Mobile Money
6. Utility Payment 
7. Change Pin
8. Logout";s:3:"map";a:7:{i:0;O:8:"stdClass":2:{s:3:"key";s:1:"1";s:4:"menu";s:15:"BalanceAccounts";}i:1;O:8:"stdClass":2:{s:3:"key";s:1:"2";s:4:"menu";s:17:"StatementAccounts";}i:2;O:8:"stdClass":2:{s:3:"key";s:1:"3";s:4:"menu";s:10:"FTAccounts";}i:3;O:8:"stdClass":2:{s:3:"key";s:1:"4";s:4:"menu";s:14:"MOBILEPROVIDER";}i:4;O:8:"stdClass":2:{s:3:"key";s:1:"5";s:4:"menu";s:5:"NewFT";}i:5;O:8:"stdClass":2:{s:3:"key";s:1:"6";s:4:"menu";s:7:"utility";}i:6;O:8:"stdClass":2:{s:3:"key";s:1:"7";s:4:"menu";s:9:"changePin";}}s:4:"type";s:7:"dynamic";s:6:"action";s:3:"con";}
2019-08-16 15:42:21 - ERROR : BalanceAccounts
2019-08-16 15:42:21 - MMMMMMM : BalanceAccounts
2019-08-16 15:42:22 - MENU : BalanceAccounts
2019-08-16 15:42:22 - MENU INPUT : 1
2019-08-16 15:42:22 - UP : BalanceAccounts
2019-08-16 15:42:22 - MENU RESPONSES : BalanceAccounts -> 
2019-08-16 15:42:22 - DOWN : pinReset
2019-08-16 15:42:22 - ERROR : BalanceAccounts
2019-08-16 15:42:22 - MMMMMMM : BalanceAccounts
2019-08-16 15:42:22 - DOWN MENU : O:8:"stdClass":5:{s:2:"id";s:15:"BalanceAccounts";s:6:"action";s:3:"con";s:8:"response";s:88:"Select bank:
1. Pride/218210027132501
2. Pride/223205003324501
3. Pride/223206003324501
";s:3:"map";a:1:{i:0;O:8:"stdClass":1:{s:4:"menu";s:14:"AccountBalance";}}s:4:"type";s:4:"form";}
2019-08-16 15:42:22 - ERROR : AccountBalance
2019-08-16 15:42:22 - MMMMMMM : AccountBalance
2019-08-16 15:42:22 - BALANCE REQUEST : FORMID:B-:MERCHANTID:BALANCE:BANKACCOUNTID:218210027132501:SHORTCODE:250:CUSTOMERID:1485941693:MOBILENUMBER:256700146817:BANKID:0017:COUNTRY:UGANDATEST:UNIQUEID:c117678f-3a1b-695e-5adf-5ff732a5de82:
2019-08-16 15:42:24 - BALANCE RESPONSE : 
STATUS:091:DATA: shown
2019-08-16 15:43:19 - GET CUSTOMER REQUEST :FORMID:GETCUSTOMER:MOBILENUMBER:256700146817:SHORTCODE:250:COUNTRY:UGANDATEST:DEVICEID:256700146817250:UNIQUEID:880701c7-948b-ac18-127b-cae430feee4e:
2019-08-16 15:43:19 - GET CUSTOMER RESPONSE : 
STATUS:000:CUSTOMERID:1485941693:COUNTRY:UGANDATEST:FIRSTNAME:Shafique:LASTNAME:Kabali:BANKNAME:PRIDE:WELCOMEMESSAGE:Welcome to Pride Mobile Banking. Enter your PIN:LANGUAGE:EN
2019-08-16 15:43:19 - GET CUSTOMER000
2019-08-16 15:43:19 - GET CUSTOMER TIME : 3.2528877258301E-8
2019-08-16 15:43:21 - GET CUSTOMER REQUEST :FORMID:GETCUSTOMER:MOBILENUMBER:256700146817:SHORTCODE:250:COUNTRY:UGANDATEST:DEVICEID:256700146817250:UNIQUEID:ea70328d-0b48-bf76-8b78-6004df732d53:
2019-08-16 15:43:22 - GET CUSTOMER RESPONSE : 
STATUS:000:CUSTOMERID:1485941693:COUNTRY:UGANDATEST:FIRSTNAME:Shafique:LASTNAME:Kabali:BANKNAME:PRIDE:WELCOMEMESSAGE:Welcome to Pride Mobile Banking. Enter your PIN:LANGUAGE:EN
2019-08-16 15:43:22 - GET CUSTOMER000
2019-08-16 15:43:22 - GET CUSTOMER TIME : 2.9375076293945E-8
2019-08-16 15:43:26 - MENU : menu
2019-08-16 15:43:26 - MENU INPUT : 1234
2019-08-16 15:43:26 - LOGIN REQUEST : FORMID:LOGIN:CUSTOMERID:1485941693:MOBILENUMBER:256700146817:BANKID:0017:BANKNAME:PML:SHORTCODE:250:COUNTRY:UGANDATEST:DEVICEID:256700146817250:LOGINMPIN:1234:UNIQUEID:0e87d59e-d065-e0c9-c450-dc3c526cb3ae:
2019-08-16 15:43:26 - LOGIN RESPONSE :
STATUS:000:ACCOUNTS:218210027132501,223205003324501,223206003324501:
2019-08-16 15:43:26 - LOGIN ACCOUNTS :218210027132501,223205003324501,223206003324501
2019-08-16 15:43:30 - MENU : home
2019-08-16 15:43:30 - MENU INPUT : 1
2019-08-16 15:43:30 - UP : home
2019-08-16 15:43:30 - MENU RESPONSES : home -> 
2019-08-16 15:43:30 - DOWN : pinReset
2019-08-16 15:43:30 - DOWN MENU : O:8:"stdClass":5:{s:2:"id";s:4:"home";s:8:"response";s:144:"Reply with
1. Account Balance
2. Mini Statement
3.Funds Transfer
4. Airtime Purchase
5. Mobile Money
6. Utility Payment 
7. Change Pin
8. Logout";s:3:"map";a:7:{i:0;O:8:"stdClass":2:{s:3:"key";s:1:"1";s:4:"menu";s:15:"BalanceAccounts";}i:1;O:8:"stdClass":2:{s:3:"key";s:1:"2";s:4:"menu";s:17:"StatementAccounts";}i:2;O:8:"stdClass":2:{s:3:"key";s:1:"3";s:4:"menu";s:10:"FTAccounts";}i:3;O:8:"stdClass":2:{s:3:"key";s:1:"4";s:4:"menu";s:14:"MOBILEPROVIDER";}i:4;O:8:"stdClass":2:{s:3:"key";s:1:"5";s:4:"menu";s:5:"NewFT";}i:5;O:8:"stdClass":2:{s:3:"key";s:1:"6";s:4:"menu";s:7:"utility";}i:6;O:8:"stdClass":2:{s:3:"key";s:1:"7";s:4:"menu";s:9:"changePin";}}s:4:"type";s:7:"dynamic";s:6:"action";s:3:"con";}
2019-08-16 15:43:30 - ERROR : BalanceAccounts
2019-08-16 15:43:30 - MMMMMMM : BalanceAccounts
2019-08-16 15:43:32 - MENU : BalanceAccounts
2019-08-16 15:43:32 - MENU INPUT : 1
2019-08-16 15:43:32 - UP : BalanceAccounts
2019-08-16 15:43:32 - MENU RESPONSES : BalanceAccounts -> 
2019-08-16 15:43:32 - DOWN : pinReset
2019-08-16 15:43:32 - ERROR : BalanceAccounts
2019-08-16 15:43:32 - MMMMMMM : BalanceAccounts
2019-08-16 15:43:32 - DOWN MENU : O:8:"stdClass":5:{s:2:"id";s:15:"BalanceAccounts";s:6:"action";s:3:"con";s:8:"response";s:88:"Select bank:
1. Pride/218210027132501
2. Pride/223205003324501
3. Pride/223206003324501
";s:3:"map";a:1:{i:0;O:8:"stdClass":1:{s:4:"menu";s:14:"AccountBalance";}}s:4:"type";s:4:"form";}
2019-08-16 15:43:32 - ERROR : AccountBalance
2019-08-16 15:43:32 - MMMMMMM : AccountBalance
2019-08-16 15:43:32 - BALANCE REQUEST : FORMID:B-:MERCHANTID:BALANCE:BANKACCOUNTID:218210027132501:SHORTCODE:250:CUSTOMERID:1485941693:MOBILENUMBER:256700146817:BANKID:0017:COUNTRY:UGANDATEST:UNIQUEID:fb5b921f-c97a-3766-2641-47e4eb7278e9:
2019-08-16 15:43:34 - BALANCE RESPONSE : 
STATUS:091:DATA: shown
2019-08-16 16:08:35 - GET CUSTOMER REQUEST :FORMID:GETCUSTOMER:MOBILENUMBER:256700146817:SHORTCODE:250:COUNTRY:UGANDATEST:DEVICEID:256700146817250:UNIQUEID:9b084156-c4ff-f718-2655-0f8bbc062620:
2019-08-16 16:08:35 - GET CUSTOMER RESPONSE : 
STATUS:000:CUSTOMERID:1485941693:COUNTRY:UGANDATEST:FIRSTNAME:Shafique:LASTNAME:Kabali:BANKNAME:PRIDE:WELCOMEMESSAGE:Welcome to Pride Mobile Banking. Enter your PIN:LANGUAGE:EN
2019-08-16 16:08:35 - GET CUSTOMER000
2019-08-16 16:08:35 - GET CUSTOMER TIME : 4.7358989715576E-8
2019-08-16 16:09:02 - GET CUSTOMER REQUEST :FORMID:GETCUSTOMER:MOBILENUMBER:256700146817:SHORTCODE:250:COUNTRY:UGANDATEST:DEVICEID:256700146817250:UNIQUEID:ab3b6fc2-dcfe-e180-0708-569f5553d604:
2019-08-16 16:09:02 - GET CUSTOMER RESPONSE : 
STATUS:000:CUSTOMERID:1485941693:COUNTRY:UGANDATEST:FIRSTNAME:Shafique:LASTNAME:Kabali:BANKNAME:PRIDE:WELCOMEMESSAGE:Welcome to Pride Mobile Banking. Enter your PIN:LANGUAGE:EN
2019-08-16 16:09:02 - GET CUSTOMER000
2019-08-16 16:09:02 - GET CUSTOMER TIME : 3.912091255188E-8
2019-08-16 16:09:06 - MENU : menu
2019-08-16 16:09:06 - MENU INPUT : 1234
2019-08-16 16:09:06 - LOGIN REQUEST : FORMID:LOGIN:CUSTOMERID:1485941693:MOBILENUMBER:256700146817:BANKID:0017:BANKNAME:PML:SHORTCODE:250:COUNTRY:UGANDATEST:DEVICEID:256700146817250:LOGINMPIN:1234:UNIQUEID:13573218-026f-edaa-fb00-220ba1a6a13f:
2019-08-16 16:09:06 - LOGIN RESPONSE :
STATUS:000:ACCOUNTS:218210027132501,223205003324501,223206003324501:
2019-08-16 16:09:06 - LOGIN ACCOUNTS :218210027132501,223205003324501,223206003324501
2019-08-16 16:09:09 - MENU : home
2019-08-16 16:09:09 - MENU INPUT : 1
2019-08-16 16:09:09 - UP : home
2019-08-16 16:09:09 - MENU RESPONSES : home -> 
2019-08-16 16:09:09 - DOWN : pinReset
2019-08-16 16:09:09 - DOWN MENU : O:8:"stdClass":5:{s:2:"id";s:4:"home";s:8:"response";s:144:"Reply with
1. Account Balance
2. Mini Statement
3.Funds Transfer
4. Airtime Purchase
5. Mobile Money
6. Utility Payment 
7. Change Pin
8. Logout";s:3:"map";a:7:{i:0;O:8:"stdClass":2:{s:3:"key";s:1:"1";s:4:"menu";s:15:"BalanceAccounts";}i:1;O:8:"stdClass":2:{s:3:"key";s:1:"2";s:4:"menu";s:17:"StatementAccounts";}i:2;O:8:"stdClass":2:{s:3:"key";s:1:"3";s:4:"menu";s:10:"FTAccounts";}i:3;O:8:"stdClass":2:{s:3:"key";s:1:"4";s:4:"menu";s:14:"MOBILEPROVIDER";}i:4;O:8:"stdClass":2:{s:3:"key";s:1:"5";s:4:"menu";s:5:"NewFT";}i:5;O:8:"stdClass":2:{s:3:"key";s:1:"6";s:4:"menu";s:7:"utility";}i:6;O:8:"stdClass":2:{s:3:"key";s:1:"7";s:4:"menu";s:9:"changePin";}}s:4:"type";s:7:"dynamic";s:6:"action";s:3:"con";}
2019-08-16 16:09:09 - ERROR : BalanceAccounts
2019-08-16 16:09:09 - MMMMMMM : BalanceAccounts
2019-08-16 16:09:11 - MENU : BalanceAccounts
2019-08-16 16:09:11 - MENU INPUT : 1
2019-08-16 16:09:11 - UP : BalanceAccounts
2019-08-16 16:09:11 - MENU RESPONSES : BalanceAccounts -> 
2019-08-16 16:09:11 - DOWN : pinReset
2019-08-16 16:09:11 - ERROR : BalanceAccounts
2019-08-16 16:09:11 - MMMMMMM : BalanceAccounts
2019-08-16 16:09:11 - DOWN MENU : O:8:"stdClass":5:{s:2:"id";s:15:"BalanceAccounts";s:6:"action";s:3:"con";s:8:"response";s:88:"Select bank:
1. Pride/218210027132501
2. Pride/223205003324501
3. Pride/223206003324501
";s:3:"map";a:1:{i:0;O:8:"stdClass":1:{s:4:"menu";s:14:"AccountBalance";}}s:4:"type";s:4:"form";}
2019-08-16 16:09:11 - ERROR : AccountBalance
2019-08-16 16:09:11 - MMMMMMM : AccountBalance
2019-08-16 16:09:11 - BALANCE REQUEST : FORMID:B-:MERCHANTID:BALANCE:BANKACCOUNTID:218210027132501:SHORTCODE:250:CUSTOMERID:1485941693:MOBILENUMBER:256700146817:BANKID:0017:COUNTRY:UGANDATEST:UNIQUEID:7442cb75-5980-8fcd-5a4e-12e6a2fa318d:
2019-08-16 16:09:12 - BALANCE RESPONSE : 
STATUS:091:DATA: shown
2019-08-16 16:55:08 - GET CUSTOMER REQUEST :FORMID:GETCUSTOMER:MOBILENUMBER:256700146817:SHORTCODE:250:COUNTRY:UGANDATEST:DEVICEID:256700146817250:UNIQUEID:dcc32bf4-c8a4-63ce-b3f1-53ca80c74a1c:
2019-08-16 16:55:08 - GET CUSTOMER RESPONSE : 
STATUS:000:CUSTOMERID:1485941693:COUNTRY:UGANDATEST:FIRSTNAME:Shafique:LASTNAME:Kabali:BANKNAME:PRIDE:WELCOMEMESSAGE:Welcome to Pride Mobile Banking. Enter your PIN:LANGUAGE:EN
2019-08-16 16:55:08 - GET CUSTOMER000
2019-08-16 16:55:08 - GET CUSTOMER TIME : 3.2206058502197E-8
2019-08-16 16:55:11 - MENU : menu
2019-08-16 16:55:11 - MENU INPUT : 1234
2019-08-16 16:55:11 - LOGIN REQUEST : FORMID:LOGIN:CUSTOMERID:1485941693:MOBILENUMBER:256700146817:BANKID:0017:BANKNAME:PML:SHORTCODE:250:COUNTRY:UGANDATEST:DEVICEID:256700146817250:LOGINMPIN:1234:UNIQUEID:60db7362-de96-9be6-6558-abb9ccd519df:
2019-08-16 16:55:11 - LOGIN RESPONSE :
STATUS:000:ACCOUNTS:218210027132501,223205003324501,223206003324501:
2019-08-16 16:55:11 - LOGIN ACCOUNTS :218210027132501,223205003324501,223206003324501
2019-08-16 16:55:14 - MENU : home
2019-08-16 16:55:14 - MENU INPUT : 1
2019-08-16 16:55:14 - UP : home
2019-08-16 16:55:14 - MENU RESPONSES : home -> 
2019-08-16 16:55:14 - DOWN : pinReset
2019-08-16 16:55:14 - DOWN MENU : O:8:"stdClass":5:{s:2:"id";s:4:"home";s:8:"response";s:144:"Reply with
1. Account Balance
2. Mini Statement
3.Funds Transfer
4. Airtime Purchase
5. Mobile Money
6. Utility Payment 
7. Change Pin
8. Logout";s:3:"map";a:7:{i:0;O:8:"stdClass":2:{s:3:"key";s:1:"1";s:4:"menu";s:15:"BalanceAccounts";}i:1;O:8:"stdClass":2:{s:3:"key";s:1:"2";s:4:"menu";s:17:"StatementAccounts";}i:2;O:8:"stdClass":2:{s:3:"key";s:1:"3";s:4:"menu";s:10:"FTAccounts";}i:3;O:8:"stdClass":2:{s:3:"key";s:1:"4";s:4:"menu";s:14:"MOBILEPROVIDER";}i:4;O:8:"stdClass":2:{s:3:"key";s:1:"5";s:4:"menu";s:5:"NewFT";}i:5;O:8:"stdClass":2:{s:3:"key";s:1:"6";s:4:"menu";s:7:"utility";}i:6;O:8:"stdClass":2:{s:3:"key";s:1:"7";s:4:"menu";s:9:"changePin";}}s:4:"type";s:7:"dynamic";s:6:"action";s:3:"con";}
2019-08-16 16:55:14 - ERROR : BalanceAccounts
2019-08-16 16:55:14 - MMMMMMM : BalanceAccounts
2019-08-16 16:55:15 - MENU : BalanceAccounts
2019-08-16 16:55:15 - MENU INPUT : 1
2019-08-16 16:55:15 - UP : BalanceAccounts
2019-08-16 16:55:15 - MENU RESPONSES : BalanceAccounts -> 
2019-08-16 16:55:15 - DOWN : pinReset
2019-08-16 16:55:15 - ERROR : BalanceAccounts
2019-08-16 16:55:15 - MMMMMMM : BalanceAccounts
2019-08-16 16:55:15 - DOWN MENU : O:8:"stdClass":5:{s:2:"id";s:15:"BalanceAccounts";s:6:"action";s:3:"con";s:8:"response";s:88:"Select bank:
1. Pride/218210027132501
2. Pride/223205003324501
3. Pride/223206003324501
";s:3:"map";a:1:{i:0;O:8:"stdClass":1:{s:4:"menu";s:14:"AccountBalance";}}s:4:"type";s:4:"form";}
2019-08-16 16:55:15 - ERROR : AccountBalance
2019-08-16 16:55:15 - MMMMMMM : AccountBalance
2019-08-16 16:55:15 - BALANCE REQUEST : FORMID:B-:MERCHANTID:BALANCE:BANKACCOUNTID:218210027132501:SHORTCODE:250:CUSTOMERID:1485941693:MOBILENUMBER:256700146817:BANKID:0017:COUNTRY:UGANDATEST:UNIQUEID:a6e92516-bcb4-442b-617b-8021a91c7ff0:
2019-08-16 16:55:19 - BALANCE RESPONSE : 
STATUS:091:DATA: shown
2019-08-16 17:00:14 - GET CUSTOMER REQUEST :FORMID:GETCUSTOMER:MOBILENUMBER:256700146817:SHORTCODE:250:COUNTRY:UGANDATEST:DEVICEID:256700146817250:UNIQUEID:79607b13-e527-f7bd-d606-ffd3ec741007:
2019-08-16 17:00:14 - GET CUSTOMER RESPONSE : 
STATUS:000:CUSTOMERID:1485941693:COUNTRY:UGANDATEST:FIRSTNAME:Shafique:LASTNAME:Kabali:BANKNAME:PRIDE:WELCOMEMESSAGE:Welcome to Pride Mobile Banking. Enter your PIN:LANGUAGE:EN
2019-08-16 17:00:14 - GET CUSTOMER000
2019-08-16 17:00:14 - GET CUSTOMER TIME : 3.4140825271606E-8
2019-08-16 17:00:18 - MENU : menu
2019-08-16 17:00:18 - MENU INPUT : 1234
2019-08-16 17:00:18 - LOGIN REQUEST : FORMID:LOGIN:CUSTOMERID:1485941693:MOBILENUMBER:256700146817:BANKID:0017:BANKNAME:PML:SHORTCODE:250:COUNTRY:UGANDATEST:DEVICEID:256700146817250:LOGINMPIN:1234:UNIQUEID:80b891ad-bff1-ad7e-9b85-177d47ed9a67:
2019-08-16 17:00:18 - LOGIN RESPONSE :
STATUS:000:ACCOUNTS:218210027132501,223205003324501,223206003324501:
2019-08-16 17:00:18 - LOGIN ACCOUNTS :218210027132501,223205003324501,223206003324501
2019-08-16 17:00:20 - MENU : home
2019-08-16 17:00:20 - MENU INPUT : 1
2019-08-16 17:00:20 - UP : home
2019-08-16 17:00:20 - MENU RESPONSES : home -> 
2019-08-16 17:00:20 - DOWN : pinReset
2019-08-16 17:00:20 - DOWN MENU : O:8:"stdClass":5:{s:2:"id";s:4:"home";s:8:"response";s:144:"Reply with
1. Account Balance
2. Mini Statement
3.Funds Transfer
4. Airtime Purchase
5. Mobile Money
6. Utility Payment 
7. Change Pin
8. Logout";s:3:"map";a:7:{i:0;O:8:"stdClass":2:{s:3:"key";s:1:"1";s:4:"menu";s:15:"BalanceAccounts";}i:1;O:8:"stdClass":2:{s:3:"key";s:1:"2";s:4:"menu";s:17:"StatementAccounts";}i:2;O:8:"stdClass":2:{s:3:"key";s:1:"3";s:4:"menu";s:10:"FTAccounts";}i:3;O:8:"stdClass":2:{s:3:"key";s:1:"4";s:4:"menu";s:14:"MOBILEPROVIDER";}i:4;O:8:"stdClass":2:{s:3:"key";s:1:"5";s:4:"menu";s:5:"NewFT";}i:5;O:8:"stdClass":2:{s:3:"key";s:1:"6";s:4:"menu";s:7:"utility";}i:6;O:8:"stdClass":2:{s:3:"key";s:1:"7";s:4:"menu";s:9:"changePin";}}s:4:"type";s:7:"dynamic";s:6:"action";s:3:"con";}
2019-08-16 17:00:20 - ERROR : BalanceAccounts
2019-08-16 17:00:20 - MMMMMMM : BalanceAccounts
2019-08-16 17:00:22 - MENU : BalanceAccounts
2019-08-16 17:00:22 - MENU INPUT : 1
2019-08-16 17:00:22 - UP : BalanceAccounts
2019-08-16 17:00:22 - MENU RESPONSES : BalanceAccounts -> 
2019-08-16 17:00:22 - DOWN : pinReset
2019-08-16 17:00:22 - ERROR : BalanceAccounts
2019-08-16 17:00:22 - MMMMMMM : BalanceAccounts
2019-08-16 17:00:22 - DOWN MENU : O:8:"stdClass":5:{s:2:"id";s:15:"BalanceAccounts";s:6:"action";s:3:"con";s:8:"response";s:88:"Select bank:
1. Pride/218210027132501
2. Pride/223205003324501
3. Pride/223206003324501
";s:3:"map";a:1:{i:0;O:8:"stdClass":1:{s:4:"menu";s:14:"AccountBalance";}}s:4:"type";s:4:"form";}
2019-08-16 17:00:22 - ERROR : AccountBalance
2019-08-16 17:00:22 - MMMMMMM : AccountBalance
2019-08-16 17:00:22 - BALANCE REQUEST : FORMID:B-:MERCHANTID:BALANCE:BANKACCOUNTID:218210027132501:SHORTCODE:250:CUSTOMERID:1485941693:MOBILENUMBER:256700146817:BANKID:0017:COUNTRY:UGANDATEST:UNIQUEID:f19ad605-7ff8-4fd3-25f6-67daf0b6cae1:
2019-08-16 17:00:29 - BALANCE RESPONSE : 
STATUS:091:DATA: shown
2019-08-16 17:00:57 - GET CUSTOMER REQUEST :FORMID:GETCUSTOMER:MOBILENUMBER:256700146817:SHORTCODE:250:COUNTRY:UGANDATEST:DEVICEID:256700146817250:UNIQUEID:a09bbc37-919e-e603-be9f-582962c06d02:
2019-08-16 17:00:57 - GET CUSTOMER RESPONSE : 
STATUS:000:CUSTOMERID:1485941693:COUNTRY:UGANDATEST:FIRSTNAME:Shafique:LASTNAME:Kabali:BANKNAME:PRIDE:WELCOMEMESSAGE:Welcome to Pride Mobile Banking. Enter your PIN:LANGUAGE:EN
2019-08-16 17:00:57 - GET CUSTOMER000
2019-08-16 17:00:57 - GET CUSTOMER TIME : 2.2156000137329E-8
2019-08-16 17:01:00 - GET CUSTOMER REQUEST :FORMID:GETCUSTOMER:MOBILENUMBER:256700146817:SHORTCODE:250:COUNTRY:UGANDATEST:DEVICEID:256700146817250:UNIQUEID:89d94abc-2161-f4aa-226a-08f649bdd518:
2019-08-16 17:01:00 - GET CUSTOMER RESPONSE : 
STATUS:000:CUSTOMERID:1485941693:COUNTRY:UGANDATEST:FIRSTNAME:Shafique:LASTNAME:Kabali:BANKNAME:PRIDE:WELCOMEMESSAGE:Welcome to Pride Mobile Banking. Enter your PIN:LANGUAGE:EN
2019-08-16 17:01:00 - GET CUSTOMER000
2019-08-16 17:01:00 - GET CUSTOMER TIME : 2.09801197052E-8
2019-08-16 17:01:02 - MENU : menu
2019-08-16 17:01:02 - MENU INPUT : 1234
2019-08-16 17:01:02 - LOGIN REQUEST : FORMID:LOGIN:CUSTOMERID:1485941693:MOBILENUMBER:256700146817:BANKID:0017:BANKNAME:PML:SHORTCODE:250:COUNTRY:UGANDATEST:DEVICEID:256700146817250:LOGINMPIN:1234:UNIQUEID:9b2b0f58-5a5f-5a61-8b81-f07d4897f7ca:
2019-08-16 17:01:02 - LOGIN RESPONSE :
STATUS:000:ACCOUNTS:218210027132501,223205003324501,223206003324501:
2019-08-16 17:01:02 - LOGIN ACCOUNTS :218210027132501,223205003324501,223206003324501
2019-08-16 17:01:09 - MENU : home
2019-08-16 17:01:09 - MENU INPUT : 1
2019-08-16 17:01:09 - UP : home
2019-08-16 17:01:09 - MENU RESPONSES : home -> 
2019-08-16 17:01:09 - DOWN : pinReset
2019-08-16 17:01:09 - DOWN MENU : O:8:"stdClass":5:{s:2:"id";s:4:"home";s:8:"response";s:144:"Reply with
1. Account Balance
2. Mini Statement
3.Funds Transfer
4. Airtime Purchase
5. Mobile Money
6. Utility Payment 
7. Change Pin
8. Logout";s:3:"map";a:7:{i:0;O:8:"stdClass":2:{s:3:"key";s:1:"1";s:4:"menu";s:15:"BalanceAccounts";}i:1;O:8:"stdClass":2:{s:3:"key";s:1:"2";s:4:"menu";s:17:"StatementAccounts";}i:2;O:8:"stdClass":2:{s:3:"key";s:1:"3";s:4:"menu";s:10:"FTAccounts";}i:3;O:8:"stdClass":2:{s:3:"key";s:1:"4";s:4:"menu";s:14:"MOBILEPROVIDER";}i:4;O:8:"stdClass":2:{s:3:"key";s:1:"5";s:4:"menu";s:5:"NewFT";}i:5;O:8:"stdClass":2:{s:3:"key";s:1:"6";s:4:"menu";s:7:"utility";}i:6;O:8:"stdClass":2:{s:3:"key";s:1:"7";s:4:"menu";s:9:"changePin";}}s:4:"type";s:7:"dynamic";s:6:"action";s:3:"con";}
2019-08-16 17:01:09 - ERROR : BalanceAccounts
2019-08-16 17:01:09 - MMMMMMM : BalanceAccounts
2019-08-16 17:01:11 - MENU : BalanceAccounts
2019-08-16 17:01:11 - MENU INPUT : 1
2019-08-16 17:01:11 - UP : BalanceAccounts
2019-08-16 17:01:11 - MENU RESPONSES : BalanceAccounts -> 
2019-08-16 17:01:11 - DOWN : pinReset
2019-08-16 17:01:11 - ERROR : BalanceAccounts
2019-08-16 17:01:11 - MMMMMMM : BalanceAccounts
2019-08-16 17:01:11 - DOWN MENU : O:8:"stdClass":5:{s:2:"id";s:15:"BalanceAccounts";s:6:"action";s:3:"con";s:8:"response";s:88:"Select bank:
1. Pride/218210027132501
2. Pride/223205003324501
3. Pride/223206003324501
";s:3:"map";a:1:{i:0;O:8:"stdClass":1:{s:4:"menu";s:14:"AccountBalance";}}s:4:"type";s:4:"form";}
2019-08-16 17:01:11 - ERROR : AccountBalance
2019-08-16 17:01:11 - MMMMMMM : AccountBalance
2019-08-16 17:01:11 - BALANCE REQUEST : FORMID:B-:MERCHANTID:BALANCE:BANKACCOUNTID:218210027132501:SHORTCODE:250:CUSTOMERID:1485941693:MOBILENUMBER:256700146817:BANKID:0017:COUNTRY:UGANDATEST:UNIQUEID:91f8ae84-ad48-d12c-bd15-d612a7477b0a:
2019-08-16 17:01:13 - BALANCE RESPONSE : 
STATUS:091:DATA: shown
2019-08-16 17:02:25 - GET CUSTOMER REQUEST :FORMID:GETCUSTOMER:MOBILENUMBER:256700146817:SHORTCODE:250:COUNTRY:UGANDATEST:DEVICEID:256700146817250:UNIQUEID:e145bf0a-a74f-ba19-55d9-2ae87556f0b9:
2019-08-16 17:02:25 - GET CUSTOMER RESPONSE : 
STATUS:000:CUSTOMERID:1485941693:COUNTRY:UGANDATEST:FIRSTNAME:Shafique:LASTNAME:Kabali:BANKNAME:PRIDE:WELCOMEMESSAGE:Welcome to Pride Mobile Banking. Enter your PIN:LANGUAGE:EN
2019-08-16 17:02:25 - GET CUSTOMER000
2019-08-16 17:02:25 - GET CUSTOMER TIME : 3.2144069671631E-8
2019-08-16 17:02:28 - MENU : menu
2019-08-16 17:02:28 - MENU INPUT : 1234
2019-08-16 17:02:28 - LOGIN REQUEST : FORMID:LOGIN:CUSTOMERID:1485941693:MOBILENUMBER:256700146817:BANKID:0017:BANKNAME:PML:SHORTCODE:250:COUNTRY:UGANDATEST:DEVICEID:256700146817250:LOGINMPIN:1234:UNIQUEID:9678004b-5b44-730f-6cc0-493f21f6bd32:
2019-08-16 17:02:28 - LOGIN RESPONSE :
STATUS:000:ACCOUNTS:218210027132501,223205003324501,223206003324501:
2019-08-16 17:02:28 - LOGIN ACCOUNTS :218210027132501,223205003324501,223206003324501
2019-08-16 17:02:30 - MENU : home
2019-08-16 17:02:30 - MENU INPUT : 1
2019-08-16 17:02:30 - UP : home
2019-08-16 17:02:30 - MENU RESPONSES : home -> 
2019-08-16 17:02:30 - DOWN : pinReset
2019-08-16 17:02:30 - DOWN MENU : O:8:"stdClass":5:{s:2:"id";s:4:"home";s:8:"response";s:144:"Reply with
1. Account Balance
2. Mini Statement
3.Funds Transfer
4. Airtime Purchase
5. Mobile Money
6. Utility Payment 
7. Change Pin
8. Logout";s:3:"map";a:7:{i:0;O:8:"stdClass":2:{s:3:"key";s:1:"1";s:4:"menu";s:15:"BalanceAccounts";}i:1;O:8:"stdClass":2:{s:3:"key";s:1:"2";s:4:"menu";s:17:"StatementAccounts";}i:2;O:8:"stdClass":2:{s:3:"key";s:1:"3";s:4:"menu";s:10:"FTAccounts";}i:3;O:8:"stdClass":2:{s:3:"key";s:1:"4";s:4:"menu";s:14:"MOBILEPROVIDER";}i:4;O:8:"stdClass":2:{s:3:"key";s:1:"5";s:4:"menu";s:5:"NewFT";}i:5;O:8:"stdClass":2:{s:3:"key";s:1:"6";s:4:"menu";s:7:"utility";}i:6;O:8:"stdClass":2:{s:3:"key";s:1:"7";s:4:"menu";s:9:"changePin";}}s:4:"type";s:7:"dynamic";s:6:"action";s:3:"con";}
2019-08-16 17:02:30 - ERROR : BalanceAccounts
2019-08-16 17:02:30 - MMMMMMM : BalanceAccounts
2019-08-16 17:02:31 - MENU : BalanceAccounts
2019-08-16 17:02:31 - MENU INPUT : 1
2019-08-16 17:02:31 - UP : BalanceAccounts
2019-08-16 17:02:31 - MENU RESPONSES : BalanceAccounts -> 
2019-08-16 17:02:31 - DOWN : pinReset
2019-08-16 17:02:31 - ERROR : BalanceAccounts
2019-08-16 17:02:31 - MMMMMMM : BalanceAccounts
2019-08-16 17:02:31 - DOWN MENU : O:8:"stdClass":5:{s:2:"id";s:15:"BalanceAccounts";s:6:"action";s:3:"con";s:8:"response";s:88:"Select bank:
1. Pride/218210027132501
2. Pride/223205003324501
3. Pride/223206003324501
";s:3:"map";a:1:{i:0;O:8:"stdClass":1:{s:4:"menu";s:14:"AccountBalance";}}s:4:"type";s:4:"form";}
2019-08-16 17:02:31 - ERROR : AccountBalance
2019-08-16 17:02:31 - MMMMMMM : AccountBalance
2019-08-16 17:02:31 - BALANCE REQUEST : FORMID:B-:MERCHANTID:BALANCE:BANKACCOUNTID:218210027132501:SHORTCODE:250:CUSTOMERID:1485941693:MOBILENUMBER:256700146817:BANKID:0017:COUNTRY:UGANDATEST:UNIQUEID:71ddc77d-53e4-52e8-f909-10638821eaab:
2019-08-16 17:02:33 - BALANCE RESPONSE : 
STATUS:091:DATA: shown
2019-08-16 17:06:38 - GET CUSTOMER REQUEST :FORMID:GETCUSTOMER:MOBILENUMBER:256700146817:SHORTCODE:250:COUNTRY:UGANDATEST:DEVICEID:256700146817250:UNIQUEID:6fd6e28e-c546-3e40-4035-98d7fd6e7727:
2019-08-16 17:06:38 - GET CUSTOMER RESPONSE : 
STATUS:000:CUSTOMERID:1485941693:COUNTRY:UGANDATEST:FIRSTNAME:Shafique:LASTNAME:Kabali:BANKNAME:PRIDE:WELCOMEMESSAGE:Welcome to Pride Mobile Banking. Enter your PIN:LANGUAGE:EN
2019-08-16 17:06:38 - GET CUSTOMER000
2019-08-16 17:06:38 - GET CUSTOMER TIME : 3.8403987884521E-8
2019-08-16 17:06:40 - MENU : menu
2019-08-16 17:06:40 - MENU INPUT : 1234
2019-08-16 17:06:40 - LOGIN REQUEST : FORMID:LOGIN:CUSTOMERID:1485941693:MOBILENUMBER:256700146817:BANKID:0017:BANKNAME:PML:SHORTCODE:250:COUNTRY:UGANDATEST:DEVICEID:256700146817250:LOGINMPIN:1234:UNIQUEID:b9fd07d5-5e79-7d81-e582-1c9ba2dcf21f:
2019-08-16 17:06:40 - LOGIN RESPONSE :
STATUS:000:ACCOUNTS:218210027132501,223205003324501,223206003324501:
2019-08-16 17:06:40 - LOGIN ACCOUNTS :218210027132501,223205003324501,223206003324501
2019-08-16 17:06:43 - MENU : home
2019-08-16 17:06:43 - MENU INPUT : 1
2019-08-16 17:06:43 - UP : home
2019-08-16 17:06:43 - MENU RESPONSES : home -> 
2019-08-16 17:06:43 - DOWN : pinReset
2019-08-16 17:06:43 - DOWN MENU : O:8:"stdClass":5:{s:2:"id";s:4:"home";s:8:"response";s:144:"Reply with
1. Account Balance
2. Mini Statement
3.Funds Transfer
4. Airtime Purchase
5. Mobile Money
6. Utility Payment 
7. Change Pin
8. Logout";s:3:"map";a:7:{i:0;O:8:"stdClass":2:{s:3:"key";s:1:"1";s:4:"menu";s:15:"BalanceAccounts";}i:1;O:8:"stdClass":2:{s:3:"key";s:1:"2";s:4:"menu";s:17:"StatementAccounts";}i:2;O:8:"stdClass":2:{s:3:"key";s:1:"3";s:4:"menu";s:10:"FTAccounts";}i:3;O:8:"stdClass":2:{s:3:"key";s:1:"4";s:4:"menu";s:14:"MOBILEPROVIDER";}i:4;O:8:"stdClass":2:{s:3:"key";s:1:"5";s:4:"menu";s:5:"NewFT";}i:5;O:8:"stdClass":2:{s:3:"key";s:1:"6";s:4:"menu";s:7:"utility";}i:6;O:8:"stdClass":2:{s:3:"key";s:1:"7";s:4:"menu";s:9:"changePin";}}s:4:"type";s:7:"dynamic";s:6:"action";s:3:"con";}
2019-08-16 17:06:43 - ERROR : BalanceAccounts
2019-08-16 17:06:43 - MMMMMMM : BalanceAccounts
2019-08-16 17:06:45 - MENU : BalanceAccounts
2019-08-16 17:06:45 - MENU INPUT : 1
2019-08-16 17:06:45 - UP : BalanceAccounts
2019-08-16 17:06:45 - MENU RESPONSES : BalanceAccounts -> 
2019-08-16 17:06:45 - DOWN : pinReset
2019-08-16 17:06:45 - ERROR : BalanceAccounts
2019-08-16 17:06:45 - MMMMMMM : BalanceAccounts
2019-08-16 17:06:45 - DOWN MENU : O:8:"stdClass":5:{s:2:"id";s:15:"BalanceAccounts";s:6:"action";s:3:"con";s:8:"response";s:88:"Select bank:
1. Pride/218210027132501
2. Pride/223205003324501
3. Pride/223206003324501
";s:3:"map";a:1:{i:0;O:8:"stdClass":1:{s:4:"menu";s:14:"AccountBalance";}}s:4:"type";s:4:"form";}
2019-08-16 17:06:45 - ERROR : AccountBalance
2019-08-16 17:06:45 - MMMMMMM : AccountBalance
2019-08-16 17:06:45 - BALANCE REQUEST : FORMID:B-:MERCHANTID:BALANCE:BANKACCOUNTID:218210027132501:SHORTCODE:250:CUSTOMERID:1485941693:MOBILENUMBER:256700146817:BANKID:0017:COUNTRY:UGANDATEST:UNIQUEID:16996a5a-88d2-e259-bd32-673f7d311221:
2019-08-16 17:06:46 - BALANCE RESPONSE : 
STATUS:091:DATA: shown
2019-08-16 17:20:17 - GET CUSTOMER REQUEST :FORMID:GETCUSTOMER:MOBILENUMBER:256700146817:SHORTCODE:250:COUNTRY:UGANDATEST:DEVICEID:256700146817250:UNIQUEID:b19d8a68-90a8-8a71-5ab8-c9148b358751:
2019-08-16 17:20:17 - GET CUSTOMER RESPONSE : 
STATUS:000:CUSTOMERID:1485941693:COUNTRY:UGANDATEST:FIRSTNAME:Shafique:LASTNAME:Kabali:BANKNAME:PRIDE:WELCOMEMESSAGE:Welcome to Pride Mobile Banking. Enter your PIN:LANGUAGE:EN
2019-08-16 17:20:17 - GET CUSTOMER000
2019-08-16 17:20:17 - GET CUSTOMER TIME : 3.0005931854248E-8
2019-08-16 17:20:19 - GET CUSTOMER REQUEST :FORMID:GETCUSTOMER:MOBILENUMBER:256700146817:SHORTCODE:250:COUNTRY:UGANDATEST:DEVICEID:256700146817250:UNIQUEID:d9ce39d2-834f-af2c-01c4-0760e8ee94d8:
2019-08-16 17:20:19 - GET CUSTOMER RESPONSE : 
STATUS:000:CUSTOMERID:1485941693:COUNTRY:UGANDATEST:FIRSTNAME:Shafique:LASTNAME:Kabali:BANKNAME:PRIDE:WELCOMEMESSAGE:Welcome to Pride Mobile Banking. Enter your PIN:LANGUAGE:EN
2019-08-16 17:20:19 - GET CUSTOMER000
2019-08-16 17:20:19 - GET CUSTOMER TIME : 2.0423889160156E-8
2019-08-16 17:20:21 - MENU : menu
2019-08-16 17:20:21 - MENU INPUT : 1234
2019-08-16 17:20:21 - LOGIN REQUEST : FORMID:LOGIN:CUSTOMERID:1485941693:MOBILENUMBER:256700146817:BANKID:0017:BANKNAME:PML:SHORTCODE:250:COUNTRY:UGANDATEST:DEVICEID:256700146817250:LOGINMPIN:1234:UNIQUEID:404f4a59-c830-d725-1723-17360ebcc838:
2019-08-16 17:20:22 - LOGIN RESPONSE :
STATUS:000:ACCOUNTS:218210027132501,223205003324501,223206003324501:
2019-08-16 17:20:22 - LOGIN ACCOUNTS :218210027132501,223205003324501,223206003324501
2019-08-16 17:20:25 - MENU : home
2019-08-16 17:20:25 - MENU INPUT : 1
2019-08-16 17:20:25 - UP : home
2019-08-16 17:20:25 - MENU RESPONSES : home -> 
2019-08-16 17:20:25 - DOWN : pinReset
2019-08-16 17:20:25 - DOWN MENU : O:8:"stdClass":5:{s:2:"id";s:4:"home";s:8:"response";s:144:"Reply with
1. Account Balance
2. Mini Statement
3.Funds Transfer
4. Airtime Purchase
5. Mobile Money
6. Utility Payment 
7. Change Pin
8. Logout";s:3:"map";a:7:{i:0;O:8:"stdClass":2:{s:3:"key";s:1:"1";s:4:"menu";s:15:"BalanceAccounts";}i:1;O:8:"stdClass":2:{s:3:"key";s:1:"2";s:4:"menu";s:17:"StatementAccounts";}i:2;O:8:"stdClass":2:{s:3:"key";s:1:"3";s:4:"menu";s:10:"FTAccounts";}i:3;O:8:"stdClass":2:{s:3:"key";s:1:"4";s:4:"menu";s:14:"MOBILEPROVIDER";}i:4;O:8:"stdClass":2:{s:3:"key";s:1:"5";s:4:"menu";s:5:"NewFT";}i:5;O:8:"stdClass":2:{s:3:"key";s:1:"6";s:4:"menu";s:7:"utility";}i:6;O:8:"stdClass":2:{s:3:"key";s:1:"7";s:4:"menu";s:9:"changePin";}}s:4:"type";s:7:"dynamic";s:6:"action";s:3:"con";}
2019-08-16 17:20:25 - ERROR : BalanceAccounts
2019-08-16 17:20:25 - MMMMMMM : BalanceAccounts
2019-08-16 17:20:26 - MENU : BalanceAccounts
2019-08-16 17:20:26 - MENU INPUT : 1
2019-08-16 17:20:26 - UP : BalanceAccounts
2019-08-16 17:20:26 - MENU RESPONSES : BalanceAccounts -> 
2019-08-16 17:20:26 - DOWN : pinReset
2019-08-16 17:20:26 - ERROR : BalanceAccounts
2019-08-16 17:20:26 - MMMMMMM : BalanceAccounts
2019-08-16 17:20:26 - DOWN MENU : O:8:"stdClass":5:{s:2:"id";s:15:"BalanceAccounts";s:6:"action";s:3:"con";s:8:"response";s:88:"Select bank:
1. Pride/218210027132501
2. Pride/223205003324501
3. Pride/223206003324501
";s:3:"map";a:1:{i:0;O:8:"stdClass":1:{s:4:"menu";s:14:"AccountBalance";}}s:4:"type";s:4:"form";}
2019-08-16 17:20:26 - ERROR : AccountBalance
2019-08-16 17:20:26 - MMMMMMM : AccountBalance
2019-08-16 17:20:26 - BALANCE REQUEST : FORMID:B-:MERCHANTID:BALANCE:BANKACCOUNTID:218210027132501:SHORTCODE:250:CUSTOMERID:1485941693:MOBILENUMBER:256700146817:BANKID:0017:COUNTRY:UGANDATEST:UNIQUEID:433c9760-c2ef-c121-1f4a-11ade5ac7191:
2019-08-16 17:20:27 - BALANCE RESPONSE : 
STATUS:091:DATA:Error Getting the Data from your Bank. 091-Your Bank is not available. Please try again shown
2019-08-16 17:23:25 - GET CUSTOMER REQUEST :FORMID:GETCUSTOMER:MOBILENUMBER:256700146817:SHORTCODE:250:COUNTRY:UGANDATEST:DEVICEID:256700146817250:UNIQUEID:522b4651-6919-fcaf-94a8-1c82efd38a5b:
2019-08-16 17:23:25 - GET CUSTOMER RESPONSE : 
STATUS:000:CUSTOMERID:1485941693:COUNTRY:UGANDATEST:FIRSTNAME:Shafique:LASTNAME:Kabali:BANKNAME:PRIDE:WELCOMEMESSAGE:Welcome to Pride Mobile Banking. Enter your PIN:LANGUAGE:EN
2019-08-16 17:23:25 - GET CUSTOMER000
2019-08-16 17:23:25 - GET CUSTOMER TIME : 3.8936138153076E-8
2019-08-16 17:23:28 - GET CUSTOMER REQUEST :FORMID:GETCUSTOMER:MOBILENUMBER:256700146817:SHORTCODE:250:COUNTRY:UGANDATEST:DEVICEID:256700146817250:UNIQUEID:081c7d19-3b25-9571-6d88-256728b1feaf:
2019-08-16 17:23:28 - GET CUSTOMER RESPONSE : 
STATUS:000:CUSTOMERID:1485941693:COUNTRY:UGANDATEST:FIRSTNAME:Shafique:LASTNAME:Kabali:BANKNAME:PRIDE:WELCOMEMESSAGE:Welcome to Pride Mobile Banking. Enter your PIN:LANGUAGE:EN
2019-08-16 17:23:28 - GET CUSTOMER000
2019-08-16 17:23:28 - GET CUSTOMER TIME : 2.6769161224365E-8
2019-08-16 17:23:31 - MENU : menu
2019-08-16 17:23:31 - MENU INPUT : 1234
2019-08-16 17:23:31 - LOGIN REQUEST : FORMID:LOGIN:CUSTOMERID:1485941693:MOBILENUMBER:256700146817:BANKID:0017:BANKNAME:PML:SHORTCODE:250:COUNTRY:UGANDATEST:DEVICEID:256700146817250:LOGINMPIN:1234:UNIQUEID:3c54bdea-72dd-04f5-7b65-617bea357d50:
2019-08-16 17:23:31 - LOGIN RESPONSE :
STATUS:000:ACCOUNTS:218210027132501,223205003324501,223206003324501:
2019-08-16 17:23:31 - LOGIN ACCOUNTS :218210027132501,223205003324501,223206003324501
2019-08-16 17:23:33 - MENU : home
2019-08-16 17:23:33 - MENU INPUT : 1
2019-08-16 17:23:33 - UP : home
2019-08-16 17:23:33 - MENU RESPONSES : home -> 
2019-08-16 17:23:33 - DOWN : pinReset
2019-08-16 17:23:33 - DOWN MENU : O:8:"stdClass":5:{s:2:"id";s:4:"home";s:8:"response";s:144:"Reply with
1. Account Balance
2. Mini Statement
3.Funds Transfer
4. Airtime Purchase
5. Mobile Money
6. Utility Payment 
7. Change Pin
8. Logout";s:3:"map";a:7:{i:0;O:8:"stdClass":2:{s:3:"key";s:1:"1";s:4:"menu";s:15:"BalanceAccounts";}i:1;O:8:"stdClass":2:{s:3:"key";s:1:"2";s:4:"menu";s:17:"StatementAccounts";}i:2;O:8:"stdClass":2:{s:3:"key";s:1:"3";s:4:"menu";s:10:"FTAccounts";}i:3;O:8:"stdClass":2:{s:3:"key";s:1:"4";s:4:"menu";s:14:"MOBILEPROVIDER";}i:4;O:8:"stdClass":2:{s:3:"key";s:1:"5";s:4:"menu";s:5:"NewFT";}i:5;O:8:"stdClass":2:{s:3:"key";s:1:"6";s:4:"menu";s:7:"utility";}i:6;O:8:"stdClass":2:{s:3:"key";s:1:"7";s:4:"menu";s:9:"changePin";}}s:4:"type";s:7:"dynamic";s:6:"action";s:3:"con";}
2019-08-16 17:23:33 - ERROR : BalanceAccounts
2019-08-16 17:23:33 - MMMMMMM : BalanceAccounts
2019-08-16 17:23:35 - MENU : BalanceAccounts
2019-08-16 17:23:35 - MENU INPUT : 1
2019-08-16 17:23:35 - UP : BalanceAccounts
2019-08-16 17:23:35 - MENU RESPONSES : BalanceAccounts -> 
2019-08-16 17:23:35 - DOWN : pinReset
2019-08-16 17:23:35 - ERROR : BalanceAccounts
2019-08-16 17:23:35 - MMMMMMM : BalanceAccounts
2019-08-16 17:23:35 - DOWN MENU : O:8:"stdClass":5:{s:2:"id";s:15:"BalanceAccounts";s:6:"action";s:3:"con";s:8:"response";s:88:"Select bank:
1. Pride/218210027132501
2. Pride/223205003324501
3. Pride/223206003324501
";s:3:"map";a:1:{i:0;O:8:"stdClass":1:{s:4:"menu";s:14:"AccountBalance";}}s:4:"type";s:4:"form";}
2019-08-16 17:23:35 - ERROR : AccountBalance
2019-08-16 17:23:35 - MMMMMMM : AccountBalance
2019-08-16 17:23:35 - BALANCE REQUEST : FORMID:B-:MERCHANTID:BALANCE:BANKACCOUNTID:218210027132501:SHORTCODE:250:CUSTOMERID:1485941693:MOBILENUMBER:256700146817:BANKID:0017:COUNTRY:UGANDATEST:UNIQUEID:7c6ea17c-4fb3-c18e-0a98-288e4d093851:
2019-08-16 17:23:35 - BALANCE RESPONSE : 
STATUS:091:DATA:Error Getting the Data from your Bank. 091-Your Bank is not available. Please try again shown
2019-08-16 17:24:43 - GET CUSTOMER REQUEST :FORMID:GETCUSTOMER:MOBILENUMBER:256700146817:SHORTCODE:250:COUNTRY:UGANDATEST:DEVICEID:256700146817250:UNIQUEID:cd27866a-b03c-b5d9-0a16-915c230590a6:
2019-08-16 17:24:44 - GET CUSTOMER RESPONSE : 
STATUS:000:CUSTOMERID:1485941693:COUNTRY:UGANDATEST:FIRSTNAME:Shafique:LASTNAME:Kabali:BANKNAME:PRIDE:WELCOMEMESSAGE:Welcome to Pride Mobile Banking. Enter your PIN:LANGUAGE:EN
2019-08-16 17:24:44 - GET CUSTOMER000
2019-08-16 17:24:44 - GET CUSTOMER TIME : 3.4561157226563E-8
2019-08-16 17:24:46 - MENU : menu
2019-08-16 17:24:46 - MENU INPUT : 1234
2019-08-16 17:24:46 - LOGIN REQUEST : FORMID:LOGIN:CUSTOMERID:1485941693:MOBILENUMBER:256700146817:BANKID:0017:BANKNAME:PML:SHORTCODE:250:COUNTRY:UGANDATEST:DEVICEID:256700146817250:LOGINMPIN:1234:UNIQUEID:e3379299-14cd-8ab2-5c5d-657366f367b3:
2019-08-16 17:24:46 - LOGIN RESPONSE :
STATUS:000:ACCOUNTS:218210027132501,223205003324501,223206003324501:
2019-08-16 17:24:46 - LOGIN ACCOUNTS :218210027132501,223205003324501,223206003324501
2019-08-16 17:24:49 - MENU : home
2019-08-16 17:24:49 - MENU INPUT : 1
2019-08-16 17:24:49 - UP : home
2019-08-16 17:24:49 - MENU RESPONSES : home -> 
2019-08-16 17:24:49 - DOWN : pinReset
2019-08-16 17:24:49 - DOWN MENU : O:8:"stdClass":5:{s:2:"id";s:4:"home";s:8:"response";s:144:"Reply with
1. Account Balance
2. Mini Statement
3.Funds Transfer
4. Airtime Purchase
5. Mobile Money
6. Utility Payment 
7. Change Pin
8. Logout";s:3:"map";a:7:{i:0;O:8:"stdClass":2:{s:3:"key";s:1:"1";s:4:"menu";s:15:"BalanceAccounts";}i:1;O:8:"stdClass":2:{s:3:"key";s:1:"2";s:4:"menu";s:17:"StatementAccounts";}i:2;O:8:"stdClass":2:{s:3:"key";s:1:"3";s:4:"menu";s:10:"FTAccounts";}i:3;O:8:"stdClass":2:{s:3:"key";s:1:"4";s:4:"menu";s:14:"MOBILEPROVIDER";}i:4;O:8:"stdClass":2:{s:3:"key";s:1:"5";s:4:"menu";s:5:"NewFT";}i:5;O:8:"stdClass":2:{s:3:"key";s:1:"6";s:4:"menu";s:7:"utility";}i:6;O:8:"stdClass":2:{s:3:"key";s:1:"7";s:4:"menu";s:9:"changePin";}}s:4:"type";s:7:"dynamic";s:6:"action";s:3:"con";}
2019-08-16 17:24:49 - ERROR : BalanceAccounts
2019-08-16 17:24:49 - MMMMMMM : BalanceAccounts
2019-08-16 17:24:51 - MENU : BalanceAccounts
2019-08-16 17:24:51 - MENU INPUT : 1
2019-08-16 17:24:51 - UP : BalanceAccounts
2019-08-16 17:24:51 - MENU RESPONSES : BalanceAccounts -> 
2019-08-16 17:24:51 - DOWN : pinReset
2019-08-16 17:24:51 - ERROR : BalanceAccounts
2019-08-16 17:24:51 - MMMMMMM : BalanceAccounts
2019-08-16 17:24:51 - DOWN MENU : O:8:"stdClass":5:{s:2:"id";s:15:"BalanceAccounts";s:6:"action";s:3:"con";s:8:"response";s:88:"Select bank:
1. Pride/218210027132501
2. Pride/223205003324501
3. Pride/223206003324501
";s:3:"map";a:1:{i:0;O:8:"stdClass":1:{s:4:"menu";s:14:"AccountBalance";}}s:4:"type";s:4:"form";}
2019-08-16 17:24:51 - ERROR : AccountBalance
2019-08-16 17:24:51 - MMMMMMM : AccountBalance
2019-08-16 17:24:51 - BALANCE REQUEST : FORMID:B-:MERCHANTID:BALANCE:BANKACCOUNTID:218210027132501:SHORTCODE:250:CUSTOMERID:1485941693:MOBILENUMBER:256700146817:BANKID:0017:COUNTRY:UGANDATEST:UNIQUEID:df910d7b-26d8-b659-0cd6-017f3f5d3ff5:
2019-08-16 17:24:53 - BALANCE RESPONSE : 
STATUS:091:DATA:Error Getting the Data from your Bank. 091-Your Bank is not available. Please try again shown
