2019-08-19 11:11:54 - GET CUSTOMER REQUEST :FORMID:GETCUSTOMER:MOBILENUMBER:256700146817:SHORTCODE:250:COUNTRY:UGANDATEST:DEVICEID:256700146817250:UNIQUEID:1b3ac379-6846-0c47-012d-4eaa18c58406:
2019-08-19 11:11:54 - GET CUSTOMER RESPONSE : 
STATUS:000:CUSTOMERID:1485941693:COUNTRY:UGANDATEST:FIRSTNAME:Shafique:LASTNAME:Kabali:BANKNAME:PRIDE:WELCOMEMESSAGE:Welcome to Pride Mobile Banking. Enter your PIN:LANGUAGE:EN
2019-08-19 11:11:54 - GET CUSTOMER000
2019-08-19 11:11:54 - GET CUSTOMER TIME : 3.4624099731445E-8
2019-08-19 11:11:59 - MENU : menu
2019-08-19 11:11:59 - MENU INPUT : 1234
2019-08-19 11:11:59 - LOGIN REQUEST : FORMID:LOGIN:CUSTOMERID:1485941693:MOBILENUMBER:256700146817:BANKID:0017:BANKNAME:PML:SHORTCODE:250:COUNTRY:UGANDATEST:DEVICEID:256700146817250:LOGINMPIN:1234:UNIQUEID:39fe739f-e80a-6eef-2ca7-8e99ee9e5765:
2019-08-19 11:11:59 - LOGIN RESPONSE :
STATUS:000:ACCOUNTS:218210027132501,223205003324501,223206003324501:
2019-08-19 11:11:59 - LOGIN ACCOUNTS :218210027132501,223205003324501,223206003324501
2019-08-19 11:12:03 - MENU : home
2019-08-19 11:12:03 - MENU INPUT : 1
2019-08-19 11:12:03 - UP : home
2019-08-19 11:12:03 - MENU RESPONSES : home -> 
2019-08-19 11:12:03 - DOWN : pinReset
2019-08-19 11:12:03 - DOWN MENU : O:8:"stdClass":5:{s:2:"id";s:4:"home";s:8:"response";s:144:"Reply with
1. Account Balance
2. Mini Statement
3.Funds Transfer
4. Airtime Purchase
5. Mobile Money
6. Utility Payment 
7. Change Pin
8. Logout";s:3:"map";a:7:{i:0;O:8:"stdClass":2:{s:3:"key";s:1:"1";s:4:"menu";s:15:"BalanceAccounts";}i:1;O:8:"stdClass":2:{s:3:"key";s:1:"2";s:4:"menu";s:17:"StatementAccounts";}i:2;O:8:"stdClass":2:{s:3:"key";s:1:"3";s:4:"menu";s:10:"FTAccounts";}i:3;O:8:"stdClass":2:{s:3:"key";s:1:"4";s:4:"menu";s:14:"MOBILEPROVIDER";}i:4;O:8:"stdClass":2:{s:3:"key";s:1:"5";s:4:"menu";s:5:"NewFT";}i:5;O:8:"stdClass":2:{s:3:"key";s:1:"6";s:4:"menu";s:7:"utility";}i:6;O:8:"stdClass":2:{s:3:"key";s:1:"7";s:4:"menu";s:9:"changePin";}}s:4:"type";s:7:"dynamic";s:6:"action";s:3:"con";}
2019-08-19 11:12:03 - ERROR : BalanceAccounts
2019-08-19 11:12:03 - MMMMMMM : BalanceAccounts
2019-08-19 11:12:05 - MENU : BalanceAccounts
2019-08-19 11:12:05 - MENU INPUT : 1
2019-08-19 11:12:05 - UP : BalanceAccounts
2019-08-19 11:12:05 - MENU RESPONSES : BalanceAccounts -> 
2019-08-19 11:12:05 - DOWN : pinReset
2019-08-19 11:12:05 - ERROR : BalanceAccounts
2019-08-19 11:12:05 - MMMMMMM : BalanceAccounts
2019-08-19 11:12:05 - DOWN MENU : O:8:"stdClass":5:{s:2:"id";s:15:"BalanceAccounts";s:6:"action";s:3:"con";s:8:"response";s:88:"Select bank:
1. Pride/218210027132501
2. Pride/223205003324501
3. Pride/223206003324501
";s:3:"map";a:1:{i:0;O:8:"stdClass":1:{s:4:"menu";s:14:"AccountBalance";}}s:4:"type";s:4:"form";}
2019-08-19 11:12:05 - ERROR : AccountBalance
2019-08-19 11:12:05 - MMMMMMM : AccountBalance
2019-08-19 11:12:05 - BALANCE REQUEST : FORMID:B-:MERCHANTID:BALANCE:BANKACCOUNTID:218210027132501:SHORTCODE:250:CUSTOMERID:1485941693:MOBILENUMBER:256700146817:BANKID:0017:COUNTRY:UGANDATEST:UNIQUEID:e05d9bf3-a447-d754-e8f5-e0b122e75963:
2019-08-19 11:12:05 - BALANCE RESPONSE : 
STATUS:091:DATA:Error Getting the Data from your Bank. 091-Your Bank is not available. Please try again shown
2019-08-19 11:55:37 - GET CUSTOMER REQUEST :FORMID:GETCUSTOMER:MOBILENUMBER:256700146817:SHORTCODE:250:COUNTRY:UGANDATEST:DEVICEID:256700146817250:UNIQUEID:42382a3b-70c6-2dcd-4da3-25412303bd84:
2019-08-19 11:55:37 - GET CUSTOMER RESPONSE : 
STATUS:000:CUSTOMERID:1485941693:COUNTRY:UGANDATEST:FIRSTNAME:Shafique:LASTNAME:Kabali:BANKNAME:PRIDE:WELCOMEMESSAGE:Welcome to Pride Mobile Banking. Enter your PIN:LANGUAGE:EN
2019-08-19 11:55:37 - GET CUSTOMER000
2019-08-19 11:55:37 - GET CUSTOMER TIME : 5.4625034332275E-8
2019-08-19 11:55:39 - GET CUSTOMER REQUEST :FORMID:GETCUSTOMER:MOBILENUMBER:256700146817:SHORTCODE:250:COUNTRY:UGANDATEST:DEVICEID:256700146817250:UNIQUEID:723d7ced-ffaf-ca49-b7f8-fa6d725d3b7f:
2019-08-19 11:55:39 - GET CUSTOMER RESPONSE : 
STATUS:000:CUSTOMERID:1485941693:COUNTRY:UGANDATEST:FIRSTNAME:Shafique:LASTNAME:Kabali:BANKNAME:PRIDE:WELCOMEMESSAGE:Welcome to Pride Mobile Banking. Enter your PIN:LANGUAGE:EN
2019-08-19 11:55:39 - GET CUSTOMER000
2019-08-19 11:55:39 - GET CUSTOMER TIME : 5.5371999740601E-8
2019-08-19 11:55:42 - MENU : menu
2019-08-19 11:55:42 - MENU INPUT : 1234
2019-08-19 11:55:42 - LOGIN REQUEST : FORMID:LOGIN:CUSTOMERID:1485941693:MOBILENUMBER:256700146817:BANKID:0017:BANKNAME:PML:SHORTCODE:250:COUNTRY:UGANDATEST:DEVICEID:256700146817250:LOGINMPIN:1234:UNIQUEID:83a6da1e-8882-7e74-5623-965232934b57:
2019-08-19 11:55:42 - LOGIN RESPONSE :
STATUS:000:ACCOUNTS:218210027132501,223205003324501,223206003324501:
2019-08-19 11:55:42 - LOGIN ACCOUNTS :218210027132501,223205003324501,223206003324501
2019-08-19 11:55:46 - MENU : home
2019-08-19 11:55:46 - MENU INPUT : 1
2019-08-19 11:55:46 - UP : home
2019-08-19 11:55:46 - MENU RESPONSES : home -> 
2019-08-19 11:55:46 - DOWN : pinReset
2019-08-19 11:55:46 - DOWN MENU : O:8:"stdClass":5:{s:2:"id";s:4:"home";s:8:"response";s:144:"Reply with
1. Account Balance
2. Mini Statement
3.Funds Transfer
4. Airtime Purchase
5. Mobile Money
6. Utility Payment 
7. Change Pin
8. Logout";s:3:"map";a:7:{i:0;O:8:"stdClass":2:{s:3:"key";s:1:"1";s:4:"menu";s:15:"BalanceAccounts";}i:1;O:8:"stdClass":2:{s:3:"key";s:1:"2";s:4:"menu";s:17:"StatementAccounts";}i:2;O:8:"stdClass":2:{s:3:"key";s:1:"3";s:4:"menu";s:10:"FTAccounts";}i:3;O:8:"stdClass":2:{s:3:"key";s:1:"4";s:4:"menu";s:14:"MOBILEPROVIDER";}i:4;O:8:"stdClass":2:{s:3:"key";s:1:"5";s:4:"menu";s:5:"NewFT";}i:5;O:8:"stdClass":2:{s:3:"key";s:1:"6";s:4:"menu";s:7:"utility";}i:6;O:8:"stdClass":2:{s:3:"key";s:1:"7";s:4:"menu";s:9:"changePin";}}s:4:"type";s:7:"dynamic";s:6:"action";s:3:"con";}
2019-08-19 11:55:46 - ERROR : BalanceAccounts
2019-08-19 11:55:46 - MMMMMMM : BalanceAccounts
2019-08-19 11:55:47 - MENU : BalanceAccounts
2019-08-19 11:55:47 - MENU INPUT : 1
2019-08-19 11:55:47 - UP : BalanceAccounts
2019-08-19 11:55:47 - MENU RESPONSES : BalanceAccounts -> 
2019-08-19 11:55:47 - DOWN : pinReset
2019-08-19 11:55:47 - ERROR : BalanceAccounts
2019-08-19 11:55:47 - MMMMMMM : BalanceAccounts
2019-08-19 11:55:47 - DOWN MENU : O:8:"stdClass":5:{s:2:"id";s:15:"BalanceAccounts";s:6:"action";s:3:"con";s:8:"response";s:88:"Select bank:
1. Pride/218210027132501
2. Pride/223205003324501
3. Pride/223206003324501
";s:3:"map";a:1:{i:0;O:8:"stdClass":1:{s:4:"menu";s:14:"AccountBalance";}}s:4:"type";s:4:"form";}
2019-08-19 11:55:47 - ERROR : AccountBalance
2019-08-19 11:55:47 - MMMMMMM : AccountBalance
2019-08-19 11:55:47 - BALANCE REQUEST : FORMID:B-:MERCHANTID:BALANCE:BANKACCOUNTID:218210027132501:SHORTCODE:250:CUSTOMERID:1485941693:MOBILENUMBER:256700146817:BANKID:0017:COUNTRY:UGANDATEST:UNIQUEID:3dba18b3-2a8d-a1e0-25f4-2719c1d931d9:
2019-08-19 11:55:51 - BALANCE RESPONSE : 
STATUS:091:DATA:Error Getting the Data from your Bank. 091-Your Bank is not available. Please try again shown
