2019-07-10 09:45:24 - GET CUSTOMER REQUEST :FORMID:GETCUSTOMER:MOBILENUMBER:256700146817:SHORTCODE:250:COUNTRY:UGANDATEST:DEVICEID:256700146817250:UNIQUEID:752c49e6-222b-35ca-7c8b-27c8e441c5c9:
2019-07-10 09:45:25 - GET CUSTOMER RESPONSE : 
STATUS:000:CUSTOMERID:1485941693:COUNTRY:UGANDATEST:FIRSTNAME:Shafique:LASTNAME:Kabali:BANKNAME:PRIDE:WELCOMEMESSAGE:Welcome to Pride Mobile Banking. Enter your PIN:LANGUAGE:EN
2019-07-10 09:45:25 - GET CUSTOMER000
2019-07-10 09:45:25 - GET CUSTOMER TIME : 2.8071904182434E-7
2019-07-10 09:45:31 - MENU : menu
2019-07-10 09:45:31 - MENU INPUT : 1234
2019-07-10 09:45:31 - LOGIN REQUEST : FORMID:LOGIN:CUSTOMERID:1485941693:MOBILENUMBER:256700146817:BANKID:0017:BANKNAME:PML:SHORTCODE:250:COUNTRY:UGANDATEST:DEVICEID:256700146817250:LOGINMPIN:1234:UNIQUEID:c1838f95-f825-c0f2-c25d-bffbfbf7063b:
2019-07-10 09:45:31 - LOGIN RESPONSE :
STATUS:000:ACCOUNTS:223205003324501,218210027132501,223206003324501:
2019-07-10 09:45:31 - LOGIN ACCOUNTS :223205003324501,218210027132501,223206003324501
2019-07-10 09:45:36 - MENU : home
2019-07-10 09:45:36 - MENU INPUT : 1
2019-07-10 09:45:36 - UP : home
2019-07-10 09:45:36 - MENU RESPONSES : home -> 
2019-07-10 09:45:36 - DOWN : pinReset
2019-07-10 09:45:36 - DOWN MENU : O:8:"stdClass":5:{s:2:"id";s:4:"home";s:8:"response";s:144:"Reply with
1. Account Balance
2. Mini Statement
3.Funds Transfer
4. Airtime Purchase
5. Mobile Money
6. Utility Payment 
7. Change Pin
8. Logout";s:3:"map";a:7:{i:0;O:8:"stdClass":2:{s:3:"key";s:1:"1";s:4:"menu";s:15:"BalanceAccounts";}i:1;O:8:"stdClass":2:{s:3:"key";s:1:"2";s:4:"menu";s:17:"StatementAccounts";}i:2;O:8:"stdClass":2:{s:3:"key";s:1:"3";s:4:"menu";s:10:"FTAccounts";}i:3;O:8:"stdClass":2:{s:3:"key";s:1:"4";s:4:"menu";s:14:"MOBILEPROVIDER";}i:4;O:8:"stdClass":2:{s:3:"key";s:1:"5";s:4:"menu";s:5:"NewFT";}i:5;O:8:"stdClass":2:{s:3:"key";s:1:"6";s:4:"menu";s:7:"utility";}i:6;O:8:"stdClass":2:{s:3:"key";s:1:"7";s:4:"menu";s:9:"changePin";}}s:4:"type";s:7:"dynamic";s:6:"action";s:3:"con";}
2019-07-10 09:45:36 - ERROR : BalanceAccounts
2019-07-10 09:45:36 - MMMMMMM : BalanceAccounts
2019-07-10 09:45:38 - MENU : BalanceAccounts
2019-07-10 09:45:38 - MENU INPUT : 1
2019-07-10 09:45:38 - UP : BalanceAccounts
2019-07-10 09:45:38 - MENU RESPONSES : BalanceAccounts -> 
2019-07-10 09:45:38 - DOWN : pinReset
2019-07-10 09:45:38 - ERROR : BalanceAccounts
2019-07-10 09:45:38 - MMMMMMM : BalanceAccounts
2019-07-10 09:45:38 - DOWN MENU : O:8:"stdClass":5:{s:2:"id";s:15:"BalanceAccounts";s:6:"action";s:3:"con";s:8:"response";s:88:"Select bank:
1. Pride/223205003324501
2. Pride/218210027132501
3. Pride/223206003324501
";s:3:"map";a:1:{i:0;O:8:"stdClass":1:{s:4:"menu";s:14:"AccountBalance";}}s:4:"type";s:4:"form";}
2019-07-10 09:45:38 - ERROR : AccountBalance
2019-07-10 09:45:38 - MMMMMMM : AccountBalance
2019-07-10 09:45:38 - BALANCE REQUEST : FORMID:B-:MERCHANTID:BALANCE:BANKACCOUNTID:223205003324501:SHORTCODE:250:CUSTOMERID:1485941693:MOBILENUMBER:256700146817:BANKID:0017:COUNTRY:UGANDATEST:UNIQUEID:25853268-7027-914f-e26a-3c00fdf03972:
2019-07-10 09:45:59 - BALANCE RESPONSE : 
STATUS:091:DATA: shown
2019-07-10 10:17:28 - GET CUSTOMER REQUEST :FORMID:GETCUSTOMER:MOBILENUMBER:256700146817:SHORTCODE:250:COUNTRY:UGANDATEST:DEVICEID:256700146817250:UNIQUEID:0f706884-8614-ee31-551a-963164d9ce94:
2019-07-10 10:17:28 - GET CUSTOMER RESPONSE : 
STATUS:000:CUSTOMERID:1485941693:COUNTRY:UGANDATEST:FIRSTNAME:Shafique:LASTNAME:Kabali:BANKNAME:PRIDE:WELCOMEMESSAGE:Welcome to Pride Mobile Banking. Enter your PIN:LANGUAGE:EN
2019-07-10 10:17:28 - GET CUSTOMER000
2019-07-10 10:17:28 - GET CUSTOMER TIME : 6.9756984710693E-8
2019-07-10 10:17:30 - GET CUSTOMER REQUEST :FORMID:GETCUSTOMER:MOBILENUMBER:256700146817:SHORTCODE:250:COUNTRY:UGANDATEST:DEVICEID:256700146817250:UNIQUEID:8ada3c35-f6e5-a681-907d-01dee1fc6d18:
2019-07-10 10:17:30 - GET CUSTOMER RESPONSE : 
STATUS:000:CUSTOMERID:1485941693:COUNTRY:UGANDATEST:FIRSTNAME:Shafique:LASTNAME:Kabali:BANKNAME:PRIDE:WELCOMEMESSAGE:Welcome to Pride Mobile Banking. Enter your PIN:LANGUAGE:EN
2019-07-10 10:17:30 - GET CUSTOMER000
2019-07-10 10:17:30 - GET CUSTOMER TIME : 3.0147075653076E-8
2019-07-10 10:17:32 - MENU : menu
2019-07-10 10:17:32 - MENU INPUT : 1234
2019-07-10 10:17:32 - LOGIN REQUEST : FORMID:LOGIN:CUSTOMERID:1485941693:MOBILENUMBER:256700146817:BANKID:0017:BANKNAME:PML:SHORTCODE:250:COUNTRY:UGANDATEST:DEVICEID:256700146817250:LOGINMPIN:1234:UNIQUEID:c371ef65-266c-66a1-9b1a-430ed776645c:
2019-07-10 10:17:32 - LOGIN RESPONSE :
STATUS:000:ACCOUNTS:223205003324501,218210027132501,223206003324501:
2019-07-10 10:17:32 - LOGIN ACCOUNTS :223205003324501,218210027132501,223206003324501
2019-07-10 10:17:36 - MENU : home
2019-07-10 10:17:36 - MENU INPUT : 1
2019-07-10 10:17:36 - UP : home
2019-07-10 10:17:36 - MENU RESPONSES : home -> 
2019-07-10 10:17:36 - DOWN : pinReset
2019-07-10 10:17:36 - DOWN MENU : O:8:"stdClass":5:{s:2:"id";s:4:"home";s:8:"response";s:144:"Reply with
1. Account Balance
2. Mini Statement
3.Funds Transfer
4. Airtime Purchase
5. Mobile Money
6. Utility Payment 
7. Change Pin
8. Logout";s:3:"map";a:7:{i:0;O:8:"stdClass":2:{s:3:"key";s:1:"1";s:4:"menu";s:15:"BalanceAccounts";}i:1;O:8:"stdClass":2:{s:3:"key";s:1:"2";s:4:"menu";s:17:"StatementAccounts";}i:2;O:8:"stdClass":2:{s:3:"key";s:1:"3";s:4:"menu";s:10:"FTAccounts";}i:3;O:8:"stdClass":2:{s:3:"key";s:1:"4";s:4:"menu";s:14:"MOBILEPROVIDER";}i:4;O:8:"stdClass":2:{s:3:"key";s:1:"5";s:4:"menu";s:5:"NewFT";}i:5;O:8:"stdClass":2:{s:3:"key";s:1:"6";s:4:"menu";s:7:"utility";}i:6;O:8:"stdClass":2:{s:3:"key";s:1:"7";s:4:"menu";s:9:"changePin";}}s:4:"type";s:7:"dynamic";s:6:"action";s:3:"con";}
2019-07-10 10:17:36 - ERROR : BalanceAccounts
2019-07-10 10:17:36 - MMMMMMM : BalanceAccounts
2019-07-10 10:17:38 - MENU : BalanceAccounts
2019-07-10 10:17:38 - MENU INPUT : 1
2019-07-10 10:17:38 - UP : BalanceAccounts
2019-07-10 10:17:38 - MENU RESPONSES : BalanceAccounts -> 
2019-07-10 10:17:38 - DOWN : pinReset
2019-07-10 10:17:38 - ERROR : BalanceAccounts
2019-07-10 10:17:38 - MMMMMMM : BalanceAccounts
2019-07-10 10:17:38 - DOWN MENU : O:8:"stdClass":5:{s:2:"id";s:15:"BalanceAccounts";s:6:"action";s:3:"con";s:8:"response";s:88:"Select bank:
1. Pride/223205003324501
2. Pride/218210027132501
3. Pride/223206003324501
";s:3:"map";a:1:{i:0;O:8:"stdClass":1:{s:4:"menu";s:14:"AccountBalance";}}s:4:"type";s:4:"form";}
2019-07-10 10:17:38 - ERROR : AccountBalance
2019-07-10 10:17:38 - MMMMMMM : AccountBalance
2019-07-10 10:17:38 - BALANCE REQUEST : FORMID:B-:MERCHANTID:BALANCE:BANKACCOUNTID:223205003324501:SHORTCODE:250:CUSTOMERID:1485941693:MOBILENUMBER:256700146817:BANKID:0017:COUNTRY:UGANDATEST:UNIQUEID:530efe36-a53b-bf5c-7904-c03c84b9d2f0:
2019-07-10 10:17:59 - BALANCE RESPONSE : 
STATUS:091:DATA: shown
2019-07-10 14:34:08 - GET CUSTOMER REQUEST :FORMID:GETCUSTOMER:MOBILENUMBER:256700146817:SHORTCODE:250:COUNTRY:UGANDATEST:DEVICEID:256700146817250:UNIQUEID:ee4512bb-e486-1707-f4fb-657728da0065:
2019-07-10 14:34:08 - GET CUSTOMER RESPONSE : 
STATUS:000:CUSTOMERID:1485941693:COUNTRY:UGANDATEST:FIRSTNAME:Shafique:LASTNAME:Kabali:BANKNAME:PRIDE:WELCOMEMESSAGE:Welcome to Pride Mobile Banking. Enter your PIN:LANGUAGE:EN
2019-07-10 14:34:08 - GET CUSTOMER000
2019-07-10 14:34:08 - GET CUSTOMER TIME : 4.2791128158569E-8
2019-07-10 14:34:16 - MENU : menu
2019-07-10 14:34:16 - MENU INPUT : 1234
2019-07-10 14:34:16 - LOGIN REQUEST : FORMID:LOGIN:CUSTOMERID:1485941693:MOBILENUMBER:256700146817:BANKID:0017:BANKNAME:PML:SHORTCODE:250:COUNTRY:UGANDATEST:DEVICEID:256700146817250:LOGINMPIN:1234:UNIQUEID:655191c2-56ff-10bf-29ac-7e918bc34d84:
2019-07-10 14:34:16 - LOGIN RESPONSE :
STATUS:000:ACCOUNTS:223205003324501,218210027132501,223206003324501:
2019-07-10 14:34:16 - LOGIN ACCOUNTS :223205003324501,218210027132501,223206003324501
2019-07-10 14:34:19 - MENU : home
2019-07-10 14:34:19 - MENU INPUT : 1
2019-07-10 14:34:19 - UP : home
2019-07-10 14:34:19 - MENU RESPONSES : home -> 
2019-07-10 14:34:19 - DOWN : pinReset
2019-07-10 14:34:19 - DOWN MENU : O:8:"stdClass":5:{s:2:"id";s:4:"home";s:8:"response";s:144:"Reply with
1. Account Balance
2. Mini Statement
3.Funds Transfer
4. Airtime Purchase
5. Mobile Money
6. Utility Payment 
7. Change Pin
8. Logout";s:3:"map";a:7:{i:0;O:8:"stdClass":2:{s:3:"key";s:1:"1";s:4:"menu";s:15:"BalanceAccounts";}i:1;O:8:"stdClass":2:{s:3:"key";s:1:"2";s:4:"menu";s:17:"StatementAccounts";}i:2;O:8:"stdClass":2:{s:3:"key";s:1:"3";s:4:"menu";s:10:"FTAccounts";}i:3;O:8:"stdClass":2:{s:3:"key";s:1:"4";s:4:"menu";s:14:"MOBILEPROVIDER";}i:4;O:8:"stdClass":2:{s:3:"key";s:1:"5";s:4:"menu";s:5:"NewFT";}i:5;O:8:"stdClass":2:{s:3:"key";s:1:"6";s:4:"menu";s:7:"utility";}i:6;O:8:"stdClass":2:{s:3:"key";s:1:"7";s:4:"menu";s:9:"changePin";}}s:4:"type";s:7:"dynamic";s:6:"action";s:3:"con";}
2019-07-10 14:34:19 - ERROR : BalanceAccounts
2019-07-10 14:34:19 - MMMMMMM : BalanceAccounts
2019-07-10 14:34:21 - MENU : BalanceAccounts
2019-07-10 14:34:21 - MENU INPUT : 1
2019-07-10 14:34:21 - UP : BalanceAccounts
2019-07-10 14:34:21 - MENU RESPONSES : BalanceAccounts -> 
2019-07-10 14:34:21 - DOWN : pinReset
2019-07-10 14:34:21 - ERROR : BalanceAccounts
2019-07-10 14:34:21 - MMMMMMM : BalanceAccounts
2019-07-10 14:34:21 - DOWN MENU : O:8:"stdClass":5:{s:2:"id";s:15:"BalanceAccounts";s:6:"action";s:3:"con";s:8:"response";s:88:"Select bank:
1. Pride/223205003324501
2. Pride/218210027132501
3. Pride/223206003324501
";s:3:"map";a:1:{i:0;O:8:"stdClass":1:{s:4:"menu";s:14:"AccountBalance";}}s:4:"type";s:4:"form";}
2019-07-10 14:34:21 - ERROR : AccountBalance
2019-07-10 14:34:21 - MMMMMMM : AccountBalance
2019-07-10 14:34:21 - BALANCE REQUEST : FORMID:B-:MERCHANTID:BALANCE:BANKACCOUNTID:223205003324501:SHORTCODE:250:CUSTOMERID:1485941693:MOBILENUMBER:256700146817:BANKID:0017:COUNTRY:UGANDATEST:UNIQUEID:36af7d5f-4ff3-4bb6-2b70-5c381e11c068:
2019-07-10 14:34:42 - BALANCE RESPONSE : 
STATUS:091:DATA: shown
2019-07-10 16:51:10 - GET CUSTOMER REQUEST :FORMID:GETCUSTOMER:MOBILENUMBER:256700146817:SHORTCODE:250:COUNTRY:UGANDATEST:DEVICEID:256700146817250:UNIQUEID:b52be601-91f1-0b08-ca9b-d7e7cb70a003:
2019-07-10 16:51:10 - GET CUSTOMER RESPONSE : 
STATUS:000:CUSTOMERID:1485941693:COUNTRY:UGANDATEST:FIRSTNAME:Shafique:LASTNAME:Kabali:BANKNAME:PRIDE:WELCOMEMESSAGE:Welcome to Pride Mobile Banking. Enter your PIN:LANGUAGE:EN
2019-07-10 16:51:10 - GET CUSTOMER000
2019-07-10 16:51:10 - GET CUSTOMER TIME : 4.0670156478882E-8
2019-07-10 16:51:19 - MENU : menu
2019-07-10 16:51:19 - MENU INPUT : 1234
2019-07-10 16:51:19 - LOGIN REQUEST : FORMID:LOGIN:CUSTOMERID:1485941693:MOBILENUMBER:256700146817:BANKID:0017:BANKNAME:PML:SHORTCODE:250:COUNTRY:UGANDATEST:DEVICEID:256700146817250:LOGINMPIN:1234:UNIQUEID:7b4de8bd-bf00-3b89-45d4-d4c558e74751:
2019-07-10 16:51:19 - LOGIN RESPONSE :
STATUS:000:ACCOUNTS:223205003324501,218210027132501,223206003324501:
2019-07-10 16:51:19 - LOGIN ACCOUNTS :223205003324501,218210027132501,223206003324501
2019-07-10 16:51:22 - MENU : home
2019-07-10 16:51:22 - MENU INPUT : 1
2019-07-10 16:51:22 - UP : home
2019-07-10 16:51:22 - MENU RESPONSES : home -> 
2019-07-10 16:51:22 - DOWN : pinReset
2019-07-10 16:51:22 - DOWN MENU : O:8:"stdClass":5:{s:2:"id";s:4:"home";s:8:"response";s:144:"Reply with
1. Account Balance
2. Mini Statement
3.Funds Transfer
4. Airtime Purchase
5. Mobile Money
6. Utility Payment 
7. Change Pin
8. Logout";s:3:"map";a:7:{i:0;O:8:"stdClass":2:{s:3:"key";s:1:"1";s:4:"menu";s:15:"BalanceAccounts";}i:1;O:8:"stdClass":2:{s:3:"key";s:1:"2";s:4:"menu";s:17:"StatementAccounts";}i:2;O:8:"stdClass":2:{s:3:"key";s:1:"3";s:4:"menu";s:10:"FTAccounts";}i:3;O:8:"stdClass":2:{s:3:"key";s:1:"4";s:4:"menu";s:14:"MOBILEPROVIDER";}i:4;O:8:"stdClass":2:{s:3:"key";s:1:"5";s:4:"menu";s:5:"NewFT";}i:5;O:8:"stdClass":2:{s:3:"key";s:1:"6";s:4:"menu";s:7:"utility";}i:6;O:8:"stdClass":2:{s:3:"key";s:1:"7";s:4:"menu";s:9:"changePin";}}s:4:"type";s:7:"dynamic";s:6:"action";s:3:"con";}
2019-07-10 16:51:22 - ERROR : BalanceAccounts
2019-07-10 16:51:22 - MMMMMMM : BalanceAccounts
2019-07-10 16:51:25 - MENU : BalanceAccounts
2019-07-10 16:51:25 - MENU INPUT : 1
2019-07-10 16:51:25 - UP : BalanceAccounts
2019-07-10 16:51:25 - MENU RESPONSES : BalanceAccounts -> 
2019-07-10 16:51:25 - DOWN : pinReset
2019-07-10 16:51:25 - ERROR : BalanceAccounts
2019-07-10 16:51:25 - MMMMMMM : BalanceAccounts
2019-07-10 16:51:25 - DOWN MENU : O:8:"stdClass":5:{s:2:"id";s:15:"BalanceAccounts";s:6:"action";s:3:"con";s:8:"response";s:88:"Select bank:
1. Pride/223205003324501
2. Pride/218210027132501
3. Pride/223206003324501
";s:3:"map";a:1:{i:0;O:8:"stdClass":1:{s:4:"menu";s:14:"AccountBalance";}}s:4:"type";s:4:"form";}
2019-07-10 16:51:25 - ERROR : AccountBalance
2019-07-10 16:51:25 - MMMMMMM : AccountBalance
2019-07-10 16:51:25 - BALANCE REQUEST : FORMID:B-:MERCHANTID:BALANCE:BANKACCOUNTID:223205003324501:SHORTCODE:250:CUSTOMERID:1485941693:MOBILENUMBER:256700146817:BANKID:0017:COUNTRY:UGANDATEST:UNIQUEID:24a4a683-b5dd-abfd-0155-f178561cac9e:
2019-07-10 16:51:46 - BALANCE RESPONSE : 
STATUS:091:DATA: shown
2019-07-10 16:58:51 - GET CUSTOMER REQUEST :FORMID:GETCUSTOMER:MOBILENUMBER:256700146817:SHORTCODE:250:COUNTRY:UGANDATEST:DEVICEID:256700146817250:UNIQUEID:d8de7f17-7877-811f-0628-4f82bb97feeb:
2019-07-10 16:58:51 - GET CUSTOMER RESPONSE : 
STATUS:000:CUSTOMERID:1485941693:COUNTRY:UGANDATEST:FIRSTNAME:Shafique:LASTNAME:Kabali:BANKNAME:PRIDE:WELCOMEMESSAGE:Welcome to Pride Mobile Banking. Enter your PIN:LANGUAGE:EN
2019-07-10 16:58:51 - GET CUSTOMER000
2019-07-10 16:58:51 - GET CUSTOMER TIME : 3.9103984832764E-8
2019-07-10 16:58:54 - MENU : menu
2019-07-10 16:58:54 - MENU INPUT : 1234
2019-07-10 16:58:54 - LOGIN REQUEST : FORMID:LOGIN:CUSTOMERID:1485941693:MOBILENUMBER:256700146817:BANKID:0017:BANKNAME:PML:SHORTCODE:250:COUNTRY:UGANDATEST:DEVICEID:256700146817250:LOGINMPIN:1234:UNIQUEID:323559b5-f327-16ad-ea8b-fd8ea839e662:
2019-07-10 16:58:54 - LOGIN RESPONSE :
STATUS:000:ACCOUNTS:223205003324501,218210027132501,223206003324501:
2019-07-10 16:58:54 - LOGIN ACCOUNTS :223205003324501,218210027132501,223206003324501
2019-07-10 16:59:00 - MENU : home
2019-07-10 16:59:00 - MENU INPUT : 1
2019-07-10 16:59:00 - UP : home
2019-07-10 16:59:00 - MENU RESPONSES : home -> 
2019-07-10 16:59:00 - DOWN : pinReset
2019-07-10 16:59:00 - DOWN MENU : O:8:"stdClass":5:{s:2:"id";s:4:"home";s:8:"response";s:144:"Reply with
1. Account Balance
2. Mini Statement
3.Funds Transfer
4. Airtime Purchase
5. Mobile Money
6. Utility Payment 
7. Change Pin
8. Logout";s:3:"map";a:7:{i:0;O:8:"stdClass":2:{s:3:"key";s:1:"1";s:4:"menu";s:15:"BalanceAccounts";}i:1;O:8:"stdClass":2:{s:3:"key";s:1:"2";s:4:"menu";s:17:"StatementAccounts";}i:2;O:8:"stdClass":2:{s:3:"key";s:1:"3";s:4:"menu";s:10:"FTAccounts";}i:3;O:8:"stdClass":2:{s:3:"key";s:1:"4";s:4:"menu";s:14:"MOBILEPROVIDER";}i:4;O:8:"stdClass":2:{s:3:"key";s:1:"5";s:4:"menu";s:5:"NewFT";}i:5;O:8:"stdClass":2:{s:3:"key";s:1:"6";s:4:"menu";s:7:"utility";}i:6;O:8:"stdClass":2:{s:3:"key";s:1:"7";s:4:"menu";s:9:"changePin";}}s:4:"type";s:7:"dynamic";s:6:"action";s:3:"con";}
2019-07-10 16:59:00 - ERROR : BalanceAccounts
2019-07-10 16:59:00 - MMMMMMM : BalanceAccounts
2019-07-10 16:59:02 - MENU : BalanceAccounts
2019-07-10 16:59:02 - MENU INPUT : 1
2019-07-10 16:59:02 - UP : BalanceAccounts
2019-07-10 16:59:02 - MENU RESPONSES : BalanceAccounts -> 
2019-07-10 16:59:02 - DOWN : pinReset
2019-07-10 16:59:02 - ERROR : BalanceAccounts
2019-07-10 16:59:02 - MMMMMMM : BalanceAccounts
2019-07-10 16:59:02 - DOWN MENU : O:8:"stdClass":5:{s:2:"id";s:15:"BalanceAccounts";s:6:"action";s:3:"con";s:8:"response";s:88:"Select bank:
1. Pride/223205003324501
2. Pride/218210027132501
3. Pride/223206003324501
";s:3:"map";a:1:{i:0;O:8:"stdClass":1:{s:4:"menu";s:14:"AccountBalance";}}s:4:"type";s:4:"form";}
2019-07-10 16:59:02 - ERROR : AccountBalance
2019-07-10 16:59:02 - MMMMMMM : AccountBalance
2019-07-10 16:59:02 - BALANCE REQUEST : FORMID:B-:MERCHANTID:BALANCE:BANKACCOUNTID:223205003324501:SHORTCODE:250:CUSTOMERID:1485941693:MOBILENUMBER:256700146817:BANKID:0017:COUNTRY:UGANDATEST:UNIQUEID:1912de1d-010f-6207-3ba6-0525f2b15b37:
2019-07-10 16:59:10 - BALANCE RESPONSE : 
STATUS:OK:DATA:BankPRIDEBalance;UGXActual;205,175.32 CRAvailable;205,175.32 CR shown
2019-07-10 17:01:02 - GET CUSTOMER REQUEST :FORMID:GETCUSTOMER:MOBILENUMBER:256700146817:SHORTCODE:250:COUNTRY:UGANDATEST:DEVICEID:256700146817250:UNIQUEID:287c222d-6c36-4a51-a9e0-8b3dce8c8761:
2019-07-10 17:01:02 - GET CUSTOMER RESPONSE : 
STATUS:000:CUSTOMERID:1485941693:COUNTRY:UGANDATEST:FIRSTNAME:Shafique:LASTNAME:Kabali:BANKNAME:PRIDE:WELCOMEMESSAGE:Welcome to Pride Mobile Banking. Enter your PIN:LANGUAGE:EN
2019-07-10 17:01:02 - GET CUSTOMER000
2019-07-10 17:01:02 - GET CUSTOMER TIME : 3.8824081420898E-8
2019-07-10 17:01:05 - MENU : menu
2019-07-10 17:01:05 - MENU INPUT : 1234
2019-07-10 17:01:05 - LOGIN REQUEST : FORMID:LOGIN:CUSTOMERID:1485941693:MOBILENUMBER:256700146817:BANKID:0017:BANKNAME:PML:SHORTCODE:250:COUNTRY:UGANDATEST:DEVICEID:256700146817250:LOGINMPIN:1234:UNIQUEID:a71d3af5-b3a6-d685-ebfd-8ba86cf6ba7f:
2019-07-10 17:01:05 - LOGIN RESPONSE :
STATUS:000:ACCOUNTS:223205003324501,218210027132501,223206003324501:
2019-07-10 17:01:05 - LOGIN ACCOUNTS :223205003324501,218210027132501,223206003324501
2019-07-10 17:01:09 - MENU : home
2019-07-10 17:01:09 - MENU INPUT : 2
2019-07-10 17:01:09 - UP : home
2019-07-10 17:01:09 - MENU RESPONSES : home -> 
2019-07-10 17:01:09 - DOWN : pinReset
2019-07-10 17:01:09 - DOWN MENU : O:8:"stdClass":5:{s:2:"id";s:4:"home";s:8:"response";s:144:"Reply with
1. Account Balance
2. Mini Statement
3.Funds Transfer
4. Airtime Purchase
5. Mobile Money
6. Utility Payment 
7. Change Pin
8. Logout";s:3:"map";a:7:{i:0;O:8:"stdClass":2:{s:3:"key";s:1:"1";s:4:"menu";s:15:"BalanceAccounts";}i:1;O:8:"stdClass":2:{s:3:"key";s:1:"2";s:4:"menu";s:17:"StatementAccounts";}i:2;O:8:"stdClass":2:{s:3:"key";s:1:"3";s:4:"menu";s:10:"FTAccounts";}i:3;O:8:"stdClass":2:{s:3:"key";s:1:"4";s:4:"menu";s:14:"MOBILEPROVIDER";}i:4;O:8:"stdClass":2:{s:3:"key";s:1:"5";s:4:"menu";s:5:"NewFT";}i:5;O:8:"stdClass":2:{s:3:"key";s:1:"6";s:4:"menu";s:7:"utility";}i:6;O:8:"stdClass":2:{s:3:"key";s:1:"7";s:4:"menu";s:9:"changePin";}}s:4:"type";s:7:"dynamic";s:6:"action";s:3:"con";}
2019-07-10 17:01:09 - ERROR : StatementAccounts
2019-07-10 17:01:09 - MMMMMMM : StatementAccounts
2019-07-10 17:01:11 - MENU : StatementAccounts
2019-07-10 17:01:11 - MENU INPUT : 2
2019-07-10 17:01:11 - UP : StatementAccounts
2019-07-10 17:01:11 - MENU RESPONSES : StatementAccounts -> 
2019-07-10 17:01:11 - DOWN : pinReset
2019-07-10 17:01:11 - ERROR : StatementAccounts
2019-07-10 17:01:11 - MMMMMMM : StatementAccounts
2019-07-10 17:01:11 - DOWN MENU : O:8:"stdClass":5:{s:2:"id";s:17:"StatementAccounts";s:6:"action";s:3:"con";s:8:"response";s:88:"Select Bank:
1. Pride/223205003324501
2. Pride/218210027132501
3. Pride/223206003324501
";s:3:"map";a:1:{i:0;O:8:"stdClass":1:{s:4:"menu";s:16:"AccountStatement";}}s:4:"type";s:4:"form";}
2019-07-10 17:01:11 - ERROR : AccountStatement
2019-07-10 17:01:11 - MMMMMMM : AccountStatement
2019-07-10 17:01:11 - MINISTATEMENT REQUEST : FORMID:B-:MERCHANTID:STATEMENT:BANKACCOUNTID:218210027132501:SHORTCODE:250:CUSTOMERID:1485941693:MOBILENUMBER:256700146817:BANKID:0017:COUNTRY:UGANDATEST:UNIQUEID:24403a2b-ede5-2ede-e091-418facfffc8c:
2019-07-10 17:01:13 - MINISTATEMENT RESPONSE : 
STATUS:OK:DATA:30/04/19 DR. 3,355 30/04/19 CR. 22,369 17/04/19 CR. 100,000 16/04/19 CR. 140,000 16/04/19 CR. 100,000 
2019-07-10 17:01:20 - GET CUSTOMER REQUEST :FORMID:GETCUSTOMER:MOBILENUMBER:256700146817:SHORTCODE:250:COUNTRY:UGANDATEST:DEVICEID:256700146817250:UNIQUEID:43bd36f2-52b8-bf3d-de41-d5fc4f0b735b:
2019-07-10 17:01:20 - GET CUSTOMER RESPONSE : 
STATUS:000:CUSTOMERID:1485941693:COUNTRY:UGANDATEST:FIRSTNAME:Shafique:LASTNAME:Kabali:BANKNAME:PRIDE:WELCOMEMESSAGE:Welcome to Pride Mobile Banking. Enter your PIN:LANGUAGE:EN
2019-07-10 17:01:20 - GET CUSTOMER000
2019-07-10 17:01:20 - GET CUSTOMER TIME : 2.6638984680176E-8
2019-07-10 17:01:22 - MENU : menu
2019-07-10 17:01:22 - MENU INPUT : 2
2019-07-10 17:01:22 - LOGIN REQUEST : FORMID:LOGIN:CUSTOMERID:1485941693:MOBILENUMBER:256700146817:BANKID:0017:BANKNAME:PML:SHORTCODE:250:COUNTRY:UGANDATEST:DEVICEID:256700146817250:LOGINMPIN:2:UNIQUEID:c066bd86-3fc1-aeb0-9fe6-e87989356e63:
2019-07-10 17:01:22 - LOGIN RESPONSE :
STATUS:091:DATA:Invalid Login Password
2019-07-10 17:01:24 - MENU : pin
2019-07-10 17:01:24 - MENU INPUT : 1234
2019-07-10 17:01:24 - LOGIN REQUEST : FORMID:LOGIN:CUSTOMERID:1485941693:MOBILENUMBER:256700146817:BANKID:0017:BANKNAME:PML:SHORTCODE:250:COUNTRY:UGANDATEST:DEVICEID:256700146817250:LOGINMPIN:1234:UNIQUEID:8906de9d-ec29-5a1a-bb24-1b9e4aa02571:
2019-07-10 17:01:24 - LOGIN RESPONSE :
STATUS:000:ACCOUNTS:223205003324501,218210027132501,223206003324501:
2019-07-10 17:01:24 - LOGIN ACCOUNTS :223205003324501,218210027132501,223206003324501
2019-07-10 17:01:30 - MENU : home
2019-07-10 17:01:30 - MENU INPUT : 3
2019-07-10 17:01:30 - UP : home
2019-07-10 17:01:30 - MENU RESPONSES : home -> 
2019-07-10 17:01:30 - DOWN : pinReset
2019-07-10 17:01:30 - DOWN MENU : O:8:"stdClass":5:{s:2:"id";s:4:"home";s:8:"response";s:144:"Reply with
1. Account Balance
2. Mini Statement
3.Funds Transfer
4. Airtime Purchase
5. Mobile Money
6. Utility Payment 
7. Change Pin
8. Logout";s:3:"map";a:7:{i:0;O:8:"stdClass":2:{s:3:"key";s:1:"1";s:4:"menu";s:15:"BalanceAccounts";}i:1;O:8:"stdClass":2:{s:3:"key";s:1:"2";s:4:"menu";s:17:"StatementAccounts";}i:2;O:8:"stdClass":2:{s:3:"key";s:1:"3";s:4:"menu";s:10:"FTAccounts";}i:3;O:8:"stdClass":2:{s:3:"key";s:1:"4";s:4:"menu";s:14:"MOBILEPROVIDER";}i:4;O:8:"stdClass":2:{s:3:"key";s:1:"5";s:4:"menu";s:5:"NewFT";}i:5;O:8:"stdClass":2:{s:3:"key";s:1:"6";s:4:"menu";s:7:"utility";}i:6;O:8:"stdClass":2:{s:3:"key";s:1:"7";s:4:"menu";s:9:"changePin";}}s:4:"type";s:7:"dynamic";s:6:"action";s:3:"con";}
2019-07-10 17:01:30 - ERROR : FTAccounts
2019-07-10 17:01:30 - MMMMMMM : FTAccounts
2019-07-10 17:01:34 - MENU : FTAccounts
2019-07-10 17:01:34 - MENU INPUT : 1
2019-07-10 17:01:34 - UP : FTAccounts
2019-07-10 17:01:34 - MENU RESPONSES : FTAccounts -> 
2019-07-10 17:01:34 - DOWN : pinReset
2019-07-10 17:01:34 - ERROR : FTAccounts
2019-07-10 17:01:34 - MMMMMMM : FTAccounts
2019-07-10 17:01:34 - DOWN MENU : O:8:"stdClass":5:{s:2:"id";s:10:"FTAccounts";s:6:"action";s:3:"con";s:8:"response";s:90:"Select Bank 
1. 223205003324501
2. 218210027132501
3. 223206003324501
00. Home 
 000. Exit";s:3:"map";a:1:{i:0;O:8:"stdClass":1:{s:4:"menu";s:6:"fundst";}}s:4:"type";s:4:"form";}
2019-07-10 17:01:36 - MENU : fundst
2019-07-10 17:01:36 - MENU INPUT : 1
2019-07-10 17:01:36 - UP : fundst
2019-07-10 17:01:36 - MENU RESPONSES : fundst -> 
2019-07-10 17:01:36 - DOWN : pinReset
2019-07-10 17:01:36 - DOWN MENU : O:8:"stdClass":5:{s:2:"id";s:6:"fundst";s:8:"response";s:60:"Reply with:
1. Direct Transfer
2. InterBank Transfer
0. Home";s:3:"map";a:2:{i:0;O:8:"stdClass":2:{s:3:"key";s:1:"1";s:4:"menu";s:14:"iftFormAccount";}i:1;O:8:"stdClass":2:{s:3:"key";s:1:"2";s:4:"menu";s:17:"InterBankTransfer";}}s:4:"type";s:7:"dynamic";s:6:"action";s:3:"con";}
2019-07-10 17:01:39 - MENU : iftFormAccount
2019-07-10 17:01:39 - MENU INPUT : 1234
2019-07-10 17:01:39 - UP : iftFormAccount
2019-07-10 17:01:39 - MENU RESPONSES : iftFormAccount -> 
2019-07-10 17:01:39 - DOWN : pinReset
2019-07-10 17:01:39 - DOWN MENU : O:8:"stdClass":6:{s:2:"id";s:14:"iftFormAccount";s:8:"response";s:29:"Enter Account To Transfer To:";s:3:"map";a:1:{i:0;O:8:"stdClass":2:{s:3:"key";s:4:"next";s:4:"menu";s:17:"validateFTAccount";}}s:4:"type";s:4:"form";s:4:"name";s:13:"DirectAccount";s:6:"action";s:3:"con";}
2019-07-10 17:01:39 - ERROR : validateFTAccount
2019-07-10 17:01:39 - MMMMMMM : validateFTAccount
2019-07-10 17:01:39 - VALIDATE FT ACCOUNT REQUEST : FORMID:M-:MERCHANTID:VALIDATEACCOUNT:ACCOUNTID:1234:CUSTOMERID:1485941693:MOBILENUMBER:256700146817:BANKNAME:PML:SHORTCODE:250:BANKID:0017:COUNTRY:UGANDATEST:ACTION:GETNAME:UNIQUEID:5a38b382-725f-d8a7-6db2-574a2c3d94c5:TRXSOURCE:USSD:
2019-07-10 17:01:41 - MENU : pinReset
2019-07-10 17:01:41 - MENU INPUT : 12344455
2019-07-10 17:01:41 - UP : pinReset
2019-07-10 17:01:41 - MENU RESPONSES : pinReset -> 
2019-07-10 17:01:41 - DOWN : pinReset
2019-07-10 17:01:41 - ERROR : pinReset
2019-07-10 17:01:41 - MMMMMMM : pinReset
2019-07-10 17:02:01 - VALIDATE FT ACCOUNT RESPONSE : 
STATUS:091:MESSAGE:Invalid Account. Please reenter.
2019-07-10 17:07:15 - GET CUSTOMER REQUEST :FORMID:GETCUSTOMER:MOBILENUMBER:256700146817:SHORTCODE:250:COUNTRY:UGANDATEST:DEVICEID:256700146817250:UNIQUEID:f7b4adf6-d031-779c-8f3c-41c74a962bce:
2019-07-10 17:07:15 - GET CUSTOMER RESPONSE : 
STATUS:000:CUSTOMERID:1485941693:COUNTRY:UGANDATEST:FIRSTNAME:Shafique:LASTNAME:Kabali:BANKNAME:PRIDE:WELCOMEMESSAGE:Welcome to Pride Mobile Banking. Enter your PIN:LANGUAGE:EN
2019-07-10 17:07:15 - GET CUSTOMER000
2019-07-10 17:07:15 - GET CUSTOMER TIME : 4.9746990203857E-8
2019-07-10 17:07:18 - MENU : menu
2019-07-10 17:07:18 - MENU INPUT : 1234
2019-07-10 17:07:18 - LOGIN REQUEST : FORMID:LOGIN:CUSTOMERID:1485941693:MOBILENUMBER:256700146817:BANKID:0017:BANKNAME:PML:SHORTCODE:250:COUNTRY:UGANDATEST:DEVICEID:256700146817250:LOGINMPIN:1234:UNIQUEID:e3269fba-dbc0-c8cc-c870-eee5e5a5785e:
2019-07-10 17:07:18 - LOGIN RESPONSE :
STATUS:000:ACCOUNTS:223205003324501,218210027132501,223206003324501:
2019-07-10 17:07:18 - LOGIN ACCOUNTS :223205003324501,218210027132501,223206003324501
2019-07-10 17:07:22 - MENU : home
2019-07-10 17:07:22 - MENU INPUT : 3
2019-07-10 17:07:22 - UP : home
2019-07-10 17:07:22 - MENU RESPONSES : home -> 
2019-07-10 17:07:22 - DOWN : pinReset
2019-07-10 17:07:22 - DOWN MENU : O:8:"stdClass":5:{s:2:"id";s:4:"home";s:8:"response";s:144:"Reply with
1. Account Balance
2. Mini Statement
3.Funds Transfer
4. Airtime Purchase
5. Mobile Money
6. Utility Payment 
7. Change Pin
8. Logout";s:3:"map";a:7:{i:0;O:8:"stdClass":2:{s:3:"key";s:1:"1";s:4:"menu";s:15:"BalanceAccounts";}i:1;O:8:"stdClass":2:{s:3:"key";s:1:"2";s:4:"menu";s:17:"StatementAccounts";}i:2;O:8:"stdClass":2:{s:3:"key";s:1:"3";s:4:"menu";s:10:"FTAccounts";}i:3;O:8:"stdClass":2:{s:3:"key";s:1:"4";s:4:"menu";s:14:"MOBILEPROVIDER";}i:4;O:8:"stdClass":2:{s:3:"key";s:1:"5";s:4:"menu";s:5:"NewFT";}i:5;O:8:"stdClass":2:{s:3:"key";s:1:"6";s:4:"menu";s:7:"utility";}i:6;O:8:"stdClass":2:{s:3:"key";s:1:"7";s:4:"menu";s:9:"changePin";}}s:4:"type";s:7:"dynamic";s:6:"action";s:3:"con";}
2019-07-10 17:07:22 - ERROR : FTAccounts
2019-07-10 17:07:22 - MMMMMMM : FTAccounts
2019-07-10 17:07:26 - MENU : FTAccounts
2019-07-10 17:07:26 - MENU INPUT : 1
2019-07-10 17:07:26 - UP : FTAccounts
2019-07-10 17:07:26 - MENU RESPONSES : FTAccounts -> 
2019-07-10 17:07:26 - DOWN : pinReset
2019-07-10 17:07:26 - ERROR : FTAccounts
2019-07-10 17:07:26 - MMMMMMM : FTAccounts
2019-07-10 17:07:26 - DOWN MENU : O:8:"stdClass":5:{s:2:"id";s:10:"FTAccounts";s:6:"action";s:3:"con";s:8:"response";s:90:"Select Bank 
1. 223205003324501
2. 218210027132501
3. 223206003324501
00. Home 
 000. Exit";s:3:"map";a:1:{i:0;O:8:"stdClass":1:{s:4:"menu";s:6:"fundst";}}s:4:"type";s:4:"form";}
2019-07-10 17:07:28 - MENU : fundst
2019-07-10 17:07:28 - MENU INPUT : 1
2019-07-10 17:07:28 - UP : fundst
2019-07-10 17:07:28 - MENU RESPONSES : fundst -> 
2019-07-10 17:07:28 - DOWN : pinReset
2019-07-10 17:07:28 - DOWN MENU : O:8:"stdClass":5:{s:2:"id";s:6:"fundst";s:8:"response";s:60:"Reply with:
1. Direct Transfer
2. InterBank Transfer
0. Home";s:3:"map";a:2:{i:0;O:8:"stdClass":2:{s:3:"key";s:1:"1";s:4:"menu";s:14:"iftFormAccount";}i:1;O:8:"stdClass":2:{s:3:"key";s:1:"2";s:4:"menu";s:17:"InterBankTransfer";}}s:4:"type";s:7:"dynamic";s:6:"action";s:3:"con";}
2019-07-10 17:07:33 - MENU : iftFormAccount
2019-07-10 17:07:33 - MENU INPUT : 218210027132501
2019-07-10 17:07:33 - UP : iftFormAccount
2019-07-10 17:07:33 - MENU RESPONSES : iftFormAccount -> 
2019-07-10 17:07:33 - DOWN : pinReset
2019-07-10 17:07:33 - DOWN MENU : O:8:"stdClass":6:{s:2:"id";s:14:"iftFormAccount";s:8:"response";s:29:"Enter Account To Transfer To:";s:3:"map";a:1:{i:0;O:8:"stdClass":2:{s:3:"key";s:4:"next";s:4:"menu";s:17:"validateFTAccount";}}s:4:"type";s:4:"form";s:4:"name";s:13:"DirectAccount";s:6:"action";s:3:"con";}
2019-07-10 17:07:33 - ERROR : validateFTAccount
2019-07-10 17:07:33 - MMMMMMM : validateFTAccount
2019-07-10 17:07:33 - VALIDATE FT ACCOUNT REQUEST : FORMID:M-:MERCHANTID:VALIDATEACCOUNT:ACCOUNTID:218210027132501:CUSTOMERID:1485941693:MOBILENUMBER:256700146817:BANKNAME:PML:SHORTCODE:250:BANKID:0017:COUNTRY:UGANDATEST:ACTION:GETNAME:UNIQUEID:abf4c42d-5b59-85ca-99f3-7c5d11ac1f7e:TRXSOURCE:USSD:
2019-07-10 17:07:54 - VALIDATE FT ACCOUNT RESPONSE : 
STATUS:091:MESSAGE:Invalid Account. Please reenter.
2019-07-10 17:14:20 - MENU : 
2019-07-10 17:14:20 - MENU INPUT : 2
2019-07-10 17:14:20 - LOGIN REQUEST : FORMID:LOGIN:CUSTOMERID::MOBILENUMBER:256700146817:BANKID:0017:BANKNAME:PML:SHORTCODE:250:COUNTRY:UGANDATEST:DEVICEID:256700146817250:LOGINMPIN:2:UNIQUEID:f59a315c-7343-920d-0166-bfcf1429738b:
2019-07-10 17:14:20 - LOGIN RESPONSE :
STATUS:091:DATA:Invalid Login Password
2019-07-10 17:14:21 - GET CUSTOMER REQUEST :FORMID:GETCUSTOMER:MOBILENUMBER:256700146817:SHORTCODE:250:COUNTRY:UGANDATEST:DEVICEID:256700146817250:UNIQUEID:a18f5b78-e178-e393-9343-dbd9cccf3006:
2019-07-10 17:14:21 - GET CUSTOMER RESPONSE : 
STATUS:000:CUSTOMERID:1485941693:COUNTRY:UGANDATEST:FIRSTNAME:Shafique:LASTNAME:Kabali:BANKNAME:PRIDE:WELCOMEMESSAGE:Welcome to Pride Mobile Banking. Enter your PIN:LANGUAGE:EN
2019-07-10 17:14:21 - GET CUSTOMER000
2019-07-10 17:14:21 - GET CUSTOMER TIME : 3.0330896377563E-8
2019-07-10 17:14:25 - MENU : menu
2019-07-10 17:14:25 - MENU INPUT : 1234
2019-07-10 17:14:25 - LOGIN REQUEST : FORMID:LOGIN:CUSTOMERID:1485941693:MOBILENUMBER:256700146817:BANKID:0017:BANKNAME:PML:SHORTCODE:250:COUNTRY:UGANDATEST:DEVICEID:256700146817250:LOGINMPIN:1234:UNIQUEID:553edbe4-8f2d-f8a8-3130-fb8f363078a0:
2019-07-10 17:14:25 - LOGIN RESPONSE :
STATUS:000:ACCOUNTS:223205003324501,218210027132501,223206003324501:
2019-07-10 17:14:25 - LOGIN ACCOUNTS :223205003324501,218210027132501,223206003324501
2019-07-10 17:14:28 - GET CUSTOMER REQUEST :FORMID:GETCUSTOMER:MOBILENUMBER:256700146817:SHORTCODE:250:COUNTRY:UGANDATEST:DEVICEID:256700146817250:UNIQUEID:25f67851-ec16-79bf-7a23-654d6206a686:
2019-07-10 17:14:28 - GET CUSTOMER RESPONSE : 
STATUS:000:CUSTOMERID:1485941693:COUNTRY:UGANDATEST:FIRSTNAME:Shafique:LASTNAME:Kabali:BANKNAME:PRIDE:WELCOMEMESSAGE:Welcome to Pride Mobile Banking. Enter your PIN:LANGUAGE:EN
2019-07-10 17:14:28 - GET CUSTOMER000
2019-07-10 17:14:28 - GET CUSTOMER TIME : 2.1778106689453E-8
2019-07-10 17:14:31 - MENU : menu
2019-07-10 17:14:31 - MENU INPUT : 3
2019-07-10 17:14:40 - MENU : pin
2019-07-10 17:14:40 - MENU INPUT : 1234
2019-07-10 17:14:40 - LOGIN REQUEST : FORMID:LOGIN:CUSTOMERID:1485941693:MOBILENUMBER:256700146817:BANKID:0017:BANKNAME:PML:SHORTCODE:250:COUNTRY:UGANDATEST:DEVICEID:256700146817250:LOGINMPIN:1234:UNIQUEID:657c12b6-3525-bba0-6270-389e7d8cf359:
2019-07-10 17:14:40 - LOGIN RESPONSE :
STATUS:000:ACCOUNTS:223205003324501,218210027132501,223206003324501:
2019-07-10 17:14:40 - LOGIN ACCOUNTS :223205003324501,218210027132501,223206003324501
2019-07-10 17:14:45 - MENU : home
2019-07-10 17:14:45 - MENU INPUT : 3
2019-07-10 17:14:45 - UP : home
2019-07-10 17:14:45 - MENU RESPONSES : home -> 
2019-07-10 17:14:45 - DOWN : pinReset
2019-07-10 17:14:45 - DOWN MENU : O:8:"stdClass":5:{s:2:"id";s:4:"home";s:8:"response";s:144:"Reply with
1. Account Balance
2. Mini Statement
3.Funds Transfer
4. Airtime Purchase
5. Mobile Money
6. Utility Payment 
7. Change Pin
8. Logout";s:3:"map";a:7:{i:0;O:8:"stdClass":2:{s:3:"key";s:1:"1";s:4:"menu";s:15:"BalanceAccounts";}i:1;O:8:"stdClass":2:{s:3:"key";s:1:"2";s:4:"menu";s:17:"StatementAccounts";}i:2;O:8:"stdClass":2:{s:3:"key";s:1:"3";s:4:"menu";s:10:"FTAccounts";}i:3;O:8:"stdClass":2:{s:3:"key";s:1:"4";s:4:"menu";s:14:"MOBILEPROVIDER";}i:4;O:8:"stdClass":2:{s:3:"key";s:1:"5";s:4:"menu";s:5:"NewFT";}i:5;O:8:"stdClass":2:{s:3:"key";s:1:"6";s:4:"menu";s:7:"utility";}i:6;O:8:"stdClass":2:{s:3:"key";s:1:"7";s:4:"menu";s:9:"changePin";}}s:4:"type";s:7:"dynamic";s:6:"action";s:3:"con";}
2019-07-10 17:14:45 - ERROR : FTAccounts
2019-07-10 17:14:45 - MMMMMMM : FTAccounts
2019-07-10 17:14:49 - MENU : FTAccounts
2019-07-10 17:14:49 - MENU INPUT : 1
2019-07-10 17:14:49 - UP : FTAccounts
2019-07-10 17:14:49 - MENU RESPONSES : FTAccounts -> 
2019-07-10 17:14:49 - DOWN : pinReset
2019-07-10 17:14:49 - ERROR : FTAccounts
2019-07-10 17:14:49 - MMMMMMM : FTAccounts
2019-07-10 17:14:49 - DOWN MENU : O:8:"stdClass":5:{s:2:"id";s:10:"FTAccounts";s:6:"action";s:3:"con";s:8:"response";s:90:"Select Bank 
1. 223205003324501
2. 218210027132501
3. 223206003324501
00. Home 
 000. Exit";s:3:"map";a:1:{i:0;O:8:"stdClass":1:{s:4:"menu";s:6:"fundst";}}s:4:"type";s:4:"form";}
2019-07-10 17:14:52 - MENU : fundst
2019-07-10 17:14:52 - MENU INPUT : 223205003324501
2019-07-10 17:14:52 - UP : fundst
2019-07-10 17:14:52 - MENU RESPONSES : fundst -> 
2019-07-10 17:14:52 - DOWN : pinReset
2019-07-10 17:14:52 - DOWN MENU : O:8:"stdClass":5:{s:2:"id";s:6:"fundst";s:8:"response";s:60:"Reply with:
1. Direct Transfer
2. InterBank Transfer
0. Home";s:3:"map";a:2:{i:0;O:8:"stdClass":2:{s:3:"key";s:1:"1";s:4:"menu";s:14:"iftFormAccount";}i:1;O:8:"stdClass":2:{s:3:"key";s:1:"2";s:4:"menu";s:17:"InterBankTransfer";}}s:4:"type";s:7:"dynamic";s:6:"action";s:3:"con";}
2019-07-10 17:14:52 - ERROR : pinReset
2019-07-10 17:14:52 - MMMMMMM : pinReset
