2019-08-06 09:08:43 - GET CUSTOMER REQUEST :FORMID:GETCUSTOMER:MOBILENUMBER:256700146817:SHORTCODE:250:COUNTRY:UGANDATEST:DEVICEID:256700146817250:UNIQUEID:2a9efe7d-e97c-4ccc-f453-fed4b9f4e186:
2019-08-06 09:08:43 - GET CUSTOMER RESPONSE : 
STATUS:000:CUSTOMERID:1485941693:COUNTRY:UGANDATEST:FIRSTNAME:Shafique:LASTNAME:Kabali:BANKNAME:PRIDE:WELCOMEMESSAGE:Welcome to Pride Mobile Banking. Enter your PIN:LANGUAGE:EN
2019-08-06 09:08:43 - GET CUSTOMER000
2019-08-06 09:08:43 - GET CUSTOMER TIME : 3.2504391670227E-7
2019-08-06 09:08:46 - MENU : menu
2019-08-06 09:08:46 - MENU INPUT : 1234
2019-08-06 09:08:46 - LOGIN REQUEST : FORMID:LOGIN:CUSTOMERID:1485941693:MOBILENUMBER:256700146817:BANKID:0017:BANKNAME:PML:SHORTCODE:250:COUNTRY:UGANDATEST:DEVICEID:256700146817250:LOGINMPIN:1234:UNIQUEID:5619bb6b-7902-45e2-d7c4-9b197715ce13:
2019-08-06 09:08:46 - LOGIN RESPONSE :
STATUS:000:ACCOUNTS:218210027132501,223205003324501,223206003324501:
2019-08-06 09:08:46 - LOGIN ACCOUNTS :218210027132501,223205003324501,223206003324501
2019-08-06 09:08:50 - MENU : home
2019-08-06 09:08:50 - MENU INPUT : 3
2019-08-06 09:08:50 - UP : home
2019-08-06 09:08:50 - MENU RESPONSES : home -> 
2019-08-06 09:08:50 - DOWN : pinReset
2019-08-06 09:08:50 - DOWN MENU : O:8:"stdClass":5:{s:2:"id";s:4:"home";s:8:"response";s:144:"Reply with
1. Account Balance
2. Mini Statement
3.Funds Transfer
4. Airtime Purchase
5. Mobile Money
6. Utility Payment 
7. Change Pin
8. Logout";s:3:"map";a:7:{i:0;O:8:"stdClass":2:{s:3:"key";s:1:"1";s:4:"menu";s:15:"BalanceAccounts";}i:1;O:8:"stdClass":2:{s:3:"key";s:1:"2";s:4:"menu";s:17:"StatementAccounts";}i:2;O:8:"stdClass":2:{s:3:"key";s:1:"3";s:4:"menu";s:10:"FTAccounts";}i:3;O:8:"stdClass":2:{s:3:"key";s:1:"4";s:4:"menu";s:14:"MOBILEPROVIDER";}i:4;O:8:"stdClass":2:{s:3:"key";s:1:"5";s:4:"menu";s:5:"NewFT";}i:5;O:8:"stdClass":2:{s:3:"key";s:1:"6";s:4:"menu";s:7:"utility";}i:6;O:8:"stdClass":2:{s:3:"key";s:1:"7";s:4:"menu";s:9:"changePin";}}s:4:"type";s:7:"dynamic";s:6:"action";s:3:"con";}
2019-08-06 09:08:50 - ERROR : FTAccounts
2019-08-06 09:08:50 - MMMMMMM : FTAccounts
2019-08-06 09:08:54 - MENU : FTAccounts
2019-08-06 09:08:54 - MENU INPUT : 1
2019-08-06 09:08:54 - UP : FTAccounts
2019-08-06 09:08:54 - MENU RESPONSES : FTAccounts -> 
2019-08-06 09:08:54 - DOWN : pinReset
2019-08-06 09:08:54 - ERROR : FTAccounts
2019-08-06 09:08:54 - MMMMMMM : FTAccounts
2019-08-06 09:08:54 - DOWN MENU : O:8:"stdClass":5:{s:2:"id";s:10:"FTAccounts";s:6:"action";s:3:"con";s:8:"response";s:90:"Select Bank 
1. 218210027132501
2. 223205003324501
3. 223206003324501
00. Home 
 000. Exit";s:3:"map";a:1:{i:0;O:8:"stdClass":1:{s:4:"menu";s:6:"fundst";}}s:4:"type";s:4:"form";}
2019-08-06 09:08:57 - MENU : fundst
2019-08-06 09:08:57 - MENU INPUT : 1
2019-08-06 09:08:57 - UP : fundst
2019-08-06 09:08:57 - MENU RESPONSES : fundst -> 
2019-08-06 09:08:57 - DOWN : pinReset
2019-08-06 09:08:57 - DOWN MENU : O:8:"stdClass":5:{s:2:"id";s:6:"fundst";s:8:"response";s:60:"Reply with:
1. Direct Transfer
2. InterBank Transfer
0. Home";s:3:"map";a:2:{i:0;O:8:"stdClass":2:{s:3:"key";s:1:"1";s:4:"menu";s:14:"iftFormAccount";}i:1;O:8:"stdClass":2:{s:3:"key";s:1:"2";s:4:"menu";s:17:"InterBankTransfer";}}s:4:"type";s:7:"dynamic";s:6:"action";s:3:"con";}
2019-08-06 09:09:02 - MENU : iftFormAccount
2019-08-06 09:09:02 - MENU INPUT : 1234
2019-08-06 09:09:02 - UP : iftFormAccount
2019-08-06 09:09:02 - MENU RESPONSES : iftFormAccount -> 
2019-08-06 09:09:02 - DOWN : pinReset
2019-08-06 09:09:02 - DOWN MENU : O:8:"stdClass":6:{s:2:"id";s:14:"iftFormAccount";s:8:"response";s:29:"Enter Account To Transfer To:";s:3:"map";a:1:{i:0;O:8:"stdClass":2:{s:3:"key";s:4:"next";s:4:"menu";s:17:"validateFTAccount";}}s:4:"type";s:4:"form";s:4:"name";s:13:"DirectAccount";s:6:"action";s:3:"con";}
2019-08-06 09:09:02 - ERROR : validateFTAccount
2019-08-06 09:09:02 - MMMMMMM : validateFTAccount
2019-08-06 09:09:02 - VALIDATE FT ACCOUNT REQUEST : FORMID:M-:MERCHANTID:VALIDATEACCOUNT:ACCOUNTID:1234:CUSTOMERID:1485941693:MOBILENUMBER:256700146817:BANKNAME:PML:SHORTCODE:250:BANKID:0017:COUNTRY:UGANDATEST:ACTION:GETNAME:UNIQUEID:bda23e69-f7fa-d94d-be63-9f39ca84ab5e:TRXSOURCE:USSD:
2019-08-06 09:09:04 - MENU : pinReset
2019-08-06 09:09:04 - MENU INPUT : 12344523423423
2019-08-06 09:09:04 - UP : pinReset
2019-08-06 09:09:04 - MENU RESPONSES : pinReset -> 
2019-08-06 09:09:04 - DOWN : pinReset
2019-08-06 09:09:04 - ERROR : pinReset
2019-08-06 09:09:04 - MMMMMMM : pinReset
2019-08-06 09:09:24 - VALIDATE FT ACCOUNT RESPONSE : 
STATUS:091:MESSAGE:Invalid Account. Please reenter.
2019-08-06 11:50:13 - GET CUSTOMER REQUEST :FORMID:GETCUSTOMER:MOBILENUMBER:256700146817:SHORTCODE:250:COUNTRY:UGANDATEST:DEVICEID:256700146817250:UNIQUEID:bfb98282-8d51-b4ed-d2a7-bcdb97e4ef71:
2019-08-06 11:50:13 - GET CUSTOMER RESPONSE : 
STATUS:000:CUSTOMERID:1485941693:COUNTRY:UGANDATEST:FIRSTNAME:Shafique:LASTNAME:Kabali:BANKNAME:PRIDE:WELCOMEMESSAGE:Welcome to Pride Mobile Banking. Enter your PIN:LANGUAGE:EN
2019-08-06 11:50:13 - GET CUSTOMER000
2019-08-06 11:50:13 - GET CUSTOMER TIME : 3.6700010299683E-8
