2019-08-13 10:57:22 - GET CUSTOMER REQUEST :FORMID:GETCUSTOMER:MOBILENUMBER:256700146817:SHORTCODE:250:COUNTRY:UGANDATEST:DEVICEID:256700146817250:UNIQUEID:715278f3-2fd7-5a23-2e45-c91dad19d7ef:
2019-08-13 10:57:22 - GET CUSTOMER RESPONSE : 
STATUS:000:CUSTOMERID:1485941693:COUNTRY:UGANDATEST:FIRSTNAME:Shafique:LASTNAME:Kabali:BANKNAME:PRIDE:WELCOMEMESSAGE:Welcome to Pride Mobile Banking. Enter your PIN:LANGUAGE:EN
2019-08-13 10:57:22 - GET CUSTOMER000
2019-08-13 10:57:22 - GET CUSTOMER TIME : 3.073787689209E-8
2019-08-13 10:57:29 - MENU : menu
2019-08-13 10:57:29 - MENU INPUT : 1234
2019-08-13 10:57:29 - LOGIN REQUEST : FORMID:LOGIN:CUSTOMERID:1485941693:MOBILENUMBER:256700146817:BANKID:0017:BANKNAME:PML:SHORTCODE:250:COUNTRY:UGANDATEST:DEVICEID:256700146817250:LOGINMPIN:1234:UNIQUEID:3de075cb-a33e-a942-7938-048074b3cc80:
2019-08-13 10:57:29 - LOGIN RESPONSE :
STATUS:000:ACCOUNTS:218210027132501,223205003324501,223206003324501:
2019-08-13 10:57:29 - LOGIN ACCOUNTS :218210027132501,223205003324501,223206003324501
2019-08-13 10:57:35 - MENU : home
2019-08-13 10:57:35 - MENU INPUT : 1
2019-08-13 10:57:35 - UP : home
2019-08-13 10:57:35 - MENU RESPONSES : home -> 
2019-08-13 10:57:35 - DOWN : pinReset
2019-08-13 10:57:35 - DOWN MENU : O:8:"stdClass":5:{s:2:"id";s:4:"home";s:8:"response";s:144:"Reply with
1. Account Balance
2. Mini Statement
3.Funds Transfer
4. Airtime Purchase
5. Mobile Money
6. Utility Payment 
7. Change Pin
8. Logout";s:3:"map";a:7:{i:0;O:8:"stdClass":2:{s:3:"key";s:1:"1";s:4:"menu";s:15:"BalanceAccounts";}i:1;O:8:"stdClass":2:{s:3:"key";s:1:"2";s:4:"menu";s:17:"StatementAccounts";}i:2;O:8:"stdClass":2:{s:3:"key";s:1:"3";s:4:"menu";s:10:"FTAccounts";}i:3;O:8:"stdClass":2:{s:3:"key";s:1:"4";s:4:"menu";s:14:"MOBILEPROVIDER";}i:4;O:8:"stdClass":2:{s:3:"key";s:1:"5";s:4:"menu";s:5:"NewFT";}i:5;O:8:"stdClass":2:{s:3:"key";s:1:"6";s:4:"menu";s:7:"utility";}i:6;O:8:"stdClass":2:{s:3:"key";s:1:"7";s:4:"menu";s:9:"changePin";}}s:4:"type";s:7:"dynamic";s:6:"action";s:3:"con";}
2019-08-13 10:57:35 - ERROR : BalanceAccounts
2019-08-13 10:57:35 - MMMMMMM : BalanceAccounts
2019-08-13 10:57:39 - MENU : BalanceAccounts
2019-08-13 10:57:39 - MENU INPUT : 1
2019-08-13 10:57:39 - UP : BalanceAccounts
2019-08-13 10:57:39 - MENU RESPONSES : BalanceAccounts -> 
2019-08-13 10:57:39 - DOWN : pinReset
2019-08-13 10:57:39 - ERROR : BalanceAccounts
2019-08-13 10:57:39 - MMMMMMM : BalanceAccounts
2019-08-13 10:57:39 - DOWN MENU : O:8:"stdClass":5:{s:2:"id";s:15:"BalanceAccounts";s:6:"action";s:3:"con";s:8:"response";s:88:"Select bank:
1. Pride/218210027132501
2. Pride/223205003324501
3. Pride/223206003324501
";s:3:"map";a:1:{i:0;O:8:"stdClass":1:{s:4:"menu";s:14:"AccountBalance";}}s:4:"type";s:4:"form";}
2019-08-13 10:57:39 - ERROR : AccountBalance
2019-08-13 10:57:39 - MMMMMMM : AccountBalance
2019-08-13 10:57:39 - BALANCE REQUEST : FORMID:B-:MERCHANTID:BALANCE:BANKACCOUNTID:218210027132501:SHORTCODE:250:CUSTOMERID:1485941693:MOBILENUMBER:256700146817:BANKID:0017:COUNTRY:UGANDATEST:UNIQUEID:b7ea8794-ab18-d680-85ef-3bc0e63b2e19:
2019-08-13 10:57:43 - BALANCE RESPONSE : 
STATUS:091:DATA: shown
2019-08-13 11:07:57 - GET CUSTOMER REQUEST :FORMID:GETCUSTOMER:MOBILENUMBER:256700146817:SHORTCODE:250:COUNTRY:UGANDATEST:DEVICEID:256700146817250:UNIQUEID:a1a5451f-d0f7-b449-2688-2f4aaa591016:
2019-08-13 11:07:57 - GET CUSTOMER RESPONSE : 
STATUS:000:CUSTOMERID:1485941693:COUNTRY:UGANDATEST:FIRSTNAME:Shafique:LASTNAME:Kabali:BANKNAME:PRIDE:WELCOMEMESSAGE:Welcome to Pride Mobile Banking. Enter your PIN:LANGUAGE:EN
2019-08-13 11:07:57 - GET CUSTOMER000
2019-08-13 11:07:57 - GET CUSTOMER TIME : 2.7692079544067E-8
2019-08-13 11:08:02 - MENU : menu
2019-08-13 11:08:02 - MENU INPUT : 1234
2019-08-13 11:08:02 - LOGIN REQUEST : FORMID:LOGIN:CUSTOMERID:1485941693:MOBILENUMBER:256700146817:BANKID:0017:BANKNAME:PML:SHORTCODE:250:COUNTRY:UGANDATEST:DEVICEID:256700146817250:LOGINMPIN:1234:UNIQUEID:b24e5bf5-0dc5-d5ee-acc6-01342ad5b839:
2019-08-13 11:08:02 - LOGIN RESPONSE :
STATUS:000:ACCOUNTS:218210027132501,223205003324501,223206003324501:
2019-08-13 11:08:02 - LOGIN ACCOUNTS :218210027132501,223205003324501,223206003324501
2019-08-13 11:08:08 - MENU : home
2019-08-13 11:08:08 - MENU INPUT : 1
2019-08-13 11:08:08 - UP : home
2019-08-13 11:08:08 - MENU RESPONSES : home -> 
2019-08-13 11:08:08 - DOWN : pinReset
2019-08-13 11:08:08 - DOWN MENU : O:8:"stdClass":5:{s:2:"id";s:4:"home";s:8:"response";s:144:"Reply with
1. Account Balance
2. Mini Statement
3.Funds Transfer
4. Airtime Purchase
5. Mobile Money
6. Utility Payment 
7. Change Pin
8. Logout";s:3:"map";a:7:{i:0;O:8:"stdClass":2:{s:3:"key";s:1:"1";s:4:"menu";s:15:"BalanceAccounts";}i:1;O:8:"stdClass":2:{s:3:"key";s:1:"2";s:4:"menu";s:17:"StatementAccounts";}i:2;O:8:"stdClass":2:{s:3:"key";s:1:"3";s:4:"menu";s:10:"FTAccounts";}i:3;O:8:"stdClass":2:{s:3:"key";s:1:"4";s:4:"menu";s:14:"MOBILEPROVIDER";}i:4;O:8:"stdClass":2:{s:3:"key";s:1:"5";s:4:"menu";s:5:"NewFT";}i:5;O:8:"stdClass":2:{s:3:"key";s:1:"6";s:4:"menu";s:7:"utility";}i:6;O:8:"stdClass":2:{s:3:"key";s:1:"7";s:4:"menu";s:9:"changePin";}}s:4:"type";s:7:"dynamic";s:6:"action";s:3:"con";}
2019-08-13 11:08:08 - ERROR : BalanceAccounts
2019-08-13 11:08:08 - MMMMMMM : BalanceAccounts
2019-08-13 11:08:11 - MENU : BalanceAccounts
2019-08-13 11:08:11 - MENU INPUT : 1
2019-08-13 11:08:11 - UP : BalanceAccounts
2019-08-13 11:08:11 - MENU RESPONSES : BalanceAccounts -> 
2019-08-13 11:08:11 - DOWN : pinReset
2019-08-13 11:08:11 - ERROR : BalanceAccounts
2019-08-13 11:08:11 - MMMMMMM : BalanceAccounts
2019-08-13 11:08:11 - DOWN MENU : O:8:"stdClass":5:{s:2:"id";s:15:"BalanceAccounts";s:6:"action";s:3:"con";s:8:"response";s:88:"Select bank:
1. Pride/218210027132501
2. Pride/223205003324501
3. Pride/223206003324501
";s:3:"map";a:1:{i:0;O:8:"stdClass":1:{s:4:"menu";s:14:"AccountBalance";}}s:4:"type";s:4:"form";}
2019-08-13 11:08:11 - ERROR : AccountBalance
2019-08-13 11:08:11 - MMMMMMM : AccountBalance
2019-08-13 11:08:11 - BALANCE REQUEST : FORMID:B-:MERCHANTID:BALANCE:BANKACCOUNTID:218210027132501:SHORTCODE:250:CUSTOMERID:1485941693:MOBILENUMBER:256700146817:BANKID:0017:COUNTRY:UGANDATEST:UNIQUEID:fd66cc2f-9305-e803-d65f-4123c927ab85:
2019-08-13 11:08:13 - BALANCE RESPONSE : 
STATUS:091:DATA: shown
