2019-06-21 10:59:23 - GET CUSTOMER REQUEST :FORMID:GETCUSTOMER:MOBILENUMBER:256700146817:SHORTCODE:250:COUNTRY:UGANDATEST:DEVICEID:256700146817250:UNIQUEID:4bb3f8a7-eec3-2b2b-9e7f-3c55150e14d8:
2019-06-21 10:59:23 - GET CUSTOMER RESPONSE : 
STATUS:000:CUSTOMERID:1485941693:COUNTRY:UGANDATEST:FIRSTNAME:Shafique:LASTNAME:Kabali:BANKNAME:PRIDE:WELCOMEMESSAGE:Welcome to Pride Mobile Banking. Enter your PIN:LANGUAGE:EN
2019-06-21 10:59:23 - GET CUSTOMER000
2019-06-21 10:59:23 - GET CUSTOMER TIME : 6.1347007751465E-8
2019-06-21 10:59:27 - MENU : menu
2019-06-21 10:59:27 - MENU INPUT : 1234
2019-06-21 10:59:27 - LOGIN REQUEST : FORMID:LOGIN:CUSTOMERID:1485941693:MOBILENUMBER:256700146817:BANKID:0017:BANKNAME:PML:SHORTCODE:250:COUNTRY:UGANDATEST:DEVICEID:256700146817250:LOGINMPIN:1234:UNIQUEID:373bb290-5944-32d0-92dc-e70d193084ee:
2019-06-21 10:59:27 - LOGIN RESPONSE :
STATUS:000:ACCOUNTS:218210027132501,223206003324501:
2019-06-21 10:59:27 - LOGIN ACCOUNTS :218210027132501,223206003324501
2019-06-21 10:59:32 - MENU : home
2019-06-21 10:59:32 - MENU INPUT : 6
2019-06-21 10:59:32 - UP : home
2019-06-21 10:59:32 - MENU RESPONSES : home -> 
2019-06-21 10:59:32 - DOWN : pinReset
2019-06-21 10:59:32 - DOWN MENU : O:8:"stdClass":5:{s:2:"id";s:4:"home";s:8:"response";s:144:"Reply with
1. Account Balance
2. Mini Statement
3.Funds Transfer
4. Airtime Purchase
5. Mobile Money
6. Utility Payment 
7. Change Pin
8. Logout";s:3:"map";a:7:{i:0;O:8:"stdClass":2:{s:3:"key";s:1:"1";s:4:"menu";s:15:"BalanceAccounts";}i:1;O:8:"stdClass":2:{s:3:"key";s:1:"2";s:4:"menu";s:17:"StatementAccounts";}i:2;O:8:"stdClass":2:{s:3:"key";s:1:"3";s:4:"menu";s:10:"FTAccounts";}i:3;O:8:"stdClass":2:{s:3:"key";s:1:"4";s:4:"menu";s:14:"MOBILEPROVIDER";}i:4;O:8:"stdClass":2:{s:3:"key";s:1:"5";s:4:"menu";s:5:"NewFT";}i:5;O:8:"stdClass":2:{s:3:"key";s:1:"6";s:4:"menu";s:7:"utility";}i:6;O:8:"stdClass":2:{s:3:"key";s:1:"7";s:4:"menu";s:9:"changePin";}}s:4:"type";s:7:"dynamic";s:6:"action";s:3:"con";}
2019-06-21 10:59:35 - MENU : utility
2019-06-21 10:59:35 - MENU INPUT : 4
2019-06-21 10:59:35 - UP : utility
2019-06-21 10:59:35 - MENU RESPONSES : utility -> 
2019-06-21 10:59:35 - DOWN : pinReset
2019-06-21 10:59:35 - DOWN MENU : O:8:"stdClass":6:{s:2:"id";s:7:"utility";s:8:"response";s:58:"1. Water
2. Umeme Postpaid
3. Umeme Yaka
4. Pay TV
0. Home";s:3:"map";a:5:{i:0;O:8:"stdClass":2:{s:3:"key";s:1:"1";s:4:"menu";s:13:"formWaterArea";}i:1;O:8:"stdClass":2:{s:3:"key";s:1:"2";s:4:"menu";s:13:"umemePostpaid";}i:2;O:8:"stdClass":2:{s:3:"key";s:1:"3";s:4:"menu";s:9:"umemeYaka";}i:3;O:8:"stdClass":2:{s:3:"key";s:1:"4";s:4:"menu";s:5:"paytv";}i:4;O:8:"stdClass":2:{s:3:"key";s:8:"postMenu";s:4:"menu";s:14:"utilityConfirm";}}s:4:"type";s:7:"dynamic";s:4:"link";s:0:"";s:6:"action";s:3:"con";}
2019-06-21 10:59:39 - MENU : paytv
2019-06-21 10:59:39 - MENU INPUT : 1
2019-06-21 10:59:39 - UP : paytv
2019-06-21 10:59:39 - MENU RESPONSES : paytv -> 
2019-06-21 10:59:39 - DOWN : pinReset
2019-06-21 10:59:39 - DOWN MENU : O:8:"stdClass":6:{s:2:"id";s:5:"paytv";s:8:"response";s:47:"1. DSTV
2. GOTV
3. DSTVPVR
4. Startimes
0. Home";s:3:"map";a:4:{i:0;O:8:"stdClass":2:{s:3:"key";s:1:"1";s:4:"menu";s:11:"dstvPackage";}i:1;O:8:"stdClass":2:{s:3:"key";s:1:"2";s:4:"menu";s:11:"gotvPackage";}i:2;O:8:"stdClass":2:{s:3:"key";s:1:"3";s:4:"menu";s:14:"dstvpvrPackage";}i:3;O:8:"stdClass":2:{s:3:"key";s:1:"4";s:4:"menu";s:9:"Startimes";}}s:4:"type";s:7:"dynamic";s:4:"link";s:0:"";s:6:"action";s:3:"con";}
2019-06-21 10:59:44 - MENU : dstvPackage
2019-06-21 10:59:44 - MENU INPUT : 1
2019-06-21 10:59:44 - UP : dstvPackage
2019-06-21 10:59:44 - MENU RESPONSES : dstvPackage -> 
2019-06-21 10:59:44 - DOWN : pinReset
2019-06-21 10:59:44 - DOWN MENU : O:8:"stdClass":6:{s:2:"id";s:11:"dstvPackage";s:8:"response";s:138:"Choose Package:
1. Premium 280,000 ugx
2. CompactPlus 180,000 ugx
3. Compact 115,000 ugx
4. Family 60,000 ugx
5. Access 33,000 ugx
0. Home";s:3:"map";a:5:{i:0;O:8:"stdClass":2:{s:3:"key";s:1:"1";s:4:"menu";s:10:"dstvPeriod";}i:1;O:8:"stdClass":2:{s:3:"key";s:1:"2";s:4:"menu";s:10:"dstvPeriod";}i:2;O:8:"stdClass":2:{s:3:"key";s:1:"3";s:4:"menu";s:10:"dstvPeriod";}i:3;O:8:"stdClass":2:{s:3:"key";s:1:"4";s:4:"menu";s:10:"dstvPeriod";}i:4;O:8:"stdClass":2:{s:3:"key";s:1:"5";s:4:"menu";s:10:"dstvPeriod";}}s:4:"type";s:7:"dynamic";s:4:"name";s:11:"dstvPackage";s:6:"action";s:3:"con";}
2019-06-21 10:59:46 - MENU : dstvPeriod
2019-06-21 10:59:46 - MENU INPUT : 1
2019-06-21 10:59:46 - UP : dstvPeriod
2019-06-21 10:59:46 - MENU RESPONSES : dstvPeriod -> 
2019-06-21 10:59:46 - DOWN : pinReset
2019-06-21 10:59:46 - DOWN MENU : O:8:"stdClass":6:{s:2:"id";s:10:"dstvPeriod";s:8:"response";s:43:"Choose Period:
1. Monthly
2. Yearly
0. Back";s:3:"map";a:3:{i:0;O:8:"stdClass":2:{s:3:"key";s:4:"next";s:4:"menu";s:15:"dstvAccountType";}i:1;O:8:"stdClass":2:{s:3:"key";s:1:"1";s:4:"menu";s:7:"Monthly";}i:2;O:8:"stdClass":2:{s:3:"key";s:1:"2";s:4:"menu";s:6:"Yearly";}}s:4:"type";s:7:"dynamic";s:4:"name";s:10:"dstvPeriod";s:6:"action";s:3:"con";}
2019-06-21 10:59:48 - MENU : dstvAccountType
2019-06-21 10:59:48 - MENU INPUT : 11111
2019-06-21 10:59:48 - UP : dstvAccountType
2019-06-21 10:59:48 - MENU RESPONSES : dstvAccountType -> 
2019-06-21 10:59:48 - DOWN : pinReset
2019-06-21 10:59:48 - DOWN MENU : O:8:"stdClass":6:{s:2:"id";s:15:"dstvAccountType";s:8:"response";s:70:"Select the account number type:
1. CustomerNumber
2. SmartCard
0. Back";s:3:"map";a:3:{i:0;O:8:"stdClass":2:{s:3:"key";s:4:"next";s:4:"menu";s:6:"dstvUG";}i:1;O:8:"stdClass":2:{s:3:"key";s:1:"1";s:4:"menu";s:14:"CustomerNumber";}i:2;O:8:"stdClass":2:{s:3:"key";s:1:"2";s:4:"menu";s:9:"SmartCard";}}s:4:"type";s:7:"dynamic";s:4:"name";s:15:"dstvAccountType";s:6:"action";s:3:"con";}
2019-06-21 10:59:48 - ERROR : pinReset
2019-06-21 10:59:48 - MMMMMMM : pinReset
2019-06-21 10:59:50 - MENU : pinReset
2019-06-21 10:59:50 - MENU INPUT : 11111
2019-06-21 10:59:50 - UP : pinReset
2019-06-21 10:59:50 - MENU RESPONSES : pinReset -> 
2019-06-21 10:59:50 - DOWN : pinReset
2019-06-21 10:59:50 - ERROR : pinReset
2019-06-21 10:59:50 - MMMMMMM : pinReset
2019-06-21 11:05:29 - GET CUSTOMER REQUEST :FORMID:GETCUSTOMER:MOBILENUMBER:256700146817:SHORTCODE:255:COUNTRY:UGANDATEST:DEVICEID:256700146817255:UNIQUEID:b024d0bd-b115-b65b-534f-b090e5c77025:
2019-06-21 11:05:29 - GET CUSTOMER RESPONSE : 
STATUS:091:CUSTOMERID::COUNTRY:UGANDATEST:FIRSTNAME::LASTNAME::BANKNAME::WELCOMEMESSAGE::LANGUAGE:EN
2019-06-21 11:05:29 - GET CUSTOMER091
2019-06-21 15:21:30 - GET CUSTOMER REQUEST :FORMID:GETCUSTOMER:MOBILENUMBER:256700146817:SHORTCODE:250:COUNTRY:UGANDATEST:DEVICEID:256700146817250:UNIQUEID:fea3780a-5168-dc57-2861-abfbd1e9ebeb:
2019-06-21 15:21:30 - GET CUSTOMER RESPONSE : 
STATUS:000:CUSTOMERID:1485941693:COUNTRY:UGANDATEST:FIRSTNAME:Shafique:LASTNAME:Kabali:BANKNAME:PRIDE:WELCOMEMESSAGE:Welcome to Pride Mobile Banking. Enter your PIN:LANGUAGE:EN
2019-06-21 15:21:30 - GET CUSTOMER000
2019-06-21 15:21:30 - GET CUSTOMER TIME : 1.0685396194458E-7
