2019-08-09 10:46:16 - GET CUSTOMER REQUEST :FORMID:GETCUSTOMER:MOBILENUMBER:256700146817:SHORTCODE:250:COUNTRY:UGANDATEST:DEVICEID:256700146817250:UNIQUEID:ae70becd-998d-2150-1016-fd3fb2ecc587:
2019-08-09 10:46:16 - GET CUSTOMER RESPONSE : 
STATUS:000:CUSTOMERID:1485941693:COUNTRY:UGANDATEST:FIRSTNAME:Shafique:LASTNAME:Kabali:BANKNAME:PRIDE:WELCOMEMESSAGE:Welcome to Pride Mobile Banking. Enter your PIN:LANGUAGE:EN
2019-08-09 10:46:16 - GET CUSTOMER000
2019-08-09 10:46:16 - GET CUSTOMER TIME : 2.2220134735107E-8
2019-08-09 10:46:23 - MENU : menu
2019-08-09 10:46:23 - MENU INPUT : 1234
2019-08-09 10:46:23 - LOGIN REQUEST : FORMID:LOGIN:CUSTOMERID:1485941693:MOBILENUMBER:256700146817:BANKID:0017:BANKNAME:PML:SHORTCODE:250:COUNTRY:UGANDATEST:DEVICEID:256700146817250:LOGINMPIN:1234:UNIQUEID:1f128951-a5d5-9529-d633-49b077bb273f:
2019-08-09 10:46:24 - LOGIN RESPONSE :
STATUS:000:ACCOUNTS:218210027132501,223205003324501,223206003324501:
2019-08-09 10:46:24 - LOGIN ACCOUNTS :218210027132501,223205003324501,223206003324501
2019-08-09 10:46:31 - MENU : home
2019-08-09 10:46:31 - MENU INPUT : 3
2019-08-09 10:46:31 - UP : home
2019-08-09 10:46:31 - MENU RESPONSES : home -> 
2019-08-09 10:46:31 - DOWN : pinReset
2019-08-09 10:46:31 - DOWN MENU : O:8:"stdClass":5:{s:2:"id";s:4:"home";s:8:"response";s:144:"Reply with
1. Account Balance
2. Mini Statement
3.Funds Transfer
4. Airtime Purchase
5. Mobile Money
6. Utility Payment 
7. Change Pin
8. Logout";s:3:"map";a:7:{i:0;O:8:"stdClass":2:{s:3:"key";s:1:"1";s:4:"menu";s:15:"BalanceAccounts";}i:1;O:8:"stdClass":2:{s:3:"key";s:1:"2";s:4:"menu";s:17:"StatementAccounts";}i:2;O:8:"stdClass":2:{s:3:"key";s:1:"3";s:4:"menu";s:10:"FTAccounts";}i:3;O:8:"stdClass":2:{s:3:"key";s:1:"4";s:4:"menu";s:14:"MOBILEPROVIDER";}i:4;O:8:"stdClass":2:{s:3:"key";s:1:"5";s:4:"menu";s:5:"NewFT";}i:5;O:8:"stdClass":2:{s:3:"key";s:1:"6";s:4:"menu";s:7:"utility";}i:6;O:8:"stdClass":2:{s:3:"key";s:1:"7";s:4:"menu";s:9:"changePin";}}s:4:"type";s:7:"dynamic";s:6:"action";s:3:"con";}
2019-08-09 10:46:31 - ERROR : FTAccounts
2019-08-09 10:46:31 - MMMMMMM : FTAccounts
2019-08-09 10:46:35 - MENU : FTAccounts
2019-08-09 10:46:35 - MENU INPUT : 1
2019-08-09 10:46:35 - UP : FTAccounts
2019-08-09 10:46:35 - MENU RESPONSES : FTAccounts -> 
2019-08-09 10:46:35 - DOWN : pinReset
2019-08-09 10:46:35 - ERROR : FTAccounts
2019-08-09 10:46:35 - MMMMMMM : FTAccounts
2019-08-09 10:46:35 - DOWN MENU : O:8:"stdClass":5:{s:2:"id";s:10:"FTAccounts";s:6:"action";s:3:"con";s:8:"response";s:90:"Select Bank 
1. 218210027132501
2. 223205003324501
3. 223206003324501
00. Home 
 000. Exit";s:3:"map";a:1:{i:0;O:8:"stdClass":1:{s:4:"menu";s:6:"fundst";}}s:4:"type";s:4:"form";}
2019-08-09 10:46:38 - MENU : fundst
2019-08-09 10:46:38 - MENU INPUT : 1
2019-08-09 10:46:38 - UP : fundst
2019-08-09 10:46:38 - MENU RESPONSES : fundst -> 
2019-08-09 10:46:38 - DOWN : pinReset
2019-08-09 10:46:38 - DOWN MENU : O:8:"stdClass":5:{s:2:"id";s:6:"fundst";s:8:"response";s:60:"Reply with:
1. Direct Transfer
2. InterBank Transfer
0. Home";s:3:"map";a:2:{i:0;O:8:"stdClass":2:{s:3:"key";s:1:"1";s:4:"menu";s:14:"iftFormAccount";}i:1;O:8:"stdClass":2:{s:3:"key";s:1:"2";s:4:"menu";s:17:"InterBankTransfer";}}s:4:"type";s:7:"dynamic";s:6:"action";s:3:"con";}
2019-08-09 10:46:57 - MENU : iftFormAccount
2019-08-09 10:46:57 - MENU INPUT : 223206004827101
2019-08-09 10:46:57 - UP : iftFormAccount
2019-08-09 10:46:57 - MENU RESPONSES : iftFormAccount -> 
2019-08-09 10:46:57 - DOWN : pinReset
2019-08-09 10:46:57 - DOWN MENU : O:8:"stdClass":6:{s:2:"id";s:14:"iftFormAccount";s:8:"response";s:29:"Enter Account To Transfer To:";s:3:"map";a:1:{i:0;O:8:"stdClass":2:{s:3:"key";s:4:"next";s:4:"menu";s:17:"validateFTAccount";}}s:4:"type";s:4:"form";s:4:"name";s:13:"DirectAccount";s:6:"action";s:3:"con";}
2019-08-09 10:46:57 - ERROR : validateFTAccount
2019-08-09 10:46:57 - MMMMMMM : validateFTAccount
2019-08-09 10:46:57 - VALIDATE FT ACCOUNT REQUEST : FORMID:M-:MERCHANTID:VALIDATEACCOUNT:ACCOUNTID:223206004827101:CUSTOMERID:1485941693:MOBILENUMBER:256700146817:BANKNAME:PML:SHORTCODE:250:BANKID:0017:COUNTRY:UGANDATEST:ACTION:GETNAME:UNIQUEID:f7dc8d4b-b103-2cd1-c5d0-06dbd0879945:TRXSOURCE:USSD:
2019-08-09 10:47:18 - VALIDATE FT ACCOUNT RESPONSE : 
STATUS:091:MESSAGE:Invalid Account. Please reenter.
2019-08-09 11:07:56 - GET CUSTOMER REQUEST :FORMID:GETCUSTOMER:MOBILENUMBER:256700146817:SHORTCODE:250:COUNTRY:UGANDATEST:DEVICEID:256700146817250:UNIQUEID:308d688f-6023-8426-9eef-68c6af132afa:
2019-08-09 11:07:56 - GET CUSTOMER RESPONSE : 
STATUS:000:CUSTOMERID:1485941693:COUNTRY:UGANDATEST:FIRSTNAME:Shafique:LASTNAME:Kabali:BANKNAME:PRIDE:WELCOMEMESSAGE:Welcome to Pride Mobile Banking. Enter your PIN:LANGUAGE:EN
2019-08-09 11:07:56 - GET CUSTOMER000
2019-08-09 11:07:56 - GET CUSTOMER TIME : 2.2395849227905E-8
2019-08-09 11:08:01 - MENU : menu
2019-08-09 11:08:01 - MENU INPUT : 1234
2019-08-09 11:08:01 - LOGIN REQUEST : FORMID:LOGIN:CUSTOMERID:1485941693:MOBILENUMBER:256700146817:BANKID:0017:BANKNAME:PML:SHORTCODE:250:COUNTRY:UGANDATEST:DEVICEID:256700146817250:LOGINMPIN:1234:UNIQUEID:8daa54c3-4668-5761-8fd5-bedd129ff1f7:
2019-08-09 11:08:01 - LOGIN RESPONSE :
STATUS:000:ACCOUNTS:218210027132501,223205003324501,223206003324501:
2019-08-09 11:08:01 - LOGIN ACCOUNTS :218210027132501,223205003324501,223206003324501
2019-08-09 11:08:08 - MENU : home
2019-08-09 11:08:08 - MENU INPUT : 3
2019-08-09 11:08:08 - UP : home
2019-08-09 11:08:08 - MENU RESPONSES : home -> 
2019-08-09 11:08:08 - DOWN : pinReset
2019-08-09 11:08:08 - DOWN MENU : O:8:"stdClass":5:{s:2:"id";s:4:"home";s:8:"response";s:144:"Reply with
1. Account Balance
2. Mini Statement
3.Funds Transfer
4. Airtime Purchase
5. Mobile Money
6. Utility Payment 
7. Change Pin
8. Logout";s:3:"map";a:7:{i:0;O:8:"stdClass":2:{s:3:"key";s:1:"1";s:4:"menu";s:15:"BalanceAccounts";}i:1;O:8:"stdClass":2:{s:3:"key";s:1:"2";s:4:"menu";s:17:"StatementAccounts";}i:2;O:8:"stdClass":2:{s:3:"key";s:1:"3";s:4:"menu";s:10:"FTAccounts";}i:3;O:8:"stdClass":2:{s:3:"key";s:1:"4";s:4:"menu";s:14:"MOBILEPROVIDER";}i:4;O:8:"stdClass":2:{s:3:"key";s:1:"5";s:4:"menu";s:5:"NewFT";}i:5;O:8:"stdClass":2:{s:3:"key";s:1:"6";s:4:"menu";s:7:"utility";}i:6;O:8:"stdClass":2:{s:3:"key";s:1:"7";s:4:"menu";s:9:"changePin";}}s:4:"type";s:7:"dynamic";s:6:"action";s:3:"con";}
2019-08-09 11:08:08 - ERROR : FTAccounts
2019-08-09 11:08:08 - MMMMMMM : FTAccounts
2019-08-09 11:08:11 - MENU : FTAccounts
2019-08-09 11:08:11 - MENU INPUT : 1
2019-08-09 11:08:11 - UP : FTAccounts
2019-08-09 11:08:11 - MENU RESPONSES : FTAccounts -> 
2019-08-09 11:08:11 - DOWN : pinReset
2019-08-09 11:08:11 - ERROR : FTAccounts
2019-08-09 11:08:11 - MMMMMMM : FTAccounts
2019-08-09 11:08:11 - DOWN MENU : O:8:"stdClass":5:{s:2:"id";s:10:"FTAccounts";s:6:"action";s:3:"con";s:8:"response";s:90:"Select Bank 
1. 218210027132501
2. 223205003324501
3. 223206003324501
00. Home 
 000. Exit";s:3:"map";a:1:{i:0;O:8:"stdClass":1:{s:4:"menu";s:6:"fundst";}}s:4:"type";s:4:"form";}
2019-08-09 11:08:14 - MENU : fundst
2019-08-09 11:08:14 - MENU INPUT : 1
2019-08-09 11:08:14 - UP : fundst
2019-08-09 11:08:14 - MENU RESPONSES : fundst -> 
2019-08-09 11:08:14 - DOWN : pinReset
2019-08-09 11:08:14 - DOWN MENU : O:8:"stdClass":5:{s:2:"id";s:6:"fundst";s:8:"response";s:60:"Reply with:
1. Direct Transfer
2. InterBank Transfer
0. Home";s:3:"map";a:2:{i:0;O:8:"stdClass":2:{s:3:"key";s:1:"1";s:4:"menu";s:14:"iftFormAccount";}i:1;O:8:"stdClass":2:{s:3:"key";s:1:"2";s:4:"menu";s:17:"InterBankTransfer";}}s:4:"type";s:7:"dynamic";s:6:"action";s:3:"con";}
2019-08-09 11:08:37 - MENU : iftFormAccount
2019-08-09 11:08:37 - MENU INPUT : 223206004827101
2019-08-09 11:08:37 - UP : iftFormAccount
2019-08-09 11:08:37 - MENU RESPONSES : iftFormAccount -> 
2019-08-09 11:08:37 - DOWN : pinReset
2019-08-09 11:08:37 - DOWN MENU : O:8:"stdClass":6:{s:2:"id";s:14:"iftFormAccount";s:8:"response";s:29:"Enter Account To Transfer To:";s:3:"map";a:1:{i:0;O:8:"stdClass":2:{s:3:"key";s:4:"next";s:4:"menu";s:17:"validateFTAccount";}}s:4:"type";s:4:"form";s:4:"name";s:13:"DirectAccount";s:6:"action";s:3:"con";}
2019-08-09 11:08:37 - ERROR : validateFTAccount
2019-08-09 11:08:37 - MMMMMMM : validateFTAccount
2019-08-09 11:08:37 - VALIDATE FT ACCOUNT REQUEST : FORMID:M-:MERCHANTID:VALIDATEACCOUNT:ACCOUNTID:223206004827101:CUSTOMERID:1485941693:MOBILENUMBER:256700146817:BANKNAME:PML:SHORTCODE:250:BANKID:0017:COUNTRY:UGANDATEST:ACTION:GETNAME:UNIQUEID:11d1945b-bd37-d02d-b840-4c08f46f500a:TRXSOURCE:USSD:
2019-08-09 11:08:58 - VALIDATE FT ACCOUNT RESPONSE : 
STATUS:091:MESSAGE:Invalid Account. Please reenter.
2019-08-09 11:14:16 - GET CUSTOMER REQUEST :FORMID:GETCUSTOMER:MOBILENUMBER:256700146817:SHORTCODE:250:COUNTRY:UGANDATEST:DEVICEID:256700146817250:UNIQUEID:ea91ed71-933b-ac29-500f-68b5574fa7dd:
2019-08-09 11:14:16 - GET CUSTOMER RESPONSE : 
STATUS:000:CUSTOMERID:1485941693:COUNTRY:UGANDATEST:FIRSTNAME:Shafique:LASTNAME:Kabali:BANKNAME:PRIDE:WELCOMEMESSAGE:Welcome to Pride Mobile Banking. Enter your PIN:LANGUAGE:EN
2019-08-09 11:14:16 - GET CUSTOMER000
2019-08-09 11:14:16 - GET CUSTOMER TIME : 2.9895067214966E-8
2019-08-09 11:14:27 - MENU : menu
2019-08-09 11:14:27 - MENU INPUT : 2
2019-08-09 11:14:27 - LOGIN REQUEST : FORMID:LOGIN:CUSTOMERID:1485941693:MOBILENUMBER:256700146817:BANKID:0017:BANKNAME:PML:SHORTCODE:250:COUNTRY:UGANDATEST:DEVICEID:256700146817250:LOGINMPIN:2:UNIQUEID:bcce01a8-f994-7706-9736-563d262a0969:
2019-08-09 11:14:27 - LOGIN RESPONSE :
STATUS:091:DATA:Invalid Login Password
2019-08-09 11:14:28 - MENU : pin
2019-08-09 11:14:28 - MENU INPUT : 1234
2019-08-09 11:14:28 - LOGIN REQUEST : FORMID:LOGIN:CUSTOMERID:1485941693:MOBILENUMBER:256700146817:BANKID:0017:BANKNAME:PML:SHORTCODE:250:COUNTRY:UGANDATEST:DEVICEID:256700146817250:LOGINMPIN:1234:UNIQUEID:4ca99f3c-b94a-5b4b-b5c3-e5ff9a454ea3:
2019-08-09 11:14:28 - LOGIN RESPONSE :
STATUS:000:ACCOUNTS:218210027132501,223205003324501,223206003324501:
2019-08-09 11:14:28 - LOGIN ACCOUNTS :218210027132501,223205003324501,223206003324501
2019-08-09 12:24:29 - GET CUSTOMER REQUEST :FORMID:GETCUSTOMER:MOBILENUMBER:256700146817:SHORTCODE:250:COUNTRY:UGANDATEST:DEVICEID:256700146817250:UNIQUEID:1feb2a9f-f1c9-a551-fda8-0c87c88df47e:
2019-08-09 12:24:29 - GET CUSTOMER RESPONSE : 
STATUS:000:CUSTOMERID:1485941693:COUNTRY:UGANDATEST:FIRSTNAME:Shafique:LASTNAME:Kabali:BANKNAME:PRIDE:WELCOMEMESSAGE:Welcome to Pride Mobile Banking. Enter your PIN:LANGUAGE:EN
2019-08-09 12:24:29 - GET CUSTOMER000
2019-08-09 12:24:29 - GET CUSTOMER TIME : 2.3797035217285E-8
2019-08-09 12:24:34 - MENU : menu
2019-08-09 12:24:34 - MENU INPUT : 1234
2019-08-09 12:24:34 - LOGIN REQUEST : FORMID:LOGIN:CUSTOMERID:1485941693:MOBILENUMBER:256700146817:BANKID:0017:BANKNAME:PML:SHORTCODE:250:COUNTRY:UGANDATEST:DEVICEID:256700146817250:LOGINMPIN:1234:UNIQUEID:afa4afb6-d6f9-d124-07be-684e13b63da8:
2019-08-09 12:24:34 - LOGIN RESPONSE :
STATUS:000:ACCOUNTS:218210027132501,223205003324501,223206003324501:
2019-08-09 12:24:34 - LOGIN ACCOUNTS :218210027132501,223205003324501,223206003324501
2019-08-09 12:24:42 - MENU : home
2019-08-09 12:24:42 - MENU INPUT : 2
2019-08-09 12:24:42 - UP : home
2019-08-09 12:24:42 - MENU RESPONSES : home -> 
2019-08-09 12:24:42 - DOWN : pinReset
2019-08-09 12:24:42 - DOWN MENU : O:8:"stdClass":5:{s:2:"id";s:4:"home";s:8:"response";s:144:"Reply with
1. Account Balance
2. Mini Statement
3.Funds Transfer
4. Airtime Purchase
5. Mobile Money
6. Utility Payment 
7. Change Pin
8. Logout";s:3:"map";a:7:{i:0;O:8:"stdClass":2:{s:3:"key";s:1:"1";s:4:"menu";s:15:"BalanceAccounts";}i:1;O:8:"stdClass":2:{s:3:"key";s:1:"2";s:4:"menu";s:17:"StatementAccounts";}i:2;O:8:"stdClass":2:{s:3:"key";s:1:"3";s:4:"menu";s:10:"FTAccounts";}i:3;O:8:"stdClass":2:{s:3:"key";s:1:"4";s:4:"menu";s:14:"MOBILEPROVIDER";}i:4;O:8:"stdClass":2:{s:3:"key";s:1:"5";s:4:"menu";s:5:"NewFT";}i:5;O:8:"stdClass":2:{s:3:"key";s:1:"6";s:4:"menu";s:7:"utility";}i:6;O:8:"stdClass":2:{s:3:"key";s:1:"7";s:4:"menu";s:9:"changePin";}}s:4:"type";s:7:"dynamic";s:6:"action";s:3:"con";}
2019-08-09 12:24:42 - ERROR : StatementAccounts
2019-08-09 12:24:42 - MMMMMMM : StatementAccounts
2019-08-09 12:24:45 - MENU : StatementAccounts
2019-08-09 12:24:45 - MENU INPUT : q
2019-08-09 12:24:45 - UP : StatementAccounts
2019-08-09 12:24:45 - MENU RESPONSES : StatementAccounts -> 
2019-08-09 12:24:45 - DOWN : pinReset
2019-08-09 12:24:45 - ERROR : StatementAccounts
2019-08-09 12:24:45 - MMMMMMM : StatementAccounts
2019-08-09 12:24:45 - DOWN MENU : O:8:"stdClass":5:{s:2:"id";s:17:"StatementAccounts";s:6:"action";s:3:"con";s:8:"response";s:88:"Select Bank:
1. Pride/218210027132501
2. Pride/223205003324501
3. Pride/223206003324501
";s:3:"map";a:1:{i:0;O:8:"stdClass":1:{s:4:"menu";s:16:"AccountStatement";}}s:4:"type";s:4:"form";}
2019-08-09 12:24:45 - ERROR : AccountStatement
2019-08-09 12:24:45 - MMMMMMM : AccountStatement
2019-08-09 12:24:55 - GET CUSTOMER REQUEST :FORMID:GETCUSTOMER:MOBILENUMBER:256700146817:SHORTCODE:250:COUNTRY:UGANDATEST:DEVICEID:256700146817250:UNIQUEID:871e2501-8c09-0772-4dc0-ac61d18b9872:
2019-08-09 12:24:55 - GET CUSTOMER RESPONSE : 
STATUS:000:CUSTOMERID:1485941693:COUNTRY:UGANDATEST:FIRSTNAME:Shafique:LASTNAME:Kabali:BANKNAME:PRIDE:WELCOMEMESSAGE:Welcome to Pride Mobile Banking. Enter your PIN:LANGUAGE:EN
2019-08-09 12:24:55 - GET CUSTOMER000
2019-08-09 12:24:55 - GET CUSTOMER TIME : 2.0942211151123E-8
2019-08-09 12:25:02 - MENU : menu
2019-08-09 12:25:02 - MENU INPUT : 1234
2019-08-09 12:25:02 - LOGIN REQUEST : FORMID:LOGIN:CUSTOMERID:1485941693:MOBILENUMBER:256700146817:BANKID:0017:BANKNAME:PML:SHORTCODE:250:COUNTRY:UGANDATEST:DEVICEID:256700146817250:LOGINMPIN:1234:UNIQUEID:f5884b95-1a68-e22d-7d74-c8ce89326160:
2019-08-09 12:25:02 - LOGIN RESPONSE :
STATUS:000:ACCOUNTS:218210027132501,223205003324501,223206003324501:
2019-08-09 12:25:02 - LOGIN ACCOUNTS :218210027132501,223205003324501,223206003324501
2019-08-09 12:25:07 - MENU : home
2019-08-09 12:25:07 - MENU INPUT : 2
2019-08-09 12:25:07 - UP : home
2019-08-09 12:25:07 - MENU RESPONSES : home -> 
2019-08-09 12:25:07 - DOWN : pinReset
2019-08-09 12:25:07 - DOWN MENU : O:8:"stdClass":5:{s:2:"id";s:4:"home";s:8:"response";s:144:"Reply with
1. Account Balance
2. Mini Statement
3.Funds Transfer
4. Airtime Purchase
5. Mobile Money
6. Utility Payment 
7. Change Pin
8. Logout";s:3:"map";a:7:{i:0;O:8:"stdClass":2:{s:3:"key";s:1:"1";s:4:"menu";s:15:"BalanceAccounts";}i:1;O:8:"stdClass":2:{s:3:"key";s:1:"2";s:4:"menu";s:17:"StatementAccounts";}i:2;O:8:"stdClass":2:{s:3:"key";s:1:"3";s:4:"menu";s:10:"FTAccounts";}i:3;O:8:"stdClass":2:{s:3:"key";s:1:"4";s:4:"menu";s:14:"MOBILEPROVIDER";}i:4;O:8:"stdClass":2:{s:3:"key";s:1:"5";s:4:"menu";s:5:"NewFT";}i:5;O:8:"stdClass":2:{s:3:"key";s:1:"6";s:4:"menu";s:7:"utility";}i:6;O:8:"stdClass":2:{s:3:"key";s:1:"7";s:4:"menu";s:9:"changePin";}}s:4:"type";s:7:"dynamic";s:6:"action";s:3:"con";}
2019-08-09 12:25:07 - ERROR : StatementAccounts
2019-08-09 12:25:07 - MMMMMMM : StatementAccounts
2019-08-09 12:25:12 - MENU : StatementAccounts
2019-08-09 12:25:12 - MENU INPUT : 1
2019-08-09 12:25:12 - UP : StatementAccounts
2019-08-09 12:25:12 - MENU RESPONSES : StatementAccounts -> 
2019-08-09 12:25:12 - DOWN : pinReset
2019-08-09 12:25:12 - ERROR : StatementAccounts
2019-08-09 12:25:12 - MMMMMMM : StatementAccounts
2019-08-09 12:25:12 - DOWN MENU : O:8:"stdClass":5:{s:2:"id";s:17:"StatementAccounts";s:6:"action";s:3:"con";s:8:"response";s:88:"Select Bank:
1. Pride/218210027132501
2. Pride/223205003324501
3. Pride/223206003324501
";s:3:"map";a:1:{i:0;O:8:"stdClass":1:{s:4:"menu";s:16:"AccountStatement";}}s:4:"type";s:4:"form";}
2019-08-09 12:25:12 - ERROR : AccountStatement
2019-08-09 12:25:12 - MMMMMMM : AccountStatement
2019-08-09 12:25:12 - MINISTATEMENT REQUEST : FORMID:B-:MERCHANTID:STATEMENT:BANKACCOUNTID:218210027132501:SHORTCODE:250:CUSTOMERID:1485941693:MOBILENUMBER:256700146817:BANKID:0017:COUNTRY:UGANDATEST:UNIQUEID:93463725-e1bf-ba1a-ab48-d89718ef63cd:
2019-08-09 12:25:15 - MINISTATEMENT RESPONSE : 
STATUS:091:DATA:
2019-08-09 12:25:40 - GET CUSTOMER REQUEST :FORMID:GETCUSTOMER:MOBILENUMBER:256700146817:SHORTCODE:250:COUNTRY:UGANDATEST:DEVICEID:256700146817250:UNIQUEID:46ff00b0-10aa-59b8-b558-d9ae6d7f7dbc:
2019-08-09 12:25:40 - GET CUSTOMER RESPONSE : 
STATUS:000:CUSTOMERID:1485941693:COUNTRY:UGANDATEST:FIRSTNAME:Shafique:LASTNAME:Kabali:BANKNAME:PRIDE:WELCOMEMESSAGE:Welcome to Pride Mobile Banking. Enter your PIN:LANGUAGE:EN
2019-08-09 12:25:40 - GET CUSTOMER000
2019-08-09 12:25:40 - GET CUSTOMER TIME : 2.1000146865845E-8
2019-08-09 12:25:46 - MENU : menu
2019-08-09 12:25:46 - MENU INPUT : 1234
2019-08-09 12:25:46 - LOGIN REQUEST : FORMID:LOGIN:CUSTOMERID:1485941693:MOBILENUMBER:256700146817:BANKID:0017:BANKNAME:PML:SHORTCODE:250:COUNTRY:UGANDATEST:DEVICEID:256700146817250:LOGINMPIN:1234:UNIQUEID:4314ae46-2c18-23dd-158a-62e4c79175cc:
2019-08-09 12:25:46 - LOGIN RESPONSE :
STATUS:000:ACCOUNTS:218210027132501,223205003324501,223206003324501:
2019-08-09 12:25:46 - LOGIN ACCOUNTS :218210027132501,223205003324501,223206003324501
2019-08-09 12:25:50 - MENU : home
2019-08-09 12:25:50 - MENU INPUT : 1
2019-08-09 12:25:50 - UP : home
2019-08-09 12:25:50 - MENU RESPONSES : home -> 
2019-08-09 12:25:50 - DOWN : pinReset
2019-08-09 12:25:50 - DOWN MENU : O:8:"stdClass":5:{s:2:"id";s:4:"home";s:8:"response";s:144:"Reply with
1. Account Balance
2. Mini Statement
3.Funds Transfer
4. Airtime Purchase
5. Mobile Money
6. Utility Payment 
7. Change Pin
8. Logout";s:3:"map";a:7:{i:0;O:8:"stdClass":2:{s:3:"key";s:1:"1";s:4:"menu";s:15:"BalanceAccounts";}i:1;O:8:"stdClass":2:{s:3:"key";s:1:"2";s:4:"menu";s:17:"StatementAccounts";}i:2;O:8:"stdClass":2:{s:3:"key";s:1:"3";s:4:"menu";s:10:"FTAccounts";}i:3;O:8:"stdClass":2:{s:3:"key";s:1:"4";s:4:"menu";s:14:"MOBILEPROVIDER";}i:4;O:8:"stdClass":2:{s:3:"key";s:1:"5";s:4:"menu";s:5:"NewFT";}i:5;O:8:"stdClass":2:{s:3:"key";s:1:"6";s:4:"menu";s:7:"utility";}i:6;O:8:"stdClass":2:{s:3:"key";s:1:"7";s:4:"menu";s:9:"changePin";}}s:4:"type";s:7:"dynamic";s:6:"action";s:3:"con";}
2019-08-09 12:25:50 - ERROR : BalanceAccounts
2019-08-09 12:25:50 - MMMMMMM : BalanceAccounts
2019-08-09 12:25:54 - MENU : BalanceAccounts
2019-08-09 12:25:54 - MENU INPUT : 1
2019-08-09 12:25:54 - UP : BalanceAccounts
2019-08-09 12:25:54 - MENU RESPONSES : BalanceAccounts -> 
2019-08-09 12:25:54 - DOWN : pinReset
2019-08-09 12:25:54 - ERROR : BalanceAccounts
2019-08-09 12:25:54 - MMMMMMM : BalanceAccounts
2019-08-09 12:25:54 - DOWN MENU : O:8:"stdClass":5:{s:2:"id";s:15:"BalanceAccounts";s:6:"action";s:3:"con";s:8:"response";s:88:"Select bank:
1. Pride/218210027132501
2. Pride/223205003324501
3. Pride/223206003324501
";s:3:"map";a:1:{i:0;O:8:"stdClass":1:{s:4:"menu";s:14:"AccountBalance";}}s:4:"type";s:4:"form";}
2019-08-09 12:25:54 - ERROR : AccountBalance
2019-08-09 12:25:54 - MMMMMMM : AccountBalance
2019-08-09 12:25:54 - BALANCE REQUEST : FORMID:B-:MERCHANTID:BALANCE:BANKACCOUNTID:218210027132501:SHORTCODE:250:CUSTOMERID:1485941693:MOBILENUMBER:256700146817:BANKID:0017:COUNTRY:UGANDATEST:UNIQUEID:2bfe43a2-92ce-1cf7-cd8b-1a821ffc2dad:
2019-08-09 12:25:55 - BALANCE RESPONSE : 
STATUS:091:DATA: shown
