2019-08-09 09:33:37 - GET CUSTOMER REQUEST :FORMID:GETCUSTOMER:MOBILENUMBER:256706239860:SHORTCODE:250:COUNTRY:UGANDATEST:DEVICEID:256706239860250:UNIQUEID:22b33cd2-72cf-98ea-4a95-7f9755232e60:
2019-08-09 09:33:37 - GET CUSTOMER RESPONSE : 
STATUS:000:CUSTOMERID:1656019588:COUNTRY:UGANDATEST:FIRSTNAME:Filly:LASTNAME:Lawrence:BANKNAME:PRIDE:WELCOMEMESSAGE:Welcome to Pride Mobile Banking. Enter your PIN:LANGUAGE:EN
2019-08-09 09:33:37 - GET CUSTOMER000
2019-08-09 09:33:37 - GET CUSTOMER TIME : 2.8742074966431E-8
2019-08-09 09:33:43 - MENU : menu
2019-08-09 09:33:43 - MENU INPUT : 1234
2019-08-09 09:33:43 - LOGIN REQUEST : FORMID:LOGIN:CUSTOMERID:1656019588:MOBILENUMBER:256706239860:BANKID:0017:BANKNAME:PML:SHORTCODE:250:COUNTRY:UGANDATEST:DEVICEID:256706239860250:LOGINMPIN:1234:UNIQUEID:8309b18f-4360-8a8a-b40d-cf727a07ad90:
2019-08-09 09:33:43 - LOGIN RESPONSE :
STATUS:000:ACCOUNTS:223206004827101:
2019-08-09 09:33:43 - LOGIN ACCOUNTS :223206004827101
2019-08-09 09:34:17 - MENU : home
2019-08-09 09:34:17 - MENU INPUT : 1
2019-08-09 09:34:17 - UP : home
2019-08-09 09:34:17 - MENU RESPONSES : home -> 
2019-08-09 09:34:17 - DOWN : pinReset
2019-08-09 09:34:17 - DOWN MENU : O:8:"stdClass":5:{s:2:"id";s:4:"home";s:8:"response";s:144:"Reply with
1. Account Balance
2. Mini Statement
3.Funds Transfer
4. Airtime Purchase
5. Mobile Money
6. Utility Payment 
7. Change Pin
8. Logout";s:3:"map";a:7:{i:0;O:8:"stdClass":2:{s:3:"key";s:1:"1";s:4:"menu";s:15:"BalanceAccounts";}i:1;O:8:"stdClass":2:{s:3:"key";s:1:"2";s:4:"menu";s:17:"StatementAccounts";}i:2;O:8:"stdClass":2:{s:3:"key";s:1:"3";s:4:"menu";s:10:"FTAccounts";}i:3;O:8:"stdClass":2:{s:3:"key";s:1:"4";s:4:"menu";s:14:"MOBILEPROVIDER";}i:4;O:8:"stdClass":2:{s:3:"key";s:1:"5";s:4:"menu";s:5:"NewFT";}i:5;O:8:"stdClass":2:{s:3:"key";s:1:"6";s:4:"menu";s:7:"utility";}i:6;O:8:"stdClass":2:{s:3:"key";s:1:"7";s:4:"menu";s:9:"changePin";}}s:4:"type";s:7:"dynamic";s:6:"action";s:3:"con";}
2019-08-09 09:34:17 - ERROR : BalanceAccounts
2019-08-09 09:34:17 - MMMMMMM : BalanceAccounts
2019-08-09 09:34:22 - MENU : BalanceAccounts
2019-08-09 09:34:22 - MENU INPUT : 1
2019-08-09 09:34:22 - UP : BalanceAccounts
2019-08-09 09:34:22 - MENU RESPONSES : BalanceAccounts -> 
2019-08-09 09:34:22 - DOWN : pinReset
2019-08-09 09:34:22 - ERROR : BalanceAccounts
2019-08-09 09:34:22 - MMMMMMM : BalanceAccounts
2019-08-09 09:34:22 - DOWN MENU : O:8:"stdClass":5:{s:2:"id";s:15:"BalanceAccounts";s:6:"action";s:3:"con";s:8:"response";s:38:"Select bank:
1. Pride/223206004827101
";s:3:"map";a:1:{i:0;O:8:"stdClass":1:{s:4:"menu";s:14:"AccountBalance";}}s:4:"type";s:4:"form";}
2019-08-09 09:34:22 - ERROR : AccountBalance
2019-08-09 09:34:22 - MMMMMMM : AccountBalance
2019-08-09 09:34:22 - BALANCE REQUEST : FORMID:B-:MERCHANTID:BALANCE:BANKACCOUNTID:223206004827101:SHORTCODE:250:CUSTOMERID:1656019588:MOBILENUMBER:256706239860:BANKID:0017:COUNTRY:UGANDATEST:UNIQUEID:0da71084-39b8-e979-85aa-5618d268dc16:
2019-08-09 09:34:26 - BALANCE RESPONSE : 
STATUS:091:DATA: shown
