2019-07-22 09:47:48 - GET CUSTOMER REQUEST :FORMID:GETCUSTOMER:MOBILENUMBER:256700146817:SHORTCODE:250:COUNTRY:UGANDATEST:DEVICEID:256700146817250:UNIQUEID:995e5919-a07e-d8d5-536d-0d34430ee140:
2019-07-22 09:47:48 - GET CUSTOMER RESPONSE : 
STATUS:000:CUSTOMERID:1485941693:COUNTRY:UGANDATEST:FIRSTNAME:Shafique:LASTNAME:Kabali:BANKNAME:PRIDE:WELCOMEMESSAGE:Welcome to Pride Mobile Banking. Enter your PIN:LANGUAGE:EN
2019-07-22 09:47:48 - GET CUSTOMER000
2019-07-22 09:47:48 - GET CUSTOMER TIME : 2.5953102111816E-7
2019-07-22 09:47:59 - MENU : menu
2019-07-22 09:47:59 - MENU INPUT : 1234
2019-07-22 09:47:59 - LOGIN REQUEST : FORMID:LOGIN:CUSTOMERID:1485941693:MOBILENUMBER:256700146817:BANKID:0017:BANKNAME:PML:SHORTCODE:250:COUNTRY:UGANDATEST:DEVICEID:256700146817250:LOGINMPIN:1234:UNIQUEID:883271ed-74f6-28e1-c8b1-f0b05f79e919:
2019-07-22 09:47:59 - LOGIN RESPONSE :
STATUS:000:ACCOUNTS:223205003324501,218210027132501,223206003324501:
2019-07-22 09:47:59 - LOGIN ACCOUNTS :223205003324501,218210027132501,223206003324501
2019-07-22 09:48:04 - MENU : home
2019-07-22 09:48:04 - MENU INPUT : 1
2019-07-22 09:48:04 - UP : home
2019-07-22 09:48:04 - MENU RESPONSES : home -> 
2019-07-22 09:48:04 - DOWN : pinReset
2019-07-22 09:48:04 - DOWN MENU : O:8:"stdClass":5:{s:2:"id";s:4:"home";s:8:"response";s:144:"Reply with
1. Account Balance
2. Mini Statement
3.Funds Transfer
4. Airtime Purchase
5. Mobile Money
6. Utility Payment 
7. Change Pin
8. Logout";s:3:"map";a:7:{i:0;O:8:"stdClass":2:{s:3:"key";s:1:"1";s:4:"menu";s:15:"BalanceAccounts";}i:1;O:8:"stdClass":2:{s:3:"key";s:1:"2";s:4:"menu";s:17:"StatementAccounts";}i:2;O:8:"stdClass":2:{s:3:"key";s:1:"3";s:4:"menu";s:10:"FTAccounts";}i:3;O:8:"stdClass":2:{s:3:"key";s:1:"4";s:4:"menu";s:14:"MOBILEPROVIDER";}i:4;O:8:"stdClass":2:{s:3:"key";s:1:"5";s:4:"menu";s:5:"NewFT";}i:5;O:8:"stdClass":2:{s:3:"key";s:1:"6";s:4:"menu";s:7:"utility";}i:6;O:8:"stdClass":2:{s:3:"key";s:1:"7";s:4:"menu";s:9:"changePin";}}s:4:"type";s:7:"dynamic";s:6:"action";s:3:"con";}
2019-07-22 09:48:04 - ERROR : BalanceAccounts
2019-07-22 09:48:04 - MMMMMMM : BalanceAccounts
2019-07-22 09:48:06 - MENU : BalanceAccounts
2019-07-22 09:48:06 - MENU INPUT : 1
2019-07-22 09:48:06 - UP : BalanceAccounts
2019-07-22 09:48:06 - MENU RESPONSES : BalanceAccounts -> 
2019-07-22 09:48:06 - DOWN : pinReset
2019-07-22 09:48:06 - ERROR : BalanceAccounts
2019-07-22 09:48:06 - MMMMMMM : BalanceAccounts
2019-07-22 09:48:06 - DOWN MENU : O:8:"stdClass":5:{s:2:"id";s:15:"BalanceAccounts";s:6:"action";s:3:"con";s:8:"response";s:88:"Select bank:
1. Pride/223205003324501
2. Pride/218210027132501
3. Pride/223206003324501
";s:3:"map";a:1:{i:0;O:8:"stdClass":1:{s:4:"menu";s:14:"AccountBalance";}}s:4:"type";s:4:"form";}
2019-07-22 09:48:06 - ERROR : AccountBalance
2019-07-22 09:48:06 - MMMMMMM : AccountBalance
2019-07-22 09:48:06 - BALANCE REQUEST : FORMID:B-:MERCHANTID:BALANCE:BANKACCOUNTID:223205003324501:SHORTCODE:250:CUSTOMERID:1485941693:MOBILENUMBER:256700146817:BANKID:0017:COUNTRY:UGANDATEST:UNIQUEID:11333ca4-b445-5e60-1d3e-ba604a999803:
2019-07-22 09:48:10 - BALANCE RESPONSE : 
STATUS:091:DATA:Error Connecting to your account. Error 091-Your Bank is not available. Please try again. Please try later or contact our help desk at  shown
2019-07-22 11:20:25 - GET CUSTOMER REQUEST :FORMID:GETCUSTOMER:MOBILENUMBER:256700146817:SHORTCODE:250:COUNTRY:UGANDATEST:DEVICEID:256700146817250:UNIQUEID:0bf35c30-2a65-3ae8-efeb-33945c1c379d:
2019-07-22 11:20:25 - GET CUSTOMER RESPONSE : 
STATUS:000:CUSTOMERID:1485941693:COUNTRY:UGANDATEST:FIRSTNAME:Shafique:LASTNAME:Kabali:BANKNAME:PRIDE:WELCOMEMESSAGE:Welcome to Pride Mobile Banking. Enter your PIN:LANGUAGE:EN
2019-07-22 11:20:25 - GET CUSTOMER000
2019-07-22 11:20:25 - GET CUSTOMER TIME : 3.977108001709E-8
2019-07-22 11:20:29 - MENU : menu
2019-07-22 11:20:29 - MENU INPUT : 1234
2019-07-22 11:20:29 - LOGIN REQUEST : FORMID:LOGIN:CUSTOMERID:1485941693:MOBILENUMBER:256700146817:BANKID:0017:BANKNAME:PML:SHORTCODE:250:COUNTRY:UGANDATEST:DEVICEID:256700146817250:LOGINMPIN:1234:UNIQUEID:20135e97-c4b8-1cef-0d82-b15810e9cc12:
2019-07-22 11:20:29 - LOGIN RESPONSE :
STATUS:000:ACCOUNTS:223205003324501,218210027132501,223206003324501:
2019-07-22 11:20:29 - LOGIN ACCOUNTS :223205003324501,218210027132501,223206003324501
2019-07-22 11:20:34 - MENU : home
2019-07-22 11:20:34 - MENU INPUT : 1
2019-07-22 11:20:34 - UP : home
2019-07-22 11:20:34 - MENU RESPONSES : home -> 
2019-07-22 11:20:34 - DOWN : pinReset
2019-07-22 11:20:34 - DOWN MENU : O:8:"stdClass":5:{s:2:"id";s:4:"home";s:8:"response";s:144:"Reply with
1. Account Balance
2. Mini Statement
3.Funds Transfer
4. Airtime Purchase
5. Mobile Money
6. Utility Payment 
7. Change Pin
8. Logout";s:3:"map";a:7:{i:0;O:8:"stdClass":2:{s:3:"key";s:1:"1";s:4:"menu";s:15:"BalanceAccounts";}i:1;O:8:"stdClass":2:{s:3:"key";s:1:"2";s:4:"menu";s:17:"StatementAccounts";}i:2;O:8:"stdClass":2:{s:3:"key";s:1:"3";s:4:"menu";s:10:"FTAccounts";}i:3;O:8:"stdClass":2:{s:3:"key";s:1:"4";s:4:"menu";s:14:"MOBILEPROVIDER";}i:4;O:8:"stdClass":2:{s:3:"key";s:1:"5";s:4:"menu";s:5:"NewFT";}i:5;O:8:"stdClass":2:{s:3:"key";s:1:"6";s:4:"menu";s:7:"utility";}i:6;O:8:"stdClass":2:{s:3:"key";s:1:"7";s:4:"menu";s:9:"changePin";}}s:4:"type";s:7:"dynamic";s:6:"action";s:3:"con";}
2019-07-22 11:20:34 - ERROR : BalanceAccounts
2019-07-22 11:20:34 - MMMMMMM : BalanceAccounts
2019-07-22 11:20:36 - MENU : BalanceAccounts
2019-07-22 11:20:36 - MENU INPUT : 1
2019-07-22 11:20:36 - UP : BalanceAccounts
2019-07-22 11:20:36 - MENU RESPONSES : BalanceAccounts -> 
2019-07-22 11:20:36 - DOWN : pinReset
2019-07-22 11:20:36 - ERROR : BalanceAccounts
2019-07-22 11:20:36 - MMMMMMM : BalanceAccounts
2019-07-22 11:20:36 - DOWN MENU : O:8:"stdClass":5:{s:2:"id";s:15:"BalanceAccounts";s:6:"action";s:3:"con";s:8:"response";s:88:"Select bank:
1. Pride/223205003324501
2. Pride/218210027132501
3. Pride/223206003324501
";s:3:"map";a:1:{i:0;O:8:"stdClass":1:{s:4:"menu";s:14:"AccountBalance";}}s:4:"type";s:4:"form";}
2019-07-22 11:20:36 - ERROR : AccountBalance
2019-07-22 11:20:36 - MMMMMMM : AccountBalance
2019-07-22 11:20:36 - BALANCE REQUEST : FORMID:B-:MERCHANTID:BALANCE:BANKACCOUNTID:223205003324501:SHORTCODE:250:CUSTOMERID:1485941693:MOBILENUMBER:256700146817:BANKID:0017:COUNTRY:UGANDATEST:UNIQUEID:d38a93ff-5d2a-b653-90c5-969b0bb9133c:
2019-07-22 11:20:37 - BALANCE RESPONSE : 
STATUS:OK:DATA:BankPRIDEBalance;UGXActual;203,565.32 CRAvailable;203,565.32 CR shown
2019-07-22 11:20:41 - GET CUSTOMER REQUEST :FORMID:GETCUSTOMER:MOBILENUMBER:256700146817:SHORTCODE:250:COUNTRY:UGANDATEST:DEVICEID:256700146817250:UNIQUEID:70cd8264-aa5f-3808-34e6-7d6d6ff37906:
2019-07-22 11:20:41 - GET CUSTOMER RESPONSE : 
STATUS:000:CUSTOMERID:1485941693:COUNTRY:UGANDATEST:FIRSTNAME:Shafique:LASTNAME:Kabali:BANKNAME:PRIDE:WELCOMEMESSAGE:Welcome to Pride Mobile Banking. Enter your PIN:LANGUAGE:EN
2019-07-22 11:20:41 - GET CUSTOMER000
2019-07-22 11:20:41 - GET CUSTOMER TIME : 2.794885635376E-8
2019-07-22 11:20:45 - MENU : menu
2019-07-22 11:20:45 - MENU INPUT : 1234
2019-07-22 11:20:45 - LOGIN REQUEST : FORMID:LOGIN:CUSTOMERID:1485941693:MOBILENUMBER:256700146817:BANKID:0017:BANKNAME:PML:SHORTCODE:250:COUNTRY:UGANDATEST:DEVICEID:256700146817250:LOGINMPIN:1234:UNIQUEID:51c1d234-243a-a4eb-83f6-fb79da4345be:
2019-07-22 11:20:45 - LOGIN RESPONSE :
STATUS:000:ACCOUNTS:223205003324501,218210027132501,223206003324501:
2019-07-22 11:20:45 - LOGIN ACCOUNTS :223205003324501,218210027132501,223206003324501
2019-07-22 11:20:49 - MENU : home
2019-07-22 11:20:49 - MENU INPUT : 2
2019-07-22 11:20:49 - UP : home
2019-07-22 11:20:49 - MENU RESPONSES : home -> 
2019-07-22 11:20:49 - DOWN : pinReset
2019-07-22 11:20:49 - DOWN MENU : O:8:"stdClass":5:{s:2:"id";s:4:"home";s:8:"response";s:144:"Reply with
1. Account Balance
2. Mini Statement
3.Funds Transfer
4. Airtime Purchase
5. Mobile Money
6. Utility Payment 
7. Change Pin
8. Logout";s:3:"map";a:7:{i:0;O:8:"stdClass":2:{s:3:"key";s:1:"1";s:4:"menu";s:15:"BalanceAccounts";}i:1;O:8:"stdClass":2:{s:3:"key";s:1:"2";s:4:"menu";s:17:"StatementAccounts";}i:2;O:8:"stdClass":2:{s:3:"key";s:1:"3";s:4:"menu";s:10:"FTAccounts";}i:3;O:8:"stdClass":2:{s:3:"key";s:1:"4";s:4:"menu";s:14:"MOBILEPROVIDER";}i:4;O:8:"stdClass":2:{s:3:"key";s:1:"5";s:4:"menu";s:5:"NewFT";}i:5;O:8:"stdClass":2:{s:3:"key";s:1:"6";s:4:"menu";s:7:"utility";}i:6;O:8:"stdClass":2:{s:3:"key";s:1:"7";s:4:"menu";s:9:"changePin";}}s:4:"type";s:7:"dynamic";s:6:"action";s:3:"con";}
2019-07-22 11:20:49 - ERROR : StatementAccounts
2019-07-22 11:20:49 - MMMMMMM : StatementAccounts
2019-07-22 11:20:53 - MENU : StatementAccounts
2019-07-22 11:20:53 - MENU INPUT : 1
2019-07-22 11:20:53 - UP : StatementAccounts
2019-07-22 11:20:53 - MENU RESPONSES : StatementAccounts -> 
2019-07-22 11:20:53 - DOWN : pinReset
2019-07-22 11:20:53 - ERROR : StatementAccounts
2019-07-22 11:20:53 - MMMMMMM : StatementAccounts
2019-07-22 11:20:53 - DOWN MENU : O:8:"stdClass":5:{s:2:"id";s:17:"StatementAccounts";s:6:"action";s:3:"con";s:8:"response";s:88:"Select Bank:
1. Pride/223205003324501
2. Pride/218210027132501
3. Pride/223206003324501
";s:3:"map";a:1:{i:0;O:8:"stdClass":1:{s:4:"menu";s:16:"AccountStatement";}}s:4:"type";s:4:"form";}
2019-07-22 11:20:53 - ERROR : AccountStatement
2019-07-22 11:20:53 - MMMMMMM : AccountStatement
2019-07-22 11:20:53 - MINISTATEMENT REQUEST : FORMID:B-:MERCHANTID:STATEMENT:BANKACCOUNTID:223205003324501:SHORTCODE:250:CUSTOMERID:1485941693:MOBILENUMBER:256700146817:BANKID:0017:COUNTRY:UGANDATEST:UNIQUEID:4d593651-a24b-82a5-8a3f-ead37cc6e253:
2019-07-22 11:21:07 - MINISTATEMENT RESPONSE : 
STATUS:OK:DATA:27/06/19 DR. 230 27/06/19 DR. 230 27/06/19 DR. 230 27/06/19 DR. 230 27/06/19 DR. 230 
2019-07-22 11:27:34 - GET CUSTOMER REQUEST :FORMID:GETCUSTOMER:MOBILENUMBER:256700146817:SHORTCODE:250:COUNTRY:UGANDATEST:DEVICEID:256700146817250:UNIQUEID:d98f454d-aac1-4c75-6401-bc8c24321a5a:
2019-07-22 11:27:34 - GET CUSTOMER RESPONSE : 
STATUS:000:CUSTOMERID:1485941693:COUNTRY:UGANDATEST:FIRSTNAME:Shafique:LASTNAME:Kabali:BANKNAME:PRIDE:WELCOMEMESSAGE:Welcome to Pride Mobile Banking. Enter your PIN:LANGUAGE:EN
2019-07-22 11:27:34 - GET CUSTOMER000
2019-07-22 11:27:34 - GET CUSTOMER TIME : 4.4281959533691E-8
2019-07-22 11:27:38 - MENU : menu
2019-07-22 11:27:38 - MENU INPUT : 1234
2019-07-22 11:27:38 - LOGIN REQUEST : FORMID:LOGIN:CUSTOMERID:1485941693:MOBILENUMBER:256700146817:BANKID:0017:BANKNAME:PML:SHORTCODE:250:COUNTRY:UGANDATEST:DEVICEID:256700146817250:LOGINMPIN:1234:UNIQUEID:d221fc0c-893e-e7d7-3477-c89821c9e48d:
2019-07-22 11:27:38 - LOGIN RESPONSE :
STATUS:000:ACCOUNTS:223205003324501,218210027132501,223206003324501:
2019-07-22 11:27:38 - LOGIN ACCOUNTS :223205003324501,218210027132501,223206003324501
2019-07-22 11:27:44 - MENU : home
2019-07-22 11:27:44 - MENU INPUT : 3
2019-07-22 11:27:44 - UP : home
2019-07-22 11:27:44 - MENU RESPONSES : home -> 
2019-07-22 11:27:44 - DOWN : pinReset
2019-07-22 11:27:44 - DOWN MENU : O:8:"stdClass":5:{s:2:"id";s:4:"home";s:8:"response";s:144:"Reply with
1. Account Balance
2. Mini Statement
3.Funds Transfer
4. Airtime Purchase
5. Mobile Money
6. Utility Payment 
7. Change Pin
8. Logout";s:3:"map";a:7:{i:0;O:8:"stdClass":2:{s:3:"key";s:1:"1";s:4:"menu";s:15:"BalanceAccounts";}i:1;O:8:"stdClass":2:{s:3:"key";s:1:"2";s:4:"menu";s:17:"StatementAccounts";}i:2;O:8:"stdClass":2:{s:3:"key";s:1:"3";s:4:"menu";s:10:"FTAccounts";}i:3;O:8:"stdClass":2:{s:3:"key";s:1:"4";s:4:"menu";s:14:"MOBILEPROVIDER";}i:4;O:8:"stdClass":2:{s:3:"key";s:1:"5";s:4:"menu";s:5:"NewFT";}i:5;O:8:"stdClass":2:{s:3:"key";s:1:"6";s:4:"menu";s:7:"utility";}i:6;O:8:"stdClass":2:{s:3:"key";s:1:"7";s:4:"menu";s:9:"changePin";}}s:4:"type";s:7:"dynamic";s:6:"action";s:3:"con";}
2019-07-22 11:27:44 - ERROR : FTAccounts
2019-07-22 11:27:44 - MMMMMMM : FTAccounts
2019-07-22 11:27:50 - MENU : FTAccounts
2019-07-22 11:27:50 - MENU INPUT : 1
2019-07-22 11:27:50 - UP : FTAccounts
2019-07-22 11:27:50 - MENU RESPONSES : FTAccounts -> 
2019-07-22 11:27:50 - DOWN : pinReset
2019-07-22 11:27:50 - ERROR : FTAccounts
2019-07-22 11:27:50 - MMMMMMM : FTAccounts
2019-07-22 11:27:50 - DOWN MENU : O:8:"stdClass":5:{s:2:"id";s:10:"FTAccounts";s:6:"action";s:3:"con";s:8:"response";s:90:"Select Bank 
1. 223205003324501
2. 218210027132501
3. 223206003324501
00. Home 
 000. Exit";s:3:"map";a:1:{i:0;O:8:"stdClass":1:{s:4:"menu";s:6:"fundst";}}s:4:"type";s:4:"form";}
2019-07-22 11:27:52 - MENU : fundst
2019-07-22 11:27:52 - MENU INPUT : 1
2019-07-22 11:27:52 - UP : fundst
2019-07-22 11:27:52 - MENU RESPONSES : fundst -> 
2019-07-22 11:27:52 - DOWN : pinReset
2019-07-22 11:27:52 - DOWN MENU : O:8:"stdClass":5:{s:2:"id";s:6:"fundst";s:8:"response";s:60:"Reply with:
1. Direct Transfer
2. InterBank Transfer
0. Home";s:3:"map";a:2:{i:0;O:8:"stdClass":2:{s:3:"key";s:1:"1";s:4:"menu";s:14:"iftFormAccount";}i:1;O:8:"stdClass":2:{s:3:"key";s:1:"2";s:4:"menu";s:17:"InterBankTransfer";}}s:4:"type";s:7:"dynamic";s:6:"action";s:3:"con";}
2019-07-22 11:27:56 - MENU : iftFormAccount
2019-07-22 11:27:56 - MENU INPUT : 1234
2019-07-22 11:27:56 - UP : iftFormAccount
2019-07-22 11:27:56 - MENU RESPONSES : iftFormAccount -> 
2019-07-22 11:27:56 - DOWN : pinReset
2019-07-22 11:27:56 - DOWN MENU : O:8:"stdClass":6:{s:2:"id";s:14:"iftFormAccount";s:8:"response";s:29:"Enter Account To Transfer To:";s:3:"map";a:1:{i:0;O:8:"stdClass":2:{s:3:"key";s:4:"next";s:4:"menu";s:17:"validateFTAccount";}}s:4:"type";s:4:"form";s:4:"name";s:13:"DirectAccount";s:6:"action";s:3:"con";}
2019-07-22 11:27:56 - ERROR : validateFTAccount
2019-07-22 11:27:56 - MMMMMMM : validateFTAccount
2019-07-22 11:27:56 - VALIDATE FT ACCOUNT REQUEST : FORMID:M-:MERCHANTID:VALIDATEACCOUNT:ACCOUNTID:1234:CUSTOMERID:1485941693:MOBILENUMBER:256700146817:BANKNAME:PML:SHORTCODE:250:BANKID:0017:COUNTRY:UGANDATEST:ACTION:GETNAME:UNIQUEID:1e05465d-9f44-862d-7626-e59afdd12fa9:TRXSOURCE:USSD:
2019-07-22 11:28:19 - VALIDATE FT ACCOUNT RESPONSE : 
STATUS:091:MESSAGE:Invalid Account. Please reenter.
2019-07-22 11:28:24 - MENU : validateFTAccount
2019-07-22 11:28:24 - MENU INPUT : 218210027132501
2019-07-22 11:28:24 - UP : validateFTAccount
2019-07-22 11:28:24 - MENU RESPONSES : validateFTAccount -> 
2019-07-22 11:28:24 - DOWN : pinReset
2019-07-22 11:28:24 - ERROR : validateFTAccount
2019-07-22 11:28:24 - MMMMMMM : validateFTAccount
2019-07-22 11:28:24 - VALIDATE FT ACCOUNT REQUEST : FORMID:M-:MERCHANTID:VALIDATEACCOUNT:ACCOUNTID:1234:CUSTOMERID:1485941693:MOBILENUMBER:256700146817:BANKNAME:PML:SHORTCODE:250:BANKID:0017:COUNTRY:UGANDATEST:ACTION:GETNAME:UNIQUEID:fe222c2b-bacf-96f9-2f2c-2eef71825c02:TRXSOURCE:USSD:
2019-07-22 11:28:45 - VALIDATE FT ACCOUNT RESPONSE : 
STATUS:091:MESSAGE:Invalid Account. Please reenter.
2019-07-22 11:28:45 - DOWN MENU : O:8:"stdClass":5:{s:2:"id";s:14:"iftFormAccount";s:6:"action";s:3:"con";s:8:"response";s:72:"Invalid Account. Please Enter a Correct Account No::
00.Back
0.Main Menu";s:3:"map";a:1:{i:0;O:8:"stdClass":1:{s:4:"menu";s:17:"validateFTAccount";}}s:4:"type";s:4:"form";}
2019-07-22 11:28:45 - ERROR : validateFTAccount
2019-07-22 11:28:45 - MMMMMMM : validateFTAccount
2019-07-22 11:28:45 - VALIDATE FT ACCOUNT REQUEST : FORMID:M-:MERCHANTID:VALIDATEACCOUNT:ACCOUNTID:1234:CUSTOMERID:1485941693:MOBILENUMBER:256700146817:BANKNAME:PML:SHORTCODE:250:BANKID:0017:COUNTRY:UGANDATEST:ACTION:GETNAME:UNIQUEID:74531ff2-ed85-9cbf-3f33-3a963e97621e:TRXSOURCE:USSD:
2019-07-22 11:29:06 - VALIDATE FT ACCOUNT RESPONSE : 
STATUS:091:MESSAGE:Invalid Account. Please reenter.
2019-07-22 11:41:25 - GET CUSTOMER REQUEST :FORMID:GETCUSTOMER:MOBILENUMBER:256700146817:SHORTCODE:250:COUNTRY:UGANDATEST:DEVICEID:256700146817250:UNIQUEID:2b2e45ec-37d2-ac38-8379-1eafb7ce8c77:
2019-07-22 11:41:25 - GET CUSTOMER RESPONSE : 
STATUS:000:CUSTOMERID:1485941693:COUNTRY:UGANDATEST:FIRSTNAME:Shafique:LASTNAME:Kabali:BANKNAME:PRIDE:WELCOMEMESSAGE:Welcome to Pride Mobile Banking. Enter your PIN:LANGUAGE:EN
2019-07-22 11:41:25 - GET CUSTOMER000
2019-07-22 11:41:25 - GET CUSTOMER TIME : 4.479193687439E-8
2019-07-22 11:41:29 - MENU : menu
2019-07-22 11:41:29 - MENU INPUT : 1234
2019-07-22 11:41:29 - LOGIN REQUEST : FORMID:LOGIN:CUSTOMERID:1485941693:MOBILENUMBER:256700146817:BANKID:0017:BANKNAME:PML:SHORTCODE:250:COUNTRY:UGANDATEST:DEVICEID:256700146817250:LOGINMPIN:1234:UNIQUEID:af5ef40d-e504-f5f3-947e-a25301282960:
2019-07-22 11:41:29 - LOGIN RESPONSE :
STATUS:000:ACCOUNTS:223205003324501,218210027132501,223206003324501:
2019-07-22 11:41:29 - LOGIN ACCOUNTS :223205003324501,218210027132501,223206003324501
2019-07-22 11:41:35 - MENU : home
2019-07-22 11:41:35 - MENU INPUT : 1
2019-07-22 11:41:35 - UP : home
2019-07-22 11:41:35 - MENU RESPONSES : home -> 
2019-07-22 11:41:35 - DOWN : pinReset
2019-07-22 11:41:35 - DOWN MENU : O:8:"stdClass":5:{s:2:"id";s:4:"home";s:8:"response";s:144:"Reply with
1. Account Balance
2. Mini Statement
3.Funds Transfer
4. Airtime Purchase
5. Mobile Money
6. Utility Payment 
7. Change Pin
8. Logout";s:3:"map";a:7:{i:0;O:8:"stdClass":2:{s:3:"key";s:1:"1";s:4:"menu";s:15:"BalanceAccounts";}i:1;O:8:"stdClass":2:{s:3:"key";s:1:"2";s:4:"menu";s:17:"StatementAccounts";}i:2;O:8:"stdClass":2:{s:3:"key";s:1:"3";s:4:"menu";s:10:"FTAccounts";}i:3;O:8:"stdClass":2:{s:3:"key";s:1:"4";s:4:"menu";s:14:"MOBILEPROVIDER";}i:4;O:8:"stdClass":2:{s:3:"key";s:1:"5";s:4:"menu";s:5:"NewFT";}i:5;O:8:"stdClass":2:{s:3:"key";s:1:"6";s:4:"menu";s:7:"utility";}i:6;O:8:"stdClass":2:{s:3:"key";s:1:"7";s:4:"menu";s:9:"changePin";}}s:4:"type";s:7:"dynamic";s:6:"action";s:3:"con";}
2019-07-22 11:41:35 - ERROR : BalanceAccounts
2019-07-22 11:41:35 - MMMMMMM : BalanceAccounts
2019-07-22 11:41:37 - MENU : BalanceAccounts
2019-07-22 11:41:37 - MENU INPUT : 1
2019-07-22 11:41:37 - UP : BalanceAccounts
2019-07-22 11:41:37 - MENU RESPONSES : BalanceAccounts -> 
2019-07-22 11:41:37 - DOWN : pinReset
2019-07-22 11:41:37 - ERROR : BalanceAccounts
2019-07-22 11:41:37 - MMMMMMM : BalanceAccounts
2019-07-22 11:41:37 - DOWN MENU : O:8:"stdClass":5:{s:2:"id";s:15:"BalanceAccounts";s:6:"action";s:3:"con";s:8:"response";s:88:"Select bank:
1. Pride/223205003324501
2. Pride/218210027132501
3. Pride/223206003324501
";s:3:"map";a:1:{i:0;O:8:"stdClass":1:{s:4:"menu";s:14:"AccountBalance";}}s:4:"type";s:4:"form";}
2019-07-22 11:41:37 - ERROR : AccountBalance
2019-07-22 11:41:37 - MMMMMMM : AccountBalance
2019-07-22 11:41:37 - BALANCE REQUEST : FORMID:B-:MERCHANTID:BALANCE:BANKACCOUNTID:223205003324501:SHORTCODE:250:CUSTOMERID:1485941693:MOBILENUMBER:256700146817:BANKID:0017:COUNTRY:UGANDATEST:UNIQUEID:d240ef68-4bdc-24f2-ab36-ea37a274da21:
2019-07-22 11:41:38 - BALANCE RESPONSE : 
STATUS:OK:DATA:BankPRIDEBalance;UGXActual;203,105.32 CRAvailable;203,105.32 CR shown
